2019-12-05	02:35:27	UTC+0000	2019-12-05	02:35:27	UTC+0000	2019-12-05	02:35:27	UTC+0000	2019-12-05	02:35:27	UTC+0000	Microsoft-Windows-IE-Troubleshooters-Package-wrapper~31bf3856ad364e35~amd64~~6.1.7601.17514.cat	$FILE_NAME	cat
2019-12-05	02:35:27	UTC+0000	2019-12-05	02:35:27	UTC+0000	2019-12-05	02:35:27	UTC+0000	2019-12-05	02:35:27	UTC+0000	MID66D~1.CAT	$FILE_NAME	cat
2019-12-05	02:35:27	UTC+0000	2019-12-05	02:35:27	UTC+0000	2019-12-05	02:35:27	UTC+0000	2019-12-05	02:35:27	UTC+0000	Windows\winsxs\Catalogs\C93C28~1.CAT	$FILE_NAME	cat
2019-12-05	02:35:27	UTC+0000	2019-12-05	02:35:27	UTC+0000	2019-12-05	02:35:27	UTC+0000	2019-12-05	02:35:27	UTC+0000	Windows\winsxs\Catalogs\c93c285129b9e41c6aae3af3f5f64efc5db5d2b1ef291b3c4a60bcbe262f3be5.cat	$FILE_NAME	cat
2019-12-05	02:35:27	UTC+0000	2019-12-05	02:35:27	UTC+0000	2019-12-05	02:35:27	UTC+0000	2019-12-05	02:35:27	UTC+0000	Windows\System32\catroot\{F750E~1\Microsoft-Windows-GroupPolicy-ClientExtensions-Package~31bf3856ad364e35~amd64~~6.1.7601.17514.cat	$FILE_NAME	cat
2019-12-05	02:35:27	UTC+0000	2019-12-05	02:35:27	UTC+0000	2019-12-05	02:35:27	UTC+0000	2019-12-05	02:35:27	UTC+0000	Windows\System32\catroot\{F750E~1\MIA733~1.CAT	$FILE_NAME	cat
2019-12-05	02:37:09	UTC+0000	2019-12-05	02:37:09	UTC+0000	2019-12-05	02:37:09	UTC+0000	2019-12-05	02:37:09	UTC+0000	prnlx004.cat	$FILE_NAME	cat
2019-12-05	02:37:09	UTC+0000	2019-12-05	02:37:09	UTC+0000	2019-12-05	02:37:09	UTC+0000	2019-12-05	02:37:09	UTC+0000	prnlx004.cat	$FILE_NAME	cat
2019-12-05	02:37:09	UTC+0000	2019-12-05	02:37:09	UTC+0000	2019-12-05	02:37:09	UTC+0000	2019-12-05	02:37:09	UTC+0000	Windows\System32\catroot\{F750E~1\prnlx004.cat	$FILE_NAME	cat
2019-12-05	02:37:09	UTC+0000	2019-12-05	02:37:09	UTC+0000	2019-12-05	02:37:09	UTC+0000	2019-12-05	02:37:09	UTC+0000	prnlx005.cat	$FILE_NAME	cat
2019-12-05	02:37:09	UTC+0000	2019-12-05	02:37:09	UTC+0000	2019-12-05	02:37:09	UTC+0000	2019-12-05	02:37:09	UTC+0000	prnlx005.cat	$FILE_NAME	cat
2019-12-05	02:37:09	UTC+0000	2019-12-05	02:37:09	UTC+0000	2019-12-05	02:37:09	UTC+0000	2019-12-05	02:37:09	UTC+0000	Windows\System32\catroot\{F750E~1\prnlx005.cat	$FILE_NAME	cat
2019-12-05	02:35:27	UTC+0000	2019-12-05	02:35:27	UTC+0000	2019-12-05	02:35:27	UTC+0000	2019-12-05	02:35:27	UTC+0000	Windows\winsxs\Catalogs\CCB936~1.CAT	$FILE_NAME	cat
2019-12-05	02:35:27	UTC+0000	2019-12-05	02:35:27	UTC+0000	2019-12-05	02:35:27	UTC+0000	2019-12-05	02:35:27	UTC+0000	Windows\winsxs\Catalogs\ccb936c3618da2894f144bc67f66158a6b0c14de0b806f3e15d7624d34148f81.cat	$FILE_NAME	cat
2019-12-05	02:35:27	UTC+0000	2019-12-05	02:35:27	UTC+0000	2019-12-05	02:35:27	UTC+0000	2019-12-05	02:35:27	UTC+0000	Windows\winsxs\Catalogs\7C74AA~1.CAT	$FILE_NAME	cat
2019-12-05	02:35:27	UTC+0000	2019-12-05	02:35:27	UTC+0000	2019-12-05	02:35:27	UTC+0000	2019-12-05	02:35:27	UTC+0000	Windows\winsxs\Catalogs\7c74aa1b0d7d931718b393e97e61ab28f285c3e607d74733cf5450e486c250dd.cat	$FILE_NAME	cat
2019-12-05	02:35:27	UTC+0000	2019-12-05	02:35:27	UTC+0000	2019-12-05	02:35:27	UTC+0000	2019-12-05	02:35:27	UTC+0000	Windows\System32\catroot\{F750E~1\Microsoft-Windows-BLB-Client-Package~31bf3856ad364e35~amd64~en-US~6.1.7601.17514.cat	$FILE_NAME	cat
2019-12-05	02:35:27	UTC+0000	2019-12-05	02:35:27	UTC+0000	2019-12-05	02:35:27	UTC+0000	2019-12-05	02:35:27	UTC+0000	Windows\System32\catroot\{F750E~1\MI0209~1.CAT	$FILE_NAME	cat
2019-12-05	02:35:27	UTC+0000	2019-12-05	02:35:27	UTC+0000	2019-12-05	02:35:27	UTC+0000	2019-12-05	02:35:27	UTC+0000	Microsoft-Windows-BLB-Client-Package~31bf3856ad364e35~amd64~en-US~6.1.7601.17514.cat	$FILE_NAME	cat
2019-12-05	02:35:27	UTC+0000	2019-12-05	02:35:27	UTC+0000	2019-12-05	02:35:27	UTC+0000	2019-12-05	02:35:27	UTC+0000	MI0209~1.CAT	$FILE_NAME	cat
2019-12-05	02:35:28	UTC+0000	2019-12-05	02:35:28	UTC+0000	2019-12-05	02:35:28	UTC+0000	2019-12-05	02:35:28	UTC+0000	Microsoft-Windows-Media-Format-Package~31bf3856ad364e35~amd64~en-US~6.1.7601.17514.cat	$FILE_NAME	cat
2019-12-05	02:35:28	UTC+0000	2019-12-05	02:35:28	UTC+0000	2019-12-05	02:35:28	UTC+0000	2019-12-05	02:35:28	UTC+0000	MI21A4~1.CAT	$FILE_NAME	cat
2019-12-10	10:30:48	UTC+0000	2019-12-10	10:30:48	UTC+0000	2019-12-10	10:30:48	UTC+0000	2019-12-10	10:30:48	UTC+0000	Windows\winsxs\Catalogs\AF450D~1.CAT	$FILE_NAME	cat
2019-12-10	10:30:48	UTC+0000	2019-12-10	10:30:48	UTC+0000	2019-12-10	10:30:48	UTC+0000	2019-12-10	10:30:48	UTC+0000	Windows\winsxs\Catalogs\af450dc6c771883db5e609d84c1bea0426c3aab9727ff654510e4cc156302fab.cat	$FILE_NAME	cat
2019-12-05	02:35:28	UTC+0000	2019-12-05	02:35:28	UTC+0000	2019-12-05	02:35:28	UTC+0000	2019-12-05	02:35:28	UTC+0000	Windows\winsxs\Catalogs\EFDAF5~1.CAT	$FILE_NAME	cat
2019-12-05	02:35:28	UTC+0000	2019-12-05	02:35:28	UTC+0000	2019-12-05	02:35:28	UTC+0000	2019-12-05	02:35:28	UTC+0000	Windows\winsxs\Catalogs\efdaf5d808808538b5ab42b321b184d03bb7e6d15f8db7fe34e9af6bde51e806.cat	$FILE_NAME	cat
2019-12-05	02:35:28	UTC+0000	2019-12-05	02:35:28	UTC+0000	2019-12-05	02:35:28	UTC+0000	2019-12-05	02:35:28	UTC+0000	Windows\System32\catroot\{F750E~1\Microsoft-Windows-Media-Format-Package~31bf3856ad364e35~amd64~en-US~6.1.7601.17514.cat	$FILE_NAME	cat
2019-12-05	02:35:28	UTC+0000	2019-12-05	02:35:28	UTC+0000	2019-12-05	02:35:28	UTC+0000	2019-12-05	02:35:28	UTC+0000	Windows\System32\catroot\{F750E~1\MI21A4~1.CAT	$FILE_NAME	cat
2019-12-05	02:35:27	UTC+0000	2019-12-05	02:35:27	UTC+0000	2019-12-05	02:35:27	UTC+0000	2019-12-05	02:35:27	UTC+0000	Windows\System32\catroot\{F750E~1\Microsoft-Windows-LocalPack-AU-Package~31bf3856ad364e35~amd64~~6.1.7601.17514.cat	$FILE_NAME	cat
2019-12-05	02:35:27	UTC+0000	2019-12-05	02:35:27	UTC+0000	2019-12-05	02:35:27	UTC+0000	2019-12-05	02:35:27	UTC+0000	Windows\System32\catroot\{F750E~1\MID001~1.CAT	$FILE_NAME	cat
2019-12-05	02:35:27	UTC+0000	2019-12-05	02:35:27	UTC+0000	2019-12-05	02:35:27	UTC+0000	2019-12-05	02:35:27	UTC+0000	Microsoft-Windows-LocalPack-AU-Package~31bf3856ad364e35~amd64~~6.1.7601.17514.cat	$FILE_NAME	cat
2019-12-05	02:35:27	UTC+0000	2019-12-05	02:35:27	UTC+0000	2019-12-05	02:35:27	UTC+0000	2019-12-05	02:35:27	UTC+0000	MID001~1.CAT	$FILE_NAME	cat
2019-12-05	02:35:27	UTC+0000	2019-12-05	02:35:27	UTC+0000	2019-12-05	02:35:27	UTC+0000	2019-12-05	02:35:27	UTC+0000	Windows\winsxs\Catalogs\B2CBFF~1.CAT	$FILE_NAME	cat
2019-12-05	02:35:27	UTC+0000	2019-12-05	02:35:27	UTC+0000	2019-12-05	02:35:27	UTC+0000	2019-12-05	02:35:27	UTC+0000	Windows\winsxs\Catalogs\b2cbff2f1427b76701a461d8e642abf2b770219fc7689f076c65e4dc16a00686.cat	$FILE_NAME	cat
2019-12-05	02:35:28	UTC+0000	2019-12-05	02:35:28	UTC+0000	2019-12-05	02:35:28	UTC+0000	2019-12-05	02:35:28	UTC+0000	Windows\System32\catroot\{F750E~1\Microsoft-Windows-MediaPlayback-OC-Package~31bf3856ad364e35~amd64~~6.1.7601.17514.cat	$FILE_NAME	cat
2019-12-05	02:35:28	UTC+0000	2019-12-05	02:35:28	UTC+0000	2019-12-05	02:35:28	UTC+0000	2019-12-05	02:35:28	UTC+0000	Windows\System32\catroot\{F750E~1\MIB50A~1.CAT	$FILE_NAME	cat
2019-12-05	02:35:28	UTC+0000	2019-12-05	02:35:28	UTC+0000	2019-12-05	02:35:28	UTC+0000	2019-12-05	02:35:28	UTC+0000	Microsoft-Windows-MediaPlayback-OC-Package~31bf3856ad364e35~amd64~~6.1.7601.17514.cat	$FILE_NAME	cat
2019-12-05	02:35:28	UTC+0000	2019-12-05	02:35:28	UTC+0000	2019-12-05	02:35:28	UTC+0000	2019-12-05	02:35:28	UTC+0000	MIB50A~1.CAT	$FILE_NAME	cat
2019-12-05	02:35:28	UTC+0000	2019-12-05	02:35:28	UTC+0000	2019-12-05	02:35:28	UTC+0000	2019-12-05	02:35:28	UTC+0000	Windows\winsxs\Catalogs\716E4B~1.CAT	$FILE_NAME	cat
2019-12-05	02:35:28	UTC+0000	2019-12-05	02:35:28	UTC+0000	2019-12-05	02:35:28	UTC+0000	2019-12-05	02:35:28	UTC+0000	Windows\winsxs\Catalogs\716e4b77958f564882480e8051e72102e7398015ff124559f167a50643120f12.cat	$FILE_NAME	cat
2019-12-05	02:35:27	UTC+0000	2019-12-05	02:35:27	UTC+0000	2019-12-05	02:35:27	UTC+0000	2019-12-05	02:35:27	UTC+0000	Windows\System32\catroot\{F750E~1\Microsoft-Windows-DesktopWindowManager-uDWM-Package~31bf3856ad364e35~amd64~~6.1.7601.17514.cat	$FILE_NAME	cat
2019-12-05	02:35:27	UTC+0000	2019-12-05	02:35:27	UTC+0000	2019-12-05	02:35:27	UTC+0000	2019-12-05	02:35:27	UTC+0000	Windows\System32\catroot\{F750E~1\MIDC5E~1.CAT	$FILE_NAME	cat
2019-12-05	02:35:27	UTC+0000	2019-12-05	02:35:27	UTC+0000	2019-12-05	02:35:27	UTC+0000	2019-12-05	02:35:27	UTC+0000	Microsoft-Windows-DesktopWindowManager-uDWM-Package~31bf3856ad364e35~amd64~~6.1.7601.17514.cat	$FILE_NAME	cat
2019-12-05	02:35:27	UTC+0000	2019-12-05	02:35:27	UTC+0000	2019-12-05	02:35:27	UTC+0000	2019-12-05	02:35:27	UTC+0000	MIDC5E~1.CAT	$FILE_NAME	cat
2019-12-05	02:35:27	UTC+0000	2019-12-05	02:35:27	UTC+0000	2019-12-05	02:35:27	UTC+0000	2019-12-05	02:35:27	UTC+0000	Windows\winsxs\Catalogs\C5A373~1.CAT	$FILE_NAME	cat
2019-12-05	02:35:27	UTC+0000	2019-12-05	02:35:27	UTC+0000	2019-12-05	02:35:27	UTC+0000	2019-12-05	02:35:27	UTC+0000	Windows\winsxs\Catalogs\c5a373726f35ccc40df2d50b3d7ccd4c2a28e40dec9a7ce7e54418e3c439cdf8.cat	$FILE_NAME	cat
2019-12-05	02:35:27	UTC+0000	2019-12-05	02:35:27	UTC+0000	2019-12-05	02:35:27	UTC+0000	2019-12-05	02:35:27	UTC+0000	Windows\System32\catroot\{F750E~1\Microsoft-Windows-Editions-Client-Package~31bf3856ad364e35~amd64~~6.1.7601.17514.cat	$FILE_NAME	cat
2019-12-05	02:35:27	UTC+0000	2019-12-05	02:35:27	UTC+0000	2019-12-05	02:35:27	UTC+0000	2019-12-05	02:35:27	UTC+0000	Windows\System32\catroot\{F750E~1\MIC479~1.CAT	$FILE_NAME	cat
2019-12-05	02:35:27	UTC+0000	2019-12-05	02:35:27	UTC+0000	2019-12-05	02:35:27	UTC+0000	2019-12-05	02:35:27	UTC+0000	Microsoft-Windows-Editions-Client-Package~31bf3856ad364e35~amd64~~6.1.7601.17514.cat	$FILE_NAME	cat
2019-12-05	02:35:27	UTC+0000	2019-12-05	02:35:27	UTC+0000	2019-12-05	02:35:27	UTC+0000	2019-12-05	02:35:27	UTC+0000	MIC479~1.CAT	$FILE_NAME	cat
2019-12-05	02:35:27	UTC+0000	2019-12-05	02:35:27	UTC+0000	2019-12-05	02:35:27	UTC+0000	2019-12-05	02:35:27	UTC+0000	Windows\System32\catroot\{F750E~1\Microsoft-Hyper-V-Guest-Integration-Drivers-Package~31bf3856ad364e35~amd64~~6.1.7601.17514.cat	$FILE_NAME	cat
2019-12-05	02:35:27	UTC+0000	2019-12-05	02:35:27	UTC+0000	2019-12-05	02:35:27	UTC+0000	2019-12-05	02:35:27	UTC+0000	Windows\System32\catroot\{F750E~1\MI18AE~1.CAT	$FILE_NAME	cat
2019-12-05	02:35:27	UTC+0000	2019-12-05	02:35:27	UTC+0000	2019-12-05	02:35:27	UTC+0000	2019-12-05	02:35:27	UTC+0000	Microsoft-Hyper-V-Guest-Integration-Drivers-Package~31bf3856ad364e35~amd64~~6.1.7601.17514.cat	$FILE_NAME	cat
2019-12-05	02:35:27	UTC+0000	2019-12-05	02:35:27	UTC+0000	2019-12-05	02:35:27	UTC+0000	2019-12-05	02:35:27	UTC+0000	MI18AE~1.CAT	$FILE_NAME	cat
2019-12-05	02:35:28	UTC+0000	2019-12-05	02:35:28	UTC+0000	2019-12-05	02:35:28	UTC+0000	2019-12-05	02:35:28	UTC+0000	Windows\winsxs\Catalogs\236433~1.CAT	$FILE_NAME	cat
2019-12-05	02:35:28	UTC+0000	2019-12-05	02:35:28	UTC+0000	2019-12-05	02:35:28	UTC+0000	2019-12-05	02:35:28	UTC+0000	Windows\winsxs\Catalogs\236433fa7c4b54a6e879bd91bef468a398a370d698930345ba51be9f4678385c.cat	$FILE_NAME	cat
2019-12-05	02:35:28	UTC+0000	2019-12-05	02:35:28	UTC+0000	2019-12-05	02:35:28	UTC+0000	2019-12-05	02:35:28	UTC+0000	Windows\System32\catroot\{F750E~1\Microsoft-Windows-Media-Format-Package~31bf3856ad364e35~amd64~~6.1.7601.17514.cat	$FILE_NAME	cat
2019-12-05	02:35:28	UTC+0000	2019-12-05	02:35:28	UTC+0000	2019-12-05	02:35:28	UTC+0000	2019-12-05	02:35:28	UTC+0000	Windows\System32\catroot\{F750E~1\MIE802~1.CAT	$FILE_NAME	cat
2019-12-05	02:35:28	UTC+0000	2019-12-05	02:35:28	UTC+0000	2019-12-05	02:35:28	UTC+0000	2019-12-05	02:35:28	UTC+0000	Microsoft-Windows-Media-Format-Package~31bf3856ad364e35~amd64~~6.1.7601.17514.cat	$FILE_NAME	cat
2019-12-05	02:35:28	UTC+0000	2019-12-05	02:35:28	UTC+0000	2019-12-05	02:35:28	UTC+0000	2019-12-05	02:35:28	UTC+0000	MIE802~1.CAT	$FILE_NAME	cat
2019-12-05	02:35:28	UTC+0000	2019-12-05	02:35:28	UTC+0000	2019-12-05	02:35:28	UTC+0000	2019-12-05	02:35:28	UTC+0000	Windows\winsxs\Catalogs\926BAB~1.CAT	$FILE_NAME	cat
2019-12-05	02:35:28	UTC+0000	2019-12-05	02:35:28	UTC+0000	2019-12-05	02:35:28	UTC+0000	2019-12-05	02:35:28	UTC+0000	Windows\winsxs\Catalogs\926babdd0df6d2da22fae1073e066e26f809b3441eef62c8293786e5d46f2aa8.cat	$FILE_NAME	cat
2019-12-05	02:35:28	UTC+0000	2019-12-05	02:35:28	UTC+0000	2019-12-05	02:35:28	UTC+0000	2019-12-05	02:35:28	UTC+0000	Windows\System32\catroot\{F750E~1\Microsoft-Windows-TerminalServices-WMIProvider-Package~31bf3856ad364e35~amd64~en-US~6.1.7601.17514.cat	$FILE_NAME	cat
2019-12-05	02:35:28	UTC+0000	2019-12-05	02:35:28	UTC+0000	2019-12-05	02:35:28	UTC+0000	2019-12-05	02:35:28	UTC+0000	Windows\System32\catroot\{F750E~1\MIE192~1.CAT	$FILE_NAME	cat
2019-12-05	02:35:28	UTC+0000	2019-12-05	02:35:28	UTC+0000	2019-12-05	02:35:28	UTC+0000	2019-12-05	02:35:28	UTC+0000	Microsoft-Windows-TerminalServices-WMIProvider-Package~31bf3856ad364e35~amd64~en-US~6.1.7601.17514.cat	$FILE_NAME	cat
2019-12-05	02:35:28	UTC+0000	2019-12-05	02:35:28	UTC+0000	2019-12-05	02:35:28	UTC+0000	2019-12-05	02:35:28	UTC+0000	MIE192~1.CAT	$FILE_NAME	cat
2019-12-05	02:35:28	UTC+0000	2019-12-05	02:35:28	UTC+0000	2019-12-05	02:35:28	UTC+0000	2019-12-05	02:35:28	UTC+0000	Windows\System32\catroot\{F750E~1\Microsoft-Windows-PeerToPeer-Full-Package~31bf3856ad364e35~amd64~en-US~6.1.7601.17514.cat	$FILE_NAME	cat
2019-12-05	02:35:28	UTC+0000	2019-12-05	02:35:28	UTC+0000	2019-12-05	02:35:28	UTC+0000	2019-12-05	02:35:28	UTC+0000	Windows\System32\catroot\{F750E~1\MIBAD0~1.CAT	$FILE_NAME	cat
2019-12-05	02:35:28	UTC+0000	2019-12-05	02:35:28	UTC+0000	2019-12-05	02:35:28	UTC+0000	2019-12-05	02:35:28	UTC+0000	Microsoft-Windows-PeerToPeer-Full-Package~31bf3856ad364e35~amd64~en-US~6.1.7601.17514.cat	$FILE_NAME	cat
2019-12-05	02:35:28	UTC+0000	2019-12-05	02:35:28	UTC+0000	2019-12-05	02:35:28	UTC+0000	2019-12-05	02:35:28	UTC+0000	MIBAD0~1.CAT	$FILE_NAME	cat
2019-12-05	02:35:28	UTC+0000	2019-12-05	02:35:28	UTC+0000	2019-12-05	02:35:28	UTC+0000	2019-12-05	02:35:28	UTC+0000	Windows\winsxs\Catalogs\4FAD76~1.CAT	$FILE_NAME	cat
2019-12-05	02:35:28	UTC+0000	2019-12-05	02:35:28	UTC+0000	2019-12-05	02:35:28	UTC+0000	2019-12-05	02:35:28	UTC+0000	Windows\winsxs\Catalogs\4fad761c4070a9b9cb887b8effb699aef8f244c8faab4a48075f9d40a9f2b497.cat	$FILE_NAME	cat
2019-12-05	02:35:28	UTC+0000	2019-12-05	02:35:28	UTC+0000	2019-12-05	02:35:28	UTC+0000	2019-12-05	02:35:28	UTC+0000	Windows\winsxs\Catalogs\25FF9B~1.CAT	$FILE_NAME	cat
2019-12-05	02:35:28	UTC+0000	2019-12-05	02:35:28	UTC+0000	2019-12-05	02:35:28	UTC+0000	2019-12-05	02:35:28	UTC+0000	Windows\winsxs\Catalogs\25ff9b3c070cf367ddb5a17c730be3d2505076b47e787529df601cf928768807.cat	$FILE_NAME	cat
2019-12-05	02:35:28	UTC+0000	2019-12-05	02:35:28	UTC+0000	2019-12-05	02:35:28	UTC+0000	2019-12-05	02:35:28	UTC+0000	Windows\System32\catroot\{F750E~1\Microsoft-Windows-Telnet-Client-Package~31bf3856ad364e35~amd64~en-US~6.1.7601.17514.cat	$FILE_NAME	cat
2019-12-05	02:35:28	UTC+0000	2019-12-05	02:35:28	UTC+0000	2019-12-05	02:35:28	UTC+0000	2019-12-05	02:35:28	UTC+0000	Windows\System32\catroot\{F750E~1\MID3E8~1.CAT	$FILE_NAME	cat
2019-12-05	02:35:28	UTC+0000	2019-12-05	02:35:28	UTC+0000	2019-12-05	02:35:28	UTC+0000	2019-12-05	02:35:28	UTC+0000	Windows\System32\catroot\{F750E~1\Microsoft-Windows-MobilePC-Client-Premium-Package~31bf3856ad364e35~amd64~en-US~6.1.7601.17514.cat	$FILE_NAME	cat
2019-12-05	02:35:28	UTC+0000	2019-12-05	02:35:28	UTC+0000	2019-12-05	02:35:28	UTC+0000	2019-12-05	02:35:28	UTC+0000	Windows\System32\catroot\{F750E~1\MID158~1.CAT	$FILE_NAME	cat
2019-12-05	02:35:28	UTC+0000	2019-12-05	02:35:28	UTC+0000	2019-12-05	02:35:28	UTC+0000	2019-12-05	02:35:28	UTC+0000	Microsoft-Windows-MobilePC-Client-Premium-Package~31bf3856ad364e35~amd64~en-US~6.1.7601.17514.cat	$FILE_NAME	cat
2019-12-05	02:35:28	UTC+0000	2019-12-05	02:35:28	UTC+0000	2019-12-05	02:35:28	UTC+0000	2019-12-05	02:35:28	UTC+0000	MID158~1.CAT	$FILE_NAME	cat
2019-12-05	02:35:27	UTC+0000	2019-12-05	02:35:27	UTC+0000	2019-12-05	02:35:27	UTC+0000	2019-12-05	02:35:27	UTC+0000	Windows\winsxs\Catalogs\CE69F3~1.CAT	$FILE_NAME	cat
2019-12-05	02:35:27	UTC+0000	2019-12-05	02:35:27	UTC+0000	2019-12-05	02:35:27	UTC+0000	2019-12-05	02:35:27	UTC+0000	Windows\winsxs\Catalogs\ce69f304d441c1c15ca084215004b186bfe1636c0d6e573ee5b1c8393868a8d2.cat	$FILE_NAME	cat
2019-12-05	02:35:27	UTC+0000	2019-12-05	02:35:27	UTC+0000	2019-12-05	02:35:27	UTC+0000	2019-12-05	02:35:27	UTC+0000	Windows\System32\catroot\{F750E~1\Microsoft-Windows-Client-Features-Package~31bf3856ad364e35~amd64~~6.1.7601.17514.cat	$FILE_NAME	cat
2019-12-05	02:35:27	UTC+0000	2019-12-05	02:35:27	UTC+0000	2019-12-05	02:35:27	UTC+0000	2019-12-05	02:35:27	UTC+0000	Windows\System32\catroot\{F750E~1\MI5116~1.CAT	$FILE_NAME	cat
2019-12-05	02:35:27	UTC+0000	2019-12-05	02:35:27	UTC+0000	2019-12-05	02:35:27	UTC+0000	2019-12-05	02:35:27	UTC+0000	Microsoft-Windows-Client-Features-Package~31bf3856ad364e35~amd64~~6.1.7601.17514.cat	$FILE_NAME	cat
2019-12-05	02:35:27	UTC+0000	2019-12-05	02:35:27	UTC+0000	2019-12-05	02:35:27	UTC+0000	2019-12-05	02:35:27	UTC+0000	MI5116~1.CAT	$FILE_NAME	cat
2019-12-05	02:35:28	UTC+0000	2019-12-05	02:35:28	UTC+0000	2019-12-05	02:35:28	UTC+0000	2019-12-05	02:35:28	UTC+0000	Microsoft-Windows-SearchEngine-Client-Package~31bf3856ad364e35~amd64~en-US~6.1.7601.17514.cat	$FILE_NAME	cat
2019-12-05	02:35:28	UTC+0000	2019-12-05	02:35:28	UTC+0000	2019-12-05	02:35:28	UTC+0000	2019-12-05	02:35:28	UTC+0000	MI479E~1.CAT	$FILE_NAME	cat
2019-12-05	02:35:28	UTC+0000	2019-12-05	02:35:28	UTC+0000	2019-12-05	02:35:28	UTC+0000	2019-12-05	02:35:28	UTC+0000	Windows\System32\catroot\{F750E6C3-38EE-11D1-85E5-00C04FC295EE}\MIB615~1.CAT	$FILE_NAME	cat
2019-12-05	02:35:28	UTC+0000	2019-12-05	02:35:28	UTC+0000	2019-12-05	02:35:28	UTC+0000	2019-12-05	02:35:28	UTC+0000	Windows\System32\catroot\{F750E6C3-38EE-11D1-85E5-00C04FC295EE}\Microsoft-Windows-WMPNetworkSharingService-Package~31bf3856ad364e35~amd64~~6.1.7601.17514.cat	$FILE_NAME	cat
2019-12-05	02:35:28	UTC+0000	2019-12-05	02:35:28	UTC+0000	2019-12-05	02:35:28	UTC+0000	2019-12-05	02:35:28	UTC+0000	MIB615~1.CAT	$FILE_NAME	cat
2019-12-05	02:35:28	UTC+0000	2019-12-05	02:35:28	UTC+0000	2019-12-05	02:35:28	UTC+0000	2019-12-05	02:35:28	UTC+0000	Microsoft-Windows-WMPNetworkSharingService-Package~31bf3856ad364e35~amd64~~6.1.7601.17514.cat	$FILE_NAME	cat
2019-12-05	02:35:28	UTC+0000	2019-12-05	02:35:28	UTC+0000	2019-12-05	02:35:28	UTC+0000	2019-12-05	02:35:28	UTC+0000	Windows\winsxs\Catalogs\316B1E~1.CAT	$FILE_NAME	cat
2019-12-05	02:35:28	UTC+0000	2019-12-05	02:35:28	UTC+0000	2019-12-05	02:35:28	UTC+0000	2019-12-05	02:35:28	UTC+0000	Windows\winsxs\Catalogs\316b1e3c7e351a0f597af9643abc2d5c0d51e312a6a128921b1b63bc22d157dc.cat	$FILE_NAME	cat
2019-12-05	02:35:28	UTC+0000	2019-12-05	02:35:28	UTC+0000	2019-12-05	02:35:28	UTC+0000	2019-12-05	02:35:28	UTC+0000	Windows\System32\catroot\{F750E6C3-38EE-11D1-85E5-00C04FC295EE}\MICC78~1.CAT	$FILE_NAME	cat
2019-12-05	02:35:28	UTC+0000	2019-12-05	02:35:28	UTC+0000	2019-12-05	02:35:28	UTC+0000	2019-12-05	02:35:28	UTC+0000	Windows\System32\catroot\{F750E6C3-38EE-11D1-85E5-00C04FC295EE}\Microsoft-Windows-WMI-SNMP-Provider-Package~31bf3856ad364e35~amd64~en-US~6.1.7601.17514.cat	$FILE_NAME	cat
2019-12-05	02:35:28	UTC+0000	2019-12-05	02:35:28	UTC+0000	2019-12-05	02:35:28	UTC+0000	2019-12-05	02:35:28	UTC+0000	Microsoft-Windows-TerminalServices-Publishing-WMIProvider-Package~31bf3856ad364e35~amd64~en-US~6.1.7601.17514.cat	$FILE_NAME	cat
2019-12-05	02:35:28	UTC+0000	2019-12-05	02:35:28	UTC+0000	2019-12-05	02:35:28	UTC+0000	2019-12-05	02:35:28	UTC+0000	MI9974~1.CAT	$FILE_NAME	cat
2019-12-05	02:35:28	UTC+0000	2019-12-05	02:35:28	UTC+0000	2019-12-05	02:35:28	UTC+0000	2019-12-05	02:35:28	UTC+0000	Windows\System32\catroot\{F750E6C3-38EE-11D1-85E5-00C04FC295EE}\Microsoft-Windows-SampleContent-Ringtones-Package~31bf3856ad364e35~amd64~~6.1.7601.17514.cat	$FILE_NAME	cat
2019-12-05	02:35:28	UTC+0000	2019-12-05	02:35:28	UTC+0000	2019-12-05	02:35:28	UTC+0000	2019-12-05	02:35:28	UTC+0000	Windows\System32\catroot\{F750E6C3-38EE-11D1-85E5-00C04FC295EE}\MIEA39~1.CAT	$FILE_NAME	cat
2019-12-05	02:35:28	UTC+0000	2019-12-05	02:35:28	UTC+0000	2019-12-05	02:35:28	UTC+0000	2019-12-05	02:35:28	UTC+0000	Microsoft-Windows-SampleContent-Ringtones-Package~31bf3856ad364e35~amd64~~6.1.7601.17514.cat	$FILE_NAME	cat
2019-12-05	02:35:28	UTC+0000	2019-12-05	02:35:28	UTC+0000	2019-12-05	02:35:28	UTC+0000	2019-12-05	02:35:28	UTC+0000	MIEA39~1.CAT	$FILE_NAME	cat
2019-12-05	02:35:27	UTC+0000	2019-12-05	02:35:27	UTC+0000	2019-12-05	02:35:27	UTC+0000	2019-12-05	02:35:27	UTC+0000	Windows\winsxs\Catalogs\17B18C~1.CAT	$FILE_NAME	cat
2019-12-05	02:35:27	UTC+0000	2019-12-05	02:35:27	UTC+0000	2019-12-05	02:35:27	UTC+0000	2019-12-05	02:35:27	UTC+0000	Windows\winsxs\Catalogs\17b18c823f8079b48db2c72ee72b88cc42ec06e8ba68c7e6de2a068f0b8303ae.cat	$FILE_NAME	cat
2019-12-05	02:35:27	UTC+0000	2019-12-05	02:35:27	UTC+0000	2019-12-05	02:35:27	UTC+0000	2019-12-05	02:35:27	UTC+0000	Windows\System32\catroot\{F750E6C3-38EE-11D1-85E5-00C04FC295EE}\Microsoft-Windows-ClipsInTheLibrary-Package~31bf3856ad364e35~amd64~~6.1.7601.17514.cat	$FILE_NAME	cat
2019-12-05	02:35:27	UTC+0000	2019-12-05	02:35:27	UTC+0000	2019-12-05	02:35:27	UTC+0000	2019-12-05	02:35:27	UTC+0000	Windows\System32\catroot\{F750E6C3-38EE-11D1-85E5-00C04FC295EE}\MI5A20~1.CAT	$FILE_NAME	cat
2019-12-05	02:35:27	UTC+0000	2019-12-05	02:35:27	UTC+0000	2019-12-05	02:35:27	UTC+0000	2019-12-05	02:35:27	UTC+0000	Microsoft-Windows-ClipsInTheLibrary-Package~31bf3856ad364e35~amd64~~6.1.7601.17514.cat	$FILE_NAME	cat
2019-12-05	02:35:27	UTC+0000	2019-12-05	02:35:27	UTC+0000	2019-12-05	02:35:27	UTC+0000	2019-12-05	02:35:27	UTC+0000	MI5A20~1.CAT	$FILE_NAME	cat
2019-12-05	02:35:27	UTC+0000	2019-12-05	02:35:27	UTC+0000	2019-12-05	02:35:27	UTC+0000	2019-12-05	02:35:27	UTC+0000	Windows\System32\catroot\{F750E6C3-38EE-11D1-85E5-00C04FC295EE}\Microsoft-Windows-CodecPack-Basic-Package~31bf3856ad364e35~amd64~~6.1.7601.17514.cat	$FILE_NAME	cat
2019-12-05	02:35:27	UTC+0000	2019-12-05	02:35:27	UTC+0000	2019-12-05	02:35:27	UTC+0000	2019-12-05	02:35:27	UTC+0000	Windows\System32\catroot\{F750E6C3-38EE-11D1-85E5-00C04FC295EE}\MIC5BA~1.CAT	$FILE_NAME	cat
2019-12-05	02:35:27	UTC+0000	2019-12-05	02:35:27	UTC+0000	2019-12-05	02:35:27	UTC+0000	2019-12-05	02:35:27	UTC+0000	Microsoft-Windows-CodecPack-Basic-Package~31bf3856ad364e35~amd64~~6.1.7601.17514.cat	$FILE_NAME	cat
2019-12-05	02:35:27	UTC+0000	2019-12-05	02:35:27	UTC+0000	2019-12-05	02:35:27	UTC+0000	2019-12-05	02:35:27	UTC+0000	MIC5BA~1.CAT	$FILE_NAME	cat
2019-12-05	02:35:28	UTC+0000	2019-12-05	02:35:28	UTC+0000	2019-12-05	02:35:28	UTC+0000	2019-12-05	02:35:28	UTC+0000	Windows\winsxs\Catalogs\CA3F57~1.CAT	$FILE_NAME	cat
2019-12-05	02:35:28	UTC+0000	2019-12-05	02:35:28	UTC+0000	2019-12-05	02:35:28	UTC+0000	2019-12-05	02:35:28	UTC+0000	Windows\winsxs\Catalogs\ca3f5708eb611689fdb4720cf13c4497a5282caead758e7826904f7ffb96943a.cat	$FILE_NAME	cat
2019-12-05	02:35:27	UTC+0000	2019-12-05	02:35:27	UTC+0000	2019-12-05	02:35:27	UTC+0000	2019-12-05	02:35:27	UTC+0000	Windows\System32\catroot\{F750E6C3-38EE-11D1-85E5-00C04FC295EE}\Microsoft-Windows-Branding-Ultimate-Client-Package~31bf3856ad364e35~amd64~~6.1.7601.17514.cat	$FILE_NAME	cat
2019-12-05	02:35:27	UTC+0000	2019-12-05	02:35:27	UTC+0000	2019-12-05	02:35:27	UTC+0000	2019-12-05	02:35:27	UTC+0000	Windows\System32\catroot\{F750E6C3-38EE-11D1-85E5-00C04FC295EE}\MI4C0D~1.CAT	$FILE_NAME	cat
2019-12-05	02:35:27	UTC+0000	2019-12-05	02:35:27	UTC+0000	2019-12-05	02:35:27	UTC+0000	2019-12-05	02:35:27	UTC+0000	Microsoft-Windows-Branding-Ultimate-Client-Package~31bf3856ad364e35~amd64~~6.1.7601.17514.cat	$FILE_NAME	cat
2019-12-05	02:35:27	UTC+0000	2019-12-05	02:35:27	UTC+0000	2019-12-05	02:35:27	UTC+0000	2019-12-05	02:35:27	UTC+0000	MI4C0D~1.CAT	$FILE_NAME	cat
2019-12-05	02:35:27	UTC+0000	2019-12-05	02:35:27	UTC+0000	2019-12-05	02:35:27	UTC+0000	2019-12-05	02:35:27	UTC+0000	Windows\winsxs\Catalogs\BBD2F6~1.CAT	$FILE_NAME	cat
2019-12-05	02:35:27	UTC+0000	2019-12-05	02:35:27	UTC+0000	2019-12-05	02:35:27	UTC+0000	2019-12-05	02:35:27	UTC+0000	Windows\winsxs\Catalogs\bbd2f6dec22ca04721203b772a1eb6404fb8a2b4d7c4f69d089f94254420eb80.cat	$FILE_NAME	cat
2019-12-05	02:35:27	UTC+0000	2019-12-05	02:35:27	UTC+0000	2019-12-05	02:35:27	UTC+0000	2019-12-05	02:35:27	UTC+0000	Windows\System32\catroot\{F750E6C3-38EE-11D1-85E5-00C04FC295EE}\Microsoft-Windows-InternetExplorer-Optional-Package~31bf3856ad364e35~amd64~en-US~8.0.7601.17514.cat	$FILE_NAME	cat
2019-12-05	02:35:27	UTC+0000	2019-12-05	02:35:27	UTC+0000	2019-12-05	02:35:27	UTC+0000	2019-12-05	02:35:27	UTC+0000	Windows\System32\catroot\{F750E6C3-38EE-11D1-85E5-00C04FC295EE}\MIF5CE~1.CAT	$FILE_NAME	cat
2019-12-05	02:35:28	UTC+0000	2019-12-05	02:35:28	UTC+0000	2019-12-05	02:35:28	UTC+0000	2019-12-05	02:35:28	UTC+0000	Windows\winsxs\Catalogs\B19893~1.CAT	$FILE_NAME	cat
2019-12-05	02:35:28	UTC+0000	2019-12-05	02:35:28	UTC+0000	2019-12-05	02:35:28	UTC+0000	2019-12-05	02:35:28	UTC+0000	Windows\winsxs\Catalogs\b19893780f895c11af78fcb6a20f054f890ddcbbe3d463e0f58697887834bfb4.cat	$FILE_NAME	cat
2019-12-05	02:35:28	UTC+0000	2019-12-05	02:35:28	UTC+0000	2019-12-05	02:35:28	UTC+0000	2019-12-05	02:35:28	UTC+0000	Windows\winsxs\Catalogs\34E2C3~1.CAT	$FILE_NAME	cat
2019-12-05	02:35:28	UTC+0000	2019-12-05	02:35:28	UTC+0000	2019-12-05	02:35:28	UTC+0000	2019-12-05	02:35:28	UTC+0000	Windows\winsxs\Catalogs\34e2c3ff82ca8b0451a739bec683fe103913cbeef83f254bd7ee21ed935bd801.cat	$FILE_NAME	cat
2019-12-05	02:35:27	UTC+0000	2019-12-05	02:35:27	UTC+0000	2019-12-05	02:35:27	UTC+0000	2019-12-05	02:35:27	UTC+0000	Microsoft-Windows-Backup-Package~31bf3856ad364e35~amd64~en-US~6.1.7601.17514.cat	$FILE_NAME	cat
2019-12-05	02:35:27	UTC+0000	2019-12-05	02:35:27	UTC+0000	2019-12-05	02:35:27	UTC+0000	2019-12-05	02:35:27	UTC+0000	MIA8CF~1.CAT	$FILE_NAME	cat
2019-12-10	10:30:53	UTC+0000	2019-12-10	10:30:53	UTC+0000	2019-12-10	10:30:53	UTC+0000	2019-12-10	10:30:53	UTC+0000	Windows\System32\catroot\{F750E6C3-38EE-11D1-85E5-00C04FC295EE}\WUCLIE~1.CAT	$FILE_NAME	cat
2019-12-10	10:30:53	UTC+0000	2019-12-10	10:30:53	UTC+0000	2019-12-10	10:30:53	UTC+0000	2019-12-10	10:30:53	UTC+0000	Windows\System32\catroot\{F750E6C3-38EE-11D1-85E5-00C04FC295EE}\WUClient-SelfUpdate-ActiveX~31bf3856ad364e35~amd64~~7.6.7600.320.cat	$FILE_NAME	cat
2019-12-05	02:35:27	UTC+0000	2019-12-05	02:35:27	UTC+0000	2019-12-05	02:35:27	UTC+0000	2019-12-05	02:35:27	UTC+0000	Windows\winsxs\Catalogs\F39C05~1.CAT	$FILE_NAME	cat
2019-12-05	02:35:27	UTC+0000	2019-12-05	02:35:27	UTC+0000	2019-12-05	02:35:27	UTC+0000	2019-12-05	02:35:27	UTC+0000	Windows\winsxs\Catalogs\f39c05e01c295c0557c602190b949a6cda60aa343aa9ee361da1ca7a4fee9362.cat	$FILE_NAME	cat
2019-12-05	02:35:27	UTC+0000	2019-12-05	02:35:27	UTC+0000	2019-12-05	02:35:27	UTC+0000	2019-12-05	02:35:27	UTC+0000	Windows\System32\catroot\{F750E6C3-38EE-11D1-85E5-00C04FC295EE}\Microsoft-Windows-Backup-Package~31bf3856ad364e35~amd64~~6.1.7601.17514.cat	$FILE_NAME	cat
2019-12-05	02:35:27	UTC+0000	2019-12-05	02:35:27	UTC+0000	2019-12-05	02:35:27	UTC+0000	2019-12-05	02:35:27	UTC+0000	Windows\System32\catroot\{F750E6C3-38EE-11D1-85E5-00C04FC295EE}\MIF331~1.CAT	$FILE_NAME	cat
2019-12-05	02:35:27	UTC+0000	2019-12-05	02:35:27	UTC+0000	2019-12-05	02:35:27	UTC+0000	2019-12-05	02:35:27	UTC+0000	Microsoft-Windows-Backup-Package~31bf3856ad364e35~amd64~~6.1.7601.17514.cat	$FILE_NAME	cat
2019-12-05	02:35:27	UTC+0000	2019-12-05	02:35:27	UTC+0000	2019-12-05	02:35:27	UTC+0000	2019-12-05	02:35:27	UTC+0000	MIF331~1.CAT	$FILE_NAME	cat
2019-12-05	02:35:27	UTC+0000	2019-12-05	02:35:27	UTC+0000	2019-12-05	02:35:27	UTC+0000	2019-12-05	02:35:27	UTC+0000	Windows\winsxs\Catalogs\07F6F7~1.CAT	$FILE_NAME	cat
2019-12-05	02:35:27	UTC+0000	2019-12-05	02:35:27	UTC+0000	2019-12-05	02:35:27	UTC+0000	2019-12-05	02:35:27	UTC+0000	Windows\winsxs\Catalogs\07f6f760dcff9ff835ae09bd827650678b9f154ba1c94aedd29d07ee533148cc.cat	$FILE_NAME	cat
2019-12-05	02:35:27	UTC+0000	2019-12-05	02:35:27	UTC+0000	2019-12-05	02:35:27	UTC+0000	2019-12-05	02:35:27	UTC+0000	Windows\System32\catroot\{F750E6C3-38EE-11D1-85E5-00C04FC295EE}\Microsoft-Windows-IIS-WebServer-AddOn-Package~31bf3856ad364e35~amd64~~6.1.7601.17514.cat	$FILE_NAME	cat
2019-12-05	02:35:27	UTC+0000	2019-12-05	02:35:27	UTC+0000	2019-12-05	02:35:27	UTC+0000	2019-12-05	02:35:27	UTC+0000	Windows\System32\catroot\{F750E6C3-38EE-11D1-85E5-00C04FC295EE}\MI61E8~1.CAT	$FILE_NAME	cat
2019-12-05	02:35:27	UTC+0000	2019-12-05	02:35:27	UTC+0000	2019-12-05	02:35:27	UTC+0000	2019-12-05	02:35:27	UTC+0000	Microsoft-Windows-IIS-WebServer-AddOn-Package~31bf3856ad364e35~amd64~~6.1.7601.17514.cat	$FILE_NAME	cat
2019-12-05	02:35:27	UTC+0000	2019-12-05	02:35:27	UTC+0000	2019-12-05	02:35:27	UTC+0000	2019-12-05	02:35:27	UTC+0000	MI61E8~1.CAT	$FILE_NAME	cat
2019-12-05	02:35:27	UTC+0000	2019-12-05	02:35:27	UTC+0000	2019-12-05	02:35:27	UTC+0000	2019-12-05	02:35:27	UTC+0000	Microsoft-Windows-BusinessScanning-Feature-Package~31bf3856ad364e35~amd64~en-US~6.1.7601.17514.cat	$FILE_NAME	cat
2019-12-05	02:35:27	UTC+0000	2019-12-05	02:35:27	UTC+0000	2019-12-05	02:35:27	UTC+0000	2019-12-05	02:35:27	UTC+0000	MICA05~1.CAT	$FILE_NAME	cat
2019-12-05	02:35:27	UTC+0000	2019-12-05	02:35:27	UTC+0000	2019-12-05	02:35:27	UTC+0000	2019-12-05	02:35:27	UTC+0000	Windows\winsxs\Catalogs\2042EE~1.CAT	$FILE_NAME	cat
2019-12-05	02:35:27	UTC+0000	2019-12-05	02:35:27	UTC+0000	2019-12-05	02:35:27	UTC+0000	2019-12-05	02:35:27	UTC+0000	Windows\winsxs\Catalogs\2042ee169431a6610136a72008545435f4ba01a602f9e652a3f04b319c822bce.cat	$FILE_NAME	cat
2019-12-05	02:35:27	UTC+0000	2019-12-05	02:35:27	UTC+0000	2019-12-05	02:35:27	UTC+0000	2019-12-05	02:35:27	UTC+0000	Windows\System32\catroot\{F750E6C3-38EE-11D1-85E5-00C04FC295EE}\Microsoft-Windows-BusinessScanning-Feature-Package~31bf3856ad364e35~amd64~~6.1.7601.17514.cat	$FILE_NAME	cat
2019-12-05	02:35:27	UTC+0000	2019-12-05	02:35:27	UTC+0000	2019-12-05	02:35:27	UTC+0000	2019-12-05	02:35:27	UTC+0000	Windows\System32\catroot\{F750E6C3-38EE-11D1-85E5-00C04FC295EE}\MI3285~1.CAT	$FILE_NAME	cat
2019-12-05	02:35:27	UTC+0000	2019-12-05	02:35:27	UTC+0000	2019-12-05	02:35:27	UTC+0000	2019-12-05	02:35:27	UTC+0000	Microsoft-Windows-BusinessScanning-Feature-Package~31bf3856ad364e35~amd64~~6.1.7601.17514.cat	$FILE_NAME	cat
2019-12-05	02:35:27	UTC+0000	2019-12-05	02:35:27	UTC+0000	2019-12-05	02:35:27	UTC+0000	2019-12-05	02:35:27	UTC+0000	MI3285~1.CAT	$FILE_NAME	cat
2019-12-05	02:35:27	UTC+0000	2019-12-05	02:35:27	UTC+0000	2019-12-05	02:35:27	UTC+0000	2019-12-05	02:35:27	UTC+0000	Windows\System32\catroot\{F750E6C3-38EE-11D1-85E5-00C04FC295EE}\Microsoft-Windows-Disk-Diagnosis-Package~31bf3856ad364e35~amd64~~6.1.7601.17514.cat	$FILE_NAME	cat
2019-12-05	02:35:27	UTC+0000	2019-12-05	02:35:27	UTC+0000	2019-12-05	02:35:27	UTC+0000	2019-12-05	02:35:27	UTC+0000	Windows\System32\catroot\{F750E6C3-38EE-11D1-85E5-00C04FC295EE}\MI5892~1.CAT	$FILE_NAME	cat
2019-12-05	02:35:28	UTC+0000	2019-12-05	02:35:28	UTC+0000	2019-12-05	02:35:28	UTC+0000	2019-12-05	02:35:28	UTC+0000	Windows\winsxs\Catalogs\4F3A3A~1.CAT	$FILE_NAME	cat
2019-12-05	02:35:28	UTC+0000	2019-12-05	02:35:28	UTC+0000	2019-12-05	02:35:28	UTC+0000	2019-12-05	02:35:28	UTC+0000	Windows\winsxs\Catalogs\4f3a3a10bd163d96f6f19cebcf7172f26486d6502f3547c27c516da2625ffae1.cat	$FILE_NAME	cat
2019-12-05	02:35:27	UTC+0000	2019-12-05	02:35:27	UTC+0000	2019-12-05	02:35:27	UTC+0000	2019-12-05	02:35:27	UTC+0000	Microsoft-Windows-GroupPolicy-ClientExtensions-Package~31bf3856ad364e35~amd64~~6.1.7601.17514.cat	$FILE_NAME	cat
2019-12-05	02:35:27	UTC+0000	2019-12-05	02:35:27	UTC+0000	2019-12-05	02:35:27	UTC+0000	2019-12-05	02:35:27	UTC+0000	MIA733~1.CAT	$FILE_NAME	cat
2019-12-05	02:35:27	UTC+0000	2019-12-05	02:35:27	UTC+0000	2019-12-05	02:35:27	UTC+0000	2019-12-05	02:35:27	UTC+0000	Windows\winsxs\Catalogs\4AB493~1.CAT	$FILE_NAME	cat
2019-12-05	02:35:27	UTC+0000	2019-12-05	02:35:27	UTC+0000	2019-12-05	02:35:27	UTC+0000	2019-12-05	02:35:27	UTC+0000	Windows\winsxs\Catalogs\4ab4938cd9300800ea94b77f9bc0c70132dd5e6c4ec0bed92f8e2194d0f0b389.cat	$FILE_NAME	cat
2019-12-05	02:35:27	UTC+0000	2019-12-05	02:35:27	UTC+0000	2019-12-05	02:35:27	UTC+0000	2019-12-05	02:35:27	UTC+0000	Microsoft-Windows-IIS-WebServer-AddOn-Package~31bf3856ad364e35~amd64~en-US~6.1.7601.17514.cat	$FILE_NAME	cat
2019-12-05	02:35:27	UTC+0000	2019-12-05	02:35:27	UTC+0000	2019-12-05	02:35:27	UTC+0000	2019-12-05	02:35:27	UTC+0000	MIF0ED~1.CAT	$FILE_NAME	cat
2019-12-05	02:35:27	UTC+0000	2019-12-05	02:35:27	UTC+0000	2019-12-05	02:35:27	UTC+0000	2019-12-05	02:35:27	UTC+0000	Windows\winsxs\Catalogs\C4FB75~1.CAT	$FILE_NAME	cat
2019-12-05	02:35:27	UTC+0000	2019-12-05	02:35:27	UTC+0000	2019-12-05	02:35:27	UTC+0000	2019-12-05	02:35:27	UTC+0000	Windows\winsxs\Catalogs\c4fb7591096e1cdb7bb7f2bda0be578569d55056cd4ec4b5d21b753e8ab4e3e8.cat	$FILE_NAME	cat
2019-12-05	02:35:27	UTC+0000	2019-12-05	02:35:27	UTC+0000	2019-12-05	02:35:27	UTC+0000	2019-12-05	02:35:27	UTC+0000	Windows\winsxs\Catalogs\0E2C5B~1.CAT	$FILE_NAME	cat
2019-12-05	02:35:27	UTC+0000	2019-12-05	02:35:27	UTC+0000	2019-12-05	02:35:27	UTC+0000	2019-12-05	02:35:27	UTC+0000	Windows\winsxs\Catalogs\0e2c5bec793e5c9d2a4004574faaacd34a068f44aa226798f0ce602bc3e487ab.cat	$FILE_NAME	cat
2019-12-10	10:30:56	UTC+0000	2019-12-10	10:30:56	UTC+0000	2019-12-10	10:30:56	UTC+0000	2019-12-10	10:30:56	UTC+0000	WUCLIE~2.CAT	$FILE_NAME	cat
2019-12-10	10:30:56	UTC+0000	2019-12-10	10:30:56	UTC+0000	2019-12-10	10:30:56	UTC+0000	2019-12-10	10:30:56	UTC+0000	WUClient-SelfUpdate-Aux-TopLevel~31bf3856ad364e35~amd64~~7.6.7600.320.cat	$FILE_NAME	cat
2019-12-05	02:35:27	UTC+0000	2019-12-05	02:35:27	UTC+0000	2019-12-05	02:35:27	UTC+0000	2019-12-05	02:35:27	UTC+0000	Microsoft-Windows-InternetExplorer-Optional-Package~31bf3856ad364e35~amd64~en-US~8.0.7601.17514.cat	$FILE_NAME	cat
2019-12-05	02:35:27	UTC+0000	2019-12-05	02:35:27	UTC+0000	2019-12-05	02:35:27	UTC+0000	2019-12-05	02:35:27	UTC+0000	MIF5CE~1.CAT	$FILE_NAME	cat
2019-12-05	02:35:27	UTC+0000	2019-12-05	02:35:27	UTC+0000	2019-12-05	02:35:27	UTC+0000	2019-12-05	02:35:27	UTC+0000	Windows\winsxs\Catalogs\F7D9BF~1.CAT	$FILE_NAME	cat
2019-12-05	02:35:27	UTC+0000	2019-12-05	02:35:27	UTC+0000	2019-12-05	02:35:27	UTC+0000	2019-12-05	02:35:27	UTC+0000	Windows\winsxs\Catalogs\f7d9bf75ed7cbaf494e5e8fb686bb41fcdb05e13e349df3d2f3d606b0b652952.cat	$FILE_NAME	cat
2019-12-05	02:35:27	UTC+0000	2019-12-05	02:35:27	UTC+0000	2019-12-05	02:35:27	UTC+0000	2019-12-05	02:35:27	UTC+0000	Microsoft-Windows-Disk-Diagnosis-Package~31bf3856ad364e35~amd64~~6.1.7601.17514.cat	$FILE_NAME	cat
2019-12-05	02:35:27	UTC+0000	2019-12-05	02:35:27	UTC+0000	2019-12-05	02:35:27	UTC+0000	2019-12-05	02:35:27	UTC+0000	MI5892~1.CAT	$FILE_NAME	cat
2019-12-05	02:35:27	UTC+0000	2019-12-05	02:35:27	UTC+0000	2019-12-05	02:35:27	UTC+0000	2019-12-05	02:35:27	UTC+0000	Windows\winsxs\Catalogs\B01B43~1.CAT	$FILE_NAME	cat
2019-12-05	02:35:27	UTC+0000	2019-12-05	02:35:27	UTC+0000	2019-12-05	02:35:27	UTC+0000	2019-12-05	02:35:27	UTC+0000	Windows\winsxs\Catalogs\b01b4355c9e3e1b081dccac4f4353c8dcf0bb1e6b58af4ff6b7fb372cbf2674b.cat	$FILE_NAME	cat
2019-12-05	02:37:08	UTC+0000	2019-12-05	02:37:08	UTC+0000	2019-12-05	02:37:08	UTC+0000	2019-12-05	02:37:08	UTC+0000	prnin004.cat	$FILE_NAME	cat
2019-12-05	02:37:08	UTC+0000	2019-12-05	02:37:08	UTC+0000	2019-12-05	02:37:08	UTC+0000	2019-12-05	02:37:08	UTC+0000	prnin004.cat	$FILE_NAME	cat
2019-12-05	02:37:08	UTC+0000	2019-12-05	02:37:08	UTC+0000	2019-12-05	02:37:08	UTC+0000	2019-12-05	02:37:08	UTC+0000	Windows\System32\catroot\{F750E6C3-38EE-11D1-85E5-00C04FC295EE}\prnin004.cat	$FILE_NAME	cat
2019-12-05	02:37:08	UTC+0000	2019-12-05	02:37:08	UTC+0000	2019-12-05	02:37:08	UTC+0000	2019-12-05	02:37:08	UTC+0000	prnkm002.cat	$FILE_NAME	cat
2019-12-05	02:37:08	UTC+0000	2019-12-05	02:37:08	UTC+0000	2019-12-05	02:37:08	UTC+0000	2019-12-05	02:37:08	UTC+0000	prnkm002.cat	$FILE_NAME	cat
2019-12-05	02:37:08	UTC+0000	2019-12-05	02:37:08	UTC+0000	2019-12-05	02:37:08	UTC+0000	2019-12-05	02:37:08	UTC+0000	Windows\System32\catroot\{F750E6C3-38EE-11D1-85E5-00C04FC295EE}\prnkm002.cat	$FILE_NAME	cat
2019-12-05	02:37:08	UTC+0000	2019-12-05	02:37:08	UTC+0000	2019-12-05	02:37:08	UTC+0000	2019-12-05	02:37:08	UTC+0000	Windows\System32\catroot\{F750E6C3-38EE-11D1-85E5-00C04FC295EE}\ntph.cat	$FILE_NAME	cat
2019-12-05	02:37:08	UTC+0000	2019-12-05	02:37:08	UTC+0000	2019-12-05	02:37:08	UTC+0000	2019-12-05	02:37:08	UTC+0000	Windows\System32\catroot\{F750E6C3-38EE-11D1-85E5-00C04FC295EE}\ntprint.cat	$FILE_NAME	cat
2019-12-05	02:37:08	UTC+0000	2019-12-05	02:37:08	UTC+0000	2019-12-05	02:37:08	UTC+0000	2019-12-05	02:37:08	UTC+0000	prnbr002.cat	$FILE_NAME	cat
2019-12-05	02:37:08	UTC+0000	2019-12-05	02:37:08	UTC+0000	2019-12-05	02:37:08	UTC+0000	2019-12-05	02:37:08	UTC+0000	prnbr002.cat	$FILE_NAME	cat
2019-12-05	02:37:08	UTC+0000	2019-12-05	02:37:08	UTC+0000	2019-12-05	02:37:08	UTC+0000	2019-12-05	02:37:08	UTC+0000	Windows\System32\catroot\{F750E6C3-38EE-11D1-85E5-00C04FC295EE}\prnbr002.cat	$FILE_NAME	cat
2019-12-05	02:35:28	UTC+0000	2019-12-05	02:35:28	UTC+0000	2019-12-05	02:35:28	UTC+0000	2019-12-05	02:35:28	UTC+0000	Windows\winsxs\Catalogs\714BA7~1.CAT	$FILE_NAME	cat
2019-12-05	02:35:28	UTC+0000	2019-12-05	02:35:28	UTC+0000	2019-12-05	02:35:28	UTC+0000	2019-12-05	02:35:28	UTC+0000	Windows\winsxs\Catalogs\714ba7903f7246ff6a3bcdf09fdd38ed140d69fdc36e6bbb42e1a120a1f9a397.cat	$FILE_NAME	cat
2019-12-05	02:35:28	UTC+0000	2019-12-05	02:35:28	UTC+0000	2019-12-05	02:35:28	UTC+0000	2019-12-05	02:35:28	UTC+0000	Windows\System32\catroot\{F750E6C3-38EE-11D1-85E5-00C04FC295EE}\Microsoft-Windows-SearchEngine-Client-Package~31bf3856ad364e35~amd64~~6.1.7601.17514.cat	$FILE_NAME	cat
2019-12-05	02:35:28	UTC+0000	2019-12-05	02:35:28	UTC+0000	2019-12-05	02:35:28	UTC+0000	2019-12-05	02:35:28	UTC+0000	Windows\System32\catroot\{F750E6C3-38EE-11D1-85E5-00C04FC295EE}\MICFC1~1.CAT	$FILE_NAME	cat
2019-12-05	02:35:28	UTC+0000	2019-12-05	02:35:28	UTC+0000	2019-12-05	02:35:28	UTC+0000	2019-12-05	02:35:28	UTC+0000	Microsoft-Windows-SearchEngine-Client-Package~31bf3856ad364e35~amd64~~6.1.7601.17514.cat	$FILE_NAME	cat
2019-12-05	02:35:28	UTC+0000	2019-12-05	02:35:28	UTC+0000	2019-12-05	02:35:28	UTC+0000	2019-12-05	02:35:28	UTC+0000	MICFC1~1.CAT	$FILE_NAME	cat
2019-12-05	02:35:28	UTC+0000	2019-12-05	02:35:28	UTC+0000	2019-12-05	02:35:28	UTC+0000	2019-12-05	02:35:28	UTC+0000	Windows\winsxs\Catalogs\B9593C~1.CAT	$FILE_NAME	cat
2019-12-05	02:35:28	UTC+0000	2019-12-05	02:35:28	UTC+0000	2019-12-05	02:35:28	UTC+0000	2019-12-05	02:35:28	UTC+0000	Windows\winsxs\Catalogs\b9593c7ea28376141bc501df9ab15206b9aaf2509d7fa53249c2deeb9ef285e2.cat	$FILE_NAME	cat
2019-12-05	02:35:28	UTC+0000	2019-12-05	02:35:28	UTC+0000	2019-12-05	02:35:28	UTC+0000	2019-12-05	02:35:28	UTC+0000	Windows\System32\catroot\{F750E6C3-38EE-11D1-85E5-00C04FC295EE}\Microsoft-Windows-OpticalMediaDisc-Package~31bf3856ad364e35~amd64~en-US~6.1.7601.17514.cat	$FILE_NAME	cat
2019-12-05	02:35:28	UTC+0000	2019-12-05	02:35:28	UTC+0000	2019-12-05	02:35:28	UTC+0000	2019-12-05	02:35:28	UTC+0000	Windows\System32\catroot\{F750E6C3-38EE-11D1-85E5-00C04FC295EE}\MI5A45~1.CAT	$FILE_NAME	cat
2019-12-05	02:35:28	UTC+0000	2019-12-05	02:35:28	UTC+0000	2019-12-05	02:35:28	UTC+0000	2019-12-05	02:35:28	UTC+0000	Microsoft-Windows-OpticalMediaDisc-Package~31bf3856ad364e35~amd64~en-US~6.1.7601.17514.cat	$FILE_NAME	cat
2019-12-05	02:35:28	UTC+0000	2019-12-05	02:35:28	UTC+0000	2019-12-05	02:35:28	UTC+0000	2019-12-05	02:35:28	UTC+0000	MI5A45~1.CAT	$FILE_NAME	cat
2019-12-05	02:35:27	UTC+0000	2019-12-05	02:35:27	UTC+0000	2019-12-05	02:35:27	UTC+0000	2019-12-05	02:35:27	UTC+0000	Windows\System32\catroot\{F750E6C3-38EE-11D1-85E5-00C04FC295EE}\Microsoft-Windows-EnterpriseEdition-wrapper~31bf3856ad364e35~amd64~~6.1.7601.17514.cat	$FILE_NAME	cat
2019-12-05	02:35:27	UTC+0000	2019-12-05	02:35:27	UTC+0000	2019-12-05	02:35:27	UTC+0000	2019-12-05	02:35:27	UTC+0000	Windows\System32\catroot\{F750E6C3-38EE-11D1-85E5-00C04FC295EE}\MIEF23~1.CAT	$FILE_NAME	cat
2019-12-05	02:35:27	UTC+0000	2019-12-05	02:35:27	UTC+0000	2019-12-05	02:35:27	UTC+0000	2019-12-05	02:35:27	UTC+0000	Microsoft-Windows-EnterpriseEdition-wrapper~31bf3856ad364e35~amd64~~6.1.7601.17514.cat	$FILE_NAME	cat
2019-12-05	02:35:27	UTC+0000	2019-12-05	02:35:27	UTC+0000	2019-12-05	02:35:27	UTC+0000	2019-12-05	02:35:27	UTC+0000	MIEF23~1.CAT	$FILE_NAME	cat
2019-12-05	02:35:27	UTC+0000	2019-12-05	02:35:27	UTC+0000	2019-12-05	02:35:27	UTC+0000	2019-12-05	02:35:27	UTC+0000	Windows\winsxs\Catalogs\A792D7~1.CAT	$FILE_NAME	cat
2019-12-05	02:35:27	UTC+0000	2019-12-05	02:35:27	UTC+0000	2019-12-05	02:35:27	UTC+0000	2019-12-05	02:35:27	UTC+0000	Windows\winsxs\Catalogs\a792d759f8dfe987744312ea4e71dfece07f7d16891d7bc0c138feb6c6602430.cat	$FILE_NAME	cat
2019-12-05	02:35:27	UTC+0000	2019-12-05	02:35:27	UTC+0000	2019-12-05	02:35:27	UTC+0000	2019-12-05	02:35:27	UTC+0000	Windows\System32\catroot\{F750E6C3-38EE-11D1-85E5-00C04FC295EE}\Microsoft-Windows-Killbits-Package~31bf3856ad364e35~amd64~~8.0.7601.17514.cat	$FILE_NAME	cat
2019-12-05	02:35:27	UTC+0000	2019-12-05	02:35:27	UTC+0000	2019-12-05	02:35:27	UTC+0000	2019-12-05	02:35:27	UTC+0000	Windows\System32\catroot\{F750E6C3-38EE-11D1-85E5-00C04FC295EE}\MI8AD7~1.CAT	$FILE_NAME	cat
2019-12-05	02:35:27	UTC+0000	2019-12-05	02:35:27	UTC+0000	2019-12-05	02:35:27	UTC+0000	2019-12-05	02:35:27	UTC+0000	Windows\winsxs\Catalogs\CDB197~1.CAT	$FILE_NAME	cat
2019-12-05	02:35:27	UTC+0000	2019-12-05	02:35:27	UTC+0000	2019-12-05	02:35:27	UTC+0000	2019-12-05	02:35:27	UTC+0000	Windows\winsxs\Catalogs\cdb1975eb3ae747804b7e03a2cdc5443705a66b4027b64f53c4a1bd77ed6e172.cat	$FILE_NAME	cat
