2019-12-05	02:35:28	UTC+0000	2019-12-05	02:35:28	UTC+0000	2019-12-05	02:35:28	UTC+0000	2019-12-05	02:35:28	UTC+0000	Microsoft-Windows-MediaPlayback-OC-Package~31bf3856ad364e35~amd64~en-US~6.1.7601.17514.cat	$FILE_NAME	cat
2019-12-05	02:35:28	UTC+0000	2019-12-05	02:35:28	UTC+0000	2019-12-05	02:35:28	UTC+0000	2019-12-05	02:35:28	UTC+0000	MIB41E~1.CAT	$FILE_NAME	cat
2019-12-05	02:35:27	UTC+0000	2019-12-05	02:35:27	UTC+0000	2019-12-05	02:35:27	UTC+0000	2019-12-05	02:35:27	UTC+0000	Windows\winsxs\Catalogs\D05F3E~1.CAT	$FILE_NAME	cat
2019-12-05	02:35:27	UTC+0000	2019-12-05	02:35:27	UTC+0000	2019-12-05	02:35:27	UTC+0000	2019-12-05	02:35:27	UTC+0000	Windows\winsxs\Catalogs\d05f3e99016d05ade187bf69d30335a8a2c576782ba8c476970f0b5c70e68c58.cat	$FILE_NAME	cat
2019-12-05	02:35:27	UTC+0000	2019-12-05	02:35:27	UTC+0000	2019-12-05	02:35:27	UTC+0000	2019-12-05	02:35:27	UTC+0000	Windows\System32\catroot\{F750E~1\Microsoft-Media-Foundation-Package~31bf3856ad364e35~amd64~en-US~6.1.7601.17514.cat	$FILE_NAME	cat
2019-12-05	02:35:27	UTC+0000	2019-12-05	02:35:27	UTC+0000	2019-12-05	02:35:27	UTC+0000	2019-12-05	02:35:27	UTC+0000	Windows\System32\catroot\{F750E~1\MI4C4D~1.CAT	$FILE_NAME	cat
2019-12-05	02:35:27	UTC+0000	2019-12-05	02:35:27	UTC+0000	2019-12-05	02:35:27	UTC+0000	2019-12-05	02:35:27	UTC+0000	Microsoft-Media-Foundation-Package~31bf3856ad364e35~amd64~en-US~6.1.7601.17514.cat	$FILE_NAME	cat
2019-12-05	02:35:27	UTC+0000	2019-12-05	02:35:27	UTC+0000	2019-12-05	02:35:27	UTC+0000	2019-12-05	02:35:27	UTC+0000	MI4C4D~1.CAT	$FILE_NAME	cat
2019-12-05	02:35:28	UTC+0000	2019-12-05	02:35:28	UTC+0000	2019-12-05	02:35:28	UTC+0000	2019-12-05	02:35:28	UTC+0000	Windows\System32\catroot\{F750E~1\Microsoft-Windows-Printing-XPSServices-Package~31bf3856ad364e35~amd64~en-US~6.1.7601.17514.cat	$FILE_NAME	cat
2019-12-05	02:35:28	UTC+0000	2019-12-05	02:35:28	UTC+0000	2019-12-05	02:35:28	UTC+0000	2019-12-05	02:35:28	UTC+0000	Windows\System32\catroot\{F750E~1\MI759D~1.CAT	$FILE_NAME	cat
2019-12-05	02:35:28	UTC+0000	2019-12-05	02:35:28	UTC+0000	2019-12-05	02:35:28	UTC+0000	2019-12-05	02:35:28	UTC+0000	Microsoft-Windows-Printing-XPSServices-Package~31bf3856ad364e35~amd64~en-US~6.1.7601.17514.cat	$FILE_NAME	cat
2019-12-05	02:35:28	UTC+0000	2019-12-05	02:35:28	UTC+0000	2019-12-05	02:35:28	UTC+0000	2019-12-05	02:35:28	UTC+0000	MI759D~1.CAT	$FILE_NAME	cat
2019-12-05	02:35:28	UTC+0000	2019-12-05	02:35:28	UTC+0000	2019-12-05	02:35:28	UTC+0000	2019-12-05	02:35:28	UTC+0000	Windows\System32\catroot\{F750E~1\Microsoft-Windows-StarterEdition-wrapper~31bf3856ad364e35~amd64~~6.1.7601.17514.cat	$FILE_NAME	cat
2019-12-05	02:35:28	UTC+0000	2019-12-05	02:35:28	UTC+0000	2019-12-05	02:35:28	UTC+0000	2019-12-05	02:35:28	UTC+0000	Windows\System32\catroot\{F750E~1\MI3C7F~1.CAT	$FILE_NAME	cat
2019-12-05	02:35:28	UTC+0000	2019-12-05	02:35:28	UTC+0000	2019-12-05	02:35:28	UTC+0000	2019-12-05	02:35:28	UTC+0000	Microsoft-Windows-StarterEdition-wrapper~31bf3856ad364e35~amd64~~6.1.7601.17514.cat	$FILE_NAME	cat
2019-12-05	02:35:28	UTC+0000	2019-12-05	02:35:28	UTC+0000	2019-12-05	02:35:28	UTC+0000	2019-12-05	02:35:28	UTC+0000	MI3C7F~1.CAT	$FILE_NAME	cat
2019-12-05	02:35:27	UTC+0000	2019-12-05	02:35:27	UTC+0000	2019-12-05	02:35:27	UTC+0000	2019-12-05	02:35:27	UTC+0000	Windows\winsxs\Catalogs\C1A144~1.CAT	$FILE_NAME	cat
2019-12-05	02:35:27	UTC+0000	2019-12-05	02:35:27	UTC+0000	2019-12-05	02:35:27	UTC+0000	2019-12-05	02:35:27	UTC+0000	Windows\winsxs\Catalogs\c1a14480b60c9cdc0717f86ec868e8c28f002e11187dbd1a4e713da6598b00c1.cat	$FILE_NAME	cat
2019-12-05	02:35:27	UTC+0000	2019-12-05	02:35:27	UTC+0000	2019-12-05	02:35:27	UTC+0000	2019-12-05	02:35:27	UTC+0000	Windows\System32\catroot\{F750E~1\Microsoft-Windows-InternetExplorer-Package~31bf3856ad364e35~amd64~en-US~8.0.7601.17514.cat	$FILE_NAME	cat
2019-12-05	02:35:27	UTC+0000	2019-12-05	02:35:27	UTC+0000	2019-12-05	02:35:27	UTC+0000	2019-12-05	02:35:27	UTC+0000	Windows\System32\catroot\{F750E~1\MIE51D~1.CAT	$FILE_NAME	cat
2019-12-05	02:35:27	UTC+0000	2019-12-05	02:35:27	UTC+0000	2019-12-05	02:35:27	UTC+0000	2019-12-05	02:35:27	UTC+0000	Microsoft-Windows-InternetExplorer-Package~31bf3856ad364e35~amd64~en-US~8.0.7601.17514.cat	$FILE_NAME	cat
2019-12-05	02:35:27	UTC+0000	2019-12-05	02:35:27	UTC+0000	2019-12-05	02:35:27	UTC+0000	2019-12-05	02:35:27	UTC+0000	MIE51D~1.CAT	$FILE_NAME	cat
2019-12-05	02:37:09	UTC+0000	2019-12-05	02:37:09	UTC+0000	2019-12-05	02:37:09	UTC+0000	2019-12-05	02:37:09	UTC+0000	prnlx00a.cat	$FILE_NAME	cat
2019-12-05	02:37:09	UTC+0000	2019-12-05	02:37:09	UTC+0000	2019-12-05	02:37:09	UTC+0000	2019-12-05	02:37:09	UTC+0000	prnlx00a.cat	$FILE_NAME	cat
2019-12-05	02:37:09	UTC+0000	2019-12-05	02:37:09	UTC+0000	2019-12-05	02:37:09	UTC+0000	2019-12-05	02:37:09	UTC+0000	Windows\System32\catroot\{F750E~1\prnlx00a.cat	$FILE_NAME	cat
2019-12-05	02:37:09	UTC+0000	2019-12-05	02:37:09	UTC+0000	2019-12-05	02:37:09	UTC+0000	2019-12-05	02:37:09	UTC+0000	prnlx00b.cat	$FILE_NAME	cat
2019-12-05	02:37:09	UTC+0000	2019-12-05	02:37:09	UTC+0000	2019-12-05	02:37:09	UTC+0000	2019-12-05	02:37:09	UTC+0000	prnlx00b.cat	$FILE_NAME	cat
2019-12-05	02:37:09	UTC+0000	2019-12-05	02:37:09	UTC+0000	2019-12-05	02:37:09	UTC+0000	2019-12-05	02:37:09	UTC+0000	Windows\System32\catroot\{F750E~1\prnlx00b.cat	$FILE_NAME	cat
2019-12-05	02:35:27	UTC+0000	2019-12-05	02:35:27	UTC+0000	2019-12-05	02:35:27	UTC+0000	2019-12-05	02:35:27	UTC+0000	Windows\System32\catroot\{F750E~1\Microsoft-Hyper-V-Common-Drivers-Package~31bf3856ad364e35~amd64~~6.1.7601.17514.cat	$FILE_NAME	cat
2019-12-05	02:35:27	UTC+0000	2019-12-05	02:35:27	UTC+0000	2019-12-05	02:35:27	UTC+0000	2019-12-05	02:35:27	UTC+0000	Windows\System32\catroot\{F750E~1\MI636C~1.CAT	$FILE_NAME	cat
2019-12-05	02:35:27	UTC+0000	2019-12-05	02:35:27	UTC+0000	2019-12-05	02:35:27	UTC+0000	2019-12-05	02:35:27	UTC+0000	Microsoft-Hyper-V-Common-Drivers-Package~31bf3856ad364e35~amd64~~6.1.7601.17514.cat	$FILE_NAME	cat
2019-12-05	02:35:27	UTC+0000	2019-12-05	02:35:27	UTC+0000	2019-12-05	02:35:27	UTC+0000	2019-12-05	02:35:27	UTC+0000	MI636C~1.CAT	$FILE_NAME	cat
2019-12-05	02:35:27	UTC+0000	2019-12-05	02:35:27	UTC+0000	2019-12-05	02:35:27	UTC+0000	2019-12-05	02:35:27	UTC+0000	Windows\System32\catroot\{F750E~1\Microsoft-Windows-HomeBasicEdition-wrapper~31bf3856ad364e35~amd64~~6.1.7601.17514.cat	$FILE_NAME	cat
2019-12-05	02:35:27	UTC+0000	2019-12-05	02:35:27	UTC+0000	2019-12-05	02:35:27	UTC+0000	2019-12-05	02:35:27	UTC+0000	Windows\System32\catroot\{F750E~1\MI99F8~1.CAT	$FILE_NAME	cat
2019-12-05	02:35:27	UTC+0000	2019-12-05	02:35:27	UTC+0000	2019-12-05	02:35:27	UTC+0000	2019-12-05	02:35:27	UTC+0000	Microsoft-Windows-HomeBasicEdition-wrapper~31bf3856ad364e35~amd64~~6.1.7601.17514.cat	$FILE_NAME	cat
2019-12-05	02:35:27	UTC+0000	2019-12-05	02:35:27	UTC+0000	2019-12-05	02:35:27	UTC+0000	2019-12-05	02:35:27	UTC+0000	MI99F8~1.CAT	$FILE_NAME	cat
2019-12-05	02:35:27	UTC+0000	2019-12-05	02:35:27	UTC+0000	2019-12-05	02:35:27	UTC+0000	2019-12-05	02:35:27	UTC+0000	Windows\winsxs\Catalogs\03591F~1.CAT	$FILE_NAME	cat
2019-12-05	02:35:27	UTC+0000	2019-12-05	02:35:27	UTC+0000	2019-12-05	02:35:27	UTC+0000	2019-12-05	02:35:27	UTC+0000	Windows\winsxs\Catalogs\03591f67d129912c0d2b347588426e076655f2d2f77ef0ff4b614a5dedf12b61.cat	$FILE_NAME	cat
2019-12-05	02:35:27	UTC+0000	2019-12-05	02:35:27	UTC+0000	2019-12-05	02:35:27	UTC+0000	2019-12-05	02:35:27	UTC+0000	Windows\System32\catroot\{F750E~1\Microsoft-Windows-Indexing-Service-Package~31bf3856ad364e35~amd64~en-US~6.1.7601.17514.cat	$FILE_NAME	cat
2019-12-05	02:35:27	UTC+0000	2019-12-05	02:35:27	UTC+0000	2019-12-05	02:35:27	UTC+0000	2019-12-05	02:35:27	UTC+0000	Windows\System32\catroot\{F750E~1\MI07B3~1.CAT	$FILE_NAME	cat
2019-12-05	02:35:28	UTC+0000	2019-12-05	02:35:28	UTC+0000	2019-12-05	02:35:28	UTC+0000	2019-12-05	02:35:28	UTC+0000	Windows\winsxs\Catalogs\53EC7A~1.CAT	$FILE_NAME	cat
2019-12-05	02:35:28	UTC+0000	2019-12-05	02:35:28	UTC+0000	2019-12-05	02:35:28	UTC+0000	2019-12-05	02:35:28	UTC+0000	Windows\winsxs\Catalogs\53ec7af39d25f9becba9ec865efe484240660a8dd7c16e27563d67142710e4b3.cat	$FILE_NAME	cat
2019-12-05	02:35:28	UTC+0000	2019-12-05	02:35:28	UTC+0000	2019-12-05	02:35:28	UTC+0000	2019-12-05	02:35:28	UTC+0000	Windows\System32\catroot\{F750E~1\Microsoft-Windows-TerminalServices-UsbRedirector-Package~31bf3856ad364e35~amd64~~6.1.7601.17514.cat	$FILE_NAME	cat
2019-12-05	02:35:28	UTC+0000	2019-12-05	02:35:28	UTC+0000	2019-12-05	02:35:28	UTC+0000	2019-12-05	02:35:28	UTC+0000	Windows\System32\catroot\{F750E~1\MIE4A2~1.CAT	$FILE_NAME	cat
2019-12-05	02:35:28	UTC+0000	2019-12-05	02:35:28	UTC+0000	2019-12-05	02:35:28	UTC+0000	2019-12-05	02:35:28	UTC+0000	Microsoft-Windows-TerminalServices-UsbRedirector-Package~31bf3856ad364e35~amd64~~6.1.7601.17514.cat	$FILE_NAME	cat
2019-12-05	02:35:28	UTC+0000	2019-12-05	02:35:28	UTC+0000	2019-12-05	02:35:28	UTC+0000	2019-12-05	02:35:28	UTC+0000	MIE4A2~1.CAT	$FILE_NAME	cat
2019-12-05	02:35:27	UTC+0000	2019-12-05	02:35:27	UTC+0000	2019-12-05	02:35:27	UTC+0000	2019-12-05	02:35:27	UTC+0000	Windows\winsxs\Catalogs\1C2660~1.CAT	$FILE_NAME	cat
2019-12-05	02:35:27	UTC+0000	2019-12-05	02:35:27	UTC+0000	2019-12-05	02:35:27	UTC+0000	2019-12-05	02:35:27	UTC+0000	Windows\winsxs\Catalogs\1c266068163a7c76825d18494214cb869a0ca7184175f8a5a36c06ac964fa521.cat	$FILE_NAME	cat
2019-12-05	02:35:27	UTC+0000	2019-12-05	02:35:27	UTC+0000	2019-12-05	02:35:27	UTC+0000	2019-12-05	02:35:27	UTC+0000	Windows\System32\catroot\{F750E~1\Microsoft-Windows-IE-Troubleshooters-Package~31bf3856ad364e35~amd64~~6.1.7601.17514.cat	$FILE_NAME	cat
2019-12-05	02:35:27	UTC+0000	2019-12-05	02:35:27	UTC+0000	2019-12-05	02:35:27	UTC+0000	2019-12-05	02:35:27	UTC+0000	Windows\System32\catroot\{F750E~1\MI1246~1.CAT	$FILE_NAME	cat
2019-12-05	02:35:27	UTC+0000	2019-12-05	02:35:27	UTC+0000	2019-12-05	02:35:27	UTC+0000	2019-12-05	02:35:27	UTC+0000	Microsoft-Windows-IE-Troubleshooters-Package~31bf3856ad364e35~amd64~~6.1.7601.17514.cat	$FILE_NAME	cat
2019-12-05	02:35:27	UTC+0000	2019-12-05	02:35:27	UTC+0000	2019-12-05	02:35:27	UTC+0000	2019-12-05	02:35:27	UTC+0000	MI1246~1.CAT	$FILE_NAME	cat
2019-12-05	02:35:27	UTC+0000	2019-12-05	02:35:27	UTC+0000	2019-12-05	02:35:27	UTC+0000	2019-12-05	02:35:27	UTC+0000	Windows\winsxs\Catalogs\2A4281~1.CAT	$FILE_NAME	cat
2019-12-05	02:35:27	UTC+0000	2019-12-05	02:35:27	UTC+0000	2019-12-05	02:35:27	UTC+0000	2019-12-05	02:35:27	UTC+0000	Windows\winsxs\Catalogs\2a4281a7457ba38c04a4468597b268627b058e6d61a046b1076fde5ce89c6a5e.cat	$FILE_NAME	cat
2019-12-05	02:35:27	UTC+0000	2019-12-05	02:35:27	UTC+0000	2019-12-05	02:35:27	UTC+0000	2019-12-05	02:35:27	UTC+0000	Windows\System32\catroot\{F750E~1\Microsoft-Windows-Branding-Ultimate-Client-Package~31bf3856ad364e35~amd64~en-US~6.1.7601.17514.cat	$FILE_NAME	cat
2019-12-05	02:35:27	UTC+0000	2019-12-05	02:35:27	UTC+0000	2019-12-05	02:35:27	UTC+0000	2019-12-05	02:35:27	UTC+0000	Windows\System32\catroot\{F750E~1\MI1A80~1.CAT	$FILE_NAME	cat
2019-12-05	02:35:27	UTC+0000	2019-12-05	02:35:27	UTC+0000	2019-12-05	02:35:27	UTC+0000	2019-12-05	02:35:27	UTC+0000	Microsoft-Windows-Branding-Ultimate-Client-Package~31bf3856ad364e35~amd64~en-US~6.1.7601.17514.cat	$FILE_NAME	cat
2019-12-05	02:35:27	UTC+0000	2019-12-05	02:35:27	UTC+0000	2019-12-05	02:35:27	UTC+0000	2019-12-05	02:35:27	UTC+0000	MI1A80~1.CAT	$FILE_NAME	cat
2019-12-05	02:35:27	UTC+0000	2019-12-05	02:35:27	UTC+0000	2019-12-05	02:35:27	UTC+0000	2019-12-05	02:35:27	UTC+0000	Windows\winsxs\Catalogs\135683~1.CAT	$FILE_NAME	cat
2019-12-05	02:35:27	UTC+0000	2019-12-05	02:35:27	UTC+0000	2019-12-05	02:35:27	UTC+0000	2019-12-05	02:35:27	UTC+0000	Windows\winsxs\Catalogs\135683c2565aca347846fe7723a25aac777bb324fe92eb91e23cf961af611db0.cat	$FILE_NAME	cat
2019-12-05	02:35:27	UTC+0000	2019-12-05	02:35:27	UTC+0000	2019-12-05	02:35:27	UTC+0000	2019-12-05	02:35:27	UTC+0000	Windows\System32\catroot\{F750E~1\Microsoft-Windows-ClipsInTheLibrary-Package~31bf3856ad364e35~amd64~en-US~6.1.7601.17514.cat	$FILE_NAME	cat
2019-12-05	02:35:27	UTC+0000	2019-12-05	02:35:27	UTC+0000	2019-12-05	02:35:27	UTC+0000	2019-12-05	02:35:27	UTC+0000	Windows\System32\catroot\{F750E~1\MICA07~1.CAT	$FILE_NAME	cat
2019-12-05	02:35:27	UTC+0000	2019-12-05	02:35:27	UTC+0000	2019-12-05	02:35:27	UTC+0000	2019-12-05	02:35:27	UTC+0000	Microsoft-Windows-ClipsInTheLibrary-Package~31bf3856ad364e35~amd64~en-US~6.1.7601.17514.cat	$FILE_NAME	cat
2019-12-05	02:35:27	UTC+0000	2019-12-05	02:35:27	UTC+0000	2019-12-05	02:35:27	UTC+0000	2019-12-05	02:35:27	UTC+0000	MICA07~1.CAT	$FILE_NAME	cat
2019-12-05	02:37:08	UTC+0000	2019-12-05	02:37:08	UTC+0000	2019-12-05	02:37:08	UTC+0000	2019-12-05	02:37:08	UTC+0000	prnkm005.cat	$FILE_NAME	cat
2019-12-05	02:37:08	UTC+0000	2019-12-05	02:37:08	UTC+0000	2019-12-05	02:37:08	UTC+0000	2019-12-05	02:37:08	UTC+0000	prnkm005.cat	$FILE_NAME	cat
2019-12-05	02:37:08	UTC+0000	2019-12-05	02:37:08	UTC+0000	2019-12-05	02:37:08	UTC+0000	2019-12-05	02:37:08	UTC+0000	Windows\System32\catroot\{F750E~1\prnkm005.cat	$FILE_NAME	cat
2019-12-05	02:37:08	UTC+0000	2019-12-05	02:37:08	UTC+0000	2019-12-05	02:37:08	UTC+0000	2019-12-05	02:37:08	UTC+0000	PRNKY002.CAT	$FILE_NAME	cat
2019-12-05	02:37:08	UTC+0000	2019-12-05	02:37:08	UTC+0000	2019-12-05	02:37:08	UTC+0000	2019-12-05	02:37:08	UTC+0000	PRNKY002.CAT	$FILE_NAME	cat
2019-12-05	02:37:08	UTC+0000	2019-12-05	02:37:08	UTC+0000	2019-12-05	02:37:08	UTC+0000	2019-12-05	02:37:08	UTC+0000	Windows\System32\catroot\{F750E~1\prnky002.cat	$FILE_NAME	cat
2019-12-05	02:35:27	UTC+0000	2019-12-05	02:35:27	UTC+0000	2019-12-05	02:35:27	UTC+0000	2019-12-05	02:35:27	UTC+0000	Windows\System32\catroot\{F750E~1\Microsoft-Windows-Client-Wired-Network-Drivers-Package~31bf3856ad364e35~amd64~~6.1.7601.17514.cat	$FILE_NAME	cat
2019-12-05	02:35:27	UTC+0000	2019-12-05	02:35:27	UTC+0000	2019-12-05	02:35:27	UTC+0000	2019-12-05	02:35:27	UTC+0000	Windows\System32\catroot\{F750E~1\MIE8C6~1.CAT	$FILE_NAME	cat
2019-12-05	02:35:27	UTC+0000	2019-12-05	02:35:27	UTC+0000	2019-12-05	02:35:27	UTC+0000	2019-12-05	02:35:27	UTC+0000	Microsoft-Windows-Client-Wired-Network-Drivers-Package~31bf3856ad364e35~amd64~~6.1.7601.17514.cat	$FILE_NAME	cat
2019-12-05	02:35:27	UTC+0000	2019-12-05	02:35:27	UTC+0000	2019-12-05	02:35:27	UTC+0000	2019-12-05	02:35:27	UTC+0000	MIE8C6~1.CAT	$FILE_NAME	cat
2019-12-05	02:35:28	UTC+0000	2019-12-05	02:35:28	UTC+0000	2019-12-05	02:35:28	UTC+0000	2019-12-05	02:35:28	UTC+0000	Windows\System32\catroot\{F750E~1\PABE87~1.CAT	$FILE_NAME	cat
2019-12-05	02:35:28	UTC+0000	2019-12-05	02:35:28	UTC+0000	2019-12-05	02:35:28	UTC+0000	2019-12-05	02:35:28	UTC+0000	Windows\System32\catroot\{F750E~1\Package_for_KB976933~31bf3856ad364e35~amd64~ja-JP~6.1.7601.17514.cat	$FILE_NAME	cat
2019-12-05	02:35:28	UTC+0000	2019-12-05	02:35:28	UTC+0000	2019-12-05	02:35:28	UTC+0000	2019-12-05	02:35:28	UTC+0000	PABE87~1.CAT	$FILE_NAME	cat
2019-12-05	02:35:28	UTC+0000	2019-12-05	02:35:28	UTC+0000	2019-12-05	02:35:28	UTC+0000	2019-12-05	02:35:28	UTC+0000	Package_for_KB976933~31bf3856ad364e35~amd64~ja-JP~6.1.7601.17514.cat	$FILE_NAME	cat
2019-12-05	02:35:27	UTC+0000	2019-12-05	02:35:27	UTC+0000	2019-12-05	02:35:27	UTC+0000	2019-12-05	02:35:27	UTC+0000	Windows\winsxs\Catalogs\2CD3F8~1.CAT	$FILE_NAME	cat
2019-12-05	02:35:27	UTC+0000	2019-12-05	02:35:27	UTC+0000	2019-12-05	02:35:27	UTC+0000	2019-12-05	02:35:27	UTC+0000	Windows\winsxs\Catalogs\2cd3f845fa320fb63d77f3de41f85fe2e0090eef325bd742ae900c1c5e742690.cat	$FILE_NAME	cat
2019-12-05	02:35:27	UTC+0000	2019-12-05	02:35:27	UTC+0000	2019-12-05	02:35:27	UTC+0000	2019-12-05	02:35:27	UTC+0000	Windows\System32\catroot\{F750E~1\Microsoft-Windows-Client-Features-Package~31bf3856ad364e35~amd64~en-US~6.1.7601.17514.cat	$FILE_NAME	cat
2019-12-05	02:35:27	UTC+0000	2019-12-05	02:35:27	UTC+0000	2019-12-05	02:35:27	UTC+0000	2019-12-05	02:35:27	UTC+0000	Windows\System32\catroot\{F750E~1\MI1B4B~1.CAT	$FILE_NAME	cat
2019-12-05	02:35:27	UTC+0000	2019-12-05	02:35:27	UTC+0000	2019-12-05	02:35:27	UTC+0000	2019-12-05	02:35:27	UTC+0000	Microsoft-Windows-Client-Features-Package~31bf3856ad364e35~amd64~en-US~6.1.7601.17514.cat	$FILE_NAME	cat
2019-12-05	02:35:27	UTC+0000	2019-12-05	02:35:27	UTC+0000	2019-12-05	02:35:27	UTC+0000	2019-12-05	02:35:27	UTC+0000	MI1B4B~1.CAT	$FILE_NAME	cat
2019-12-05	02:35:28	UTC+0000	2019-12-05	02:35:28	UTC+0000	2019-12-05	02:35:28	UTC+0000	2019-12-05	02:35:28	UTC+0000	Windows\winsxs\Catalogs\9399BF~1.CAT	$FILE_NAME	cat
2019-12-05	02:35:28	UTC+0000	2019-12-05	02:35:28	UTC+0000	2019-12-05	02:35:28	UTC+0000	2019-12-05	02:35:28	UTC+0000	Windows\winsxs\Catalogs\9399bfc58056bb1a8964d5ed06db1ea6d1867465a09b36538cf6c3be18df214e.cat	$FILE_NAME	cat
2019-12-05	02:35:28	UTC+0000	2019-12-05	02:35:28	UTC+0000	2019-12-05	02:35:28	UTC+0000	2019-12-05	02:35:28	UTC+0000	Windows\System32\catroot\{F750E~1\Microsoft-Windows-TerminalServices-MiscRedirection-Package~31bf3856ad364e35~amd64~en-US~6.1.7601.17514.cat	$FILE_NAME	cat
2019-12-05	02:35:28	UTC+0000	2019-12-05	02:35:28	UTC+0000	2019-12-05	02:35:28	UTC+0000	2019-12-05	02:35:28	UTC+0000	Windows\System32\catroot\{F750E~1\MI1CFD~1.CAT	$FILE_NAME	cat
2019-12-05	02:35:28	UTC+0000	2019-12-05	02:35:28	UTC+0000	2019-12-05	02:35:28	UTC+0000	2019-12-05	02:35:28	UTC+0000	Microsoft-Windows-TerminalServices-MiscRedirection-Package~31bf3856ad364e35~amd64~en-US~6.1.7601.17514.cat	$FILE_NAME	cat
2019-12-05	02:35:28	UTC+0000	2019-12-05	02:35:28	UTC+0000	2019-12-05	02:35:28	UTC+0000	2019-12-05	02:35:28	UTC+0000	MI1CFD~1.CAT	$FILE_NAME	cat
2019-12-05	02:35:28	UTC+0000	2019-12-05	02:35:28	UTC+0000	2019-12-05	02:35:28	UTC+0000	2019-12-05	02:35:28	UTC+0000	Windows\System32\catroot\{F750E~1\Microsoft-Windows-Personalization-Package~31bf3856ad364e35~amd64~~6.1.7601.17514.cat	$FILE_NAME	cat
2019-12-05	02:35:28	UTC+0000	2019-12-05	02:35:28	UTC+0000	2019-12-05	02:35:28	UTC+0000	2019-12-05	02:35:28	UTC+0000	Windows\System32\catroot\{F750E~1\MIA74A~1.CAT	$FILE_NAME	cat
2019-12-05	02:35:28	UTC+0000	2019-12-05	02:35:28	UTC+0000	2019-12-05	02:35:28	UTC+0000	2019-12-05	02:35:28	UTC+0000	Microsoft-Windows-Personalization-Package~31bf3856ad364e35~amd64~~6.1.7601.17514.cat	$FILE_NAME	cat
2019-12-05	02:35:28	UTC+0000	2019-12-05	02:35:28	UTC+0000	2019-12-05	02:35:28	UTC+0000	2019-12-05	02:35:28	UTC+0000	MIA74A~1.CAT	$FILE_NAME	cat
2019-12-05	02:35:28	UTC+0000	2019-12-05	02:35:28	UTC+0000	2019-12-05	02:35:28	UTC+0000	2019-12-05	02:35:28	UTC+0000	Windows\winsxs\Catalogs\016AAD~1.CAT	$FILE_NAME	cat
2019-12-05	02:35:28	UTC+0000	2019-12-05	02:35:28	UTC+0000	2019-12-05	02:35:28	UTC+0000	2019-12-05	02:35:28	UTC+0000	Windows\winsxs\Catalogs\016aad6db042eeccbd1a73a48c664461363ab40ab707bf9f20cda47522636311.cat	$FILE_NAME	cat
2019-12-05	02:35:28	UTC+0000	2019-12-05	02:35:28	UTC+0000	2019-12-05	02:35:28	UTC+0000	2019-12-05	02:35:28	UTC+0000	Windows\System32\catroot\{F750E~1\Microsoft-Windows-SNMP-Package~31bf3856ad364e35~amd64~~6.1.7601.17514.cat	$FILE_NAME	cat
2019-12-05	02:35:28	UTC+0000	2019-12-05	02:35:28	UTC+0000	2019-12-05	02:35:28	UTC+0000	2019-12-05	02:35:28	UTC+0000	Windows\System32\catroot\{F750E~1\MI30B0~1.CAT	$FILE_NAME	cat
2019-12-05	02:35:28	UTC+0000	2019-12-05	02:35:28	UTC+0000	2019-12-05	02:35:28	UTC+0000	2019-12-05	02:35:28	UTC+0000	Microsoft-Windows-SNMP-Package~31bf3856ad364e35~amd64~~6.1.7601.17514.cat	$FILE_NAME	cat
2019-12-05	02:35:28	UTC+0000	2019-12-05	02:35:28	UTC+0000	2019-12-05	02:35:28	UTC+0000	2019-12-05	02:35:28	UTC+0000	MI30B0~1.CAT	$FILE_NAME	cat
2019-12-05	02:35:28	UTC+0000	2019-12-05	02:35:28	UTC+0000	2019-12-05	02:35:28	UTC+0000	2019-12-05	02:35:28	UTC+0000	Windows\winsxs\Catalogs\C8F865~1.CAT	$FILE_NAME	cat
2019-12-05	02:35:28	UTC+0000	2019-12-05	02:35:28	UTC+0000	2019-12-05	02:35:28	UTC+0000	2019-12-05	02:35:28	UTC+0000	Windows\winsxs\Catalogs\c8f865cb50b370bd22dcbcd34384140b7d1a0c8e2fea59e158bf90c43fafb669.cat	$FILE_NAME	cat
2019-12-05	02:35:28	UTC+0000	2019-12-05	02:35:28	UTC+0000	2019-12-05	02:35:28	UTC+0000	2019-12-05	02:35:28	UTC+0000	Windows\System32\catroot\{F750E~1\Microsoft-Windows-SearchEngine-Client-Package~31bf3856ad364e35~amd64~en-US~6.1.7601.17514.cat	$FILE_NAME	cat
2019-12-05	02:35:28	UTC+0000	2019-12-05	02:35:28	UTC+0000	2019-12-05	02:35:28	UTC+0000	2019-12-05	02:35:28	UTC+0000	Windows\System32\catroot\{F750E~1\MI479E~1.CAT	$FILE_NAME	cat
2019-12-05	02:35:28	UTC+0000	2019-12-05	02:35:28	UTC+0000	2019-12-05	02:35:28	UTC+0000	2019-12-05	02:35:28	UTC+0000	Windows\System32\catroot\{F750E~1\Microsoft-Windows-RasRip-Package~31bf3856ad364e35~amd64~~6.1.7601.17514.cat	$FILE_NAME	cat
2019-12-05	02:35:28	UTC+0000	2019-12-05	02:35:28	UTC+0000	2019-12-05	02:35:28	UTC+0000	2019-12-05	02:35:28	UTC+0000	Windows\System32\catroot\{F750E~1\MI677B~1.CAT	$FILE_NAME	cat
2019-12-05	02:35:28	UTC+0000	2019-12-05	02:35:28	UTC+0000	2019-12-05	02:35:28	UTC+0000	2019-12-05	02:35:28	UTC+0000	Microsoft-Windows-RasRip-Package~31bf3856ad364e35~amd64~~6.1.7601.17514.cat	$FILE_NAME	cat
2019-12-05	02:35:28	UTC+0000	2019-12-05	02:35:28	UTC+0000	2019-12-05	02:35:28	UTC+0000	2019-12-05	02:35:28	UTC+0000	MI677B~1.CAT	$FILE_NAME	cat
2019-12-05	02:35:27	UTC+0000	2019-12-05	02:35:27	UTC+0000	2019-12-05	02:35:27	UTC+0000	2019-12-05	02:35:27	UTC+0000	Windows\System32\catroot\{F750E~1\Microsoft-Windows-IE-Troubleshooters-Package-wrapper~31bf3856ad364e35~amd64~en-US~6.1.7601.17514.cat	$FILE_NAME	cat
2019-12-05	02:35:27	UTC+0000	2019-12-05	02:35:27	UTC+0000	2019-12-05	02:35:27	UTC+0000	2019-12-05	02:35:27	UTC+0000	Windows\System32\catroot\{F750E~1\MI97DB~1.CAT	$FILE_NAME	cat
2019-12-05	02:35:27	UTC+0000	2019-12-05	02:35:27	UTC+0000	2019-12-05	02:35:27	UTC+0000	2019-12-05	02:35:27	UTC+0000	Microsoft-Windows-IE-Troubleshooters-Package-wrapper~31bf3856ad364e35~amd64~en-US~6.1.7601.17514.cat	$FILE_NAME	cat
2019-12-05	02:35:27	UTC+0000	2019-12-05	02:35:27	UTC+0000	2019-12-05	02:35:27	UTC+0000	2019-12-05	02:35:27	UTC+0000	MI97DB~1.CAT	$FILE_NAME	cat
2019-12-05	02:35:28	UTC+0000	2019-12-05	02:35:28	UTC+0000	2019-12-05	02:35:28	UTC+0000	2019-12-05	02:35:28	UTC+0000	Windows\winsxs\Catalogs\97485B~1.CAT	$FILE_NAME	cat
2019-12-05	02:35:28	UTC+0000	2019-12-05	02:35:28	UTC+0000	2019-12-05	02:35:28	UTC+0000	2019-12-05	02:35:28	UTC+0000	Windows\winsxs\Catalogs\97485b82fb42d823807dfb9e38fd9ea808dabcd67eaf2de9d9913cffd9b0371a.cat	$FILE_NAME	cat
2019-12-05	02:35:28	UTC+0000	2019-12-05	02:35:28	UTC+0000	2019-12-05	02:35:28	UTC+0000	2019-12-05	02:35:28	UTC+0000	Windows\System32\catroot\{F750E~1\Microsoft-Windows-MobilePC-Client-Sensors-Package~31bf3856ad364e35~amd64~~6.1.7601.17514.cat	$FILE_NAME	cat
2019-12-05	02:35:28	UTC+0000	2019-12-05	02:35:28	UTC+0000	2019-12-05	02:35:28	UTC+0000	2019-12-05	02:35:28	UTC+0000	Windows\System32\catroot\{F750E~1\MIC42A~1.CAT	$FILE_NAME	cat
2019-12-05	02:35:28	UTC+0000	2019-12-05	02:35:28	UTC+0000	2019-12-05	02:35:28	UTC+0000	2019-12-05	02:35:28	UTC+0000	Microsoft-Windows-MobilePC-Client-Sensors-Package~31bf3856ad364e35~amd64~~6.1.7601.17514.cat	$FILE_NAME	cat
2019-12-05	02:35:28	UTC+0000	2019-12-05	02:35:28	UTC+0000	2019-12-05	02:35:28	UTC+0000	2019-12-05	02:35:28	UTC+0000	MIC42A~1.CAT	$FILE_NAME	cat
2019-12-05	02:35:27	UTC+0000	2019-12-05	02:35:27	UTC+0000	2019-12-05	02:35:27	UTC+0000	2019-12-05	02:35:27	UTC+0000	Windows\System32\catroot\{F750E~1\Microsoft-Windows-Links-Package~31bf3856ad364e35~amd64~~6.1.7601.17514.cat	$FILE_NAME	cat
2019-12-05	02:35:27	UTC+0000	2019-12-05	02:35:27	UTC+0000	2019-12-05	02:35:27	UTC+0000	2019-12-05	02:35:27	UTC+0000	Windows\System32\catroot\{F750E~1\MI9DB5~1.CAT	$FILE_NAME	cat
2019-12-05	02:35:27	UTC+0000	2019-12-05	02:35:27	UTC+0000	2019-12-05	02:35:27	UTC+0000	2019-12-05	02:35:27	UTC+0000	Microsoft-Windows-Links-Package~31bf3856ad364e35~amd64~~6.1.7601.17514.cat	$FILE_NAME	cat
2019-12-05	02:35:27	UTC+0000	2019-12-05	02:35:27	UTC+0000	2019-12-05	02:35:27	UTC+0000	2019-12-05	02:35:27	UTC+0000	MI9DB5~1.CAT	$FILE_NAME	cat
2019-12-05	02:35:27	UTC+0000	2019-12-05	02:35:27	UTC+0000	2019-12-05	02:35:27	UTC+0000	2019-12-05	02:35:27	UTC+0000	Windows\winsxs\Catalogs\5B03A6~1.CAT	$FILE_NAME	cat
2019-12-05	02:35:27	UTC+0000	2019-12-05	02:35:27	UTC+0000	2019-12-05	02:35:27	UTC+0000	2019-12-05	02:35:27	UTC+0000	Windows\winsxs\Catalogs\5b03a6eea02e7e34455b49fbecd6d9883ac3a0612b35161f0436ca184f4b4cfe.cat	$FILE_NAME	cat
2019-12-05	02:37:09	UTC+0000	2019-12-05	02:37:09	UTC+0000	2019-12-05	02:37:09	UTC+0000	2019-12-05	02:37:09	UTC+0000	prnlx008.cat	$FILE_NAME	cat
2019-12-05	02:37:09	UTC+0000	2019-12-05	02:37:09	UTC+0000	2019-12-05	02:37:09	UTC+0000	2019-12-05	02:37:09	UTC+0000	prnlx008.cat	$FILE_NAME	cat
2019-12-05	02:37:09	UTC+0000	2019-12-05	02:37:09	UTC+0000	2019-12-05	02:37:09	UTC+0000	2019-12-05	02:37:09	UTC+0000	Windows\System32\catroot\{F750E~1\prnlx008.cat	$FILE_NAME	cat
2019-12-05	02:37:09	UTC+0000	2019-12-05	02:37:09	UTC+0000	2019-12-05	02:37:09	UTC+0000	2019-12-05	02:37:09	UTC+0000	prnlx009.cat	$FILE_NAME	cat
2019-12-05	02:37:09	UTC+0000	2019-12-05	02:37:09	UTC+0000	2019-12-05	02:37:09	UTC+0000	2019-12-05	02:37:09	UTC+0000	prnlx009.cat	$FILE_NAME	cat
2019-12-05	02:37:09	UTC+0000	2019-12-05	02:37:09	UTC+0000	2019-12-05	02:37:09	UTC+0000	2019-12-05	02:37:09	UTC+0000	Windows\System32\catroot\{F750E~1\prnlx009.cat	$FILE_NAME	cat
2019-12-05	02:35:28	UTC+0000	2019-12-05	02:35:28	UTC+0000	2019-12-05	02:35:28	UTC+0000	2019-12-05	02:35:28	UTC+0000	Windows\System32\catroot\{F750E~1\MIF8D5~1.CAT	$FILE_NAME	cat
2019-12-05	02:35:28	UTC+0000	2019-12-05	02:35:28	UTC+0000	2019-12-05	02:35:28	UTC+0000	2019-12-05	02:35:28	UTC+0000	Windows\System32\catroot\{F750E~1\Microsoft-Windows-WindowsFoundation-LanguagePack-Package~31bf3856ad364e35~amd64~en-US~6.1.7601.17514.cat	$FILE_NAME	cat
2019-12-05	02:35:28	UTC+0000	2019-12-05	02:35:28	UTC+0000	2019-12-05	02:35:28	UTC+0000	2019-12-05	02:35:28	UTC+0000	MIF8D5~1.CAT	$FILE_NAME	cat
2019-12-05	02:35:28	UTC+0000	2019-12-05	02:35:28	UTC+0000	2019-12-05	02:35:28	UTC+0000	2019-12-05	02:35:28	UTC+0000	Microsoft-Windows-WindowsFoundation-LanguagePack-Package~31bf3856ad364e35~amd64~en-US~6.1.7601.17514.cat	$FILE_NAME	cat
2019-12-05	02:35:27	UTC+0000	2019-12-05	02:35:27	UTC+0000	2019-12-05	02:35:27	UTC+0000	2019-12-05	02:35:27	UTC+0000	Windows\winsxs\Catalogs\33AAA0~1.CAT	$FILE_NAME	cat
2019-12-05	02:35:27	UTC+0000	2019-12-05	02:35:27	UTC+0000	2019-12-05	02:35:27	UTC+0000	2019-12-05	02:35:27	UTC+0000	Windows\winsxs\Catalogs\33aaa08f767a1d074889ca79e8ed861442eef084bcbaaa5379376ad63e2c87d5.cat	$FILE_NAME	cat
2019-12-05	02:35:27	UTC+0000	2019-12-05	02:35:27	UTC+0000	2019-12-05	02:35:27	UTC+0000	2019-12-05	02:35:27	UTC+0000	Windows\System32\catroot\{F750E~1\Microsoft-Windows-Foundation-Package~31bf3856ad364e35~amd64~~6.1.7601.17514.cat	$FILE_NAME	cat
2019-12-05	02:35:27	UTC+0000	2019-12-05	02:35:27	UTC+0000	2019-12-05	02:35:27	UTC+0000	2019-12-05	02:35:27	UTC+0000	Windows\System32\catroot\{F750E~1\MID8CB~1.CAT	$FILE_NAME	cat
2019-12-05	02:35:27	UTC+0000	2019-12-05	02:35:27	UTC+0000	2019-12-05	02:35:27	UTC+0000	2019-12-05	02:35:27	UTC+0000	Microsoft-Windows-Foundation-Package~31bf3856ad364e35~amd64~~6.1.7601.17514.cat	$FILE_NAME	cat
2019-12-05	02:35:27	UTC+0000	2019-12-05	02:35:27	UTC+0000	2019-12-05	02:35:27	UTC+0000	2019-12-05	02:35:27	UTC+0000	MID8CB~1.CAT	$FILE_NAME	cat
2019-12-10	10:31:01	UTC+0000	2019-12-10	10:31:01	UTC+0000	2019-12-10	10:31:01	UTC+0000	2019-12-10	10:31:01	UTC+0000	Windows\System32\catroot\{F750E~1\WUDD42~1.CAT	$FILE_NAME	cat
2019-12-10	10:31:01	UTC+0000	2019-12-10	10:31:01	UTC+0000	2019-12-10	10:31:01	UTC+0000	2019-12-10	10:31:01	UTC+0000	Windows\System32\catroot\{F750E~1\WUClient-SelfUpdate-Core~31bf3856ad364e35~amd64~en-US~7.6.7600.320.cat	$FILE_NAME	cat
2019-12-10	10:31:02	UTC+0000	2019-12-10	10:31:02	UTC+0000	2019-12-10	10:31:02	UTC+0000	2019-12-10	10:31:02	UTC+0000	WUCE43~1.CAT	$FILE_NAME	cat
2019-12-10	10:31:02	UTC+0000	2019-12-10	10:31:02	UTC+0000	2019-12-10	10:31:02	UTC+0000	2019-12-10	10:31:02	UTC+0000	WUClient-SelfUpdate-Core-CoreComp~31bf3856ad364e35~amd64~en-US~7.6.7600.320.cat	$FILE_NAME	cat
2019-12-10	10:31:02	UTC+0000	2019-12-10	10:31:02	UTC+0000	2019-12-10	10:31:02	UTC+0000	2019-12-10	10:31:02	UTC+0000	Windows\System32\catroot\{F750E~1\WUCE43~1.CAT	$FILE_NAME	cat
2019-12-10	10:31:02	UTC+0000	2019-12-10	10:31:02	UTC+0000	2019-12-10	10:31:02	UTC+0000	2019-12-10	10:31:02	UTC+0000	Windows\System32\catroot\{F750E~1\WUClient-SelfUpdate-Core-CoreComp~31bf3856ad364e35~amd64~en-US~7.6.7600.320.cat	$FILE_NAME	cat
2019-12-05	02:35:28	UTC+0000	2019-12-05	02:35:28	UTC+0000	2019-12-05	02:35:28	UTC+0000	2019-12-05	02:35:28	UTC+0000	Windows\winsxs\Catalogs\0296C5~1.CAT	$FILE_NAME	cat
2019-12-05	02:35:28	UTC+0000	2019-12-05	02:35:28	UTC+0000	2019-12-05	02:35:28	UTC+0000	2019-12-05	02:35:28	UTC+0000	Windows\winsxs\Catalogs\0296c53b1a6d5375bedde865c52b0feb247544ff93f8239265b0f6a9e030f21b.cat	$FILE_NAME	cat
2019-12-05	02:35:28	UTC+0000	2019-12-05	02:35:28	UTC+0000	2019-12-05	02:35:28	UTC+0000	2019-12-05	02:35:28	UTC+0000	Windows\System32\catroot\{F750E~1\Microsoft-Windows-SnippingTool-Package~31bf3856ad364e35~amd64~en-US~6.1.7601.17514.cat	$FILE_NAME	cat
2019-12-05	02:35:28	UTC+0000	2019-12-05	02:35:28	UTC+0000	2019-12-05	02:35:28	UTC+0000	2019-12-05	02:35:28	UTC+0000	Windows\System32\catroot\{F750E~1\MI6EEA~1.CAT	$FILE_NAME	cat
2019-12-05	02:35:28	UTC+0000	2019-12-05	02:35:28	UTC+0000	2019-12-05	02:35:28	UTC+0000	2019-12-05	02:35:28	UTC+0000	Microsoft-Windows-SnippingTool-Package~31bf3856ad364e35~amd64~en-US~6.1.7601.17514.cat	$FILE_NAME	cat
2019-12-05	02:35:28	UTC+0000	2019-12-05	02:35:28	UTC+0000	2019-12-05	02:35:28	UTC+0000	2019-12-05	02:35:28	UTC+0000	MI6EEA~1.CAT	$FILE_NAME	cat
2019-12-05	02:35:28	UTC+0000	2019-12-05	02:35:28	UTC+0000	2019-12-05	02:35:28	UTC+0000	2019-12-05	02:35:28	UTC+0000	PADF92~1.CAT	$FILE_NAME	cat
2019-12-05	02:35:28	UTC+0000	2019-12-05	02:35:28	UTC+0000	2019-12-05	02:35:28	UTC+0000	2019-12-05	02:35:28	UTC+0000	Package_for_KB976933~31bf3856ad364e35~amd64~es-ES~6.1.7601.17514.cat	$FILE_NAME	cat
2019-12-05	02:35:28	UTC+0000	2019-12-05	02:35:28	UTC+0000	2019-12-05	02:35:28	UTC+0000	2019-12-05	02:35:28	UTC+0000	Windows\System32\catroot\{F750E~1\PA5BFA~1.CAT	$FILE_NAME	cat
2019-12-05	02:35:28	UTC+0000	2019-12-05	02:35:28	UTC+0000	2019-12-05	02:35:28	UTC+0000	2019-12-05	02:35:28	UTC+0000	Windows\System32\catroot\{F750E~1\Package_for_KB976933~31bf3856ad364e35~amd64~fr-FR~6.1.7601.17514.cat	$FILE_NAME	cat
2019-12-05	02:35:28	UTC+0000	2019-12-05	02:35:28	UTC+0000	2019-12-05	02:35:28	UTC+0000	2019-12-05	02:35:28	UTC+0000	PA5BFA~1.CAT	$FILE_NAME	cat
2019-12-05	02:35:28	UTC+0000	2019-12-05	02:35:28	UTC+0000	2019-12-05	02:35:28	UTC+0000	2019-12-05	02:35:28	UTC+0000	Package_for_KB976933~31bf3856ad364e35~amd64~fr-FR~6.1.7601.17514.cat	$FILE_NAME	cat
2019-12-05	02:35:28	UTC+0000	2019-12-05	02:35:28	UTC+0000	2019-12-05	02:35:28	UTC+0000	2019-12-05	02:35:28	UTC+0000	Windows\System32\catroot\{F750E~1\Microsoft-Windows-ProfessionalEdition-wrapper~31bf3856ad364e35~amd64~~6.1.7601.17514.cat	$FILE_NAME	cat
2019-12-05	02:35:28	UTC+0000	2019-12-05	02:35:28	UTC+0000	2019-12-05	02:35:28	UTC+0000	2019-12-05	02:35:28	UTC+0000	Windows\System32\catroot\{F750E~1\MI78B2~1.CAT	$FILE_NAME	cat
2019-12-05	02:35:28	UTC+0000	2019-12-05	02:35:28	UTC+0000	2019-12-05	02:35:28	UTC+0000	2019-12-05	02:35:28	UTC+0000	Microsoft-Windows-ProfessionalEdition-wrapper~31bf3856ad364e35~amd64~~6.1.7601.17514.cat	$FILE_NAME	cat
2019-12-05	02:35:28	UTC+0000	2019-12-05	02:35:28	UTC+0000	2019-12-05	02:35:28	UTC+0000	2019-12-05	02:35:28	UTC+0000	MI78B2~1.CAT	$FILE_NAME	cat
2019-10-10	18:48:16	UTC+0000	2019-10-10	18:48:16	UTC+0000	2019-12-04	14:11:10	UTC+0000	2019-12-04	14:11:09	UTC+0000	Windows\System32\DRIVER~1\FileRepository\vboxguest.inf_amd64_neutral_889795b0272b2035\VBoxGuest.cat	$FILE_NAME	cat
2019-12-05	02:35:27	UTC+0000	2019-12-05	02:35:27	UTC+0000	2019-12-05	02:35:27	UTC+0000	2019-12-05	02:35:27	UTC+0000	Windows\System32\catroot\{F750E~1\Microsoft-Windows-Client-Drivers-Package~31bf3856ad364e35~amd64~~6.1.7601.17514.cat	$FILE_NAME	cat
2019-12-05	02:35:27	UTC+0000	2019-12-05	02:35:27	UTC+0000	2019-12-05	02:35:27	UTC+0000	2019-12-05	02:35:27	UTC+0000	Windows\System32\catroot\{F750E~1\MI5C68~1.CAT	$FILE_NAME	cat
2019-12-05	02:37:09	UTC+0000	2019-12-05	02:37:09	UTC+0000	2019-12-05	02:37:09	UTC+0000	2019-12-05	02:37:09	UTC+0000	prnlx006.cat	$FILE_NAME	cat
2019-12-05	02:37:09	UTC+0000	2019-12-05	02:37:09	UTC+0000	2019-12-05	02:37:09	UTC+0000	2019-12-05	02:37:09	UTC+0000	prnlx006.cat	$FILE_NAME	cat
2019-12-05	02:37:09	UTC+0000	2019-12-05	02:37:09	UTC+0000	2019-12-05	02:37:09	UTC+0000	2019-12-05	02:37:09	UTC+0000	Windows\System32\catroot\{F750E~1\prnlx006.cat	$FILE_NAME	cat
2019-12-05	02:37:09	UTC+0000	2019-12-05	02:37:09	UTC+0000	2019-12-05	02:37:09	UTC+0000	2019-12-05	02:37:09	UTC+0000	prnlx007.cat	$FILE_NAME	cat
2019-12-05	02:37:09	UTC+0000	2019-12-05	02:37:09	UTC+0000	2019-12-05	02:37:09	UTC+0000	2019-12-05	02:37:09	UTC+0000	prnlx007.cat	$FILE_NAME	cat
2019-12-05	02:37:09	UTC+0000	2019-12-05	02:37:09	UTC+0000	2019-12-05	02:37:09	UTC+0000	2019-12-05	02:37:09	UTC+0000	Windows\System32\catroot\{F750E~1\prnlx007.cat	$FILE_NAME	cat
2019-12-05	02:37:08	UTC+0000	2019-12-05	02:37:08	UTC+0000	2019-12-05	02:37:08	UTC+0000	2019-12-05	02:37:08	UTC+0000	prnca00x.cat	$FILE_NAME	cat
2019-12-05	02:37:08	UTC+0000	2019-12-05	02:37:08	UTC+0000	2019-12-05	02:37:08	UTC+0000	2019-12-05	02:37:08	UTC+0000	prnca00x.cat	$FILE_NAME	cat
2019-12-05	02:37:08	UTC+0000	2019-12-05	02:37:08	UTC+0000	2019-12-05	02:37:08	UTC+0000	2019-12-05	02:37:08	UTC+0000	Windows\System32\catroot\{F750E~1\prnca00x.cat	$FILE_NAME	cat
2019-12-05	02:37:08	UTC+0000	2019-12-05	02:37:08	UTC+0000	2019-12-05	02:37:08	UTC+0000	2019-12-05	02:37:08	UTC+0000	prnca00y.cat	$FILE_NAME	cat
2019-12-05	02:37:08	UTC+0000	2019-12-05	02:37:08	UTC+0000	2019-12-05	02:37:08	UTC+0000	2019-12-05	02:37:08	UTC+0000	prnca00y.cat	$FILE_NAME	cat
2019-12-05	02:37:08	UTC+0000	2019-12-05	02:37:08	UTC+0000	2019-12-05	02:37:08	UTC+0000	2019-12-05	02:37:08	UTC+0000	Windows\System32\catroot\{F750E~1\prnca00y.cat	$FILE_NAME	cat
2019-12-05	02:35:27	UTC+0000	2019-12-05	02:35:27	UTC+0000	2019-12-05	02:35:27	UTC+0000	2019-12-05	02:35:27	UTC+0000	Windows\winsxs\Catalogs\6DFABE~1.CAT	$FILE_NAME	cat
2019-12-05	02:35:27	UTC+0000	2019-12-05	02:35:27	UTC+0000	2019-12-05	02:35:27	UTC+0000	2019-12-05	02:35:27	UTC+0000	Windows\winsxs\Catalogs\6dfabe7a9ec6fb40e538d8c8380959d0aa0f59eea722c853bb977df22330601e.cat	$FILE_NAME	cat
2019-12-05	02:35:27	UTC+0000	2019-12-05	02:35:27	UTC+0000	2019-12-05	02:35:27	UTC+0000	2019-12-05	02:35:27	UTC+0000	Windows\System32\catroot\{F750E~1\Microsoft-Windows-IE-Troubleshooters-Package~31bf3856ad364e35~amd64~en-US~6.1.7601.17514.cat	$FILE_NAME	cat
2019-12-05	02:35:27	UTC+0000	2019-12-05	02:35:27	UTC+0000	2019-12-05	02:35:27	UTC+0000	2019-12-05	02:35:27	UTC+0000	Windows\System32\catroot\{F750E~1\MI6ABA~1.CAT	$FILE_NAME	cat
2019-12-05	02:35:28	UTC+0000	2019-12-05	02:35:28	UTC+0000	2019-12-05	02:35:28	UTC+0000	2019-12-05	02:35:28	UTC+0000	Windows\System32\catroot\{F750E~1\PACC9D~1.CAT	$FILE_NAME	cat
2019-12-05	02:35:28	UTC+0000	2019-12-05	02:35:28	UTC+0000	2019-12-05	02:35:28	UTC+0000	2019-12-05	02:35:28	UTC+0000	Windows\System32\catroot\{F750E~1\Package_for_KB976933~31bf3856ad364e35~amd64~en-US~6.1.7601.17514.cat	$FILE_NAME	cat
2019-12-05	02:35:28	UTC+0000	2019-12-05	02:35:28	UTC+0000	2019-12-05	02:35:28	UTC+0000	2019-12-05	02:35:28	UTC+0000	PACC9D~1.CAT	$FILE_NAME	cat
2019-12-05	02:35:28	UTC+0000	2019-12-05	02:35:28	UTC+0000	2019-12-05	02:35:28	UTC+0000	2019-12-05	02:35:28	UTC+0000	Package_for_KB976933~31bf3856ad364e35~amd64~en-US~6.1.7601.17514.cat	$FILE_NAME	cat
2019-12-05	02:35:28	UTC+0000	2019-12-05	02:35:28	UTC+0000	2019-12-05	02:35:28	UTC+0000	2019-12-05	02:35:28	UTC+0000	Windows\System32\catroot\{F750E~1\PADF92~1.CAT	$FILE_NAME	cat
2019-12-05	02:35:28	UTC+0000	2019-12-05	02:35:28	UTC+0000	2019-12-05	02:35:28	UTC+0000	2019-12-05	02:35:28	UTC+0000	Windows\System32\catroot\{F750E~1\Package_for_KB976933~31bf3856ad364e35~amd64~es-ES~6.1.7601.17514.cat	$FILE_NAME	cat
2019-12-05	02:35:27	UTC+0000	2019-12-05	02:35:27	UTC+0000	2019-12-05	02:35:27	UTC+0000	2019-12-05	02:35:27	UTC+0000	Windows\System32\catroot\{F750E~1\Microsoft-Windows-GroupPolicy-ClientExtensions-Package~31bf3856ad364e35~amd64~en-US~6.1.7601.17514.cat	$FILE_NAME	cat
2019-12-05	02:35:27	UTC+0000	2019-12-05	02:35:27	UTC+0000	2019-12-05	02:35:27	UTC+0000	2019-12-05	02:35:27	UTC+0000	Windows\System32\catroot\{F750E~1\MI6107~1.CAT	$FILE_NAME	cat
2019-12-05	02:35:27	UTC+0000	2019-12-05	02:35:27	UTC+0000	2019-12-05	02:35:27	UTC+0000	2019-12-05	02:35:27	UTC+0000	Microsoft-Windows-GroupPolicy-ClientExtensions-Package~31bf3856ad364e35~amd64~en-US~6.1.7601.17514.cat	$FILE_NAME	cat
2019-12-05	02:35:27	UTC+0000	2019-12-05	02:35:27	UTC+0000	2019-12-05	02:35:27	UTC+0000	2019-12-05	02:35:27	UTC+0000	MI6107~1.CAT	$FILE_NAME	cat
2019-12-05	02:35:28	UTC+0000	2019-12-05	02:35:28	UTC+0000	2019-12-05	02:35:28	UTC+0000	2019-12-05	02:35:28	UTC+0000	Windows\System32\catroot\{F750E~1\MI4C92~1.CAT	$FILE_NAME	cat
2019-12-05	02:35:28	UTC+0000	2019-12-05	02:35:28	UTC+0000	2019-12-05	02:35:28	UTC+0000	2019-12-05	02:35:28	UTC+0000	Windows\System32\catroot\{F750E~1\Microsoft-Windows-RecDisc-SDP-Package~31bf3856ad364e35~amd64~~6.1.7601.17514.cat	$FILE_NAME	cat
2019-12-05	02:35:28	UTC+0000	2019-12-05	02:35:28	UTC+0000	2019-12-05	02:35:28	UTC+0000	2019-12-05	02:35:28	UTC+0000	Microsoft-Windows-RecDisc-SDP-Package~31bf3856ad364e35~amd64~~6.1.7601.17514.cat	$FILE_NAME	cat
2019-12-05	02:35:28	UTC+0000	2019-12-05	02:35:28	UTC+0000	2019-12-05	02:35:28	UTC+0000	2019-12-05	02:35:28	UTC+0000	MI4C92~1.CAT	$FILE_NAME	cat
2019-12-05	02:37:09	UTC+0000	2019-12-05	02:37:09	UTC+0000	2019-12-05	02:37:09	UTC+0000	2019-12-05	02:37:09	UTC+0000	Windows\System32\catroot\{F750E~1\prnsv002.cat	$FILE_NAME	cat
2019-12-05	02:37:09	UTC+0000	2019-12-05	02:37:09	UTC+0000	2019-12-05	02:37:09	UTC+0000	2019-12-05	02:37:09	UTC+0000	prnsv003.cat	$FILE_NAME	cat
2019-12-05	02:37:09	UTC+0000	2019-12-05	02:37:09	UTC+0000	2019-12-05	02:37:09	UTC+0000	2019-12-05	02:37:09	UTC+0000	prnsv003.cat	$FILE_NAME	cat
2019-12-05	02:37:09	UTC+0000	2019-12-05	02:37:09	UTC+0000	2019-12-05	02:37:09	UTC+0000	2019-12-05	02:37:09	UTC+0000	Windows\System32\catroot\{F750E~1\prnsv003.cat	$FILE_NAME	cat
2019-12-05	02:37:09	UTC+0000	2019-12-05	02:37:09	UTC+0000	2019-12-05	02:37:09	UTC+0000	2019-12-05	02:37:09	UTC+0000	prnsv004.cat	$FILE_NAME	cat
2019-12-05	02:37:09	UTC+0000	2019-12-05	02:37:09	UTC+0000	2019-12-05	02:37:09	UTC+0000	2019-12-05	02:37:09	UTC+0000	prnsv004.cat	$FILE_NAME	cat
2019-12-05	02:35:27	UTC+0000	2019-12-05	02:35:27	UTC+0000	2019-12-05	02:35:27	UTC+0000	2019-12-05	02:35:27	UTC+0000	Windows\winsxs\Catalogs\2B9A14~1.CAT	$FILE_NAME	cat
2019-12-05	02:35:27	UTC+0000	2019-12-05	02:35:27	UTC+0000	2019-12-05	02:35:27	UTC+0000	2019-12-05	02:35:27	UTC+0000	Windows\winsxs\Catalogs\2b9a14ca9f1af9335bf4646cd12ea2fdac639c861510a1c8ac77f09a2411a02f.cat	$FILE_NAME	cat
2019-12-05	02:35:27	UTC+0000	2019-12-05	02:35:27	UTC+0000	2019-12-05	02:35:27	UTC+0000	2019-12-05	02:35:27	UTC+0000	Windows\System32\catroot\{F750E~1\Microsoft-Windows-BusinessScanning-Feature-Package~31bf3856ad364e35~amd64~en-US~6.1.7601.17514.cat	$FILE_NAME	cat
2019-12-05	02:35:27	UTC+0000	2019-12-05	02:35:27	UTC+0000	2019-12-05	02:35:27	UTC+0000	2019-12-05	02:35:27	UTC+0000	Windows\System32\catroot\{F750E~1\MICA05~1.CAT	$FILE_NAME	cat
2019-12-05	02:35:28	UTC+0000	2019-12-05	02:35:28	UTC+0000	2019-12-05	02:35:28	UTC+0000	2019-12-05	02:35:28	UTC+0000	Windows\winsxs\Catalogs\39ACE0~1.CAT	$FILE_NAME	cat
2019-12-05	02:35:28	UTC+0000	2019-12-05	02:35:28	UTC+0000	2019-12-05	02:35:28	UTC+0000	2019-12-05	02:35:28	UTC+0000	Windows\winsxs\Catalogs\39ace087154aa7ea38d575f2dcdabe0fbcf17c4a99c41d2a72bbe74e93cb7082.cat	$FILE_NAME	cat
2019-12-05	02:35:28	UTC+0000	2019-12-05	02:35:28	UTC+0000	2019-12-05	02:35:28	UTC+0000	2019-12-05	02:35:28	UTC+0000	Windows\System32\catroot\{F750E~1\Microsoft-Windows-MSMQ-Client-Package~31bf3856ad364e35~amd64~~6.1.7601.17514.cat	$FILE_NAME	cat
2019-12-05	02:35:28	UTC+0000	2019-12-05	02:35:28	UTC+0000	2019-12-05	02:35:28	UTC+0000	2019-12-05	02:35:28	UTC+0000	Windows\System32\catroot\{F750E~1\MI4AB2~2.CAT	$FILE_NAME	cat
2019-12-05	02:35:28	UTC+0000	2019-12-05	02:35:28	UTC+0000	2019-12-05	02:35:28	UTC+0000	2019-12-05	02:35:28	UTC+0000	Microsoft-Windows-MSMQ-Client-Package~31bf3856ad364e35~amd64~~6.1.7601.17514.cat	$FILE_NAME	cat
2019-12-05	02:35:28	UTC+0000	2019-12-05	02:35:28	UTC+0000	2019-12-05	02:35:28	UTC+0000	2019-12-05	02:35:28	UTC+0000	MI4AB2~2.CAT	$FILE_NAME	cat
2019-12-05	02:35:28	UTC+0000	2019-12-05	02:35:28	UTC+0000	2019-12-05	02:35:28	UTC+0000	2019-12-05	02:35:28	UTC+0000	Windows\winsxs\Catalogs\B73076~1.CAT	$FILE_NAME	cat
2019-12-05	02:35:28	UTC+0000	2019-12-05	02:35:28	UTC+0000	2019-12-05	02:35:28	UTC+0000	2019-12-05	02:35:28	UTC+0000	Windows\winsxs\Catalogs\b730768a1c1b3612c93b1e0a2dc7fff7372916d48ece79c641c082d19b33192f.cat	$FILE_NAME	cat
2019-12-05	02:35:28	UTC+0000	2019-12-05	02:35:28	UTC+0000	2019-12-05	02:35:28	UTC+0000	2019-12-05	02:35:28	UTC+0000	Windows\System32\catroot\{F750E~1\Microsoft-Windows-SimpleTCP-Package~31bf3856ad364e35~amd64~en-US~6.1.7601.17514.cat	$FILE_NAME	cat
2019-12-05	02:35:28	UTC+0000	2019-12-05	02:35:28	UTC+0000	2019-12-05	02:35:28	UTC+0000	2019-12-05	02:35:28	UTC+0000	Windows\System32\catroot\{F750E~1\MI748D~1.CAT	$FILE_NAME	cat
2019-12-05	02:35:28	UTC+0000	2019-12-05	02:35:28	UTC+0000	2019-12-05	02:35:28	UTC+0000	2019-12-05	02:35:28	UTC+0000	Windows\winsxs\Catalogs\E8F8E7~1.CAT	$FILE_NAME	cat
2019-12-05	02:35:28	UTC+0000	2019-12-05	02:35:28	UTC+0000	2019-12-05	02:35:28	UTC+0000	2019-12-05	02:35:28	UTC+0000	Windows\winsxs\Catalogs\e8f8e75c2305b547b3037d1072ad5b203b9a243990a4fec8441de2517c21e374.cat	$FILE_NAME	cat
2019-12-05	02:35:28	UTC+0000	2019-12-05	02:35:28	UTC+0000	2019-12-05	02:35:28	UTC+0000	2019-12-05	02:35:28	UTC+0000	Windows\System32\catroot\{F750E~1\Microsoft-Windows-Printing-XPSServices-Package~31bf3856ad364e35~amd64~~6.1.7601.17514.cat	$FILE_NAME	cat
2019-12-05	02:35:28	UTC+0000	2019-12-05	02:35:28	UTC+0000	2019-12-05	02:35:28	UTC+0000	2019-12-05	02:35:28	UTC+0000	Windows\System32\catroot\{F750E~1\MI2FE9~1.CAT	$FILE_NAME	cat
2019-12-05	02:35:28	UTC+0000	2019-12-05	02:35:28	UTC+0000	2019-12-05	02:35:28	UTC+0000	2019-12-05	02:35:28	UTC+0000	Microsoft-Windows-Printing-XPSServices-Package~31bf3856ad364e35~amd64~~6.1.7601.17514.cat	$FILE_NAME	cat
2019-12-05	02:35:28	UTC+0000	2019-12-05	02:35:28	UTC+0000	2019-12-05	02:35:28	UTC+0000	2019-12-05	02:35:28	UTC+0000	MI2FE9~1.CAT	$FILE_NAME	cat
2019-12-05	02:35:28	UTC+0000	2019-12-05	02:35:28	UTC+0000	2019-12-05	02:35:28	UTC+0000	2019-12-05	02:35:28	UTC+0000	Windows\System32\catroot\{F750E~1\SE932C~1.CAT	$FILE_NAME	cat
2019-12-05	02:35:28	UTC+0000	2019-12-05	02:35:28	UTC+0000	2019-12-05	02:35:28	UTC+0000	2019-12-05	02:35:28	UTC+0000	Windows\System32\catroot\{F750E~1\Server-Help-Package.ClientUltimate~31bf3856ad364e35~amd64~~6.1.7601.17514.cat	$FILE_NAME	cat
2019-12-05	02:35:28	UTC+0000	2019-12-05	02:35:28	UTC+0000	2019-12-05	02:35:28	UTC+0000	2019-12-05	02:35:28	UTC+0000	SE932C~1.CAT	$FILE_NAME	cat
2019-12-05	02:35:28	UTC+0000	2019-12-05	02:35:28	UTC+0000	2019-12-05	02:35:28	UTC+0000	2019-12-05	02:35:28	UTC+0000	Server-Help-Package.ClientUltimate~31bf3856ad364e35~amd64~~6.1.7601.17514.cat	$FILE_NAME	cat
2019-12-05	02:35:28	UTC+0000	2019-12-05	02:35:28	UTC+0000	2019-12-05	02:35:28	UTC+0000	2019-12-05	02:35:28	UTC+0000	Windows\System32\catroot\{F750E~1\Windows7SP1-KB976933~31bf3856ad364e35~amd64~~6.1.0.17514.cat	$FILE_NAME	cat
2019-12-05	02:35:28	UTC+0000	2019-12-05	02:35:28	UTC+0000	2019-12-05	02:35:28	UTC+0000	2019-12-05	02:35:28	UTC+0000	Windows\System32\catroot\{F750E~1\WINDOW~2.CAT	$FILE_NAME	cat
2019-12-05	02:35:27	UTC+0000	2019-12-05	02:35:27	UTC+0000	2019-12-05	02:35:27	UTC+0000	2019-12-05	02:35:27	UTC+0000	Windows\System32\catroot\{F750E~1\Microsoft-Windows-IIS-WebServer-Package~31bf3856ad364e35~amd64~~6.1.7601.17514.cat	$FILE_NAME	cat
2019-12-05	02:35:27	UTC+0000	2019-12-05	02:35:27	UTC+0000	2019-12-05	02:35:27	UTC+0000	2019-12-05	02:35:27	UTC+0000	Windows\System32\catroot\{F750E~1\MI6F82~1.CAT	$FILE_NAME	cat
2019-12-05	02:35:27	UTC+0000	2019-12-05	02:35:27	UTC+0000	2019-12-05	02:35:27	UTC+0000	2019-12-05	02:35:27	UTC+0000	Microsoft-Windows-IIS-WebServer-Package~31bf3856ad364e35~amd64~~6.1.7601.17514.cat	$FILE_NAME	cat
2019-12-05	02:35:27	UTC+0000	2019-12-05	02:35:27	UTC+0000	2019-12-05	02:35:27	UTC+0000	2019-12-05	02:35:27	UTC+0000	MI6F82~1.CAT	$FILE_NAME	cat
2019-12-05	02:35:27	UTC+0000	2019-12-05	02:35:27	UTC+0000	2019-12-05	02:35:27	UTC+0000	2019-12-05	02:35:27	UTC+0000	Windows\System32\catroot\{F750E~1\Microsoft-Windows-LocalPack-US-Package~31bf3856ad364e35~amd64~~6.1.7601.17514.cat	$FILE_NAME	cat
2019-12-05	02:35:27	UTC+0000	2019-12-05	02:35:27	UTC+0000	2019-12-05	02:35:27	UTC+0000	2019-12-05	02:35:27	UTC+0000	Windows\System32\catroot\{F750E~1\MI07F0~1.CAT	$FILE_NAME	cat
2019-12-05	02:35:27	UTC+0000	2019-12-05	02:35:27	UTC+0000	2019-12-05	02:35:27	UTC+0000	2019-12-05	02:35:27	UTC+0000	Microsoft-Windows-LocalPack-US-Package~31bf3856ad364e35~amd64~~6.1.7601.17514.cat	$FILE_NAME	cat
2019-12-05	02:35:27	UTC+0000	2019-12-05	02:35:27	UTC+0000	2019-12-05	02:35:27	UTC+0000	2019-12-05	02:35:27	UTC+0000	MI07F0~1.CAT	$FILE_NAME	cat
2019-12-05	02:35:27	UTC+0000	2019-12-05	02:35:27	UTC+0000	2019-12-05	02:35:27	UTC+0000	2019-12-05	02:35:27	UTC+0000	Windows\winsxs\Catalogs\71DC32~1.CAT	$FILE_NAME	cat
2019-12-05	02:35:27	UTC+0000	2019-12-05	02:35:27	UTC+0000	2019-12-05	02:35:27	UTC+0000	2019-12-05	02:35:27	UTC+0000	Windows\winsxs\Catalogs\71dc32bb71dcade652a1f8a207f884fe035c11ea99f9b0f410144cc73f053e33.cat	$FILE_NAME	cat
2019-12-05	02:35:27	UTC+0000	2019-12-05	02:35:27	UTC+0000	2019-12-05	02:35:27	UTC+0000	2019-12-05	02:35:27	UTC+0000	Windows\System32\catroot\{F750E~1\Microsoft-Windows-Client-Refresh-LanguagePack-Package~31bf3856ad364e35~amd64~en-US~6.1.7601.17514.cat	$FILE_NAME	cat
2019-12-05	02:35:27	UTC+0000	2019-12-05	02:35:27	UTC+0000	2019-12-05	02:35:27	UTC+0000	2019-12-05	02:35:27	UTC+0000	Windows\System32\catroot\{F750E~1\MID6B3~1.CAT	$FILE_NAME	cat
2019-12-05	02:35:27	UTC+0000	2019-12-05	02:35:27	UTC+0000	2019-12-05	02:35:27	UTC+0000	2019-12-05	02:35:27	UTC+0000	Microsoft-Windows-Client-Refresh-LanguagePack-Package~31bf3856ad364e35~amd64~en-US~6.1.7601.17514.cat	$FILE_NAME	cat
2019-12-05	02:35:27	UTC+0000	2019-12-05	02:35:27	UTC+0000	2019-12-05	02:35:27	UTC+0000	2019-12-05	02:35:27	UTC+0000	MID6B3~1.CAT	$FILE_NAME	cat
2019-12-05	02:35:27	UTC+0000	2019-12-05	02:35:27	UTC+0000	2019-12-05	02:35:27	UTC+0000	2019-12-05	02:35:27	UTC+0000	Windows\System32\catroot\{F750E~1\Microsoft-Windows-IE-Troubleshooters-Package-wrapper~31bf3856ad364e35~amd64~~6.1.7601.17514.cat	$FILE_NAME	cat
2019-12-05	02:35:27	UTC+0000	2019-12-05	02:35:27	UTC+0000	2019-12-05	02:35:27	UTC+0000	2019-12-05	02:35:27	UTC+0000	Windows\System32\catroot\{F750E~1\MID66D~1.CAT	$FILE_NAME	cat
