2019-12-05	02:35:28	UTC+0000	2019-12-05	02:35:28	UTC+0000	2019-12-05	02:35:28	UTC+0000	2019-12-05	02:35:28	UTC+0000	Microsoft-Windows-RemoteFX-RemoteClient-Setup-Package~31bf3856ad364e35~amd64~~6.1.7601.17514.cat	$FILE_NAME	cat
2019-12-05	02:35:28	UTC+0000	2019-12-05	02:35:28	UTC+0000	2019-12-05	02:35:28	UTC+0000	2019-12-05	02:35:28	UTC+0000	MI4F14~1.CAT	$FILE_NAME	cat
2019-12-05	02:35:28	UTC+0000	2019-12-05	02:35:28	UTC+0000	2019-12-05	02:35:28	UTC+0000	2019-12-05	02:35:28	UTC+0000	Windows\System32\catroot\{F750E~1\Microsoft-Windows-TerminalServices-MiscRedirection-Package~31bf3856ad364e35~amd64~~6.1.7601.17514.cat	$FILE_NAME	cat
2019-12-05	02:35:28	UTC+0000	2019-12-05	02:35:28	UTC+0000	2019-12-05	02:35:28	UTC+0000	2019-12-05	02:35:28	UTC+0000	Windows\System32\catroot\{F750E~1\MI4BC0~1.CAT	$FILE_NAME	cat
2019-12-05	02:35:28	UTC+0000	2019-12-05	02:35:28	UTC+0000	2019-12-05	02:35:28	UTC+0000	2019-12-05	02:35:28	UTC+0000	Microsoft-Windows-TerminalServices-MiscRedirection-Package~31bf3856ad364e35~amd64~~6.1.7601.17514.cat	$FILE_NAME	cat
2019-12-05	02:35:28	UTC+0000	2019-12-05	02:35:28	UTC+0000	2019-12-05	02:35:28	UTC+0000	2019-12-05	02:35:28	UTC+0000	MI4BC0~1.CAT	$FILE_NAME	cat
2019-12-05	02:35:27	UTC+0000	2019-12-05	02:35:27	UTC+0000	2019-12-05	02:35:27	UTC+0000	2019-12-05	02:35:27	UTC+0000	Windows\winsxs\Catalogs\2B5373~1.CAT	$FILE_NAME	cat
2019-12-05	02:35:27	UTC+0000	2019-12-05	02:35:27	UTC+0000	2019-12-05	02:35:27	UTC+0000	2019-12-05	02:35:27	UTC+0000	Windows\winsxs\Catalogs\2b537375d04782ad7cc0b7b8d5ab557fe8c971e8f67891fdb32d50bc3b53ff35.cat	$FILE_NAME	cat
2019-12-05	02:35:27	UTC+0000	2019-12-05	02:35:27	UTC+0000	2019-12-05	02:35:27	UTC+0000	2019-12-05	02:35:27	UTC+0000	Windows\System32\catroot\{F750E~1\Microsoft-Windows-Links-Package~31bf3856ad364e35~amd64~en-US~6.1.7601.17514.cat	$FILE_NAME	cat
2019-12-05	02:35:27	UTC+0000	2019-12-05	02:35:27	UTC+0000	2019-12-05	02:35:27	UTC+0000	2019-12-05	02:35:27	UTC+0000	Windows\System32\catroot\{F750E~1\MIBA65~1.CAT	$FILE_NAME	cat
2019-12-05	02:35:27	UTC+0000	2019-12-05	02:35:27	UTC+0000	2019-12-05	02:35:27	UTC+0000	2019-12-05	02:35:27	UTC+0000	Microsoft-Windows-Links-Package~31bf3856ad364e35~amd64~en-US~6.1.7601.17514.cat	$FILE_NAME	cat
2019-12-05	02:35:27	UTC+0000	2019-12-05	02:35:27	UTC+0000	2019-12-05	02:35:27	UTC+0000	2019-12-05	02:35:27	UTC+0000	MIBA65~1.CAT	$FILE_NAME	cat
2019-12-05	02:37:09	UTC+0000	2019-12-05	02:37:09	UTC+0000	2019-12-05	02:37:09	UTC+0000	2019-12-05	02:37:09	UTC+0000	PRNKY007.CAT	$FILE_NAME	cat
2019-12-05	02:37:09	UTC+0000	2019-12-05	02:37:09	UTC+0000	2019-12-05	02:37:09	UTC+0000	2019-12-05	02:37:09	UTC+0000	PRNKY007.CAT	$FILE_NAME	cat
2019-12-05	02:37:09	UTC+0000	2019-12-05	02:37:09	UTC+0000	2019-12-05	02:37:09	UTC+0000	2019-12-05	02:37:09	UTC+0000	Windows\System32\catroot\{F750E~1\prnky007.cat	$FILE_NAME	cat
2019-12-05	02:37:09	UTC+0000	2019-12-05	02:37:09	UTC+0000	2019-12-05	02:37:09	UTC+0000	2019-12-05	02:37:09	UTC+0000	PRNKY008.CAT	$FILE_NAME	cat
2019-12-05	02:37:09	UTC+0000	2019-12-05	02:37:09	UTC+0000	2019-12-05	02:37:09	UTC+0000	2019-12-05	02:37:09	UTC+0000	PRNKY008.CAT	$FILE_NAME	cat
2019-12-05	02:37:09	UTC+0000	2019-12-05	02:37:09	UTC+0000	2019-12-05	02:37:09	UTC+0000	2019-12-05	02:37:09	UTC+0000	Windows\System32\catroot\{F750E~1\prnky008.cat	$FILE_NAME	cat
2019-12-05	02:35:28	UTC+0000	2019-12-05	02:35:28	UTC+0000	2019-12-05	02:35:28	UTC+0000	2019-12-05	02:35:28	UTC+0000	Windows\System32\catroot\{F750E~1\Microsoft-Windows-Security-SPP-Component-SKU-Ultimate-Package~31bf3856ad364e35~amd64~~6.1.7601.17514.cat	$FILE_NAME	cat
2019-12-05	02:35:28	UTC+0000	2019-12-05	02:35:28	UTC+0000	2019-12-05	02:35:28	UTC+0000	2019-12-05	02:35:28	UTC+0000	Windows\System32\catroot\{F750E~1\MI825E~1.CAT	$FILE_NAME	cat
2019-12-05	02:35:28	UTC+0000	2019-12-05	02:35:28	UTC+0000	2019-12-05	02:35:28	UTC+0000	2019-12-05	02:35:28	UTC+0000	Microsoft-Windows-Security-SPP-Component-SKU-Ultimate-Package~31bf3856ad364e35~amd64~~6.1.7601.17514.cat	$FILE_NAME	cat
2019-12-05	02:35:28	UTC+0000	2019-12-05	02:35:28	UTC+0000	2019-12-05	02:35:28	UTC+0000	2019-12-05	02:35:28	UTC+0000	MI825E~1.CAT	$FILE_NAME	cat
2019-12-05	02:35:28	UTC+0000	2019-12-05	02:35:28	UTC+0000	2019-12-05	02:35:28	UTC+0000	2019-12-05	02:35:28	UTC+0000	Windows\winsxs\Catalogs\7F2437~1.CAT	$FILE_NAME	cat
2019-12-05	02:35:28	UTC+0000	2019-12-05	02:35:28	UTC+0000	2019-12-05	02:35:28	UTC+0000	2019-12-05	02:35:28	UTC+0000	Windows\winsxs\Catalogs\7f2437bb0ab5ed3c9ef003aaceaed4120017d28ba19419b700325ca5167abc19.cat	$FILE_NAME	cat
2019-12-05	02:35:28	UTC+0000	2019-12-05	02:35:28	UTC+0000	2019-12-05	02:35:28	UTC+0000	2019-12-05	02:35:28	UTC+0000	Windows\System32\catroot\{F750E~1\MI153E~1.CAT	$FILE_NAME	cat
2019-12-05	02:35:28	UTC+0000	2019-12-05	02:35:28	UTC+0000	2019-12-05	02:35:28	UTC+0000	2019-12-05	02:35:28	UTC+0000	Windows\System32\catroot\{F750E~1\Microsoft-Windows-VirtualPC-USB-RPM-Package~31bf3856ad364e35~amd64~~6.1.7601.17514.cat	$FILE_NAME	cat
2019-12-05	02:35:28	UTC+0000	2019-12-05	02:35:28	UTC+0000	2019-12-05	02:35:28	UTC+0000	2019-12-05	02:35:28	UTC+0000	MI153E~1.CAT	$FILE_NAME	cat
2019-12-05	02:35:28	UTC+0000	2019-12-05	02:35:28	UTC+0000	2019-12-05	02:35:28	UTC+0000	2019-12-05	02:35:28	UTC+0000	Microsoft-Windows-VirtualPC-USB-RPM-Package~31bf3856ad364e35~amd64~~6.1.7601.17514.cat	$FILE_NAME	cat
2019-12-05	02:35:28	UTC+0000	2019-12-05	02:35:28	UTC+0000	2019-12-05	02:35:28	UTC+0000	2019-12-05	02:35:28	UTC+0000	Windows\winsxs\Catalogs\19CC14~1.CAT	$FILE_NAME	cat
2019-12-05	02:35:28	UTC+0000	2019-12-05	02:35:28	UTC+0000	2019-12-05	02:35:28	UTC+0000	2019-12-05	02:35:28	UTC+0000	Windows\winsxs\Catalogs\19cc14fa8370d3315abf06cd6dbe87c76e2a01104d97650cd6d142a828c031e3.cat	$FILE_NAME	cat
2019-12-05	02:35:28	UTC+0000	2019-12-05	02:35:28	UTC+0000	2019-12-05	02:35:28	UTC+0000	2019-12-05	02:35:28	UTC+0000	Windows\System32\catroot\{F750E~1\MI1AB6~1.CAT	$FILE_NAME	cat
2019-12-05	02:35:28	UTC+0000	2019-12-05	02:35:28	UTC+0000	2019-12-05	02:35:28	UTC+0000	2019-12-05	02:35:28	UTC+0000	Windows\System32\catroot\{F750E~1\Microsoft-Windows-WindowsMediaPlayer-Troubleshooters-Package~31bf3856ad364e35~amd64~~6.1.7601.17514.cat	$FILE_NAME	cat
2019-12-05	02:35:28	UTC+0000	2019-12-05	02:35:28	UTC+0000	2019-12-05	02:35:28	UTC+0000	2019-12-05	02:35:28	UTC+0000	MI1AB6~1.CAT	$FILE_NAME	cat
2019-12-05	02:35:28	UTC+0000	2019-12-05	02:35:28	UTC+0000	2019-12-05	02:35:28	UTC+0000	2019-12-05	02:35:28	UTC+0000	Microsoft-Windows-WindowsMediaPlayer-Troubleshooters-Package~31bf3856ad364e35~amd64~~6.1.7601.17514.cat	$FILE_NAME	cat
2019-12-05	02:35:28	UTC+0000	2019-12-05	02:35:28	UTC+0000	2019-12-05	02:35:28	UTC+0000	2019-12-05	02:35:28	UTC+0000	Windows\System32\catroot\{F750E~1\Microsoft-Windows-RDC-Package~31bf3856ad364e35~amd64~~6.1.7601.17514.cat	$FILE_NAME	cat
2019-12-05	02:35:28	UTC+0000	2019-12-05	02:35:28	UTC+0000	2019-12-05	02:35:28	UTC+0000	2019-12-05	02:35:28	UTC+0000	Windows\System32\catroot\{F750E~1\MIA011~1.CAT	$FILE_NAME	cat
2019-12-05	02:35:28	UTC+0000	2019-12-05	02:35:28	UTC+0000	2019-12-05	02:35:28	UTC+0000	2019-12-05	02:35:28	UTC+0000	Microsoft-Windows-RDC-Package~31bf3856ad364e35~amd64~~6.1.7601.17514.cat	$FILE_NAME	cat
2019-12-05	02:35:28	UTC+0000	2019-12-05	02:35:28	UTC+0000	2019-12-05	02:35:28	UTC+0000	2019-12-05	02:35:28	UTC+0000	MIA011~1.CAT	$FILE_NAME	cat
2019-12-05	02:35:28	UTC+0000	2019-12-05	02:35:28	UTC+0000	2019-12-05	02:35:28	UTC+0000	2019-12-05	02:35:28	UTC+0000	Windows\winsxs\Catalogs\BBC41A~1.CAT	$FILE_NAME	cat
2019-12-05	02:35:28	UTC+0000	2019-12-05	02:35:28	UTC+0000	2019-12-05	02:35:28	UTC+0000	2019-12-05	02:35:28	UTC+0000	Windows\winsxs\Catalogs\bbc41a84e8978f943912b507bb7abb67fedd63d9fbd828bfac347bf248b1df3b.cat	$FILE_NAME	cat
2019-12-05	02:35:28	UTC+0000	2019-12-05	02:35:28	UTC+0000	2019-12-05	02:35:28	UTC+0000	2019-12-05	02:35:28	UTC+0000	Windows\System32\catroot\{F750E~1\Microsoft-Windows-StickyNotes-Package~31bf3856ad364e35~amd64~en-US~6.1.7601.17514.cat	$FILE_NAME	cat
2019-12-05	02:35:28	UTC+0000	2019-12-05	02:35:28	UTC+0000	2019-12-05	02:35:28	UTC+0000	2019-12-05	02:35:28	UTC+0000	Windows\System32\catroot\{F750E~1\MI9481~1.CAT	$FILE_NAME	cat
2019-12-05	02:35:28	UTC+0000	2019-12-05	02:35:28	UTC+0000	2019-12-05	02:35:28	UTC+0000	2019-12-05	02:35:28	UTC+0000	Microsoft-Windows-StickyNotes-Package~31bf3856ad364e35~amd64~en-US~6.1.7601.17514.cat	$FILE_NAME	cat
2019-12-05	02:35:28	UTC+0000	2019-12-05	02:35:28	UTC+0000	2019-12-05	02:35:28	UTC+0000	2019-12-05	02:35:28	UTC+0000	MI9481~1.CAT	$FILE_NAME	cat
2019-12-05	02:37:08	UTC+0000	2019-12-05	02:37:08	UTC+0000	2019-12-05	02:37:08	UTC+0000	2019-12-05	02:37:08	UTC+0000	prnep00L.cat	$FILE_NAME	cat
2019-12-05	02:37:08	UTC+0000	2019-12-05	02:37:08	UTC+0000	2019-12-05	02:37:08	UTC+0000	2019-12-05	02:37:08	UTC+0000	prnep00L.cat	$FILE_NAME	cat
2019-12-05	02:37:08	UTC+0000	2019-12-05	02:37:08	UTC+0000	2019-12-05	02:37:08	UTC+0000	2019-12-05	02:37:08	UTC+0000	Windows\System32\catroot\{F750E~1\prnep00l.cat	$FILE_NAME	cat
2019-12-05	02:37:08	UTC+0000	2019-12-05	02:37:08	UTC+0000	2019-12-05	02:37:08	UTC+0000	2019-12-05	02:37:08	UTC+0000	PRNFx002.cat	$FILE_NAME	cat
2019-12-05	02:37:08	UTC+0000	2019-12-05	02:37:08	UTC+0000	2019-12-05	02:37:08	UTC+0000	2019-12-05	02:37:08	UTC+0000	PRNFx002.cat	$FILE_NAME	cat
2019-12-05	02:37:08	UTC+0000	2019-12-05	02:37:08	UTC+0000	2019-12-05	02:37:08	UTC+0000	2019-12-05	02:37:08	UTC+0000	Windows\System32\catroot\{F750E~1\prnfx002.cat	$FILE_NAME	cat
2019-12-05	02:35:28	UTC+0000	2019-12-05	02:35:28	UTC+0000	2019-12-05	02:35:28	UTC+0000	2019-12-05	02:35:28	UTC+0000	Windows\winsxs\Catalogs\6B917F~1.CAT	$FILE_NAME	cat
2019-12-05	02:35:28	UTC+0000	2019-12-05	02:35:28	UTC+0000	2019-12-05	02:35:28	UTC+0000	2019-12-05	02:35:28	UTC+0000	Windows\winsxs\Catalogs\6b917f237a31592fb5b9c6a9205edbf82a786aa21abe5c15cd15a645e33c67f8.cat	$FILE_NAME	cat
2019-12-05	02:35:28	UTC+0000	2019-12-05	02:35:28	UTC+0000	2019-12-05	02:35:28	UTC+0000	2019-12-05	02:35:28	UTC+0000	Windows\System32\catroot\{F750E~1\Microsoft-Windows-NFS-ClientSKU-Package~31bf3856ad364e35~amd64~~6.1.7601.17514.cat	$FILE_NAME	cat
2019-12-05	02:35:28	UTC+0000	2019-12-05	02:35:28	UTC+0000	2019-12-05	02:35:28	UTC+0000	2019-12-05	02:35:28	UTC+0000	Windows\System32\catroot\{F750E~1\MIA9EC~1.CAT	$FILE_NAME	cat
2019-12-05	02:35:28	UTC+0000	2019-12-05	02:35:28	UTC+0000	2019-12-05	02:35:28	UTC+0000	2019-12-05	02:35:28	UTC+0000	Microsoft-Windows-NFS-ClientSKU-Package~31bf3856ad364e35~amd64~~6.1.7601.17514.cat	$FILE_NAME	cat
2019-12-05	02:35:28	UTC+0000	2019-12-05	02:35:28	UTC+0000	2019-12-05	02:35:28	UTC+0000	2019-12-05	02:35:28	UTC+0000	MIA9EC~1.CAT	$FILE_NAME	cat
2019-12-05	02:35:28	UTC+0000	2019-12-05	02:35:28	UTC+0000	2019-12-05	02:35:28	UTC+0000	2019-12-05	02:35:28	UTC+0000	Windows\winsxs\Catalogs\1641EB~1.CAT	$FILE_NAME	cat
2019-12-05	02:35:28	UTC+0000	2019-12-05	02:35:28	UTC+0000	2019-12-05	02:35:28	UTC+0000	2019-12-05	02:35:28	UTC+0000	Windows\winsxs\Catalogs\1641eb087a1f18f730477bd6209ce3fa3236434647bb60d0f64bc9335698228d.cat	$FILE_NAME	cat
2019-12-05	02:35:28	UTC+0000	2019-12-05	02:35:28	UTC+0000	2019-12-05	02:35:28	UTC+0000	2019-12-05	02:35:28	UTC+0000	Windows\System32\catroot\{F750E~1\MIB935~1.CAT	$FILE_NAME	cat
2019-12-05	02:35:28	UTC+0000	2019-12-05	02:35:28	UTC+0000	2019-12-05	02:35:28	UTC+0000	2019-12-05	02:35:28	UTC+0000	Windows\System32\catroot\{F750E~1\Microsoft-Windows-Xps-Foundation-Client-Package~31bf3856ad364e35~amd64~en-US~6.1.7601.17514.cat	$FILE_NAME	cat
2019-12-05	02:37:09	UTC+0000	2019-12-05	02:37:09	UTC+0000	2019-12-05	02:37:09	UTC+0000	2019-12-05	02:37:09	UTC+0000	PRNKY005.CAT	$FILE_NAME	cat
2019-12-05	02:37:09	UTC+0000	2019-12-05	02:37:09	UTC+0000	2019-12-05	02:37:09	UTC+0000	2019-12-05	02:37:09	UTC+0000	PRNKY005.CAT	$FILE_NAME	cat
2019-12-05	02:37:09	UTC+0000	2019-12-05	02:37:09	UTC+0000	2019-12-05	02:37:09	UTC+0000	2019-12-05	02:37:09	UTC+0000	Windows\System32\catroot\{F750E~1\prnky005.cat	$FILE_NAME	cat
2019-12-05	02:37:09	UTC+0000	2019-12-05	02:37:09	UTC+0000	2019-12-05	02:37:09	UTC+0000	2019-12-05	02:37:09	UTC+0000	PRNKY006.CAT	$FILE_NAME	cat
2019-12-05	02:37:09	UTC+0000	2019-12-05	02:37:09	UTC+0000	2019-12-05	02:37:09	UTC+0000	2019-12-05	02:37:09	UTC+0000	PRNKY006.CAT	$FILE_NAME	cat
2019-12-05	02:37:09	UTC+0000	2019-12-05	02:37:09	UTC+0000	2019-12-05	02:37:09	UTC+0000	2019-12-05	02:37:09	UTC+0000	Windows\System32\catroot\{F750E~1\prnky006.cat	$FILE_NAME	cat
2019-12-05	02:35:28	UTC+0000	2019-12-05	02:35:28	UTC+0000	2019-12-05	02:35:28	UTC+0000	2019-12-05	02:35:28	UTC+0000	Windows\System32\catroot\{F750E~1\Package_1_for_KB976902~31bf3856ad364e35~amd64~~6.1.1.17514.cat	$FILE_NAME	cat
2019-12-05	02:35:28	UTC+0000	2019-12-05	02:35:28	UTC+0000	2019-12-05	02:35:28	UTC+0000	2019-12-05	02:35:28	UTC+0000	Windows\System32\catroot\{F750E~1\PACKAG~3.CAT	$FILE_NAME	cat
2019-12-05	02:35:28	UTC+0000	2019-12-05	02:35:28	UTC+0000	2019-12-05	02:35:28	UTC+0000	2019-12-05	02:35:28	UTC+0000	Package_1_for_KB976902~31bf3856ad364e35~amd64~~6.1.1.17514.cat	$FILE_NAME	cat
2019-12-05	02:35:28	UTC+0000	2019-12-05	02:35:28	UTC+0000	2019-12-05	02:35:28	UTC+0000	2019-12-05	02:35:28	UTC+0000	PACKAG~3.CAT	$FILE_NAME	cat
2019-12-05	02:35:28	UTC+0000	2019-12-05	02:35:28	UTC+0000	2019-12-05	02:35:28	UTC+0000	2019-12-05	02:35:28	UTC+0000	Windows\System32\catroot\{F750E~1\Package_for_KB976902_RTM~31bf3856ad364e35~amd64~~6.1.1.17514.cat	$FILE_NAME	cat
2019-12-05	02:35:28	UTC+0000	2019-12-05	02:35:28	UTC+0000	2019-12-05	02:35:28	UTC+0000	2019-12-05	02:35:28	UTC+0000	Windows\System32\catroot\{F750E~1\PACKAG~2.CAT	$FILE_NAME	cat
2019-12-05	02:35:28	UTC+0000	2019-12-05	02:35:28	UTC+0000	2019-12-05	02:35:28	UTC+0000	2019-12-05	02:35:28	UTC+0000	Windows\winsxs\Catalogs\D857FA~1.CAT	$FILE_NAME	cat
2019-12-05	02:35:28	UTC+0000	2019-12-05	02:35:28	UTC+0000	2019-12-05	02:35:28	UTC+0000	2019-12-05	02:35:28	UTC+0000	Windows\winsxs\Catalogs\d857fa72e083c110d7de487f56c6cf36d1abc3d2529bc2f721046a0df096e6a5.cat	$FILE_NAME	cat
2019-12-05	02:35:28	UTC+0000	2019-12-05	02:35:28	UTC+0000	2019-12-05	02:35:28	UTC+0000	2019-12-05	02:35:28	UTC+0000	Windows\System32\catroot\{F750E~1\Microsoft-Windows-Shell-HomeGroup-Package~31bf3856ad364e35~amd64~~6.1.7601.17514.cat	$FILE_NAME	cat
2019-12-05	02:35:28	UTC+0000	2019-12-05	02:35:28	UTC+0000	2019-12-05	02:35:28	UTC+0000	2019-12-05	02:35:28	UTC+0000	Windows\System32\catroot\{F750E~1\MI60BF~1.CAT	$FILE_NAME	cat
2019-12-05	02:35:28	UTC+0000	2019-12-05	02:35:28	UTC+0000	2019-12-05	02:35:28	UTC+0000	2019-12-05	02:35:28	UTC+0000	Windows\System32\catroot\{F750E~1\Microsoft-Windows-Shell-PremiumInboxGames-Package~31bf3856ad364e35~amd64~~6.1.7601.17514.cat	$FILE_NAME	cat
2019-12-05	02:35:28	UTC+0000	2019-12-05	02:35:28	UTC+0000	2019-12-05	02:35:28	UTC+0000	2019-12-05	02:35:28	UTC+0000	Windows\System32\catroot\{F750E~1\MI71A9~1.CAT	$FILE_NAME	cat
2019-12-05	02:35:28	UTC+0000	2019-12-05	02:35:28	UTC+0000	2019-12-05	02:35:28	UTC+0000	2019-12-05	02:35:28	UTC+0000	Microsoft-Windows-Shell-PremiumInboxGames-Package~31bf3856ad364e35~amd64~~6.1.7601.17514.cat	$FILE_NAME	cat
2019-12-05	02:35:28	UTC+0000	2019-12-05	02:35:28	UTC+0000	2019-12-05	02:35:28	UTC+0000	2019-12-05	02:35:28	UTC+0000	MI71A9~1.CAT	$FILE_NAME	cat
2019-12-05	02:37:09	UTC+0000	2019-12-05	02:37:09	UTC+0000	2019-12-05	02:37:09	UTC+0000	2019-12-05	02:37:09	UTC+0000	Windows\System32\catroot\{F750E~1\prnrc00c.cat	$FILE_NAME	cat
2019-12-05	02:37:09	UTC+0000	2019-12-05	02:37:09	UTC+0000	2019-12-05	02:37:09	UTC+0000	2019-12-05	02:37:09	UTC+0000	prnsa002.cat	$FILE_NAME	cat
2019-12-05	02:37:09	UTC+0000	2019-12-05	02:37:09	UTC+0000	2019-12-05	02:37:09	UTC+0000	2019-12-05	02:37:09	UTC+0000	prnsa002.cat	$FILE_NAME	cat
2019-12-05	02:37:09	UTC+0000	2019-12-05	02:37:09	UTC+0000	2019-12-05	02:37:09	UTC+0000	2019-12-05	02:37:09	UTC+0000	Windows\System32\catroot\{F750E~1\prnsa002.cat	$FILE_NAME	cat
2019-12-05	02:37:09	UTC+0000	2019-12-05	02:37:09	UTC+0000	2019-12-05	02:37:09	UTC+0000	2019-12-05	02:37:09	UTC+0000	prnsh002.cat	$FILE_NAME	cat
2019-12-05	02:37:09	UTC+0000	2019-12-05	02:37:09	UTC+0000	2019-12-05	02:37:09	UTC+0000	2019-12-05	02:37:09	UTC+0000	prnsh002.cat	$FILE_NAME	cat
2019-12-05	02:35:28	UTC+0000	2019-12-05	02:35:28	UTC+0000	2019-12-05	02:35:28	UTC+0000	2019-12-05	02:35:28	UTC+0000	Windows\winsxs\Catalogs\315202~1.CAT	$FILE_NAME	cat
2019-12-05	02:35:28	UTC+0000	2019-12-05	02:35:28	UTC+0000	2019-12-05	02:35:28	UTC+0000	2019-12-05	02:35:28	UTC+0000	Windows\winsxs\Catalogs\315202228c3e9e662e668a0b5ffc32d291fae803edcb3a1f63b073f85e530a70.cat	$FILE_NAME	cat
2019-12-05	02:35:28	UTC+0000	2019-12-05	02:35:28	UTC+0000	2019-12-05	02:35:28	UTC+0000	2019-12-05	02:35:28	UTC+0000	Windows\System32\catroot\{F750E~1\Microsoft-Windows-SystemRestore-Package~31bf3856ad364e35~amd64~en-US~6.1.7601.17514.cat	$FILE_NAME	cat
2019-12-05	02:35:28	UTC+0000	2019-12-05	02:35:28	UTC+0000	2019-12-05	02:35:28	UTC+0000	2019-12-05	02:35:28	UTC+0000	Windows\System32\catroot\{F750E~1\MI0085~1.CAT	$FILE_NAME	cat
2019-12-05	02:35:28	UTC+0000	2019-12-05	02:35:28	UTC+0000	2019-12-05	02:35:28	UTC+0000	2019-12-05	02:35:28	UTC+0000	Windows\System32\catroot\{F750E~1\Microsoft-Windows-Telnet-Client-Package~31bf3856ad364e35~amd64~~6.1.7601.17514.cat	$FILE_NAME	cat
2019-12-05	02:35:28	UTC+0000	2019-12-05	02:35:28	UTC+0000	2019-12-05	02:35:28	UTC+0000	2019-12-05	02:35:28	UTC+0000	Windows\System32\catroot\{F750E~1\MI4776~1.CAT	$FILE_NAME	cat
2019-12-05	02:35:28	UTC+0000	2019-12-05	02:35:28	UTC+0000	2019-12-05	02:35:28	UTC+0000	2019-12-05	02:35:28	UTC+0000	Microsoft-Windows-Telnet-Client-Package~31bf3856ad364e35~amd64~~6.1.7601.17514.cat	$FILE_NAME	cat
2019-12-05	02:35:28	UTC+0000	2019-12-05	02:35:28	UTC+0000	2019-12-05	02:35:28	UTC+0000	2019-12-05	02:35:28	UTC+0000	MI4776~1.CAT	$FILE_NAME	cat
2019-12-05	02:37:09	UTC+0000	2019-12-05	02:37:09	UTC+0000	2019-12-05	02:37:09	UTC+0000	2019-12-05	02:37:09	UTC+0000	prnlx002.cat	$FILE_NAME	cat
2019-12-05	02:37:09	UTC+0000	2019-12-05	02:37:09	UTC+0000	2019-12-05	02:37:09	UTC+0000	2019-12-05	02:37:09	UTC+0000	prnlx002.cat	$FILE_NAME	cat
2019-12-05	02:37:09	UTC+0000	2019-12-05	02:37:09	UTC+0000	2019-12-05	02:37:09	UTC+0000	2019-12-05	02:37:09	UTC+0000	Windows\System32\catroot\{F750E~1\prnlx002.cat	$FILE_NAME	cat
2019-12-05	02:37:09	UTC+0000	2019-12-05	02:37:09	UTC+0000	2019-12-05	02:37:09	UTC+0000	2019-12-05	02:37:09	UTC+0000	prnlx003.cat	$FILE_NAME	cat
2019-12-05	02:37:09	UTC+0000	2019-12-05	02:37:09	UTC+0000	2019-12-05	02:37:09	UTC+0000	2019-12-05	02:37:09	UTC+0000	prnlx003.cat	$FILE_NAME	cat
2019-12-05	02:37:09	UTC+0000	2019-12-05	02:37:09	UTC+0000	2019-12-05	02:37:09	UTC+0000	2019-12-05	02:37:09	UTC+0000	Windows\System32\catroot\{F750E~1\prnlx003.cat	$FILE_NAME	cat
2019-12-05	02:35:28	UTC+0000	2019-12-05	02:35:28	UTC+0000	2019-12-05	02:35:28	UTC+0000	2019-12-05	02:35:28	UTC+0000	Windows\winsxs\Catalogs\4BCD89~1.CAT	$FILE_NAME	cat
2019-12-05	02:35:28	UTC+0000	2019-12-05	02:35:28	UTC+0000	2019-12-05	02:35:28	UTC+0000	2019-12-05	02:35:28	UTC+0000	Windows\winsxs\Catalogs\4bcd89652dce16adfa0c153f4b3f59c588b3b34756fde183757365ceda3c3f63.cat	$FILE_NAME	cat
2019-12-05	02:35:28	UTC+0000	2019-12-05	02:35:28	UTC+0000	2019-12-05	02:35:28	UTC+0000	2019-12-05	02:35:28	UTC+0000	Windows\System32\catroot\{F750E~1\Microsoft-Windows-MediaCenter-Package~31bf3856ad364e35~amd64~en-US~6.1.7601.17514.cat	$FILE_NAME	cat
2019-12-05	02:35:28	UTC+0000	2019-12-05	02:35:28	UTC+0000	2019-12-05	02:35:28	UTC+0000	2019-12-05	02:35:28	UTC+0000	Windows\System32\catroot\{F750E~1\MI6DB3~1.CAT	$FILE_NAME	cat
2019-12-05	02:35:28	UTC+0000	2019-12-05	02:35:28	UTC+0000	2019-12-05	02:35:28	UTC+0000	2019-12-05	02:35:28	UTC+0000	Microsoft-Windows-MediaCenter-Package~31bf3856ad364e35~amd64~en-US~6.1.7601.17514.cat	$FILE_NAME	cat
2019-12-05	02:35:28	UTC+0000	2019-12-05	02:35:28	UTC+0000	2019-12-05	02:35:28	UTC+0000	2019-12-05	02:35:28	UTC+0000	MI6DB3~1.CAT	$FILE_NAME	cat
2019-12-05	02:35:28	UTC+0000	2019-12-05	02:35:28	UTC+0000	2019-12-05	02:35:28	UTC+0000	2019-12-05	02:35:28	UTC+0000	Windows\winsxs\Catalogs\BADB9C~1.CAT	$FILE_NAME	cat
2019-12-05	02:35:28	UTC+0000	2019-12-05	02:35:28	UTC+0000	2019-12-05	02:35:28	UTC+0000	2019-12-05	02:35:28	UTC+0000	Windows\winsxs\Catalogs\badb9caa1e9c89dfc0dc816679a70ce9f5ea0a98b303092016b7f9c6d8cb2c1b.cat	$FILE_NAME	cat
2019-12-05	02:35:28	UTC+0000	2019-12-05	02:35:28	UTC+0000	2019-12-05	02:35:28	UTC+0000	2019-12-05	02:35:28	UTC+0000	Windows\System32\catroot\{F750E~1\Microsoft-Windows-Printing-Foundation-Package~31bf3856ad364e35~amd64~en-US~6.1.7601.17514.cat	$FILE_NAME	cat
2019-12-05	02:35:28	UTC+0000	2019-12-05	02:35:28	UTC+0000	2019-12-05	02:35:28	UTC+0000	2019-12-05	02:35:28	UTC+0000	Windows\System32\catroot\{F750E~1\MID90A~1.CAT	$FILE_NAME	cat
2019-12-05	02:35:28	UTC+0000	2019-12-05	02:35:28	UTC+0000	2019-12-05	02:35:28	UTC+0000	2019-12-05	02:35:28	UTC+0000	Microsoft-Windows-Printing-Foundation-Package~31bf3856ad364e35~amd64~en-US~6.1.7601.17514.cat	$FILE_NAME	cat
2019-12-05	02:35:28	UTC+0000	2019-12-05	02:35:28	UTC+0000	2019-12-05	02:35:28	UTC+0000	2019-12-05	02:35:28	UTC+0000	MID90A~1.CAT	$FILE_NAME	cat
2019-12-05	02:37:09	UTC+0000	2019-12-05	02:37:09	UTC+0000	2019-12-05	02:37:09	UTC+0000	2019-12-05	02:37:09	UTC+0000	Windows\System32\catroot\{F750E~1\prnrc006.cat	$FILE_NAME	cat
2019-12-05	02:37:09	UTC+0000	2019-12-05	02:37:09	UTC+0000	2019-12-05	02:37:09	UTC+0000	2019-12-05	02:37:09	UTC+0000	prnrc007.cat	$FILE_NAME	cat
2019-12-05	02:37:09	UTC+0000	2019-12-05	02:37:09	UTC+0000	2019-12-05	02:37:09	UTC+0000	2019-12-05	02:37:09	UTC+0000	prnrc007.cat	$FILE_NAME	cat
2019-12-05	02:37:09	UTC+0000	2019-12-05	02:37:09	UTC+0000	2019-12-05	02:37:09	UTC+0000	2019-12-05	02:37:09	UTC+0000	Windows\System32\catroot\{F750E~1\prnrc007.cat	$FILE_NAME	cat
2019-12-05	02:37:09	UTC+0000	2019-12-05	02:37:09	UTC+0000	2019-12-05	02:37:09	UTC+0000	2019-12-05	02:37:09	UTC+0000	prnrc00a.cat	$FILE_NAME	cat
2019-12-05	02:37:09	UTC+0000	2019-12-05	02:37:09	UTC+0000	2019-12-05	02:37:09	UTC+0000	2019-12-05	02:37:09	UTC+0000	prnrc00a.cat	$FILE_NAME	cat
2019-12-05	02:35:28	UTC+0000	2019-12-05	02:35:28	UTC+0000	2019-12-05	02:35:28	UTC+0000	2019-12-05	02:35:28	UTC+0000	Windows\System32\catroot\{F750E~1\Microsoft-Windows-Sidebar-Killbits-SDP-Package~31bf3856ad364e35~amd64~~6.1.7601.17514.cat	$FILE_NAME	cat
2019-12-05	02:35:28	UTC+0000	2019-12-05	02:35:28	UTC+0000	2019-12-05	02:35:28	UTC+0000	2019-12-05	02:35:28	UTC+0000	Windows\System32\catroot\{F750E~1\MIA049~1.CAT	$FILE_NAME	cat
2019-12-05	02:35:28	UTC+0000	2019-12-05	02:35:28	UTC+0000	2019-12-05	02:35:28	UTC+0000	2019-12-05	02:35:28	UTC+0000	Microsoft-Windows-Sidebar-Killbits-SDP-Package~31bf3856ad364e35~amd64~~6.1.7601.17514.cat	$FILE_NAME	cat
2019-12-05	02:35:28	UTC+0000	2019-12-05	02:35:28	UTC+0000	2019-12-05	02:35:28	UTC+0000	2019-12-05	02:35:28	UTC+0000	MIA049~1.CAT	$FILE_NAME	cat
2019-12-05	02:35:28	UTC+0000	2019-12-05	02:35:28	UTC+0000	2019-12-05	02:35:28	UTC+0000	2019-12-05	02:35:28	UTC+0000	Windows\winsxs\Catalogs\0052F9~1.CAT	$FILE_NAME	cat
2019-12-05	02:35:28	UTC+0000	2019-12-05	02:35:28	UTC+0000	2019-12-05	02:35:28	UTC+0000	2019-12-05	02:35:28	UTC+0000	Windows\winsxs\Catalogs\0052f9a4b22c3858596aef6c0f54b43675434ae544b550a0afad92b36f4eb94f.cat	$FILE_NAME	cat
2019-12-05	02:35:28	UTC+0000	2019-12-05	02:35:28	UTC+0000	2019-12-05	02:35:28	UTC+0000	2019-12-05	02:35:28	UTC+0000	Windows\System32\catroot\{F750E~1\Microsoft-Windows-RasRip-Package~31bf3856ad364e35~amd64~en-US~6.1.7601.17514.cat	$FILE_NAME	cat
2019-12-05	02:35:28	UTC+0000	2019-12-05	02:35:28	UTC+0000	2019-12-05	02:35:28	UTC+0000	2019-12-05	02:35:28	UTC+0000	Windows\System32\catroot\{F750E~1\MI2C8D~1.CAT	$FILE_NAME	cat
2019-12-05	02:35:28	UTC+0000	2019-12-05	02:35:28	UTC+0000	2019-12-05	02:35:28	UTC+0000	2019-12-05	02:35:28	UTC+0000	Microsoft-Windows-RasRip-Package~31bf3856ad364e35~amd64~en-US~6.1.7601.17514.cat	$FILE_NAME	cat
2019-12-05	02:35:28	UTC+0000	2019-12-05	02:35:28	UTC+0000	2019-12-05	02:35:28	UTC+0000	2019-12-05	02:35:28	UTC+0000	MI2C8D~1.CAT	$FILE_NAME	cat
2019-12-05	02:35:27	UTC+0000	2019-12-05	02:35:27	UTC+0000	2019-12-05	02:35:27	UTC+0000	2019-12-05	02:35:27	UTC+0000	Windows\System32\catroot\{F750E~1\Microsoft-Windows-Client-LanguagePack-Package-wrapper~31bf3856ad364e35~amd64~en-US~6.1.7601.17514.cat	$FILE_NAME	cat
2019-12-05	02:35:27	UTC+0000	2019-12-05	02:35:27	UTC+0000	2019-12-05	02:35:27	UTC+0000	2019-12-05	02:35:27	UTC+0000	Windows\System32\catroot\{F750E~1\MI928B~1.CAT	$FILE_NAME	cat
2019-12-05	02:35:27	UTC+0000	2019-12-05	02:35:27	UTC+0000	2019-12-05	02:35:27	UTC+0000	2019-12-05	02:35:27	UTC+0000	Microsoft-Windows-Client-LanguagePack-Package-wrapper~31bf3856ad364e35~amd64~en-US~6.1.7601.17514.cat	$FILE_NAME	cat
2019-12-05	02:35:27	UTC+0000	2019-12-05	02:35:27	UTC+0000	2019-12-05	02:35:27	UTC+0000	2019-12-05	02:35:27	UTC+0000	MI928B~1.CAT	$FILE_NAME	cat
2019-12-05	02:35:28	UTC+0000	2019-12-05	02:35:28	UTC+0000	2019-12-05	02:35:28	UTC+0000	2019-12-05	02:35:28	UTC+0000	Windows\winsxs\Catalogs\54D49F~1.CAT	$FILE_NAME	cat
2019-12-05	02:35:28	UTC+0000	2019-12-05	02:35:28	UTC+0000	2019-12-05	02:35:28	UTC+0000	2019-12-05	02:35:28	UTC+0000	Windows\winsxs\Catalogs\54d49f038a362479cf52cbba1e33bc814e13107bd1d07ff91153b8621f3052b7.cat	$FILE_NAME	cat
2019-12-05	02:35:28	UTC+0000	2019-12-05	02:35:28	UTC+0000	2019-12-05	02:35:28	UTC+0000	2019-12-05	02:35:28	UTC+0000	Windows\System32\catroot\{F750E~1\Microsoft-Windows-RemoteAssistance-Package-Client~31bf3856ad364e35~amd64~en-US~6.1.7601.17514.cat	$FILE_NAME	cat
2019-12-05	02:35:28	UTC+0000	2019-12-05	02:35:28	UTC+0000	2019-12-05	02:35:28	UTC+0000	2019-12-05	02:35:28	UTC+0000	Windows\System32\catroot\{F750E~1\MIE531~1.CAT	$FILE_NAME	cat
2019-12-05	02:35:27	UTC+0000	2019-12-05	02:35:27	UTC+0000	2019-12-05	02:35:27	UTC+0000	2019-12-05	02:35:27	UTC+0000	Windows\winsxs\Catalogs\AA5C5A~1.CAT	$FILE_NAME	cat
2019-12-05	02:35:27	UTC+0000	2019-12-05	02:35:27	UTC+0000	2019-12-05	02:35:27	UTC+0000	2019-12-05	02:35:27	UTC+0000	Windows\winsxs\Catalogs\aa5c5a465bc25cc8516a34952bec9cae2012af2f619e47b095c5d166d939c459.cat	$FILE_NAME	cat
2019-12-05	02:35:27	UTC+0000	2019-12-05	02:35:27	UTC+0000	2019-12-05	02:35:27	UTC+0000	2019-12-05	02:35:27	UTC+0000	Windows\System32\catroot\{F750E~1\Microsoft-Windows-InternetExplorer-Optional-Package~31bf3856ad364e35~amd64~~8.0.7601.17514.cat	$FILE_NAME	cat
2019-12-05	02:35:27	UTC+0000	2019-12-05	02:35:27	UTC+0000	2019-12-05	02:35:27	UTC+0000	2019-12-05	02:35:27	UTC+0000	Windows\System32\catroot\{F750E~1\MIEC8D~1.CAT	$FILE_NAME	cat
2019-12-05	02:35:27	UTC+0000	2019-12-05	02:35:27	UTC+0000	2019-12-05	02:35:27	UTC+0000	2019-12-05	02:35:27	UTC+0000	Microsoft-Windows-InternetExplorer-Optional-Package~31bf3856ad364e35~amd64~~8.0.7601.17514.cat	$FILE_NAME	cat
2019-12-05	02:35:27	UTC+0000	2019-12-05	02:35:27	UTC+0000	2019-12-05	02:35:27	UTC+0000	2019-12-05	02:35:27	UTC+0000	MIEC8D~1.CAT	$FILE_NAME	cat
2019-12-05	02:35:27	UTC+0000	2019-12-05	02:35:27	UTC+0000	2019-12-05	02:35:27	UTC+0000	2019-12-05	02:35:27	UTC+0000	Windows\winsxs\Catalogs\E17ADC~1.CAT	$FILE_NAME	cat
2019-12-05	02:35:27	UTC+0000	2019-12-05	02:35:27	UTC+0000	2019-12-05	02:35:27	UTC+0000	2019-12-05	02:35:27	UTC+0000	Windows\winsxs\Catalogs\e17adcb4cc6628b1132d12c5e370806a418c7f8bc3d8dfa3796155616030309b.cat	$FILE_NAME	cat
2019-12-05	02:35:27	UTC+0000	2019-12-05	02:35:27	UTC+0000	2019-12-05	02:35:27	UTC+0000	2019-12-05	02:35:27	UTC+0000	Windows\System32\catroot\{F750E~1\Microsoft-Windows-Gadget-Platform-Package~31bf3856ad364e35~amd64~~6.1.7601.17514.cat	$FILE_NAME	cat
2019-12-05	02:35:27	UTC+0000	2019-12-05	02:35:27	UTC+0000	2019-12-05	02:35:27	UTC+0000	2019-12-05	02:35:27	UTC+0000	Windows\System32\catroot\{F750E~1\MI81C4~1.CAT	$FILE_NAME	cat
2019-12-05	02:35:28	UTC+0000	2019-12-05	02:35:28	UTC+0000	2019-12-05	02:35:28	UTC+0000	2019-12-05	02:35:28	UTC+0000	Windows\winsxs\Catalogs\5E0950~1.CAT	$FILE_NAME	cat
2019-12-05	02:35:28	UTC+0000	2019-12-05	02:35:28	UTC+0000	2019-12-05	02:35:28	UTC+0000	2019-12-05	02:35:28	UTC+0000	Windows\winsxs\Catalogs\5e0950b98f47da527ca8c6b3cf83e5a9e2da894f255cbe7ca6741d9e6865672c.cat	$FILE_NAME	cat
2019-12-05	02:35:28	UTC+0000	2019-12-05	02:35:28	UTC+0000	2019-12-05	02:35:28	UTC+0000	2019-12-05	02:35:28	UTC+0000	Windows\System32\catroot\{F750E~1\Microsoft-Windows-SecureStartup-Package~31bf3856ad364e35~amd64~~6.1.7601.17514.cat	$FILE_NAME	cat
2019-12-05	02:35:28	UTC+0000	2019-12-05	02:35:28	UTC+0000	2019-12-05	02:35:28	UTC+0000	2019-12-05	02:35:28	UTC+0000	Windows\System32\catroot\{F750E~1\MI2680~1.CAT	$FILE_NAME	cat
2019-12-05	02:35:28	UTC+0000	2019-12-05	02:35:28	UTC+0000	2019-12-05	02:35:28	UTC+0000	2019-12-05	02:35:28	UTC+0000	Microsoft-Windows-SecureStartup-Package~31bf3856ad364e35~amd64~~6.1.7601.17514.cat	$FILE_NAME	cat
2019-12-05	02:35:28	UTC+0000	2019-12-05	02:35:28	UTC+0000	2019-12-05	02:35:28	UTC+0000	2019-12-05	02:35:28	UTC+0000	MI2680~1.CAT	$FILE_NAME	cat
2019-12-05	02:35:27	UTC+0000	2019-12-05	02:35:27	UTC+0000	2019-12-05	02:35:27	UTC+0000	2019-12-05	02:35:27	UTC+0000	Windows\winsxs\Catalogs\CFFC36~1.CAT	$FILE_NAME	cat
2019-12-05	02:35:27	UTC+0000	2019-12-05	02:35:27	UTC+0000	2019-12-05	02:35:27	UTC+0000	2019-12-05	02:35:27	UTC+0000	Windows\winsxs\Catalogs\cffc365877bc8f9e47e7950472e6ea3a05543526ced55dd124a9a03d8f4fd442.cat	$FILE_NAME	cat
2019-12-05	02:35:27	UTC+0000	2019-12-05	02:35:27	UTC+0000	2019-12-05	02:35:27	UTC+0000	2019-12-05	02:35:27	UTC+0000	Windows\System32\catroot\{F750E~1\Microsoft-Windows-GPUPipeline-Package~31bf3856ad364e35~amd64~~6.1.7601.17514.cat	$FILE_NAME	cat
2019-12-05	02:35:27	UTC+0000	2019-12-05	02:35:27	UTC+0000	2019-12-05	02:35:27	UTC+0000	2019-12-05	02:35:27	UTC+0000	Windows\System32\catroot\{F750E~1\MIA24E~1.CAT	$FILE_NAME	cat
2019-12-05	02:35:27	UTC+0000	2019-12-05	02:35:27	UTC+0000	2019-12-05	02:35:27	UTC+0000	2019-12-05	02:35:27	UTC+0000	Microsoft-Windows-GPUPipeline-Package~31bf3856ad364e35~amd64~~6.1.7601.17514.cat	$FILE_NAME	cat
2019-12-05	02:35:27	UTC+0000	2019-12-05	02:35:27	UTC+0000	2019-12-05	02:35:27	UTC+0000	2019-12-05	02:35:27	UTC+0000	MIA24E~1.CAT	$FILE_NAME	cat
2019-12-05	02:35:28	UTC+0000	2019-12-05	02:35:28	UTC+0000	2019-12-05	02:35:28	UTC+0000	2019-12-05	02:35:28	UTC+0000	Windows\System32\catroot\{F750E~1\PA8554~1.CAT	$FILE_NAME	cat
2019-12-05	02:35:28	UTC+0000	2019-12-05	02:35:28	UTC+0000	2019-12-05	02:35:28	UTC+0000	2019-12-05	02:35:28	UTC+0000	Windows\System32\catroot\{F750E~1\Package_for_KB976933~31bf3856ad364e35~amd64~~6.1.7601.17514.cat	$FILE_NAME	cat
2019-12-05	02:35:28	UTC+0000	2019-12-05	02:35:28	UTC+0000	2019-12-05	02:35:28	UTC+0000	2019-12-05	02:35:28	UTC+0000	PA8554~1.CAT	$FILE_NAME	cat
2019-12-05	02:35:28	UTC+0000	2019-12-05	02:35:28	UTC+0000	2019-12-05	02:35:28	UTC+0000	2019-12-05	02:35:28	UTC+0000	Package_for_KB976933~31bf3856ad364e35~amd64~~6.1.7601.17514.cat	$FILE_NAME	cat
2019-12-05	02:35:27	UTC+0000	2019-12-05	02:35:27	UTC+0000	2019-12-05	02:35:27	UTC+0000	2019-12-05	02:35:27	UTC+0000	Windows\System32\catroot\{F750E~1\Microsoft-Windows-Help-Customization-Package~31bf3856ad364e35~amd64~~6.1.7601.17514.cat	$FILE_NAME	cat
2019-12-05	02:35:27	UTC+0000	2019-12-05	02:35:27	UTC+0000	2019-12-05	02:35:27	UTC+0000	2019-12-05	02:35:27	UTC+0000	Windows\System32\catroot\{F750E~1\MIDEF5~1.CAT	$FILE_NAME	cat
2019-12-05	02:35:27	UTC+0000	2019-12-05	02:35:27	UTC+0000	2019-12-05	02:35:27	UTC+0000	2019-12-05	02:35:27	UTC+0000	Microsoft-Windows-Help-Customization-Package~31bf3856ad364e35~amd64~~6.1.7601.17514.cat	$FILE_NAME	cat
2019-12-05	02:35:27	UTC+0000	2019-12-05	02:35:27	UTC+0000	2019-12-05	02:35:27	UTC+0000	2019-12-05	02:35:27	UTC+0000	MIDEF5~1.CAT	$FILE_NAME	cat
2019-12-05	02:37:08	UTC+0000	2019-12-05	02:37:08	UTC+0000	2019-12-05	02:37:08	UTC+0000	2019-12-05	02:37:08	UTC+0000	prnca00f.cat	$FILE_NAME	cat
2019-12-05	02:37:08	UTC+0000	2019-12-05	02:37:08	UTC+0000	2019-12-05	02:37:08	UTC+0000	2019-12-05	02:37:08	UTC+0000	prnca00f.cat	$FILE_NAME	cat
2019-12-05	02:37:08	UTC+0000	2019-12-05	02:37:08	UTC+0000	2019-12-05	02:37:08	UTC+0000	2019-12-05	02:37:08	UTC+0000	Windows\System32\catroot\{F750E~1\prnca00f.cat	$FILE_NAME	cat
2019-12-05	02:37:08	UTC+0000	2019-12-05	02:37:08	UTC+0000	2019-12-05	02:37:08	UTC+0000	2019-12-05	02:37:08	UTC+0000	prnca00g.cat	$FILE_NAME	cat
2019-12-05	02:37:08	UTC+0000	2019-12-05	02:37:08	UTC+0000	2019-12-05	02:37:08	UTC+0000	2019-12-05	02:37:08	UTC+0000	prnca00g.cat	$FILE_NAME	cat
2019-12-05	02:37:08	UTC+0000	2019-12-05	02:37:08	UTC+0000	2019-12-05	02:37:08	UTC+0000	2019-12-05	02:37:08	UTC+0000	Windows\System32\catroot\{F750E~1\prnca00g.cat	$FILE_NAME	cat
2019-12-05	02:35:27	UTC+0000	2019-12-05	02:35:27	UTC+0000	2019-12-05	02:35:27	UTC+0000	2019-12-05	02:35:27	UTC+0000	Windows\System32\catroot\{F750E~1\Microsoft-Windows-HomePremiumEdition-wrapper~31bf3856ad364e35~amd64~~6.1.7601.17514.cat	$FILE_NAME	cat
2019-12-05	02:35:27	UTC+0000	2019-12-05	02:35:27	UTC+0000	2019-12-05	02:35:27	UTC+0000	2019-12-05	02:35:27	UTC+0000	Windows\System32\catroot\{F750E~1\MI1370~1.CAT	$FILE_NAME	cat
2019-12-05	02:35:27	UTC+0000	2019-12-05	02:35:27	UTC+0000	2019-12-05	02:35:27	UTC+0000	2019-12-05	02:35:27	UTC+0000	Microsoft-Windows-HomePremiumEdition-wrapper~31bf3856ad364e35~amd64~~6.1.7601.17514.cat	$FILE_NAME	cat
2019-12-05	02:35:27	UTC+0000	2019-12-05	02:35:27	UTC+0000	2019-12-05	02:35:27	UTC+0000	2019-12-05	02:35:27	UTC+0000	MI1370~1.CAT	$FILE_NAME	cat
2019-12-05	02:35:27	UTC+0000	2019-12-05	02:35:27	UTC+0000	2019-12-05	02:35:27	UTC+0000	2019-12-05	02:35:27	UTC+0000	Windows\System32\catroot\{F750E~1\Microsoft-Windows-Anytime-Upgrade-Results-Package~31bf3856ad364e35~amd64~~6.1.7601.17514.cat	$FILE_NAME	cat
2019-12-05	02:35:27	UTC+0000	2019-12-05	02:35:27	UTC+0000	2019-12-05	02:35:27	UTC+0000	2019-12-05	02:35:27	UTC+0000	Windows\System32\catroot\{F750E~1\MI197C~1.CAT	$FILE_NAME	cat
2019-12-05	02:35:27	UTC+0000	2019-12-05	02:35:27	UTC+0000	2019-12-05	02:35:27	UTC+0000	2019-12-05	02:35:27	UTC+0000	Microsoft-Windows-Anytime-Upgrade-Results-Package~31bf3856ad364e35~amd64~~6.1.7601.17514.cat	$FILE_NAME	cat
2019-12-05	02:35:27	UTC+0000	2019-12-05	02:35:27	UTC+0000	2019-12-05	02:35:27	UTC+0000	2019-12-05	02:35:27	UTC+0000	MI197C~1.CAT	$FILE_NAME	cat
2019-12-10	10:30:53	UTC+0000	2019-12-10	10:30:53	UTC+0000	2019-12-10	10:30:53	UTC+0000	2019-12-10	10:30:53	UTC+0000	WUCLIE~1.CAT	$FILE_NAME	cat
2019-12-10	10:30:53	UTC+0000	2019-12-10	10:30:53	UTC+0000	2019-12-10	10:30:53	UTC+0000	2019-12-10	10:30:53	UTC+0000	WUClient-SelfUpdate-ActiveX~31bf3856ad364e35~amd64~~7.6.7600.320.cat	$FILE_NAME	cat
2019-12-05	02:35:27	UTC+0000	2019-12-05	02:35:27	UTC+0000	2019-12-05	02:35:27	UTC+0000	2019-12-05	02:35:27	UTC+0000	Windows\winsxs\Catalogs\C7F31F~1.CAT	$FILE_NAME	cat
2019-12-05	02:35:27	UTC+0000	2019-12-05	02:35:27	UTC+0000	2019-12-05	02:35:27	UTC+0000	2019-12-05	02:35:27	UTC+0000	Windows\winsxs\Catalogs\c7f31f29a8181efeb4d178b7ea4f7ae492bca095dab6520227e39e84d5c96cce.cat	$FILE_NAME	cat
2019-12-05	02:35:27	UTC+0000	2019-12-05	02:35:27	UTC+0000	2019-12-05	02:35:27	UTC+0000	2019-12-05	02:35:27	UTC+0000	Windows\System32\catroot\{F750E~1\Microsoft-Windows-ICM-Package~31bf3856ad364e35~amd64~~6.1.7601.17514.cat	$FILE_NAME	cat
2019-12-05	02:35:27	UTC+0000	2019-12-05	02:35:27	UTC+0000	2019-12-05	02:35:27	UTC+0000	2019-12-05	02:35:27	UTC+0000	Windows\System32\catroot\{F750E~1\MIB6EB~1.CAT	$FILE_NAME	cat
2019-12-05	02:35:27	UTC+0000	2019-12-05	02:35:27	UTC+0000	2019-12-05	02:35:27	UTC+0000	2019-12-05	02:35:27	UTC+0000	Microsoft-Windows-ICM-Package~31bf3856ad364e35~amd64~~6.1.7601.17514.cat	$FILE_NAME	cat
2019-12-05	02:35:27	UTC+0000	2019-12-05	02:35:27	UTC+0000	2019-12-05	02:35:27	UTC+0000	2019-12-05	02:35:27	UTC+0000	MIB6EB~1.CAT	$FILE_NAME	cat
2019-12-05	02:35:28	UTC+0000	2019-12-05	02:35:28	UTC+0000	2019-12-05	02:35:28	UTC+0000	2019-12-05	02:35:28	UTC+0000	Windows\winsxs\Catalogs\8F0249~1.CAT	$FILE_NAME	cat
2019-12-05	02:35:28	UTC+0000	2019-12-05	02:35:28	UTC+0000	2019-12-05	02:35:28	UTC+0000	2019-12-05	02:35:28	UTC+0000	Windows\winsxs\Catalogs\8f0249d28d9e99c382c4572d2b0e4f6843d04ba21196f4709419f641095ebe34.cat	$FILE_NAME	cat
2019-12-05	02:35:28	UTC+0000	2019-12-05	02:35:28	UTC+0000	2019-12-05	02:35:28	UTC+0000	2019-12-05	02:35:28	UTC+0000	Windows\System32\catroot\{F750E~1\Microsoft-Windows-MobilePC-Client-Basic-Package~31bf3856ad364e35~amd64~~6.1.7601.17514.cat	$FILE_NAME	cat
2019-12-05	02:35:28	UTC+0000	2019-12-05	02:35:28	UTC+0000	2019-12-05	02:35:28	UTC+0000	2019-12-05	02:35:28	UTC+0000	Windows\System32\catroot\{F750E~1\MIE89F~1.CAT	$FILE_NAME	cat
2019-12-05	02:35:28	UTC+0000	2019-12-05	02:35:28	UTC+0000	2019-12-05	02:35:28	UTC+0000	2019-12-05	02:35:28	UTC+0000	Windows\winsxs\Catalogs\2A1234~1.CAT	$FILE_NAME	cat
2019-12-05	02:35:28	UTC+0000	2019-12-05	02:35:28	UTC+0000	2019-12-05	02:35:28	UTC+0000	2019-12-05	02:35:28	UTC+0000	Windows\winsxs\Catalogs\2a12341c7572766fcd0eca3f6a2c0331612bac47983eb2cdc8c538eb8bc7b51f.cat	$FILE_NAME	cat
2019-12-05	02:35:28	UTC+0000	2019-12-05	02:35:28	UTC+0000	2019-12-05	02:35:28	UTC+0000	2019-12-05	02:35:28	UTC+0000	Windows\System32\catroot\{F750E~1\Microsoft-Windows-MobilePC-Client-Sensors-Package~31bf3856ad364e35~amd64~en-US~6.1.7601.17514.cat	$FILE_NAME	cat
2019-12-05	02:35:28	UTC+0000	2019-12-05	02:35:28	UTC+0000	2019-12-05	02:35:28	UTC+0000	2019-12-05	02:35:28	UTC+0000	Windows\System32\catroot\{F750E~1\MI0419~1.CAT	$FILE_NAME	cat
2019-12-05	02:35:28	UTC+0000	2019-12-05	02:35:28	UTC+0000	2019-12-05	02:35:28	UTC+0000	2019-12-05	02:35:28	UTC+0000	Microsoft-Windows-MobilePC-Client-Sensors-Package~31bf3856ad364e35~amd64~en-US~6.1.7601.17514.cat	$FILE_NAME	cat
2019-12-05	02:35:28	UTC+0000	2019-12-05	02:35:28	UTC+0000	2019-12-05	02:35:28	UTC+0000	2019-12-05	02:35:28	UTC+0000	MI0419~1.CAT	$FILE_NAME	cat
2019-12-05	02:35:28	UTC+0000	2019-12-05	02:35:28	UTC+0000	2019-12-05	02:35:28	UTC+0000	2019-12-05	02:35:28	UTC+0000	Windows\System32\catroot\{F750E~1\Microsoft-Windows-RemoteAssistance-Package-Client~31bf3856ad364e35~amd64~~6.1.7601.17514.cat	$FILE_NAME	cat
2019-12-05	02:35:28	UTC+0000	2019-12-05	02:35:28	UTC+0000	2019-12-05	02:35:28	UTC+0000	2019-12-05	02:35:28	UTC+0000	Windows\System32\catroot\{F750E~1\MI7878~1.CAT	$FILE_NAME	cat
2019-12-05	02:35:28	UTC+0000	2019-12-05	02:35:28	UTC+0000	2019-12-05	02:35:28	UTC+0000	2019-12-05	02:35:28	UTC+0000	Microsoft-Windows-RemoteAssistance-Package-Client~31bf3856ad364e35~amd64~~6.1.7601.17514.cat	$FILE_NAME	cat
2019-12-05	02:35:28	UTC+0000	2019-12-05	02:35:28	UTC+0000	2019-12-05	02:35:28	UTC+0000	2019-12-05	02:35:28	UTC+0000	MI7878~1.CAT	$FILE_NAME	cat
2019-12-05	02:37:08	UTC+0000	2019-12-05	02:37:08	UTC+0000	2019-12-05	02:37:08	UTC+0000	2019-12-05	02:37:08	UTC+0000	prnge001.cat	$FILE_NAME	cat
2019-12-05	02:37:08	UTC+0000	2019-12-05	02:37:08	UTC+0000	2019-12-05	02:37:08	UTC+0000	2019-12-05	02:37:08	UTC+0000	prnge001.cat	$FILE_NAME	cat
2019-12-05	02:37:08	UTC+0000	2019-12-05	02:37:08	UTC+0000	2019-12-05	02:37:08	UTC+0000	2019-12-05	02:37:08	UTC+0000	Windows\System32\catroot\{F750E~1\prnge001.cat	$FILE_NAME	cat
2019-12-05	02:37:08	UTC+0000	2019-12-05	02:37:08	UTC+0000	2019-12-05	02:37:08	UTC+0000	2019-12-05	02:37:08	UTC+0000	prngt002.cat	$FILE_NAME	cat
2019-12-05	02:37:08	UTC+0000	2019-12-05	02:37:08	UTC+0000	2019-12-05	02:37:08	UTC+0000	2019-12-05	02:37:08	UTC+0000	prngt002.cat	$FILE_NAME	cat
2019-12-05	02:37:08	UTC+0000	2019-12-05	02:37:08	UTC+0000	2019-12-05	02:37:08	UTC+0000	2019-12-05	02:37:08	UTC+0000	Windows\System32\catroot\{F750E~1\prngt002.cat	$FILE_NAME	cat
2019-12-05	02:35:27	UTC+0000	2019-12-05	02:35:27	UTC+0000	2019-12-05	02:35:27	UTC+0000	2019-12-05	02:35:27	UTC+0000	Microsoft-Windows-CodecPack-Basic-Encoder-Package~31bf3856ad364e35~amd64~~6.1.7601.17514.cat	$FILE_NAME	cat
2019-12-05	02:35:27	UTC+0000	2019-12-05	02:35:27	UTC+0000	2019-12-05	02:35:27	UTC+0000	2019-12-05	02:35:27	UTC+0000	MIE32A~1.CAT	$FILE_NAME	cat
2019-12-05	02:35:27	UTC+0000	2019-12-05	02:35:27	UTC+0000	2019-12-05	02:35:27	UTC+0000	2019-12-05	02:35:27	UTC+0000	Windows\System32\catroot\{F750E~1\Microsoft-Windows-CodecPack-Basic-Package-wrapper~31bf3856ad364e35~amd64~~6.1.7601.17514.cat	$FILE_NAME	cat
2019-12-05	02:35:27	UTC+0000	2019-12-05	02:35:27	UTC+0000	2019-12-05	02:35:27	UTC+0000	2019-12-05	02:35:27	UTC+0000	Windows\System32\catroot\{F750E~1\MIB8B4~1.CAT	$FILE_NAME	cat
2019-12-05	02:35:27	UTC+0000	2019-12-05	02:35:27	UTC+0000	2019-12-05	02:35:27	UTC+0000	2019-12-05	02:35:27	UTC+0000	Microsoft-Windows-CodecPack-Basic-Package-wrapper~31bf3856ad364e35~amd64~~6.1.7601.17514.cat	$FILE_NAME	cat
2019-12-05	02:35:27	UTC+0000	2019-12-05	02:35:27	UTC+0000	2019-12-05	02:35:27	UTC+0000	2019-12-05	02:35:27	UTC+0000	MIB8B4~1.CAT	$FILE_NAME	cat
2019-12-05	02:35:28	UTC+0000	2019-12-05	02:35:28	UTC+0000	2019-12-05	02:35:28	UTC+0000	2019-12-05	02:35:28	UTC+0000	Windows\winsxs\Catalogs\755D14~1.CAT	$FILE_NAME	cat
2019-12-05	02:35:28	UTC+0000	2019-12-05	02:35:28	UTC+0000	2019-12-05	02:35:28	UTC+0000	2019-12-05	02:35:28	UTC+0000	Windows\winsxs\Catalogs\755d14ea16308daa9b025bfc20b9a56509bfc5760ea100029c9f8e0516e7b762.cat	$FILE_NAME	cat
2019-12-05	02:35:28	UTC+0000	2019-12-05	02:35:28	UTC+0000	2019-12-05	02:35:28	UTC+0000	2019-12-05	02:35:28	UTC+0000	Windows\System32\catroot\{F750E~1\Microsoft-Windows-NFS-ClientSKU-Package~31bf3856ad364e35~amd64~en-US~6.1.7601.17514.cat	$FILE_NAME	cat
2019-12-05	02:35:28	UTC+0000	2019-12-05	02:35:28	UTC+0000	2019-12-05	02:35:28	UTC+0000	2019-12-05	02:35:28	UTC+0000	Windows\System32\catroot\{F750E~1\MI3E3F~1.CAT	$FILE_NAME	cat
2019-12-05	02:35:28	UTC+0000	2019-12-05	02:35:28	UTC+0000	2019-12-05	02:35:28	UTC+0000	2019-12-05	02:35:28	UTC+0000	Microsoft-Windows-NFS-ClientSKU-Package~31bf3856ad364e35~amd64~en-US~6.1.7601.17514.cat	$FILE_NAME	cat
2019-12-05	02:35:28	UTC+0000	2019-12-05	02:35:28	UTC+0000	2019-12-05	02:35:28	UTC+0000	2019-12-05	02:35:28	UTC+0000	MI3E3F~1.CAT	$FILE_NAME	cat
2019-12-05	02:35:28	UTC+0000	2019-12-05	02:35:28	UTC+0000	2019-12-05	02:35:28	UTC+0000	2019-12-05	02:35:28	UTC+0000	Package_for_KB976902_RTM~31bf3856ad364e35~amd64~~6.1.1.17514.cat	$FILE_NAME	cat
2019-12-05	02:35:28	UTC+0000	2019-12-05	02:35:28	UTC+0000	2019-12-05	02:35:28	UTC+0000	2019-12-05	02:35:28	UTC+0000	PACKAG~2.CAT	$FILE_NAME	cat
2019-12-05	02:35:28	UTC+0000	2019-12-05	02:35:28	UTC+0000	2019-12-05	02:35:28	UTC+0000	2019-12-05	02:35:28	UTC+0000	Windows\System32\catroot\{F750E~1\PACKAG~1.CAT	$FILE_NAME	cat
2019-12-05	02:35:28	UTC+0000	2019-12-05	02:35:28	UTC+0000	2019-12-05	02:35:28	UTC+0000	2019-12-05	02:35:28	UTC+0000	Windows\System32\catroot\{F750E~1\Package_for_KB976902~31bf3856ad364e35~amd64~~6.1.1.17514.cat	$FILE_NAME	cat
2019-12-05	02:35:28	UTC+0000	2019-12-05	02:35:28	UTC+0000	2019-12-05	02:35:28	UTC+0000	2019-12-05	02:35:28	UTC+0000	PACKAG~1.CAT	$FILE_NAME	cat
2019-12-05	02:35:28	UTC+0000	2019-12-05	02:35:28	UTC+0000	2019-12-05	02:35:28	UTC+0000	2019-12-05	02:35:28	UTC+0000	Package_for_KB976902~31bf3856ad364e35~amd64~~6.1.1.17514.cat	$FILE_NAME	cat
2019-12-05	02:35:28	UTC+0000	2019-12-05	02:35:28	UTC+0000	2019-12-05	02:35:28	UTC+0000	2019-12-05	02:35:28	UTC+0000	Windows\winsxs\Catalogs\119314~1.CAT	$FILE_NAME	cat
2019-12-05	02:35:28	UTC+0000	2019-12-05	02:35:28	UTC+0000	2019-12-05	02:35:28	UTC+0000	2019-12-05	02:35:28	UTC+0000	Windows\winsxs\Catalogs\119314c1280d739d041faf22af536dfeb8dbf60326e2bda9a4ff10cce8903399.cat	$FILE_NAME	cat
2019-12-05	02:35:28	UTC+0000	2019-12-05	02:35:28	UTC+0000	2019-12-05	02:35:28	UTC+0000	2019-12-05	02:35:28	UTC+0000	Windows\System32\catroot\{F750E~1\Microsoft-Windows-PeerDist-Client-Package~31bf3856ad364e35~amd64~en-US~6.1.7601.17514.cat	$FILE_NAME	cat
2019-12-05	02:35:28	UTC+0000	2019-12-05	02:35:28	UTC+0000	2019-12-05	02:35:28	UTC+0000	2019-12-05	02:35:28	UTC+0000	Windows\System32\catroot\{F750E~1\MI5283~1.CAT	$FILE_NAME	cat
2019-12-05	02:35:28	UTC+0000	2019-12-05	02:35:28	UTC+0000	2019-12-05	02:35:28	UTC+0000	2019-12-05	02:35:28	UTC+0000	Microsoft-Windows-PeerDist-Client-Package~31bf3856ad364e35~amd64~en-US~6.1.7601.17514.cat	$FILE_NAME	cat
2019-12-05	02:35:28	UTC+0000	2019-12-05	02:35:28	UTC+0000	2019-12-05	02:35:28	UTC+0000	2019-12-05	02:35:28	UTC+0000	MI5283~1.CAT	$FILE_NAME	cat
2019-12-05	02:35:28	UTC+0000	2019-12-05	02:35:28	UTC+0000	2019-12-05	02:35:28	UTC+0000	2019-12-05	02:35:28	UTC+0000	Windows\winsxs\Catalogs\EDC6C3~1.CAT	$FILE_NAME	cat
2019-12-05	02:35:28	UTC+0000	2019-12-05	02:35:28	UTC+0000	2019-12-05	02:35:28	UTC+0000	2019-12-05	02:35:28	UTC+0000	Windows\winsxs\Catalogs\edc6c3c4a55ab80f6cc2118218f2df347335568e913ef975a01c229da72e3240.cat	$FILE_NAME	cat
2019-12-05	02:35:28	UTC+0000	2019-12-05	02:35:28	UTC+0000	2019-12-05	02:35:28	UTC+0000	2019-12-05	02:35:28	UTC+0000	Windows\System32\catroot\{F750E~1\Microsoft-Windows-ServicingBaseline-Ultimate-Package~31bf3856ad364e35~amd64~~6.1.7601.17514.cat	$FILE_NAME	cat
2019-12-05	02:35:28	UTC+0000	2019-12-05	02:35:28	UTC+0000	2019-12-05	02:35:28	UTC+0000	2019-12-05	02:35:28	UTC+0000	Windows\System32\catroot\{F750E~1\MI3B08~1.CAT	$FILE_NAME	cat
2019-12-05	02:37:09	UTC+0000	2019-12-05	02:37:09	UTC+0000	2019-12-05	02:37:09	UTC+0000	2019-12-05	02:37:09	UTC+0000	prnlx00w.cat	$FILE_NAME	cat
2019-12-05	02:37:09	UTC+0000	2019-12-05	02:37:09	UTC+0000	2019-12-05	02:37:09	UTC+0000	2019-12-05	02:37:09	UTC+0000	prnlx00w.cat	$FILE_NAME	cat
2019-12-05	02:37:09	UTC+0000	2019-12-05	02:37:09	UTC+0000	2019-12-05	02:37:09	UTC+0000	2019-12-05	02:37:09	UTC+0000	Windows\System32\catroot\{F750E~1\prnlx00w.cat	$FILE_NAME	cat
2019-12-05	02:37:09	UTC+0000	2019-12-05	02:37:09	UTC+0000	2019-12-05	02:37:09	UTC+0000	2019-12-05	02:37:09	UTC+0000	prnlx00x.cat	$FILE_NAME	cat
2019-12-05	02:37:09	UTC+0000	2019-12-05	02:37:09	UTC+0000	2019-12-05	02:37:09	UTC+0000	2019-12-05	02:37:09	UTC+0000	prnlx00x.cat	$FILE_NAME	cat
2019-12-05	02:37:09	UTC+0000	2019-12-05	02:37:09	UTC+0000	2019-12-05	02:37:09	UTC+0000	2019-12-05	02:37:09	UTC+0000	Windows\System32\catroot\{F750E~1\prnlx00x.cat	$FILE_NAME	cat
2019-12-05	02:35:27	UTC+0000	2019-12-05	02:35:27	UTC+0000	2019-12-05	02:35:27	UTC+0000	2019-12-05	02:35:27	UTC+0000	Windows\winsxs\Catalogs\0440DE~1.CAT	$FILE_NAME	cat
2019-12-05	02:35:27	UTC+0000	2019-12-05	02:35:27	UTC+0000	2019-12-05	02:35:27	UTC+0000	2019-12-05	02:35:27	UTC+0000	Windows\winsxs\Catalogs\0440dec8872a55780f4ea51a12fabe5bf94c699364163be701ca38f1ffcd5349.cat	$FILE_NAME	cat
2019-12-05	02:35:27	UTC+0000	2019-12-05	02:35:27	UTC+0000	2019-12-05	02:35:27	UTC+0000	2019-12-05	02:35:27	UTC+0000	Windows\System32\catroot\{F750E~1\Microsoft-Windows-Help-CoreClientUAUE-Package~31bf3856ad364e35~amd64~~6.1.7601.17514.cat	$FILE_NAME	cat
2019-12-05	02:35:27	UTC+0000	2019-12-05	02:35:27	UTC+0000	2019-12-05	02:35:27	UTC+0000	2019-12-05	02:35:27	UTC+0000	Windows\System32\catroot\{F750E~1\MI26C6~1.CAT	$FILE_NAME	cat
2019-12-05	02:35:28	UTC+0000	2019-12-05	02:35:28	UTC+0000	2019-12-05	02:35:28	UTC+0000	2019-12-05	02:35:28	UTC+0000	Windows\System32\catroot\{F750E~1\Microsoft-Windows-TFTP-Client-Package~31bf3856ad364e35~amd64~~6.1.7601.17514.cat	$FILE_NAME	cat
2019-12-05	02:35:28	UTC+0000	2019-12-05	02:35:28	UTC+0000	2019-12-05	02:35:28	UTC+0000	2019-12-05	02:35:28	UTC+0000	Windows\System32\catroot\{F750E~1\MI6ED7~1.CAT	$FILE_NAME	cat
2019-12-05	02:35:28	UTC+0000	2019-12-05	02:35:28	UTC+0000	2019-12-05	02:35:28	UTC+0000	2019-12-05	02:35:28	UTC+0000	Microsoft-Windows-TFTP-Client-Package~31bf3856ad364e35~amd64~~6.1.7601.17514.cat	$FILE_NAME	cat
2019-12-05	02:35:28	UTC+0000	2019-12-05	02:35:28	UTC+0000	2019-12-05	02:35:28	UTC+0000	2019-12-05	02:35:28	UTC+0000	MI6ED7~1.CAT	$FILE_NAME	cat
2019-12-05	02:35:27	UTC+0000	2019-12-05	02:35:27	UTC+0000	2019-12-05	02:35:27	UTC+0000	2019-12-05	02:35:27	UTC+0000	Windows\winsxs\Catalogs\60A041~1.CAT	$FILE_NAME	cat
2019-12-05	02:35:27	UTC+0000	2019-12-05	02:35:27	UTC+0000	2019-12-05	02:35:27	UTC+0000	2019-12-05	02:35:27	UTC+0000	Windows\winsxs\Catalogs\60a0415d7c5c8ceade38ed92ec25a10f888a5b2855b0eb38413057d41f28aa83.cat	$FILE_NAME	cat
2019-12-05	02:35:27	UTC+0000	2019-12-05	02:35:27	UTC+0000	2019-12-05	02:35:27	UTC+0000	2019-12-05	02:35:27	UTC+0000	Windows\System32\catroot\{F750E~1\Microsoft-Windows-ICM-Package~31bf3856ad364e35~amd64~en-US~6.1.7601.17514.cat	$FILE_NAME	cat
2019-12-05	02:35:27	UTC+0000	2019-12-05	02:35:27	UTC+0000	2019-12-05	02:35:27	UTC+0000	2019-12-05	02:35:27	UTC+0000	Windows\System32\catroot\{F750E~1\MI1358~1.CAT	$FILE_NAME	cat
2019-12-05	02:35:27	UTC+0000	2019-12-05	02:35:27	UTC+0000	2019-12-05	02:35:27	UTC+0000	2019-12-05	02:35:27	UTC+0000	Microsoft-Windows-ICM-Package~31bf3856ad364e35~amd64~en-US~6.1.7601.17514.cat	$FILE_NAME	cat
2019-12-05	02:35:27	UTC+0000	2019-12-05	02:35:27	UTC+0000	2019-12-05	02:35:27	UTC+0000	2019-12-05	02:35:27	UTC+0000	MI1358~1.CAT	$FILE_NAME	cat
2019-12-05	02:37:09	UTC+0000	2019-12-05	02:37:09	UTC+0000	2019-12-05	02:37:09	UTC+0000	2019-12-05	02:37:09	UTC+0000	Windows\System32\catroot\{F750E~1\prnsh002.cat	$FILE_NAME	cat
2019-12-05	02:37:09	UTC+0000	2019-12-05	02:37:09	UTC+0000	2019-12-05	02:37:09	UTC+0000	2019-12-05	02:37:09	UTC+0000	prnso002.cat	$FILE_NAME	cat
2019-12-05	02:37:09	UTC+0000	2019-12-05	02:37:09	UTC+0000	2019-12-05	02:37:09	UTC+0000	2019-12-05	02:37:09	UTC+0000	prnso002.cat	$FILE_NAME	cat
2019-12-05	02:37:09	UTC+0000	2019-12-05	02:37:09	UTC+0000	2019-12-05	02:37:09	UTC+0000	2019-12-05	02:37:09	UTC+0000	Windows\System32\catroot\{F750E~1\prnso002.cat	$FILE_NAME	cat
2019-12-05	02:37:09	UTC+0000	2019-12-05	02:37:09	UTC+0000	2019-12-05	02:37:09	UTC+0000	2019-12-05	02:37:09	UTC+0000	prnsv002.cat	$FILE_NAME	cat
2019-12-05	02:37:09	UTC+0000	2019-12-05	02:37:09	UTC+0000	2019-12-05	02:37:09	UTC+0000	2019-12-05	02:37:09	UTC+0000	prnsv002.cat	$FILE_NAME	cat
2019-12-05	02:35:27	UTC+0000	2019-12-05	02:35:27	UTC+0000	2019-12-05	02:35:27	UTC+0000	2019-12-05	02:35:27	UTC+0000	Windows\System32\catroot\{F750E~1\Microsoft-Windows-IIS-WebServer-AddOn-2-Package~31bf3856ad364e35~amd64~~6.1.7601.17514.cat	$FILE_NAME	cat
2019-12-05	02:35:27	UTC+0000	2019-12-05	02:35:27	UTC+0000	2019-12-05	02:35:27	UTC+0000	2019-12-05	02:35:27	UTC+0000	Windows\System32\catroot\{F750E~1\MIF412~1.CAT	$FILE_NAME	cat
