2019-12-05	02:35:27	UTC+0000	2019-12-05	02:35:27	UTC+0000	2019-12-05	02:35:27	UTC+0000	2019-12-05	02:35:27	UTC+0000	Microsoft-Windows-IIS-WebServer-AddOn-2-Package~31bf3856ad364e35~amd64~~6.1.7601.17514.cat	$FILE_NAME	cat
2019-12-05	02:35:27	UTC+0000	2019-12-05	02:35:27	UTC+0000	2019-12-05	02:35:27	UTC+0000	2019-12-05	02:35:27	UTC+0000	MIF412~1.CAT	$FILE_NAME	cat
2019-12-05	02:37:08	UTC+0000	2019-12-05	02:37:08	UTC+0000	2019-12-05	02:37:08	UTC+0000	2019-12-05	02:37:08	UTC+0000	PRNEP005.CAT	$FILE_NAME	cat
2019-12-05	02:37:08	UTC+0000	2019-12-05	02:37:08	UTC+0000	2019-12-05	02:37:08	UTC+0000	2019-12-05	02:37:08	UTC+0000	PRNEP005.CAT	$FILE_NAME	cat
2019-12-05	02:37:08	UTC+0000	2019-12-05	02:37:08	UTC+0000	2019-12-05	02:37:08	UTC+0000	2019-12-05	02:37:08	UTC+0000	Windows\System32\catroot\{F750E~1\prnep005.cat	$FILE_NAME	cat
2019-12-05	02:37:08	UTC+0000	2019-12-05	02:37:08	UTC+0000	2019-12-05	02:37:08	UTC+0000	2019-12-05	02:37:08	UTC+0000	prnep00A.cat	$FILE_NAME	cat
2019-12-05	02:37:08	UTC+0000	2019-12-05	02:37:08	UTC+0000	2019-12-05	02:37:08	UTC+0000	2019-12-05	02:37:08	UTC+0000	prnep00A.cat	$FILE_NAME	cat
2019-12-05	02:37:08	UTC+0000	2019-12-05	02:37:08	UTC+0000	2019-12-05	02:37:08	UTC+0000	2019-12-05	02:37:08	UTC+0000	Windows\System32\catroot\{F750E~1\prnep00a.cat	$FILE_NAME	cat
2019-12-05	02:35:28	UTC+0000	2019-12-05	02:35:28	UTC+0000	2019-12-05	02:35:28	UTC+0000	2019-12-05	02:35:28	UTC+0000	Windows\winsxs\Catalogs\66648F~1.CAT	$FILE_NAME	cat
2019-12-05	02:35:28	UTC+0000	2019-12-05	02:35:28	UTC+0000	2019-12-05	02:35:28	UTC+0000	2019-12-05	02:35:28	UTC+0000	Windows\winsxs\Catalogs\66648f46e366525bd5e3e51236dd65d72fa92f604ad634cbaaa55abf85011d25.cat	$FILE_NAME	cat
2019-12-05	02:35:28	UTC+0000	2019-12-05	02:35:28	UTC+0000	2019-12-05	02:35:28	UTC+0000	2019-12-05	02:35:28	UTC+0000	Windows\System32\catroot\{F750E~1\Microsoft-Windows-NetFx3-OC-Package~31bf3856ad364e35~amd64~en-US~6.1.7601.17514.cat	$FILE_NAME	cat
2019-12-05	02:35:28	UTC+0000	2019-12-05	02:35:28	UTC+0000	2019-12-05	02:35:28	UTC+0000	2019-12-05	02:35:28	UTC+0000	Windows\System32\catroot\{F750E~1\MI9BC7~1.CAT	$FILE_NAME	cat
2019-12-05	02:35:28	UTC+0000	2019-12-05	02:35:28	UTC+0000	2019-12-05	02:35:28	UTC+0000	2019-12-05	02:35:28	UTC+0000	Microsoft-Windows-NetFx3-OC-Package~31bf3856ad364e35~amd64~en-US~6.1.7601.17514.cat	$FILE_NAME	cat
2019-12-05	02:35:28	UTC+0000	2019-12-05	02:35:28	UTC+0000	2019-12-05	02:35:28	UTC+0000	2019-12-05	02:35:28	UTC+0000	MI9BC7~1.CAT	$FILE_NAME	cat
2019-12-05	02:35:28	UTC+0000	2019-12-05	02:35:28	UTC+0000	2019-12-05	02:35:28	UTC+0000	2019-12-05	02:35:28	UTC+0000	Windows\winsxs\Catalogs\483EE9~1.CAT	$FILE_NAME	cat
2019-12-05	02:35:28	UTC+0000	2019-12-05	02:35:28	UTC+0000	2019-12-05	02:35:28	UTC+0000	2019-12-05	02:35:28	UTC+0000	Windows\winsxs\Catalogs\483ee957760138873cc61de203cf95037c1c1a5c7a2b357315cab9361ea20b33.cat	$FILE_NAME	cat
2019-12-05	02:35:28	UTC+0000	2019-12-05	02:35:28	UTC+0000	2019-12-05	02:35:28	UTC+0000	2019-12-05	02:35:28	UTC+0000	Windows\System32\catroot\{F750E~1\MIFCFC~1.CAT	$FILE_NAME	cat
2019-12-05	02:35:28	UTC+0000	2019-12-05	02:35:28	UTC+0000	2019-12-05	02:35:28	UTC+0000	2019-12-05	02:35:28	UTC+0000	Windows\System32\catroot\{F750E~1\Microsoft-Windows-WMPNetworkSharingService-Package~31bf3856ad364e35~amd64~en-US~6.1.7601.17514.cat	$FILE_NAME	cat
2019-12-05	02:35:28	UTC+0000	2019-12-05	02:35:28	UTC+0000	2019-12-05	02:35:28	UTC+0000	2019-12-05	02:35:28	UTC+0000	MIFCFC~1.CAT	$FILE_NAME	cat
2019-12-05	02:35:28	UTC+0000	2019-12-05	02:35:28	UTC+0000	2019-12-05	02:35:28	UTC+0000	2019-12-05	02:35:28	UTC+0000	Microsoft-Windows-WMPNetworkSharingService-Package~31bf3856ad364e35~amd64~en-US~6.1.7601.17514.cat	$FILE_NAME	cat
2019-12-05	02:37:08	UTC+0000	2019-12-05	02:37:08	UTC+0000	2019-12-05	02:37:08	UTC+0000	2019-12-05	02:37:08	UTC+0000	prngt003.cat	$FILE_NAME	cat
2019-12-05	02:37:08	UTC+0000	2019-12-05	02:37:08	UTC+0000	2019-12-05	02:37:08	UTC+0000	2019-12-05	02:37:08	UTC+0000	prngt003.cat	$FILE_NAME	cat
2019-12-05	02:37:08	UTC+0000	2019-12-05	02:37:08	UTC+0000	2019-12-05	02:37:08	UTC+0000	2019-12-05	02:37:08	UTC+0000	Windows\System32\catroot\{F750E~1\prngt003.cat	$FILE_NAME	cat
2019-12-05	02:37:08	UTC+0000	2019-12-05	02:37:08	UTC+0000	2019-12-05	02:37:08	UTC+0000	2019-12-05	02:37:08	UTC+0000	prngt004.cat	$FILE_NAME	cat
2019-12-05	02:37:08	UTC+0000	2019-12-05	02:37:08	UTC+0000	2019-12-05	02:37:08	UTC+0000	2019-12-05	02:37:08	UTC+0000	prngt004.cat	$FILE_NAME	cat
2019-12-05	02:37:08	UTC+0000	2019-12-05	02:37:08	UTC+0000	2019-12-05	02:37:08	UTC+0000	2019-12-05	02:37:08	UTC+0000	Windows\System32\catroot\{F750E~1\prngt004.cat	$FILE_NAME	cat
2019-12-05	02:35:28	UTC+0000	2019-12-05	02:35:28	UTC+0000	2019-12-05	02:35:28	UTC+0000	2019-12-05	02:35:28	UTC+0000	Windows\winsxs\Catalogs\272678~1.CAT	$FILE_NAME	cat
2019-12-05	02:35:28	UTC+0000	2019-12-05	02:35:28	UTC+0000	2019-12-05	02:35:28	UTC+0000	2019-12-05	02:35:28	UTC+0000	Windows\winsxs\Catalogs\27267813124d8a3a35e21559a9c05e5fbe415e983b798baa5625e0102d4a58f0.cat	$FILE_NAME	cat
2019-12-05	02:35:28	UTC+0000	2019-12-05	02:35:28	UTC+0000	2019-12-05	02:35:28	UTC+0000	2019-12-05	02:35:28	UTC+0000	Windows\System32\catroot\{F750E~1\Microsoft-Windows-TerminalServices-Publishing-WMIProvider-Package~31bf3856ad364e35~amd64~~6.1.7601.17514.cat	$FILE_NAME	cat
2019-12-05	02:35:28	UTC+0000	2019-12-05	02:35:28	UTC+0000	2019-12-05	02:35:28	UTC+0000	2019-12-05	02:35:28	UTC+0000	Windows\System32\catroot\{F750E~1\MI59F9~1.CAT	$FILE_NAME	cat
2019-12-05	02:35:28	UTC+0000	2019-12-05	02:35:28	UTC+0000	2019-12-05	02:35:28	UTC+0000	2019-12-05	02:35:28	UTC+0000	Microsoft-Windows-TerminalServices-Publishing-WMIProvider-Package~31bf3856ad364e35~amd64~~6.1.7601.17514.cat	$FILE_NAME	cat
2019-12-05	02:35:28	UTC+0000	2019-12-05	02:35:28	UTC+0000	2019-12-05	02:35:28	UTC+0000	2019-12-05	02:35:28	UTC+0000	MI59F9~1.CAT	$FILE_NAME	cat
2019-12-05	02:35:28	UTC+0000	2019-12-05	02:35:28	UTC+0000	2019-12-05	02:35:28	UTC+0000	2019-12-05	02:35:28	UTC+0000	Windows\System32\catroot\{F750E~1\Microsoft-Windows-TerminalServices-RemoteApplications-Client-Package~31bf3856ad364e35~amd64~~6.1.7601.17514.cat	$FILE_NAME	cat
2019-12-05	02:35:28	UTC+0000	2019-12-05	02:35:28	UTC+0000	2019-12-05	02:35:28	UTC+0000	2019-12-05	02:35:28	UTC+0000	Windows\System32\catroot\{F750E~1\MI8EF8~1.CAT	$FILE_NAME	cat
2019-12-05	02:35:28	UTC+0000	2019-12-05	02:35:28	UTC+0000	2019-12-05	02:35:28	UTC+0000	2019-12-05	02:35:28	UTC+0000	Microsoft-Windows-TerminalServices-RemoteApplications-Client-Package~31bf3856ad364e35~amd64~~6.1.7601.17514.cat	$FILE_NAME	cat
2019-12-05	02:35:28	UTC+0000	2019-12-05	02:35:28	UTC+0000	2019-12-05	02:35:28	UTC+0000	2019-12-05	02:35:28	UTC+0000	MI8EF8~1.CAT	$FILE_NAME	cat
2019-12-05	02:37:08	UTC+0000	2019-12-05	02:37:08	UTC+0000	2019-12-05	02:37:08	UTC+0000	2019-12-05	02:37:08	UTC+0000	prnbr007.cat	$FILE_NAME	cat
2019-12-05	02:37:08	UTC+0000	2019-12-05	02:37:08	UTC+0000	2019-12-05	02:37:08	UTC+0000	2019-12-05	02:37:08	UTC+0000	prnbr007.cat	$FILE_NAME	cat
2019-12-05	02:37:08	UTC+0000	2019-12-05	02:37:08	UTC+0000	2019-12-05	02:37:08	UTC+0000	2019-12-05	02:37:08	UTC+0000	Windows\System32\catroot\{F750E~1\prnbr007.cat	$FILE_NAME	cat
2019-12-05	02:37:08	UTC+0000	2019-12-05	02:37:08	UTC+0000	2019-12-05	02:37:08	UTC+0000	2019-12-05	02:37:08	UTC+0000	prnbr008.cat	$FILE_NAME	cat
2019-12-05	02:37:08	UTC+0000	2019-12-05	02:37:08	UTC+0000	2019-12-05	02:37:08	UTC+0000	2019-12-05	02:37:08	UTC+0000	prnbr008.cat	$FILE_NAME	cat
2019-12-05	02:37:08	UTC+0000	2019-12-05	02:37:08	UTC+0000	2019-12-05	02:37:08	UTC+0000	2019-12-05	02:37:08	UTC+0000	Windows\System32\catroot\{F750E~1\prnbr008.cat	$FILE_NAME	cat
2019-12-05	02:35:27	UTC+0000	2019-12-05	02:35:27	UTC+0000	2019-12-05	02:35:27	UTC+0000	2019-12-05	02:35:27	UTC+0000	Windows\winsxs\Catalogs\8EADCE~1.CAT	$FILE_NAME	cat
2019-12-05	02:35:27	UTC+0000	2019-12-05	02:35:27	UTC+0000	2019-12-05	02:35:27	UTC+0000	2019-12-05	02:35:27	UTC+0000	Windows\winsxs\Catalogs\8eadce19ba282cbc01e73d7ce00f156b2fd44ab8affe96f63214d3619d0ca0bc.cat	$FILE_NAME	cat
2019-12-05	02:35:27	UTC+0000	2019-12-05	02:35:27	UTC+0000	2019-12-05	02:35:27	UTC+0000	2019-12-05	02:35:27	UTC+0000	Windows\System32\catroot\{F750E~1\Microsoft-Windows-Backup-Package~31bf3856ad364e35~amd64~en-US~6.1.7601.17514.cat	$FILE_NAME	cat
2019-12-05	02:35:27	UTC+0000	2019-12-05	02:35:27	UTC+0000	2019-12-05	02:35:27	UTC+0000	2019-12-05	02:35:27	UTC+0000	Windows\System32\catroot\{F750E~1\MIA8CF~1.CAT	$FILE_NAME	cat
2019-12-05	02:35:28	UTC+0000	2019-12-05	02:35:28	UTC+0000	2019-12-05	02:35:28	UTC+0000	2019-12-05	02:35:28	UTC+0000	Windows\winsxs\Catalogs\C82B5F~1.CAT	$FILE_NAME	cat
2019-12-05	02:35:28	UTC+0000	2019-12-05	02:35:28	UTC+0000	2019-12-05	02:35:28	UTC+0000	2019-12-05	02:35:28	UTC+0000	Windows\winsxs\Catalogs\c82b5fb61b14458ea296660f24f832277e161093b26caf3bcdca0b11ff02e999.cat	$FILE_NAME	cat
2019-12-05	02:35:28	UTC+0000	2019-12-05	02:35:28	UTC+0000	2019-12-05	02:35:28	UTC+0000	2019-12-05	02:35:28	UTC+0000	Windows\System32\catroot\{F750E~1\Microsoft-Windows-Printing-PremiumTools-Package~31bf3856ad364e35~amd64~en-US~6.1.7601.17514.cat	$FILE_NAME	cat
2019-12-05	02:35:28	UTC+0000	2019-12-05	02:35:28	UTC+0000	2019-12-05	02:35:28	UTC+0000	2019-12-05	02:35:28	UTC+0000	Windows\System32\catroot\{F750E~1\MI106D~1.CAT	$FILE_NAME	cat
2019-12-05	02:35:28	UTC+0000	2019-12-05	02:35:28	UTC+0000	2019-12-05	02:35:28	UTC+0000	2019-12-05	02:35:28	UTC+0000	Microsoft-Windows-Printing-PremiumTools-Package~31bf3856ad364e35~amd64~en-US~6.1.7601.17514.cat	$FILE_NAME	cat
2019-12-05	02:35:28	UTC+0000	2019-12-05	02:35:28	UTC+0000	2019-12-05	02:35:28	UTC+0000	2019-12-05	02:35:28	UTC+0000	MI106D~1.CAT	$FILE_NAME	cat
2019-12-10	10:31:02	UTC+0000	2019-12-10	10:31:02	UTC+0000	2019-12-10	10:31:02	UTC+0000	2019-12-10	10:31:02	UTC+0000	WU4F28~1.CAT	$FILE_NAME	cat
2019-12-10	10:31:02	UTC+0000	2019-12-10	10:31:02	UTC+0000	2019-12-10	10:31:02	UTC+0000	2019-12-10	10:31:02	UTC+0000	WUClient-SelfUpdate-Core-UIComp~31bf3856ad364e35~amd64~en-US~7.6.7600.320.cat	$FILE_NAME	cat
2019-12-10	10:31:02	UTC+0000	2019-12-10	10:31:02	UTC+0000	2019-12-10	10:31:02	UTC+0000	2019-12-10	10:31:02	UTC+0000	Windows\System32\catroot\{F750E~1\WU4F28~1.CAT	$FILE_NAME	cat
2019-12-10	10:31:02	UTC+0000	2019-12-10	10:31:02	UTC+0000	2019-12-10	10:31:02	UTC+0000	2019-12-10	10:31:02	UTC+0000	Windows\System32\catroot\{F750E~1\WUClient-SelfUpdate-Core-UIComp~31bf3856ad364e35~amd64~en-US~7.6.7600.320.cat	$FILE_NAME	cat
2019-12-05	02:35:28	UTC+0000	2019-12-05	02:35:28	UTC+0000	2019-12-05	02:35:28	UTC+0000	2019-12-05	02:35:28	UTC+0000	Windows\System32\catroot\{F750E~1\Microsoft-Windows-TabletPC-OC-Package~31bf3856ad364e35~amd64~~6.1.7601.17514.cat	$FILE_NAME	cat
2019-12-05	02:35:28	UTC+0000	2019-12-05	02:35:28	UTC+0000	2019-12-05	02:35:28	UTC+0000	2019-12-05	02:35:28	UTC+0000	Windows\System32\catroot\{F750E~1\MIA4AD~1.CAT	$FILE_NAME	cat
2019-12-05	02:35:28	UTC+0000	2019-12-05	02:35:28	UTC+0000	2019-12-05	02:35:28	UTC+0000	2019-12-05	02:35:28	UTC+0000	Microsoft-Windows-TabletPC-OC-Package~31bf3856ad364e35~amd64~~6.1.7601.17514.cat	$FILE_NAME	cat
2019-12-05	02:35:28	UTC+0000	2019-12-05	02:35:28	UTC+0000	2019-12-05	02:35:28	UTC+0000	2019-12-05	02:35:28	UTC+0000	MIA4AD~1.CAT	$FILE_NAME	cat
2019-12-05	02:35:27	UTC+0000	2019-12-05	02:35:27	UTC+0000	2019-12-05	02:35:27	UTC+0000	2019-12-05	02:35:27	UTC+0000	Windows\System32\catroot\{F750E~1\Microsoft-Media-Foundation-Package~31bf3856ad364e35~amd64~~6.1.7601.17514.cat	$FILE_NAME	cat
2019-12-05	02:35:27	UTC+0000	2019-12-05	02:35:27	UTC+0000	2019-12-05	02:35:27	UTC+0000	2019-12-05	02:35:27	UTC+0000	Windows\System32\catroot\{F750E~1\MI4AB2~1.CAT	$FILE_NAME	cat
2019-12-05	02:35:27	UTC+0000	2019-12-05	02:35:27	UTC+0000	2019-12-05	02:35:27	UTC+0000	2019-12-05	02:35:27	UTC+0000	Microsoft-Media-Foundation-Package~31bf3856ad364e35~amd64~~6.1.7601.17514.cat	$FILE_NAME	cat
2019-12-05	02:35:27	UTC+0000	2019-12-05	02:35:27	UTC+0000	2019-12-05	02:35:27	UTC+0000	2019-12-05	02:35:27	UTC+0000	MI4AB2~1.CAT	$FILE_NAME	cat
2019-12-05	02:35:28	UTC+0000	2019-12-05	02:35:28	UTC+0000	2019-12-05	02:35:28	UTC+0000	2019-12-05	02:35:28	UTC+0000	Windows\System32\catroot\{F750E~1\Microsoft-Windows-ParentalControls-Package~31bf3856ad364e35~amd64~en-US~6.1.7601.17514.cat	$FILE_NAME	cat
2019-12-05	02:35:28	UTC+0000	2019-12-05	02:35:28	UTC+0000	2019-12-05	02:35:28	UTC+0000	2019-12-05	02:35:28	UTC+0000	Windows\System32\catroot\{F750E~1\MIC749~1.CAT	$FILE_NAME	cat
2019-12-05	02:35:28	UTC+0000	2019-12-05	02:35:28	UTC+0000	2019-12-05	02:35:28	UTC+0000	2019-12-05	02:35:28	UTC+0000	Microsoft-Windows-ParentalControls-Package~31bf3856ad364e35~amd64~en-US~6.1.7601.17514.cat	$FILE_NAME	cat
2019-12-05	02:35:28	UTC+0000	2019-12-05	02:35:28	UTC+0000	2019-12-05	02:35:28	UTC+0000	2019-12-05	02:35:28	UTC+0000	MIC749~1.CAT	$FILE_NAME	cat
2019-12-05	02:35:28	UTC+0000	2019-12-05	02:35:28	UTC+0000	2019-12-05	02:35:28	UTC+0000	2019-12-05	02:35:28	UTC+0000	Windows\winsxs\Catalogs\E35B3E~1.CAT	$FILE_NAME	cat
2019-12-05	02:35:28	UTC+0000	2019-12-05	02:35:28	UTC+0000	2019-12-05	02:35:28	UTC+0000	2019-12-05	02:35:28	UTC+0000	Windows\winsxs\Catalogs\e35b3e99ca7f9d3ca88d0ff17476498ee278a5112871347a275c0d10e81d1d31.cat	$FILE_NAME	cat
2019-12-05	02:35:28	UTC+0000	2019-12-05	02:35:28	UTC+0000	2019-12-05	02:35:28	UTC+0000	2019-12-05	02:35:28	UTC+0000	Windows\System32\catroot\{F750E~1\Microsoft-Windows-SecureStartup-Package~31bf3856ad364e35~amd64~en-US~6.1.7601.17514.cat	$FILE_NAME	cat
2019-12-05	02:35:28	UTC+0000	2019-12-05	02:35:28	UTC+0000	2019-12-05	02:35:28	UTC+0000	2019-12-05	02:35:28	UTC+0000	Windows\System32\catroot\{F750E~1\MI0AA4~1.CAT	$FILE_NAME	cat
2019-12-05	02:35:28	UTC+0000	2019-12-05	02:35:28	UTC+0000	2019-12-05	02:35:28	UTC+0000	2019-12-05	02:35:28	UTC+0000	Windows\System32\catroot\{F750E~1\Microsoft-Windows-TerminalServices-WMIProvider-Package~31bf3856ad364e35~amd64~~6.1.7601.17514.cat	$FILE_NAME	cat
2019-12-05	02:35:28	UTC+0000	2019-12-05	02:35:28	UTC+0000	2019-12-05	02:35:28	UTC+0000	2019-12-05	02:35:28	UTC+0000	Windows\System32\catroot\{F750E~1\MI7993~1.CAT	$FILE_NAME	cat
2019-12-05	02:35:28	UTC+0000	2019-12-05	02:35:28	UTC+0000	2019-12-05	02:35:28	UTC+0000	2019-12-05	02:35:28	UTC+0000	Microsoft-Windows-TerminalServices-WMIProvider-Package~31bf3856ad364e35~amd64~~6.1.7601.17514.cat	$FILE_NAME	cat
2019-12-05	02:35:28	UTC+0000	2019-12-05	02:35:28	UTC+0000	2019-12-05	02:35:28	UTC+0000	2019-12-05	02:35:28	UTC+0000	MI7993~1.CAT	$FILE_NAME	cat
2019-12-05	02:35:28	UTC+0000	2019-12-05	02:35:28	UTC+0000	2019-12-05	02:35:28	UTC+0000	2019-12-05	02:35:28	UTC+0000	Windows\winsxs\Catalogs\D8178A~1.CAT	$FILE_NAME	cat
2019-12-05	02:35:28	UTC+0000	2019-12-05	02:35:28	UTC+0000	2019-12-05	02:35:28	UTC+0000	2019-12-05	02:35:28	UTC+0000	Windows\winsxs\Catalogs\d8178af6fb2c2b01bf0e818a6ac77ccff7cf58c6abd0a96f720b623c1d0e67ea.cat	$FILE_NAME	cat
2019-12-05	02:35:28	UTC+0000	2019-12-05	02:35:28	UTC+0000	2019-12-05	02:35:28	UTC+0000	2019-12-05	02:35:28	UTC+0000	Windows\System32\catroot\{F750E~1\MI626C~1.CAT	$FILE_NAME	cat
2019-12-05	02:35:28	UTC+0000	2019-12-05	02:35:28	UTC+0000	2019-12-05	02:35:28	UTC+0000	2019-12-05	02:35:28	UTC+0000	Windows\System32\catroot\{F750E~1\Microsoft-Windows-VirtualPC-USB-RPM-Package~31bf3856ad364e35~amd64~en-US~6.1.7601.17514.cat	$FILE_NAME	cat
2019-12-05	02:35:27	UTC+0000	2019-12-05	02:35:27	UTC+0000	2019-12-05	02:35:27	UTC+0000	2019-12-05	02:35:27	UTC+0000	Windows\winsxs\Catalogs\0E6EAE~1.CAT	$FILE_NAME	cat
2019-12-05	02:35:27	UTC+0000	2019-12-05	02:35:27	UTC+0000	2019-12-05	02:35:27	UTC+0000	2019-12-05	02:35:27	UTC+0000	Windows\winsxs\Catalogs\0e6eae6a54ae5b2a3801804f84a5282047db58c50a4a48026513756e85079bbb.cat	$FILE_NAME	cat
2019-12-05	02:35:27	UTC+0000	2019-12-05	02:35:27	UTC+0000	2019-12-05	02:35:27	UTC+0000	2019-12-05	02:35:27	UTC+0000	Windows\System32\catroot\{F750E~1\Microsoft-Windows-Client-Drivers-Package~31bf3856ad364e35~amd64~en-US~6.1.7601.17514.cat	$FILE_NAME	cat
2019-12-05	02:35:27	UTC+0000	2019-12-05	02:35:27	UTC+0000	2019-12-05	02:35:27	UTC+0000	2019-12-05	02:35:27	UTC+0000	Windows\System32\catroot\{F750E~1\MIA162~1.CAT	$FILE_NAME	cat
2019-12-05	02:35:27	UTC+0000	2019-12-05	02:35:27	UTC+0000	2019-12-05	02:35:27	UTC+0000	2019-12-05	02:35:27	UTC+0000	Microsoft-Windows-Client-Drivers-Package~31bf3856ad364e35~amd64~en-US~6.1.7601.17514.cat	$FILE_NAME	cat
2019-12-05	02:35:27	UTC+0000	2019-12-05	02:35:27	UTC+0000	2019-12-05	02:35:27	UTC+0000	2019-12-05	02:35:27	UTC+0000	MIA162~1.CAT	$FILE_NAME	cat
2019-12-10	10:30:56	UTC+0000	2019-12-10	10:30:56	UTC+0000	2019-12-10	10:30:56	UTC+0000	2019-12-10	10:30:56	UTC+0000	WUBCC3~1.CAT	$FILE_NAME	cat
2019-12-10	10:30:56	UTC+0000	2019-12-10	10:30:56	UTC+0000	2019-12-10	10:30:56	UTC+0000	2019-12-10	10:30:56	UTC+0000	WUClient-SelfUpdate-Aux-MiniLP~31bf3856ad364e35~amd64~en-US~7.6.7600.320.cat	$FILE_NAME	cat
2019-12-10	10:30:56	UTC+0000	2019-12-10	10:30:56	UTC+0000	2019-12-10	10:30:56	UTC+0000	2019-12-10	10:30:56	UTC+0000	Windows\System32\catroot\{F750E~1\WUBCC3~1.CAT	$FILE_NAME	cat
2019-12-10	10:30:56	UTC+0000	2019-12-10	10:30:56	UTC+0000	2019-12-10	10:30:56	UTC+0000	2019-12-10	10:30:56	UTC+0000	Windows\System32\catroot\{F750E~1\WUClient-SelfUpdate-Aux-MiniLP~31bf3856ad364e35~amd64~en-US~7.6.7600.320.cat	$FILE_NAME	cat
2019-12-10	10:30:57	UTC+0000	2019-12-10	10:30:57	UTC+0000	2019-12-10	10:30:57	UTC+0000	2019-12-10	10:30:57	UTC+0000	WUC6D5~1.CAT	$FILE_NAME	cat
2019-12-10	10:30:57	UTC+0000	2019-12-10	10:30:57	UTC+0000	2019-12-10	10:30:57	UTC+0000	2019-12-10	10:30:57	UTC+0000	WUClient-SelfUpdate-Aux~31bf3856ad364e35~amd64~en-US~7.6.7600.320.cat	$FILE_NAME	cat
2019-12-10	10:31:01	UTC+0000	2019-12-10	10:31:01	UTC+0000	2019-12-10	10:31:01	UTC+0000	2019-12-10	10:31:01	UTC+0000	WU1EB0~1.CAT	$FILE_NAME	cat
2019-12-10	10:31:01	UTC+0000	2019-12-10	10:31:01	UTC+0000	2019-12-10	10:31:01	UTC+0000	2019-12-10	10:31:01	UTC+0000	WUClient-SelfUpdate-Core-AdmComp~31bf3856ad364e35~amd64~~7.6.7600.320.cat	$FILE_NAME	cat
2019-12-10	10:31:01	UTC+0000	2019-12-10	10:31:01	UTC+0000	2019-12-10	10:31:01	UTC+0000	2019-12-10	10:31:01	UTC+0000	Windows\System32\catroot\{F750E~1\WU1EB0~1.CAT	$FILE_NAME	cat
2019-12-10	10:31:01	UTC+0000	2019-12-10	10:31:01	UTC+0000	2019-12-10	10:31:01	UTC+0000	2019-12-10	10:31:01	UTC+0000	Windows\System32\catroot\{F750E~1\WUClient-SelfUpdate-Core-AdmComp~31bf3856ad364e35~amd64~~7.6.7600.320.cat	$FILE_NAME	cat
2019-12-05	02:35:27	UTC+0000	2019-12-05	02:35:27	UTC+0000	2019-12-05	02:35:27	UTC+0000	2019-12-05	02:35:27	UTC+0000	Windows\winsxs\Catalogs\AF524E~1.CAT	$FILE_NAME	cat
2019-12-05	02:35:27	UTC+0000	2019-12-05	02:35:27	UTC+0000	2019-12-05	02:35:27	UTC+0000	2019-12-05	02:35:27	UTC+0000	Windows\winsxs\Catalogs\af524e428459a7de3d0c152fd35102b20cc11d3899f1786de68d6aa5c7008649.cat	$FILE_NAME	cat
2019-12-05	02:35:27	UTC+0000	2019-12-05	02:35:27	UTC+0000	2019-12-05	02:35:27	UTC+0000	2019-12-05	02:35:27	UTC+0000	Windows\System32\catroot\{F750E~1\Microsoft-Windows-CodecPack-Basic-Encoder-Package~31bf3856ad364e35~amd64~~6.1.7601.17514.cat	$FILE_NAME	cat
2019-12-05	02:35:27	UTC+0000	2019-12-05	02:35:27	UTC+0000	2019-12-05	02:35:27	UTC+0000	2019-12-05	02:35:27	UTC+0000	Windows\System32\catroot\{F750E~1\MIE32A~1.CAT	$FILE_NAME	cat
2019-12-05	02:35:28	UTC+0000	2019-12-05	02:35:28	UTC+0000	2019-12-05	02:35:28	UTC+0000	2019-12-05	02:35:28	UTC+0000	Windows\winsxs\Catalogs\1CB923~1.CAT	$FILE_NAME	cat
2019-12-05	02:35:28	UTC+0000	2019-12-05	02:35:28	UTC+0000	2019-12-05	02:35:28	UTC+0000	2019-12-05	02:35:28	UTC+0000	Windows\winsxs\Catalogs\1cb923c0ea3885ab97b4feed7fa62566f9dcc6bd0330bd775818f1f4f189b363.cat	$FILE_NAME	cat
2019-12-05	02:35:28	UTC+0000	2019-12-05	02:35:28	UTC+0000	2019-12-05	02:35:28	UTC+0000	2019-12-05	02:35:28	UTC+0000	Windows\System32\catroot\{F750E~1\Microsoft-Windows-RemoteFX-RemoteClient-Setup-LanguagePack~31bf3856ad364e35~amd64~en-US~6.1.7601.17514.cat	$FILE_NAME	cat
2019-12-05	02:35:28	UTC+0000	2019-12-05	02:35:28	UTC+0000	2019-12-05	02:35:28	UTC+0000	2019-12-05	02:35:28	UTC+0000	Windows\System32\catroot\{F750E~1\MI8C2B~1.CAT	$FILE_NAME	cat
2019-12-05	02:35:28	UTC+0000	2019-12-05	02:35:28	UTC+0000	2019-12-05	02:35:28	UTC+0000	2019-12-05	02:35:28	UTC+0000	Microsoft-Windows-RemoteFX-RemoteClient-Setup-LanguagePack~31bf3856ad364e35~amd64~en-US~6.1.7601.17514.cat	$FILE_NAME	cat
2019-12-05	02:35:28	UTC+0000	2019-12-05	02:35:28	UTC+0000	2019-12-05	02:35:28	UTC+0000	2019-12-05	02:35:28	UTC+0000	MI8C2B~1.CAT	$FILE_NAME	cat
2019-12-05	02:35:27	UTC+0000	2019-12-05	02:35:27	UTC+0000	2019-12-05	02:35:27	UTC+0000	2019-12-05	02:35:27	UTC+0000	Windows\System32\catroot\{F750E~1\Microsoft-Windows-Common-Drivers-Package~31bf3856ad364e35~amd64~~6.1.7601.17514.cat	$FILE_NAME	cat
2019-12-05	02:35:27	UTC+0000	2019-12-05	02:35:27	UTC+0000	2019-12-05	02:35:27	UTC+0000	2019-12-05	02:35:27	UTC+0000	Windows\System32\catroot\{F750E~1\MI24C9~1.CAT	$FILE_NAME	cat
2019-12-05	02:35:27	UTC+0000	2019-12-05	02:35:27	UTC+0000	2019-12-05	02:35:27	UTC+0000	2019-12-05	02:35:27	UTC+0000	Microsoft-Windows-Common-Drivers-Package~31bf3856ad364e35~amd64~~6.1.7601.17514.cat	$FILE_NAME	cat
2019-12-05	02:35:27	UTC+0000	2019-12-05	02:35:27	UTC+0000	2019-12-05	02:35:27	UTC+0000	2019-12-05	02:35:27	UTC+0000	MI24C9~1.CAT	$FILE_NAME	cat
2019-12-05	02:35:28	UTC+0000	2019-12-05	02:35:28	UTC+0000	2019-12-05	02:35:28	UTC+0000	2019-12-05	02:35:28	UTC+0000	Windows\System32\catroot\{F750E~1\NE4776~1.CAT	$FILE_NAME	cat
2019-12-05	02:35:28	UTC+0000	2019-12-05	02:35:28	UTC+0000	2019-12-05	02:35:28	UTC+0000	2019-12-05	02:35:28	UTC+0000	Windows\System32\catroot\{F750E~1\Networking-MPSSVC-Rules-UltimateEdition-Package~31bf3856ad364e35~amd64~~6.1.7601.17514.cat	$FILE_NAME	cat
2019-12-05	02:35:28	UTC+0000	2019-12-05	02:35:28	UTC+0000	2019-12-05	02:35:28	UTC+0000	2019-12-05	02:35:28	UTC+0000	NE4776~1.CAT	$FILE_NAME	cat
2019-12-05	02:35:28	UTC+0000	2019-12-05	02:35:28	UTC+0000	2019-12-05	02:35:28	UTC+0000	2019-12-05	02:35:28	UTC+0000	Networking-MPSSVC-Rules-UltimateEdition-Package~31bf3856ad364e35~amd64~~6.1.7601.17514.cat	$FILE_NAME	cat
2019-12-05	02:35:28	UTC+0000	2019-12-05	02:35:28	UTC+0000	2019-12-05	02:35:28	UTC+0000	2019-12-05	02:35:28	UTC+0000	Windows\winsxs\Catalogs\109406~1.CAT	$FILE_NAME	cat
2019-12-05	02:35:28	UTC+0000	2019-12-05	02:35:28	UTC+0000	2019-12-05	02:35:28	UTC+0000	2019-12-05	02:35:28	UTC+0000	Windows\winsxs\Catalogs\109406eaaf7478ac274ee6ae31219042cf5089ad3d9a5d732585ea6750ed95b2.cat	$FILE_NAME	cat
2019-12-05	02:37:08	UTC+0000	2019-12-05	02:37:08	UTC+0000	2019-12-05	02:37:08	UTC+0000	2019-12-05	02:37:08	UTC+0000	PRNHP004.cat	$FILE_NAME	cat
2019-12-05	02:37:08	UTC+0000	2019-12-05	02:37:08	UTC+0000	2019-12-05	02:37:08	UTC+0000	2019-12-05	02:37:08	UTC+0000	PRNHP004.cat	$FILE_NAME	cat
2019-12-05	02:37:08	UTC+0000	2019-12-05	02:37:08	UTC+0000	2019-12-05	02:37:08	UTC+0000	2019-12-05	02:37:08	UTC+0000	Windows\System32\catroot\{F750E~1\prnhp004.cat	$FILE_NAME	cat
2019-12-05	02:37:08	UTC+0000	2019-12-05	02:37:08	UTC+0000	2019-12-05	02:37:08	UTC+0000	2019-12-05	02:37:08	UTC+0000	PRNHP005.cat	$FILE_NAME	cat
2019-12-05	02:37:08	UTC+0000	2019-12-05	02:37:08	UTC+0000	2019-12-05	02:37:08	UTC+0000	2019-12-05	02:37:08	UTC+0000	PRNHP005.cat	$FILE_NAME	cat
2019-12-05	02:37:08	UTC+0000	2019-12-05	02:37:08	UTC+0000	2019-12-05	02:37:08	UTC+0000	2019-12-05	02:37:08	UTC+0000	Windows\System32\catroot\{F750E~1\prnhp005.cat	$FILE_NAME	cat
2019-12-05	02:37:08	UTC+0000	2019-12-05	02:37:08	UTC+0000	2019-12-05	02:37:08	UTC+0000	2019-12-05	02:37:08	UTC+0000	prnin002.cat	$FILE_NAME	cat
2019-12-05	02:37:08	UTC+0000	2019-12-05	02:37:08	UTC+0000	2019-12-05	02:37:08	UTC+0000	2019-12-05	02:37:08	UTC+0000	prnin002.cat	$FILE_NAME	cat
2019-12-05	02:37:08	UTC+0000	2019-12-05	02:37:08	UTC+0000	2019-12-05	02:37:08	UTC+0000	2019-12-05	02:37:08	UTC+0000	Windows\System32\catroot\{F750E~1\prnin002.cat	$FILE_NAME	cat
2019-12-05	02:37:08	UTC+0000	2019-12-05	02:37:08	UTC+0000	2019-12-05	02:37:08	UTC+0000	2019-12-05	02:37:08	UTC+0000	prnin003.cat	$FILE_NAME	cat
2019-12-05	02:37:08	UTC+0000	2019-12-05	02:37:08	UTC+0000	2019-12-05	02:37:08	UTC+0000	2019-12-05	02:37:08	UTC+0000	prnin003.cat	$FILE_NAME	cat
2019-12-05	02:37:08	UTC+0000	2019-12-05	02:37:08	UTC+0000	2019-12-05	02:37:08	UTC+0000	2019-12-05	02:37:08	UTC+0000	Windows\System32\catroot\{F750E~1\prnin003.cat	$FILE_NAME	cat
2019-12-05	02:37:09	UTC+0000	2019-12-05	02:37:09	UTC+0000	2019-12-05	02:37:09	UTC+0000	2019-12-05	02:37:09	UTC+0000	Windows\System32\catroot\{F750E~1\prnod002.cat	$FILE_NAME	cat
2019-12-05	02:37:09	UTC+0000	2019-12-05	02:37:09	UTC+0000	2019-12-05	02:37:09	UTC+0000	2019-12-05	02:37:09	UTC+0000	prnok002.cat	$FILE_NAME	cat
2019-12-05	02:37:09	UTC+0000	2019-12-05	02:37:09	UTC+0000	2019-12-05	02:37:09	UTC+0000	2019-12-05	02:37:09	UTC+0000	prnok002.cat	$FILE_NAME	cat
2019-12-05	02:37:09	UTC+0000	2019-12-05	02:37:09	UTC+0000	2019-12-05	02:37:09	UTC+0000	2019-12-05	02:37:09	UTC+0000	Windows\System32\catroot\{F750E~1\prnok002.cat	$FILE_NAME	cat
2019-12-05	02:37:09	UTC+0000	2019-12-05	02:37:09	UTC+0000	2019-12-05	02:37:09	UTC+0000	2019-12-05	02:37:09	UTC+0000	prnrc002.cat	$FILE_NAME	cat
2019-12-05	02:37:09	UTC+0000	2019-12-05	02:37:09	UTC+0000	2019-12-05	02:37:09	UTC+0000	2019-12-05	02:37:09	UTC+0000	prnrc002.cat	$FILE_NAME	cat
2019-12-05	02:35:28	UTC+0000	2019-12-05	02:35:28	UTC+0000	2019-12-05	02:35:28	UTC+0000	2019-12-05	02:35:28	UTC+0000	Windows\System32\catroot\{F750E~1\Microsoft-Windows-NetworkDiagnostics-DirectAccessEntry-Package~31bf3856ad364e35~amd64~~6.1.7601.17514.cat	$FILE_NAME	cat
2019-12-05	02:35:28	UTC+0000	2019-12-05	02:35:28	UTC+0000	2019-12-05	02:35:28	UTC+0000	2019-12-05	02:35:28	UTC+0000	Windows\System32\catroot\{F750E~1\MI7AB2~1.CAT	$FILE_NAME	cat
2019-12-05	02:35:28	UTC+0000	2019-12-05	02:35:28	UTC+0000	2019-12-05	02:35:28	UTC+0000	2019-12-05	02:35:28	UTC+0000	Windows\winsxs\Catalogs\A948BB~1.CAT	$FILE_NAME	cat
2019-12-05	02:35:28	UTC+0000	2019-12-05	02:35:28	UTC+0000	2019-12-05	02:35:28	UTC+0000	2019-12-05	02:35:28	UTC+0000	Windows\winsxs\Catalogs\a948bb0c82b24d0450c065d4885f8cc65a00dfdcf551a9655cdaafa7b1295b8d.cat	$FILE_NAME	cat
2019-12-05	02:35:28	UTC+0000	2019-12-05	02:35:28	UTC+0000	2019-12-05	02:35:28	UTC+0000	2019-12-05	02:35:28	UTC+0000	Windows\System32\catroot\{F750E~1\Microsoft-Windows-RemoteFX-VM-Setup-LanguagePack~31bf3856ad364e35~amd64~en-US~6.1.7601.17514.cat	$FILE_NAME	cat
2019-12-05	02:35:28	UTC+0000	2019-12-05	02:35:28	UTC+0000	2019-12-05	02:35:28	UTC+0000	2019-12-05	02:35:28	UTC+0000	Windows\System32\catroot\{F750E~1\MI5B0A~1.CAT	$FILE_NAME	cat
2019-12-05	02:35:28	UTC+0000	2019-12-05	02:35:28	UTC+0000	2019-12-05	02:35:28	UTC+0000	2019-12-05	02:35:28	UTC+0000	Microsoft-Windows-RemoteFX-VM-Setup-LanguagePack~31bf3856ad364e35~amd64~en-US~6.1.7601.17514.cat	$FILE_NAME	cat
2019-12-05	02:35:28	UTC+0000	2019-12-05	02:35:28	UTC+0000	2019-12-05	02:35:28	UTC+0000	2019-12-05	02:35:28	UTC+0000	MI5B0A~1.CAT	$FILE_NAME	cat
2019-12-05	02:35:28	UTC+0000	2019-12-05	02:35:28	UTC+0000	2019-12-05	02:35:28	UTC+0000	2019-12-05	02:35:28	UTC+0000	Windows\winsxs\Catalogs\673BF5~1.CAT	$FILE_NAME	cat
2019-12-05	02:35:28	UTC+0000	2019-12-05	02:35:28	UTC+0000	2019-12-05	02:35:28	UTC+0000	2019-12-05	02:35:28	UTC+0000	Windows\winsxs\Catalogs\673bf54518a56c5e0525c5cb212b871a8b69b4df75fb5108dbd189e50ea26bd3.cat	$FILE_NAME	cat
2019-12-05	02:35:28	UTC+0000	2019-12-05	02:35:28	UTC+0000	2019-12-05	02:35:28	UTC+0000	2019-12-05	02:35:28	UTC+0000	Windows\System32\catroot\{F750E~1\Microsoft-Windows-RemoteFX-VM-Setup-Package~31bf3856ad364e35~amd64~~6.1.7601.17514.cat	$FILE_NAME	cat
2019-12-05	02:35:28	UTC+0000	2019-12-05	02:35:28	UTC+0000	2019-12-05	02:35:28	UTC+0000	2019-12-05	02:35:28	UTC+0000	Windows\System32\catroot\{F750E~1\MI8609~1.CAT	$FILE_NAME	cat
2019-12-05	02:35:28	UTC+0000	2019-12-05	02:35:28	UTC+0000	2019-12-05	02:35:28	UTC+0000	2019-12-05	02:35:28	UTC+0000	Microsoft-Windows-RemoteFX-VM-Setup-Package~31bf3856ad364e35~amd64~~6.1.7601.17514.cat	$FILE_NAME	cat
2019-12-05	02:35:28	UTC+0000	2019-12-05	02:35:28	UTC+0000	2019-12-05	02:35:28	UTC+0000	2019-12-05	02:35:28	UTC+0000	MI8609~1.CAT	$FILE_NAME	cat
2019-12-05	02:35:27	UTC+0000	2019-12-05	02:35:27	UTC+0000	2019-12-05	02:35:27	UTC+0000	2019-12-05	02:35:27	UTC+0000	Windows\System32\catroot\{F750E~1\Microsoft-Windows-Gadget-Platform-Package~31bf3856ad364e35~amd64~en-US~6.1.7601.17514.cat	$FILE_NAME	cat
2019-12-05	02:35:27	UTC+0000	2019-12-05	02:35:27	UTC+0000	2019-12-05	02:35:27	UTC+0000	2019-12-05	02:35:27	UTC+0000	Windows\System32\catroot\{F750E~1\MI6D72~1.CAT	$FILE_NAME	cat
2019-12-05	02:35:27	UTC+0000	2019-12-05	02:35:27	UTC+0000	2019-12-05	02:35:27	UTC+0000	2019-12-05	02:35:27	UTC+0000	Microsoft-Windows-Gadget-Platform-Package~31bf3856ad364e35~amd64~en-US~6.1.7601.17514.cat	$FILE_NAME	cat
2019-12-05	02:35:27	UTC+0000	2019-12-05	02:35:27	UTC+0000	2019-12-05	02:35:27	UTC+0000	2019-12-05	02:35:27	UTC+0000	MI6D72~1.CAT	$FILE_NAME	cat
2019-12-05	02:35:27	UTC+0000	2019-12-05	02:35:27	UTC+0000	2019-12-05	02:35:27	UTC+0000	2019-12-05	02:35:27	UTC+0000	Windows\System32\catroot\{F750E~1\Microsoft-Windows-LocalPack-GB-Package~31bf3856ad364e35~amd64~~6.1.7601.17514.cat	$FILE_NAME	cat
2019-12-05	02:35:27	UTC+0000	2019-12-05	02:35:27	UTC+0000	2019-12-05	02:35:27	UTC+0000	2019-12-05	02:35:27	UTC+0000	Windows\System32\catroot\{F750E~1\MIB435~1.CAT	$FILE_NAME	cat
2019-12-05	02:35:27	UTC+0000	2019-12-05	02:35:27	UTC+0000	2019-12-05	02:35:27	UTC+0000	2019-12-05	02:35:27	UTC+0000	Microsoft-Windows-LocalPack-GB-Package~31bf3856ad364e35~amd64~~6.1.7601.17514.cat	$FILE_NAME	cat
2019-12-05	02:35:27	UTC+0000	2019-12-05	02:35:27	UTC+0000	2019-12-05	02:35:27	UTC+0000	2019-12-05	02:35:27	UTC+0000	MIB435~1.CAT	$FILE_NAME	cat
2019-12-05	02:35:27	UTC+0000	2019-12-05	02:35:27	UTC+0000	2019-12-05	02:35:27	UTC+0000	2019-12-05	02:35:27	UTC+0000	Windows\winsxs\Catalogs\C02BFB~1.CAT	$FILE_NAME	cat
2019-12-05	02:35:27	UTC+0000	2019-12-05	02:35:27	UTC+0000	2019-12-05	02:35:27	UTC+0000	2019-12-05	02:35:27	UTC+0000	Windows\winsxs\Catalogs\c02bfb25b42f0637de699e700f2d48eb42429384559ef5bce7e3a467ef93ebeb.cat	$FILE_NAME	cat
2019-12-05	02:35:28	UTC+0000	2019-12-05	02:35:28	UTC+0000	2019-12-05	02:35:28	UTC+0000	2019-12-05	02:35:28	UTC+0000	Windows\winsxs\Catalogs\79B290~1.CAT	$FILE_NAME	cat
2019-12-05	02:35:28	UTC+0000	2019-12-05	02:35:28	UTC+0000	2019-12-05	02:35:28	UTC+0000	2019-12-05	02:35:28	UTC+0000	Windows\winsxs\Catalogs\79b290911cab678203822f363c03e810aa7d9e5b3a4aeb06fb5e02dfb582da0f.cat	$FILE_NAME	cat
2019-12-05	02:35:28	UTC+0000	2019-12-05	02:35:28	UTC+0000	2019-12-05	02:35:28	UTC+0000	2019-12-05	02:35:28	UTC+0000	Windows\System32\catroot\{F750E~1\Microsoft-Windows-ShareMedia-ControlPanel-Package~31bf3856ad364e35~amd64~en-US~6.1.7601.17514.cat	$FILE_NAME	cat
2019-12-05	02:35:28	UTC+0000	2019-12-05	02:35:28	UTC+0000	2019-12-05	02:35:28	UTC+0000	2019-12-05	02:35:28	UTC+0000	Windows\System32\catroot\{F750E~1\MI1653~1.CAT	$FILE_NAME	cat
2019-12-05	02:35:28	UTC+0000	2019-12-05	02:35:28	UTC+0000	2019-12-05	02:35:28	UTC+0000	2019-12-05	02:35:28	UTC+0000	Microsoft-Windows-ShareMedia-ControlPanel-Package~31bf3856ad364e35~amd64~en-US~6.1.7601.17514.cat	$FILE_NAME	cat
2019-12-05	02:35:28	UTC+0000	2019-12-05	02:35:28	UTC+0000	2019-12-05	02:35:28	UTC+0000	2019-12-05	02:35:28	UTC+0000	MI1653~1.CAT	$FILE_NAME	cat
2019-12-05	02:37:08	UTC+0000	2019-12-05	02:37:08	UTC+0000	2019-12-05	02:37:08	UTC+0000	2019-12-05	02:37:08	UTC+0000	prnca00b.cat	$FILE_NAME	cat
2019-12-05	02:37:08	UTC+0000	2019-12-05	02:37:08	UTC+0000	2019-12-05	02:37:08	UTC+0000	2019-12-05	02:37:08	UTC+0000	prnca00b.cat	$FILE_NAME	cat
2019-12-05	02:37:08	UTC+0000	2019-12-05	02:37:08	UTC+0000	2019-12-05	02:37:08	UTC+0000	2019-12-05	02:37:08	UTC+0000	Windows\System32\catroot\{F750E~1\prnca00b.cat	$FILE_NAME	cat
2019-12-05	02:37:08	UTC+0000	2019-12-05	02:37:08	UTC+0000	2019-12-05	02:37:08	UTC+0000	2019-12-05	02:37:08	UTC+0000	prnca00c.cat	$FILE_NAME	cat
2019-12-05	02:37:08	UTC+0000	2019-12-05	02:37:08	UTC+0000	2019-12-05	02:37:08	UTC+0000	2019-12-05	02:37:08	UTC+0000	prnca00c.cat	$FILE_NAME	cat
2019-12-05	02:37:08	UTC+0000	2019-12-05	02:37:08	UTC+0000	2019-12-05	02:37:08	UTC+0000	2019-12-05	02:37:08	UTC+0000	Windows\System32\catroot\{F750E~1\prnca00c.cat	$FILE_NAME	cat
2019-12-05	02:35:27	UTC+0000	2019-12-05	02:35:27	UTC+0000	2019-12-05	02:35:27	UTC+0000	2019-12-05	02:35:27	UTC+0000	Windows\winsxs\Catalogs\FC2A95~1.CAT	$FILE_NAME	cat
2019-12-05	02:35:27	UTC+0000	2019-12-05	02:35:27	UTC+0000	2019-12-05	02:35:27	UTC+0000	2019-12-05	02:35:27	UTC+0000	Windows\winsxs\Catalogs\fc2a95ac320ac0091f01942e691ba523d8dc8b6c5ef6a1bae465e5e47e2182fb.cat	$FILE_NAME	cat
2019-12-05	02:35:27	UTC+0000	2019-12-05	02:35:27	UTC+0000	2019-12-05	02:35:27	UTC+0000	2019-12-05	02:35:27	UTC+0000	Windows\System32\catroot\{F750E~1\Microsoft-Windows-Help-Customization-Package~31bf3856ad364e35~amd64~en-US~6.1.7601.17514.cat	$FILE_NAME	cat
2019-12-05	02:35:27	UTC+0000	2019-12-05	02:35:27	UTC+0000	2019-12-05	02:35:27	UTC+0000	2019-12-05	02:35:27	UTC+0000	Windows\System32\catroot\{F750E~1\MI0978~1.CAT	$FILE_NAME	cat
2019-12-05	02:35:27	UTC+0000	2019-12-05	02:35:27	UTC+0000	2019-12-05	02:35:27	UTC+0000	2019-12-05	02:35:27	UTC+0000	Microsoft-Windows-Help-Customization-Package~31bf3856ad364e35~amd64~en-US~6.1.7601.17514.cat	$FILE_NAME	cat
2019-12-05	02:35:27	UTC+0000	2019-12-05	02:35:27	UTC+0000	2019-12-05	02:35:27	UTC+0000	2019-12-05	02:35:27	UTC+0000	MI0978~1.CAT	$FILE_NAME	cat
2019-12-05	02:35:28	UTC+0000	2019-12-05	02:35:28	UTC+0000	2019-12-05	02:35:28	UTC+0000	2019-12-05	02:35:28	UTC+0000	Windows\System32\catroot\{F750E~1\Microsoft-Windows-SimpleTCP-Package~31bf3856ad364e35~amd64~~6.1.7601.17514.cat	$FILE_NAME	cat
2019-12-05	02:35:28	UTC+0000	2019-12-05	02:35:28	UTC+0000	2019-12-05	02:35:28	UTC+0000	2019-12-05	02:35:28	UTC+0000	Windows\System32\catroot\{F750E~1\MIC4BA~1.CAT	$FILE_NAME	cat
2019-12-05	02:35:28	UTC+0000	2019-12-05	02:35:28	UTC+0000	2019-12-05	02:35:28	UTC+0000	2019-12-05	02:35:28	UTC+0000	Microsoft-Windows-SimpleTCP-Package~31bf3856ad364e35~amd64~~6.1.7601.17514.cat	$FILE_NAME	cat
2019-12-05	02:35:28	UTC+0000	2019-12-05	02:35:28	UTC+0000	2019-12-05	02:35:28	UTC+0000	2019-12-05	02:35:28	UTC+0000	MIC4BA~1.CAT	$FILE_NAME	cat
2019-12-05	02:37:09	UTC+0000	2019-12-05	02:37:09	UTC+0000	2019-12-05	02:37:09	UTC+0000	2019-12-05	02:37:09	UTC+0000	Windows\System32\catroot\{F750E~1\prnts003.cat	$FILE_NAME	cat
2019-12-05	02:37:09	UTC+0000	2019-12-05	02:37:09	UTC+0000	2019-12-05	02:37:09	UTC+0000	2019-12-05	02:37:09	UTC+0000	prnxx002.cat	$FILE_NAME	cat
2019-12-05	02:37:09	UTC+0000	2019-12-05	02:37:09	UTC+0000	2019-12-05	02:37:09	UTC+0000	2019-12-05	02:37:09	UTC+0000	prnxx002.cat	$FILE_NAME	cat
2019-12-05	02:37:09	UTC+0000	2019-12-05	02:37:09	UTC+0000	2019-12-05	02:37:09	UTC+0000	2019-12-05	02:37:09	UTC+0000	Windows\System32\catroot\{F750E~1\prnxx002.cat	$FILE_NAME	cat
2019-12-05	02:37:09	UTC+0000	2019-12-05	02:37:09	UTC+0000	2019-12-05	02:37:09	UTC+0000	2019-12-05	02:37:09	UTC+0000	Windows\System32\catroot\{F750E~1\WINDOW~1.CAT	$FILE_NAME	cat
2019-12-05	02:37:09	UTC+0000	2019-12-05	02:37:09	UTC+0000	2019-12-05	02:37:09	UTC+0000	2019-12-05	02:37:09	UTC+0000	Windows\System32\catroot\{F750E~1\windows-legacy-whql.cat	$FILE_NAME	cat
2019-12-05	02:37:08	UTC+0000	2019-12-05	02:37:08	UTC+0000	2019-12-05	02:37:08	UTC+0000	2019-12-05	02:37:08	UTC+0000	Windows\System32\catroot\{F750E~1\nt5.cat	$FILE_NAME	cat
2019-12-05	02:37:08	UTC+0000	2019-12-05	02:37:08	UTC+0000	2019-12-05	02:37:08	UTC+0000	2019-12-05	02:37:08	UTC+0000	Windows\System32\catroot\{F750E~1\ntexe.cat	$FILE_NAME	cat
2019-12-05	02:37:08	UTC+0000	2019-12-05	02:37:08	UTC+0000	2019-12-05	02:37:08	UTC+0000	2019-12-05	02:37:08	UTC+0000	Windows\System32\catroot\{F750E~1\ntpe.cat	$FILE_NAME	cat
2019-12-05	02:35:28	UTC+0000	2019-12-05	02:35:28	UTC+0000	2019-12-05	02:35:28	UTC+0000	2019-12-05	02:35:28	UTC+0000	Windows\System32\catroot\{F750E~1\Microsoft-Windows-SampleContent-Music-Package~31bf3856ad364e35~amd64~~6.1.7601.17514.cat	$FILE_NAME	cat
2019-12-05	02:35:28	UTC+0000	2019-12-05	02:35:28	UTC+0000	2019-12-05	02:35:28	UTC+0000	2019-12-05	02:35:28	UTC+0000	Windows\System32\catroot\{F750E~1\MI4526~1.CAT	$FILE_NAME	cat
2019-12-05	02:35:28	UTC+0000	2019-12-05	02:35:28	UTC+0000	2019-12-05	02:35:28	UTC+0000	2019-12-05	02:35:28	UTC+0000	Microsoft-Windows-SampleContent-Music-Package~31bf3856ad364e35~amd64~~6.1.7601.17514.cat	$FILE_NAME	cat
2019-12-05	02:35:28	UTC+0000	2019-12-05	02:35:28	UTC+0000	2019-12-05	02:35:28	UTC+0000	2019-12-05	02:35:28	UTC+0000	MI4526~1.CAT	$FILE_NAME	cat
2019-12-05	02:35:28	UTC+0000	2019-12-05	02:35:28	UTC+0000	2019-12-05	02:35:28	UTC+0000	2019-12-05	02:35:28	UTC+0000	Windows\winsxs\Catalogs\402447~1.CAT	$FILE_NAME	cat
2019-12-05	02:35:28	UTC+0000	2019-12-05	02:35:28	UTC+0000	2019-12-05	02:35:28	UTC+0000	2019-12-05	02:35:28	UTC+0000	Windows\winsxs\Catalogs\402447a3eac99f7ec1e2893b5cb31cb309b3843312b492e3c0b0656a7c9d5ee9.cat	$FILE_NAME	cat
2019-12-05	02:35:28	UTC+0000	2019-12-05	02:35:28	UTC+0000	2019-12-05	02:35:28	UTC+0000	2019-12-05	02:35:28	UTC+0000	Windows\System32\catroot\{F750E~1\Microsoft-Windows-TerminalServices-CommandLineTools-Package~31bf3856ad364e35~amd64~en-US~6.1.7601.17514.cat	$FILE_NAME	cat
2019-12-05	02:35:28	UTC+0000	2019-12-05	02:35:28	UTC+0000	2019-12-05	02:35:28	UTC+0000	2019-12-05	02:35:28	UTC+0000	Windows\System32\catroot\{F750E~1\MIE20C~1.CAT	$FILE_NAME	cat
2019-12-05	02:35:28	UTC+0000	2019-12-05	02:35:28	UTC+0000	2019-12-05	02:35:28	UTC+0000	2019-12-05	02:35:28	UTC+0000	Windows\System32\catroot\{F750E~1\Microsoft-Windows-PeerDist-Client-Package~31bf3856ad364e35~amd64~~6.1.7601.17514.cat	$FILE_NAME	cat
2019-12-05	02:35:28	UTC+0000	2019-12-05	02:35:28	UTC+0000	2019-12-05	02:35:28	UTC+0000	2019-12-05	02:35:28	UTC+0000	Windows\System32\catroot\{F750E~1\MIE1D2~1.CAT	$FILE_NAME	cat
2019-12-05	02:35:28	UTC+0000	2019-12-05	02:35:28	UTC+0000	2019-12-05	02:35:28	UTC+0000	2019-12-05	02:35:28	UTC+0000	Microsoft-Windows-PeerDist-Client-Package~31bf3856ad364e35~amd64~~6.1.7601.17514.cat	$FILE_NAME	cat
2019-12-05	02:35:28	UTC+0000	2019-12-05	02:35:28	UTC+0000	2019-12-05	02:35:28	UTC+0000	2019-12-05	02:35:28	UTC+0000	MIE1D2~1.CAT	$FILE_NAME	cat
2019-12-05	02:37:09	UTC+0000	2019-12-05	02:37:09	UTC+0000	2019-12-05	02:37:09	UTC+0000	2019-12-05	02:37:09	UTC+0000	prnle003.cat	$FILE_NAME	cat
2019-12-05	02:37:09	UTC+0000	2019-12-05	02:37:09	UTC+0000	2019-12-05	02:37:09	UTC+0000	2019-12-05	02:37:09	UTC+0000	prnle003.cat	$FILE_NAME	cat
2019-12-05	02:37:09	UTC+0000	2019-12-05	02:37:09	UTC+0000	2019-12-05	02:37:09	UTC+0000	2019-12-05	02:37:09	UTC+0000	Windows\System32\catroot\{F750E~1\prnle003.cat	$FILE_NAME	cat
2019-12-05	02:37:09	UTC+0000	2019-12-05	02:37:09	UTC+0000	2019-12-05	02:37:09	UTC+0000	2019-12-05	02:37:09	UTC+0000	prnle004.cat	$FILE_NAME	cat
2019-12-05	02:37:09	UTC+0000	2019-12-05	02:37:09	UTC+0000	2019-12-05	02:37:09	UTC+0000	2019-12-05	02:37:09	UTC+0000	prnle004.cat	$FILE_NAME	cat
2019-12-05	02:37:09	UTC+0000	2019-12-05	02:37:09	UTC+0000	2019-12-05	02:37:09	UTC+0000	2019-12-05	02:37:09	UTC+0000	Windows\System32\catroot\{F750E~1\prnle004.cat	$FILE_NAME	cat
2019-12-05	02:35:28	UTC+0000	2019-12-05	02:35:28	UTC+0000	2019-12-05	02:35:28	UTC+0000	2019-12-05	02:35:28	UTC+0000	Windows\System32\catroot\{F750E~1\Microsoft-Windows-Printer-Drivers-Package~31bf3856ad364e35~amd64~~6.1.7601.17514.cat	$FILE_NAME	cat
2019-12-05	02:35:28	UTC+0000	2019-12-05	02:35:28	UTC+0000	2019-12-05	02:35:28	UTC+0000	2019-12-05	02:35:28	UTC+0000	Windows\System32\catroot\{F750E~1\MI120E~1.CAT	$FILE_NAME	cat
2019-12-05	02:37:09	UTC+0000	2019-12-05	02:37:09	UTC+0000	2019-12-05	02:37:09	UTC+0000	2019-12-05	02:37:09	UTC+0000	Windows\System32\catroot\{F750E~1\prnnr003.cat	$FILE_NAME	cat
2019-12-05	02:37:09	UTC+0000	2019-12-05	02:37:09	UTC+0000	2019-12-05	02:37:09	UTC+0000	2019-12-05	02:37:09	UTC+0000	prnnr004.cat	$FILE_NAME	cat
2019-12-05	02:37:09	UTC+0000	2019-12-05	02:37:09	UTC+0000	2019-12-05	02:37:09	UTC+0000	2019-12-05	02:37:09	UTC+0000	prnnr004.cat	$FILE_NAME	cat
2019-12-05	02:37:09	UTC+0000	2019-12-05	02:37:09	UTC+0000	2019-12-05	02:37:09	UTC+0000	2019-12-05	02:37:09	UTC+0000	Windows\System32\catroot\{F750E~1\prnnr004.cat	$FILE_NAME	cat
2019-12-05	02:37:09	UTC+0000	2019-12-05	02:37:09	UTC+0000	2019-12-05	02:37:09	UTC+0000	2019-12-05	02:37:09	UTC+0000	prnod002.cat	$FILE_NAME	cat
2019-12-05	02:37:09	UTC+0000	2019-12-05	02:37:09	UTC+0000	2019-12-05	02:37:09	UTC+0000	2019-12-05	02:37:09	UTC+0000	prnod002.cat	$FILE_NAME	cat
2019-12-05	02:35:28	UTC+0000	2019-12-05	02:35:28	UTC+0000	2019-12-05	02:35:28	UTC+0000	2019-12-05	02:35:28	UTC+0000	Windows\System32\catroot\{F750E~1\Microsoft-Windows-Tuner-Drivers-Package~31bf3856ad364e35~amd64~~6.1.7601.17514.cat	$FILE_NAME	cat
2019-12-05	02:35:28	UTC+0000	2019-12-05	02:35:28	UTC+0000	2019-12-05	02:35:28	UTC+0000	2019-12-05	02:35:28	UTC+0000	Windows\System32\catroot\{F750E~1\MIA01C~1.CAT	$FILE_NAME	cat
2019-12-05	02:35:28	UTC+0000	2019-12-05	02:35:28	UTC+0000	2019-12-05	02:35:28	UTC+0000	2019-12-05	02:35:28	UTC+0000	Microsoft-Windows-Tuner-Drivers-Package~31bf3856ad364e35~amd64~~6.1.7601.17514.cat	$FILE_NAME	cat
2019-12-05	02:35:28	UTC+0000	2019-12-05	02:35:28	UTC+0000	2019-12-05	02:35:28	UTC+0000	2019-12-05	02:35:28	UTC+0000	MIA01C~1.CAT	$FILE_NAME	cat
2019-12-05	02:35:28	UTC+0000	2019-12-05	02:35:28	UTC+0000	2019-12-05	02:35:28	UTC+0000	2019-12-05	02:35:28	UTC+0000	Windows\System32\catroot\{F750E~1\Microsoft-Windows-UltimateEdition-wrapper~31bf3856ad364e35~amd64~~6.1.7601.17514.cat	$FILE_NAME	cat
2019-12-05	02:35:28	UTC+0000	2019-12-05	02:35:28	UTC+0000	2019-12-05	02:35:28	UTC+0000	2019-12-05	02:35:28	UTC+0000	Windows\System32\catroot\{F750E~1\MIB0A2~1.CAT	$FILE_NAME	cat
2019-12-05	02:35:28	UTC+0000	2019-12-05	02:35:28	UTC+0000	2019-12-05	02:35:28	UTC+0000	2019-12-05	02:35:28	UTC+0000	Windows\System32\catroot\{F750E~1\Microsoft-Windows-MobilePC-Client-Basic-Package~31bf3856ad364e35~amd64~en-US~6.1.7601.17514.cat	$FILE_NAME	cat
2019-12-05	02:35:28	UTC+0000	2019-12-05	02:35:28	UTC+0000	2019-12-05	02:35:28	UTC+0000	2019-12-05	02:35:28	UTC+0000	Windows\System32\catroot\{F750E~1\MIE5BD~1.CAT	$FILE_NAME	cat
2019-12-05	02:35:28	UTC+0000	2019-12-05	02:35:28	UTC+0000	2019-12-05	02:35:28	UTC+0000	2019-12-05	02:35:28	UTC+0000	Microsoft-Windows-MobilePC-Client-Basic-Package~31bf3856ad364e35~amd64~en-US~6.1.7601.17514.cat	$FILE_NAME	cat
2019-12-05	02:35:28	UTC+0000	2019-12-05	02:35:28	UTC+0000	2019-12-05	02:35:28	UTC+0000	2019-12-05	02:35:28	UTC+0000	MIE5BD~1.CAT	$FILE_NAME	cat
2019-12-05	02:37:08	UTC+0000	2019-12-05	02:37:08	UTC+0000	2019-12-05	02:37:08	UTC+0000	2019-12-05	02:37:08	UTC+0000	prnca00z.cat	$FILE_NAME	cat
2019-12-05	02:37:08	UTC+0000	2019-12-05	02:37:08	UTC+0000	2019-12-05	02:37:08	UTC+0000	2019-12-05	02:37:08	UTC+0000	prnca00z.cat	$FILE_NAME	cat
2019-12-05	02:37:08	UTC+0000	2019-12-05	02:37:08	UTC+0000	2019-12-05	02:37:08	UTC+0000	2019-12-05	02:37:08	UTC+0000	Windows\System32\catroot\{F750E~1\prnca00z.cat	$FILE_NAME	cat
2019-12-05	02:37:08	UTC+0000	2019-12-05	02:37:08	UTC+0000	2019-12-05	02:37:08	UTC+0000	2019-12-05	02:37:08	UTC+0000	PRNEP002.CAT	$FILE_NAME	cat
2019-12-05	02:37:08	UTC+0000	2019-12-05	02:37:08	UTC+0000	2019-12-05	02:37:08	UTC+0000	2019-12-05	02:37:08	UTC+0000	PRNEP002.CAT	$FILE_NAME	cat
2019-12-05	02:37:08	UTC+0000	2019-12-05	02:37:08	UTC+0000	2019-12-05	02:37:08	UTC+0000	2019-12-05	02:37:08	UTC+0000	Windows\System32\catroot\{F750E~1\prnep002.cat	$FILE_NAME	cat
2019-12-05	02:35:28	UTC+0000	2019-12-05	02:35:28	UTC+0000	2019-12-05	02:35:28	UTC+0000	2019-12-05	02:35:28	UTC+0000	Windows\System32\catroot\{F750E~1\Microsoft-Windows-StickyNotes-Package~31bf3856ad364e35~amd64~~6.1.7601.17514.cat	$FILE_NAME	cat
2019-12-05	02:35:28	UTC+0000	2019-12-05	02:35:28	UTC+0000	2019-12-05	02:35:28	UTC+0000	2019-12-05	02:35:28	UTC+0000	Windows\System32\catroot\{F750E~1\MI8B91~1.CAT	$FILE_NAME	cat
2019-12-05	02:35:28	UTC+0000	2019-12-05	02:35:28	UTC+0000	2019-12-05	02:35:28	UTC+0000	2019-12-05	02:35:28	UTC+0000	Microsoft-Windows-StickyNotes-Package~31bf3856ad364e35~amd64~~6.1.7601.17514.cat	$FILE_NAME	cat
2019-12-05	02:35:28	UTC+0000	2019-12-05	02:35:28	UTC+0000	2019-12-05	02:35:28	UTC+0000	2019-12-05	02:35:28	UTC+0000	MI8B91~1.CAT	$FILE_NAME	cat
2019-12-05	02:35:28	UTC+0000	2019-12-05	02:35:28	UTC+0000	2019-12-05	02:35:28	UTC+0000	2019-12-05	02:35:28	UTC+0000	Windows\winsxs\Catalogs\93BC64~1.CAT	$FILE_NAME	cat
2019-12-05	02:35:28	UTC+0000	2019-12-05	02:35:28	UTC+0000	2019-12-05	02:35:28	UTC+0000	2019-12-05	02:35:28	UTC+0000	Windows\winsxs\Catalogs\93bc646ff13b389d5031f626cfa9b98f9668b30fac6cc564eda3262590c48500.cat	$FILE_NAME	cat
2019-12-05	02:35:28	UTC+0000	2019-12-05	02:35:28	UTC+0000	2019-12-05	02:35:28	UTC+0000	2019-12-05	02:35:28	UTC+0000	Windows\System32\catroot\{F750E~1\MIC02C~1.CAT	$FILE_NAME	cat
2019-12-05	02:35:28	UTC+0000	2019-12-05	02:35:28	UTC+0000	2019-12-05	02:35:28	UTC+0000	2019-12-05	02:35:28	UTC+0000	Windows\System32\catroot\{F750E~1\Microsoft-Windows-WMI-SNMP-Provider-Package~31bf3856ad364e35~amd64~~6.1.7601.17514.cat	$FILE_NAME	cat
2019-12-05	02:35:28	UTC+0000	2019-12-05	02:35:28	UTC+0000	2019-12-05	02:35:28	UTC+0000	2019-12-05	02:35:28	UTC+0000	MIC02C~1.CAT	$FILE_NAME	cat
2019-12-05	02:35:28	UTC+0000	2019-12-05	02:35:28	UTC+0000	2019-12-05	02:35:28	UTC+0000	2019-12-05	02:35:28	UTC+0000	Microsoft-Windows-WMI-SNMP-Provider-Package~31bf3856ad364e35~amd64~~6.1.7601.17514.cat	$FILE_NAME	cat
2019-12-05	02:35:28	UTC+0000	2019-12-05	02:35:28	UTC+0000	2019-12-05	02:35:28	UTC+0000	2019-12-05	02:35:28	UTC+0000	Windows\System32\catroot\{F750E~1\Microsoft-Windows-Telnet-Server-Package~31bf3856ad364e35~amd64~~6.1.7601.17514.cat	$FILE_NAME	cat
2019-12-05	02:35:28	UTC+0000	2019-12-05	02:35:28	UTC+0000	2019-12-05	02:35:28	UTC+0000	2019-12-05	02:35:28	UTC+0000	Windows\System32\catroot\{F750E~1\MICD91~1.CAT	$FILE_NAME	cat
2019-12-05	02:35:28	UTC+0000	2019-12-05	02:35:28	UTC+0000	2019-12-05	02:35:28	UTC+0000	2019-12-05	02:35:28	UTC+0000	Microsoft-Windows-Telnet-Server-Package~31bf3856ad364e35~amd64~~6.1.7601.17514.cat	$FILE_NAME	cat
2019-12-05	02:35:28	UTC+0000	2019-12-05	02:35:28	UTC+0000	2019-12-05	02:35:28	UTC+0000	2019-12-05	02:35:28	UTC+0000	MICD91~1.CAT	$FILE_NAME	cat
2019-12-05	02:35:28	UTC+0000	2019-12-05	02:35:28	UTC+0000	2019-12-05	02:35:28	UTC+0000	2019-12-05	02:35:28	UTC+0000	Windows\System32\catroot\{F750E~1\PA800E~1.CAT	$FILE_NAME	cat
2019-12-05	02:35:28	UTC+0000	2019-12-05	02:35:28	UTC+0000	2019-12-05	02:35:28	UTC+0000	2019-12-05	02:35:28	UTC+0000	Windows\System32\catroot\{F750E~1\Package_for_KB976933~31bf3856ad364e35~amd64~de-DE~6.1.7601.17514.cat	$FILE_NAME	cat
2019-12-05	02:35:28	UTC+0000	2019-12-05	02:35:28	UTC+0000	2019-12-05	02:35:28	UTC+0000	2019-12-05	02:35:28	UTC+0000	PA800E~1.CAT	$FILE_NAME	cat
2019-12-05	02:35:28	UTC+0000	2019-12-05	02:35:28	UTC+0000	2019-12-05	02:35:28	UTC+0000	2019-12-05	02:35:28	UTC+0000	Package_for_KB976933~31bf3856ad364e35~amd64~de-DE~6.1.7601.17514.cat	$FILE_NAME	cat
2019-12-05	02:37:09	UTC+0000	2019-12-05	02:37:09	UTC+0000	2019-12-05	02:37:09	UTC+0000	2019-12-05	02:37:09	UTC+0000	prnlx00c.cat	$FILE_NAME	cat
2019-12-05	02:37:09	UTC+0000	2019-12-05	02:37:09	UTC+0000	2019-12-05	02:37:09	UTC+0000	2019-12-05	02:37:09	UTC+0000	prnlx00c.cat	$FILE_NAME	cat
2019-12-05	02:37:09	UTC+0000	2019-12-05	02:37:09	UTC+0000	2019-12-05	02:37:09	UTC+0000	2019-12-05	02:37:09	UTC+0000	Windows\System32\catroot\{F750E~1\prnlx00c.cat	$FILE_NAME	cat
2019-12-05	02:37:09	UTC+0000	2019-12-05	02:37:09	UTC+0000	2019-12-05	02:37:09	UTC+0000	2019-12-05	02:37:09	UTC+0000	prnlx00d.cat	$FILE_NAME	cat
2019-12-05	02:37:09	UTC+0000	2019-12-05	02:37:09	UTC+0000	2019-12-05	02:37:09	UTC+0000	2019-12-05	02:37:09	UTC+0000	prnlx00d.cat	$FILE_NAME	cat
2019-12-05	02:37:09	UTC+0000	2019-12-05	02:37:09	UTC+0000	2019-12-05	02:37:09	UTC+0000	2019-12-05	02:37:09	UTC+0000	Windows\System32\catroot\{F750E~1\prnlx00d.cat	$FILE_NAME	cat
2019-12-05	02:35:28	UTC+0000	2019-12-05	02:35:28	UTC+0000	2019-12-05	02:35:28	UTC+0000	2019-12-05	02:35:28	UTC+0000	Windows\winsxs\Catalogs\771C51~1.CAT	$FILE_NAME	cat
2019-12-05	02:35:28	UTC+0000	2019-12-05	02:35:28	UTC+0000	2019-12-05	02:35:28	UTC+0000	2019-12-05	02:35:28	UTC+0000	Windows\winsxs\Catalogs\771c510f8f97623a33d17a697e7d616a32e89fea684ed8de7a540fc5a64a7460.cat	$FILE_NAME	cat
2019-12-05	02:35:28	UTC+0000	2019-12-05	02:35:28	UTC+0000	2019-12-05	02:35:28	UTC+0000	2019-12-05	02:35:28	UTC+0000	Windows\System32\catroot\{F750E~1\Microsoft-Windows-TerminalServices-UsbRedirector-Package~31bf3856ad364e35~amd64~en-US~6.1.7601.17514.cat	$FILE_NAME	cat
2019-12-05	02:35:28	UTC+0000	2019-12-05	02:35:28	UTC+0000	2019-12-05	02:35:28	UTC+0000	2019-12-05	02:35:28	UTC+0000	Windows\System32\catroot\{F750E~1\MIE1BE~1.CAT	$FILE_NAME	cat
2019-12-05	02:37:08	UTC+0000	2019-12-05	02:37:08	UTC+0000	2019-12-05	02:37:08	UTC+0000	2019-12-05	02:37:08	UTC+0000	prnbr005.cat	$FILE_NAME	cat
2019-12-05	02:37:08	UTC+0000	2019-12-05	02:37:08	UTC+0000	2019-12-05	02:37:08	UTC+0000	2019-12-05	02:37:08	UTC+0000	prnbr005.cat	$FILE_NAME	cat
2019-12-05	02:37:08	UTC+0000	2019-12-05	02:37:08	UTC+0000	2019-12-05	02:37:08	UTC+0000	2019-12-05	02:37:08	UTC+0000	Windows\System32\catroot\{F750E~1\prnbr005.cat	$FILE_NAME	cat
2019-12-05	02:37:08	UTC+0000	2019-12-05	02:37:08	UTC+0000	2019-12-05	02:37:08	UTC+0000	2019-12-05	02:37:08	UTC+0000	prnbr006.cat	$FILE_NAME	cat
2019-12-05	02:37:08	UTC+0000	2019-12-05	02:37:08	UTC+0000	2019-12-05	02:37:08	UTC+0000	2019-12-05	02:37:08	UTC+0000	prnbr006.cat	$FILE_NAME	cat
2019-12-05	02:37:08	UTC+0000	2019-12-05	02:37:08	UTC+0000	2019-12-05	02:37:08	UTC+0000	2019-12-05	02:37:08	UTC+0000	Windows\System32\catroot\{F750E~1\prnbr006.cat	$FILE_NAME	cat
2019-12-05	02:35:28	UTC+0000	2019-12-05	02:35:28	UTC+0000	2019-12-05	02:35:28	UTC+0000	2019-12-05	02:35:28	UTC+0000	Windows\System32\catroot\{F750E~1\Microsoft-Windows-Shell-InboxGames-Package~31bf3856ad364e35~amd64~~6.1.7601.17514.cat	$FILE_NAME	cat
2019-12-05	02:35:28	UTC+0000	2019-12-05	02:35:28	UTC+0000	2019-12-05	02:35:28	UTC+0000	2019-12-05	02:35:28	UTC+0000	Windows\System32\catroot\{F750E~1\MI468A~1.CAT	$FILE_NAME	cat
