2019-12-05	02:35:28	UTC+0000	2019-12-05	02:35:28	UTC+0000	2019-12-05	02:35:28	UTC+0000	2019-12-05	02:35:28	UTC+0000	Microsoft-Windows-Shell-InboxGames-Package~31bf3856ad364e35~amd64~~6.1.7601.17514.cat	$FILE_NAME	cat
2019-12-05	02:35:28	UTC+0000	2019-12-05	02:35:28	UTC+0000	2019-12-05	02:35:28	UTC+0000	2019-12-05	02:35:28	UTC+0000	MI468A~1.CAT	$FILE_NAME	cat
2019-12-05	02:35:28	UTC+0000	2019-12-05	02:35:28	UTC+0000	2019-12-05	02:35:28	UTC+0000	2019-12-05	02:35:28	UTC+0000	Windows\System32\catroot\{F750E~1\MI9D91~1.CAT	$FILE_NAME	cat
2019-12-05	02:35:28	UTC+0000	2019-12-05	02:35:28	UTC+0000	2019-12-05	02:35:28	UTC+0000	2019-12-05	02:35:28	UTC+0000	Windows\System32\catroot\{F750E~1\Microsoft-Windows-VirtualXP-Licensing-Package~31bf3856ad364e35~amd64~~6.1.7601.17514.cat	$FILE_NAME	cat
2019-12-05	02:35:28	UTC+0000	2019-12-05	02:35:28	UTC+0000	2019-12-05	02:35:28	UTC+0000	2019-12-05	02:35:28	UTC+0000	MI9D91~1.CAT	$FILE_NAME	cat
2019-12-05	02:35:28	UTC+0000	2019-12-05	02:35:28	UTC+0000	2019-12-05	02:35:28	UTC+0000	2019-12-05	02:35:28	UTC+0000	Microsoft-Windows-VirtualXP-Licensing-Package~31bf3856ad364e35~amd64~~6.1.7601.17514.cat	$FILE_NAME	cat
2019-12-05	02:35:28	UTC+0000	2019-12-05	02:35:28	UTC+0000	2019-12-05	02:35:28	UTC+0000	2019-12-05	02:35:28	UTC+0000	Windows\winsxs\Catalogs\F249C7~1.CAT	$FILE_NAME	cat
2019-12-05	02:35:28	UTC+0000	2019-12-05	02:35:28	UTC+0000	2019-12-05	02:35:28	UTC+0000	2019-12-05	02:35:28	UTC+0000	Windows\winsxs\Catalogs\f249c7fff4d054eee1165d56518828859fd411194217f9462ea25915301850e5.cat	$FILE_NAME	cat
2019-12-05	02:35:28	UTC+0000	2019-12-05	02:35:28	UTC+0000	2019-12-05	02:35:28	UTC+0000	2019-12-05	02:35:28	UTC+0000	Windows\System32\catroot\{F750E~1\Microsoft-Windows-RecDisc-SDP-Package~31bf3856ad364e35~amd64~en-US~6.1.7601.17514.cat	$FILE_NAME	cat
2019-12-05	02:35:28	UTC+0000	2019-12-05	02:35:28	UTC+0000	2019-12-05	02:35:28	UTC+0000	2019-12-05	02:35:28	UTC+0000	Windows\System32\catroot\{F750E~1\MI1EDB~1.CAT	$FILE_NAME	cat
2019-12-05	02:35:28	UTC+0000	2019-12-05	02:35:28	UTC+0000	2019-12-05	02:35:28	UTC+0000	2019-12-05	02:35:28	UTC+0000	Microsoft-Windows-RecDisc-SDP-Package~31bf3856ad364e35~amd64~en-US~6.1.7601.17514.cat	$FILE_NAME	cat
2019-12-05	02:35:28	UTC+0000	2019-12-05	02:35:28	UTC+0000	2019-12-05	02:35:28	UTC+0000	2019-12-05	02:35:28	UTC+0000	MI1EDB~1.CAT	$FILE_NAME	cat
2019-12-10	10:31:01	UTC+0000	2019-12-10	10:31:01	UTC+0000	2019-12-10	10:31:01	UTC+0000	2019-12-10	10:31:01	UTC+0000	WU17BA~1.CAT	$FILE_NAME	cat
2019-12-10	10:31:01	UTC+0000	2019-12-10	10:31:01	UTC+0000	2019-12-10	10:31:01	UTC+0000	2019-12-10	10:31:01	UTC+0000	WUClient-SelfUpdate-Core-MiniLP~31bf3856ad364e35~amd64~en-US~7.6.7600.320.cat	$FILE_NAME	cat
2019-12-10	10:31:01	UTC+0000	2019-12-10	10:31:01	UTC+0000	2019-12-10	10:31:01	UTC+0000	2019-12-10	10:31:01	UTC+0000	Windows\System32\catroot\{F750E~1\WU17BA~1.CAT	$FILE_NAME	cat
2019-12-10	10:31:01	UTC+0000	2019-12-10	10:31:01	UTC+0000	2019-12-10	10:31:01	UTC+0000	2019-12-10	10:31:01	UTC+0000	Windows\System32\catroot\{F750E~1\WUClient-SelfUpdate-Core-MiniLP~31bf3856ad364e35~amd64~en-US~7.6.7600.320.cat	$FILE_NAME	cat
2019-12-10	10:31:02	UTC+0000	2019-12-10	10:31:02	UTC+0000	2019-12-10	10:31:02	UTC+0000	2019-12-10	10:31:02	UTC+0000	WUDD42~1.CAT	$FILE_NAME	cat
2019-12-10	10:31:02	UTC+0000	2019-12-10	10:31:02	UTC+0000	2019-12-10	10:31:02	UTC+0000	2019-12-10	10:31:02	UTC+0000	WUClient-SelfUpdate-Core~31bf3856ad364e35~amd64~en-US~7.6.7600.320.cat	$FILE_NAME	cat
2019-12-05	02:35:27	UTC+0000	2019-12-05	02:35:27	UTC+0000	2019-12-05	02:35:27	UTC+0000	2019-12-05	02:35:27	UTC+0000	Windows\winsxs\Catalogs\30A980~1.CAT	$FILE_NAME	cat
2019-12-05	02:35:27	UTC+0000	2019-12-05	02:35:27	UTC+0000	2019-12-05	02:35:27	UTC+0000	2019-12-05	02:35:27	UTC+0000	Windows\winsxs\Catalogs\30a980ee125c58f9ea30d8f49e4614c560d908d26da45e13602e0a5bcc867381.cat	$FILE_NAME	cat
2019-12-05	02:35:27	UTC+0000	2019-12-05	02:35:27	UTC+0000	2019-12-05	02:35:27	UTC+0000	2019-12-05	02:35:27	UTC+0000	Windows\System32\catroot\{F750E~1\Microsoft-Windows-CodecPack-Basic-Package~31bf3856ad364e35~amd64~en-US~6.1.7601.17514.cat	$FILE_NAME	cat
2019-12-05	02:35:27	UTC+0000	2019-12-05	02:35:27	UTC+0000	2019-12-05	02:35:27	UTC+0000	2019-12-05	02:35:27	UTC+0000	Windows\System32\catroot\{F750E~1\MIC384~1.CAT	$FILE_NAME	cat
2019-12-05	02:35:27	UTC+0000	2019-12-05	02:35:27	UTC+0000	2019-12-05	02:35:27	UTC+0000	2019-12-05	02:35:27	UTC+0000	Microsoft-Windows-CodecPack-Basic-Package~31bf3856ad364e35~amd64~en-US~6.1.7601.17514.cat	$FILE_NAME	cat
2019-12-05	02:35:27	UTC+0000	2019-12-05	02:35:27	UTC+0000	2019-12-05	02:35:27	UTC+0000	2019-12-05	02:35:27	UTC+0000	MIC384~1.CAT	$FILE_NAME	cat
2019-12-05	02:35:27	UTC+0000	2019-12-05	02:35:27	UTC+0000	2019-12-05	02:35:27	UTC+0000	2019-12-05	02:35:27	UTC+0000	Windows\System32\catroot\{F750E~1\Microsoft-Windows-InternetExplorer-Optional-Package-wrapper~31bf3856ad364e35~amd64~en-US~6.1.7601.17514.cat	$FILE_NAME	cat
2019-12-05	02:35:27	UTC+0000	2019-12-05	02:35:27	UTC+0000	2019-12-05	02:35:27	UTC+0000	2019-12-05	02:35:27	UTC+0000	Windows\System32\catroot\{F750E~1\MIF0E7~1.CAT	$FILE_NAME	cat
2019-12-05	02:35:27	UTC+0000	2019-12-05	02:35:27	UTC+0000	2019-12-05	02:35:27	UTC+0000	2019-12-05	02:35:27	UTC+0000	Microsoft-Windows-InternetExplorer-Optional-Package-wrapper~31bf3856ad364e35~amd64~en-US~6.1.7601.17514.cat	$FILE_NAME	cat
2019-12-05	02:35:27	UTC+0000	2019-12-05	02:35:27	UTC+0000	2019-12-05	02:35:27	UTC+0000	2019-12-05	02:35:27	UTC+0000	MIF0E7~1.CAT	$FILE_NAME	cat
2019-12-05	02:35:28	UTC+0000	2019-12-05	02:35:28	UTC+0000	2019-12-05	02:35:28	UTC+0000	2019-12-05	02:35:28	UTC+0000	Windows\winsxs\Catalogs\609E27~1.CAT	$FILE_NAME	cat
2019-12-05	02:35:28	UTC+0000	2019-12-05	02:35:28	UTC+0000	2019-12-05	02:35:28	UTC+0000	2019-12-05	02:35:28	UTC+0000	Windows\winsxs\Catalogs\609e27848c4388740f3aa884ed6e7ed4c7c6c89da220ac003a8be6106d6ce3cc.cat	$FILE_NAME	cat
2019-12-05	02:35:28	UTC+0000	2019-12-05	02:35:28	UTC+0000	2019-12-05	02:35:28	UTC+0000	2019-12-05	02:35:28	UTC+0000	Windows\System32\catroot\{F750E~1\Microsoft-Windows-TerminalServices-CommandLineTools-Package~31bf3856ad364e35~amd64~~6.1.7601.17514.cat	$FILE_NAME	cat
2019-12-05	02:35:28	UTC+0000	2019-12-05	02:35:28	UTC+0000	2019-12-05	02:35:28	UTC+0000	2019-12-05	02:35:28	UTC+0000	Windows\System32\catroot\{F750E~1\MI23F9~1.CAT	$FILE_NAME	cat
2019-12-05	02:35:28	UTC+0000	2019-12-05	02:35:28	UTC+0000	2019-12-05	02:35:28	UTC+0000	2019-12-05	02:35:28	UTC+0000	Microsoft-Windows-TerminalServices-CommandLineTools-Package~31bf3856ad364e35~amd64~~6.1.7601.17514.cat	$FILE_NAME	cat
2019-12-05	02:35:28	UTC+0000	2019-12-05	02:35:28	UTC+0000	2019-12-05	02:35:28	UTC+0000	2019-12-05	02:35:28	UTC+0000	MI23F9~1.CAT	$FILE_NAME	cat
2019-12-05	02:35:28	UTC+0000	2019-12-05	02:35:28	UTC+0000	2019-12-05	02:35:28	UTC+0000	2019-12-05	02:35:28	UTC+0000	Windows\System32\catroot\{F750E~1\Microsoft-Windows-Shell-MultiplayerInboxGames-Package~31bf3856ad364e35~amd64~en-US~6.1.7601.17514.cat	$FILE_NAME	cat
2019-12-05	02:35:28	UTC+0000	2019-12-05	02:35:28	UTC+0000	2019-12-05	02:35:28	UTC+0000	2019-12-05	02:35:28	UTC+0000	Windows\System32\catroot\{F750E~1\MI3541~1.CAT	$FILE_NAME	cat
2019-12-05	02:35:28	UTC+0000	2019-12-05	02:35:28	UTC+0000	2019-12-05	02:35:28	UTC+0000	2019-12-05	02:35:28	UTC+0000	Microsoft-Windows-Shell-MultiplayerInboxGames-Package~31bf3856ad364e35~amd64~en-US~6.1.7601.17514.cat	$FILE_NAME	cat
2019-12-05	02:35:28	UTC+0000	2019-12-05	02:35:28	UTC+0000	2019-12-05	02:35:28	UTC+0000	2019-12-05	02:35:28	UTC+0000	MI3541~1.CAT	$FILE_NAME	cat
2019-12-05	02:35:28	UTC+0000	2019-12-05	02:35:28	UTC+0000	2019-12-05	02:35:28	UTC+0000	2019-12-05	02:35:28	UTC+0000	Windows\winsxs\Catalogs\2652A7~1.CAT	$FILE_NAME	cat
2019-12-05	02:35:28	UTC+0000	2019-12-05	02:35:28	UTC+0000	2019-12-05	02:35:28	UTC+0000	2019-12-05	02:35:28	UTC+0000	Windows\winsxs\Catalogs\2652a739412ed625630416f85e9a6e13a631e892684ad584a28fbffbe7b56fc2.cat	$FILE_NAME	cat
2019-12-05	02:35:28	UTC+0000	2019-12-05	02:35:28	UTC+0000	2019-12-05	02:35:28	UTC+0000	2019-12-05	02:35:28	UTC+0000	Windows\System32\catroot\{F750E~1\Microsoft-Windows-MobilePC-Client-SideShow-Package~31bf3856ad364e35~amd64~en-US~6.1.7601.17514.cat	$FILE_NAME	cat
2019-12-05	02:35:28	UTC+0000	2019-12-05	02:35:28	UTC+0000	2019-12-05	02:35:28	UTC+0000	2019-12-05	02:35:28	UTC+0000	Windows\System32\catroot\{F750E~1\MIB72A~1.CAT	$FILE_NAME	cat
2019-12-05	02:35:28	UTC+0000	2019-12-05	02:35:28	UTC+0000	2019-12-05	02:35:28	UTC+0000	2019-12-05	02:35:28	UTC+0000	Microsoft-Windows-MobilePC-Client-SideShow-Package~31bf3856ad364e35~amd64~en-US~6.1.7601.17514.cat	$FILE_NAME	cat
2019-12-05	02:35:28	UTC+0000	2019-12-05	02:35:28	UTC+0000	2019-12-05	02:35:28	UTC+0000	2019-12-05	02:35:28	UTC+0000	MIB72A~1.CAT	$FILE_NAME	cat
2019-12-05	02:35:27	UTC+0000	2019-12-05	02:35:27	UTC+0000	2019-12-05	02:35:27	UTC+0000	2019-12-05	02:35:27	UTC+0000	Windows\System32\catroot\{F750E~1\Microsoft-Windows-Client-LanguagePack-Package~31bf3856ad364e35~amd64~en-US~6.1.7601.17514.cat	$FILE_NAME	cat
2019-12-05	02:35:27	UTC+0000	2019-12-05	02:35:27	UTC+0000	2019-12-05	02:35:27	UTC+0000	2019-12-05	02:35:27	UTC+0000	Windows\System32\catroot\{F750E~1\MICFFA~1.CAT	$FILE_NAME	cat
2019-12-05	02:35:27	UTC+0000	2019-12-05	02:35:27	UTC+0000	2019-12-05	02:35:27	UTC+0000	2019-12-05	02:35:27	UTC+0000	Microsoft-Windows-Client-LanguagePack-Package~31bf3856ad364e35~amd64~en-US~6.1.7601.17514.cat	$FILE_NAME	cat
2019-12-05	02:35:27	UTC+0000	2019-12-05	02:35:27	UTC+0000	2019-12-05	02:35:27	UTC+0000	2019-12-05	02:35:27	UTC+0000	MICFFA~1.CAT	$FILE_NAME	cat
2019-12-05	02:35:28	UTC+0000	2019-12-05	02:35:28	UTC+0000	2019-12-05	02:35:28	UTC+0000	2019-12-05	02:35:28	UTC+0000	Windows\winsxs\Catalogs\407994~1.CAT	$FILE_NAME	cat
2019-12-05	02:35:28	UTC+0000	2019-12-05	02:35:28	UTC+0000	2019-12-05	02:35:28	UTC+0000	2019-12-05	02:35:28	UTC+0000	Windows\winsxs\Catalogs\40799440b52b66f891a392efd77f317ee7da399ca92225a23373e9b669d6e2eb.cat	$FILE_NAME	cat
2019-12-05	02:35:28	UTC+0000	2019-12-05	02:35:28	UTC+0000	2019-12-05	02:35:28	UTC+0000	2019-12-05	02:35:28	UTC+0000	Windows\System32\catroot\{F750E~1\Microsoft-Windows-MSMQ-Client-Package~31bf3856ad364e35~amd64~en-US~6.1.7601.17514.cat	$FILE_NAME	cat
2019-12-05	02:35:28	UTC+0000	2019-12-05	02:35:28	UTC+0000	2019-12-05	02:35:28	UTC+0000	2019-12-05	02:35:28	UTC+0000	Windows\System32\catroot\{F750E~1\MI71F6~1.CAT	$FILE_NAME	cat
2019-12-05	02:35:28	UTC+0000	2019-12-05	02:35:28	UTC+0000	2019-12-05	02:35:28	UTC+0000	2019-12-05	02:35:28	UTC+0000	Microsoft-Windows-MSMQ-Client-Package~31bf3856ad364e35~amd64~en-US~6.1.7601.17514.cat	$FILE_NAME	cat
2019-12-05	02:35:28	UTC+0000	2019-12-05	02:35:28	UTC+0000	2019-12-05	02:35:28	UTC+0000	2019-12-05	02:35:28	UTC+0000	MI71F6~1.CAT	$FILE_NAME	cat
2019-12-05	02:35:27	UTC+0000	2019-12-05	02:35:27	UTC+0000	2019-12-05	02:35:27	UTC+0000	2019-12-05	02:35:27	UTC+0000	Windows\winsxs\Catalogs\C332B7~1.CAT	$FILE_NAME	cat
2019-12-05	02:35:27	UTC+0000	2019-12-05	02:35:27	UTC+0000	2019-12-05	02:35:27	UTC+0000	2019-12-05	02:35:27	UTC+0000	Windows\winsxs\Catalogs\c332b73146acc8b44b97294d1295995ce2aa98802e710d7820ee2acd11ea7ab3.cat	$FILE_NAME	cat
2019-12-05	02:35:27	UTC+0000	2019-12-05	02:35:27	UTC+0000	2019-12-05	02:35:27	UTC+0000	2019-12-05	02:35:27	UTC+0000	Windows\System32\catroot\{F750E~1\Microsoft-Windows-Common-Drivers-Package~31bf3856ad364e35~amd64~en-US~6.1.7601.17514.cat	$FILE_NAME	cat
2019-12-05	02:35:27	UTC+0000	2019-12-05	02:35:27	UTC+0000	2019-12-05	02:35:27	UTC+0000	2019-12-05	02:35:27	UTC+0000	Windows\System32\catroot\{F750E~1\MIE7EE~1.CAT	$FILE_NAME	cat
2019-12-05	02:35:28	UTC+0000	2019-12-05	02:35:28	UTC+0000	2019-12-05	02:35:28	UTC+0000	2019-12-05	02:35:28	UTC+0000	Windows\winsxs\Catalogs\82E191~1.CAT	$FILE_NAME	cat
2019-12-05	02:35:28	UTC+0000	2019-12-05	02:35:28	UTC+0000	2019-12-05	02:35:28	UTC+0000	2019-12-05	02:35:28	UTC+0000	Windows\winsxs\Catalogs\82e191705ac3f1f25d665c9ee373ce7b965a4f3e62a5ea72ebaa6f9d79272d3f.cat	$FILE_NAME	cat
2019-12-05	02:35:28	UTC+0000	2019-12-05	02:35:28	UTC+0000	2019-12-05	02:35:28	UTC+0000	2019-12-05	02:35:28	UTC+0000	Windows\System32\catroot\{F750E~1\Microsoft-Windows-Telnet-Server-Package~31bf3856ad364e35~amd64~en-US~6.1.7601.17514.cat	$FILE_NAME	cat
2019-12-05	02:35:28	UTC+0000	2019-12-05	02:35:28	UTC+0000	2019-12-05	02:35:28	UTC+0000	2019-12-05	02:35:28	UTC+0000	Windows\System32\catroot\{F750E~1\MID3ED~1.CAT	$FILE_NAME	cat
2019-12-05	02:35:28	UTC+0000	2019-12-05	02:35:28	UTC+0000	2019-12-05	02:35:28	UTC+0000	2019-12-05	02:35:28	UTC+0000	Microsoft-Windows-Telnet-Server-Package~31bf3856ad364e35~amd64~en-US~6.1.7601.17514.cat	$FILE_NAME	cat
2019-12-05	02:35:28	UTC+0000	2019-12-05	02:35:28	UTC+0000	2019-12-05	02:35:28	UTC+0000	2019-12-05	02:35:28	UTC+0000	MID3ED~1.CAT	$FILE_NAME	cat
2019-12-05	02:35:28	UTC+0000	2019-12-05	02:35:28	UTC+0000	2019-12-05	02:35:28	UTC+0000	2019-12-05	02:35:28	UTC+0000	Windows\System32\catroot\{F750E~1\Microsoft-Windows-OfflineFiles-Package~31bf3856ad364e35~amd64~en-US~6.1.7601.17514.cat	$FILE_NAME	cat
2019-12-05	02:35:28	UTC+0000	2019-12-05	02:35:28	UTC+0000	2019-12-05	02:35:28	UTC+0000	2019-12-05	02:35:28	UTC+0000	Windows\System32\catroot\{F750E~1\MIF3C0~1.CAT	$FILE_NAME	cat
2019-12-05	02:35:28	UTC+0000	2019-12-05	02:35:28	UTC+0000	2019-12-05	02:35:28	UTC+0000	2019-12-05	02:35:28	UTC+0000	Microsoft-Windows-OfflineFiles-Package~31bf3856ad364e35~amd64~en-US~6.1.7601.17514.cat	$FILE_NAME	cat
2019-12-05	02:35:28	UTC+0000	2019-12-05	02:35:28	UTC+0000	2019-12-05	02:35:28	UTC+0000	2019-12-05	02:35:28	UTC+0000	MIF3C0~1.CAT	$FILE_NAME	cat
2019-12-05	02:35:28	UTC+0000	2019-12-05	02:35:28	UTC+0000	2019-12-05	02:35:28	UTC+0000	2019-12-05	02:35:28	UTC+0000	Windows\winsxs\Catalogs\13639C~1.CAT	$FILE_NAME	cat
2019-12-05	02:35:28	UTC+0000	2019-12-05	02:35:28	UTC+0000	2019-12-05	02:35:28	UTC+0000	2019-12-05	02:35:28	UTC+0000	Windows\winsxs\Catalogs\13639c562a5b7ba37732c6c6004e7f57be0fe4d7f1f711cd021fc81d8c205095.cat	$FILE_NAME	cat
2019-12-05	02:35:28	UTC+0000	2019-12-05	02:35:28	UTC+0000	2019-12-05	02:35:28	UTC+0000	2019-12-05	02:35:28	UTC+0000	Windows\System32\catroot\{F750E~1\Microsoft-Windows-OpticalMediaDisc-Package~31bf3856ad364e35~amd64~~6.1.7601.17514.cat	$FILE_NAME	cat
2019-12-05	02:35:28	UTC+0000	2019-12-05	02:35:28	UTC+0000	2019-12-05	02:35:28	UTC+0000	2019-12-05	02:35:28	UTC+0000	Windows\System32\catroot\{F750E~1\MI933D~1.CAT	$FILE_NAME	cat
2019-12-05	02:35:28	UTC+0000	2019-12-05	02:35:28	UTC+0000	2019-12-05	02:35:28	UTC+0000	2019-12-05	02:35:28	UTC+0000	Microsoft-Windows-OpticalMediaDisc-Package~31bf3856ad364e35~amd64~~6.1.7601.17514.cat	$FILE_NAME	cat
2019-12-05	02:35:28	UTC+0000	2019-12-05	02:35:28	UTC+0000	2019-12-05	02:35:28	UTC+0000	2019-12-05	02:35:28	UTC+0000	MI933D~1.CAT	$FILE_NAME	cat
2019-12-05	02:35:28	UTC+0000	2019-12-05	02:35:28	UTC+0000	2019-12-05	02:35:28	UTC+0000	2019-12-05	02:35:28	UTC+0000	Windows\winsxs\Catalogs\8051D7~1.CAT	$FILE_NAME	cat
2019-12-05	02:35:28	UTC+0000	2019-12-05	02:35:28	UTC+0000	2019-12-05	02:35:28	UTC+0000	2019-12-05	02:35:28	UTC+0000	Windows\winsxs\Catalogs\8051d769df78595fd5b8db56cd5735dd8e3de6b618e5ba565c16d9bd0debe80a.cat	$FILE_NAME	cat
2019-12-05	02:35:28	UTC+0000	2019-12-05	02:35:28	UTC+0000	2019-12-05	02:35:28	UTC+0000	2019-12-05	02:35:28	UTC+0000	Windows\System32\catroot\{F750E~1\Microsoft-Windows-TerminalServices-Publishing-WMIProvider-Package~31bf3856ad364e35~amd64~en-US~6.1.7601.17514.cat	$FILE_NAME	cat
2019-12-05	02:35:28	UTC+0000	2019-12-05	02:35:28	UTC+0000	2019-12-05	02:35:28	UTC+0000	2019-12-05	02:35:28	UTC+0000	Windows\System32\catroot\{F750E~1\MI9974~1.CAT	$FILE_NAME	cat
2019-12-05	02:35:28	UTC+0000	2019-12-05	02:35:28	UTC+0000	2019-12-05	02:35:28	UTC+0000	2019-12-05	02:35:28	UTC+0000	Windows\winsxs\Catalogs\1A7FD0~1.CAT	$FILE_NAME	cat
2019-12-05	02:35:28	UTC+0000	2019-12-05	02:35:28	UTC+0000	2019-12-05	02:35:28	UTC+0000	2019-12-05	02:35:28	UTC+0000	Windows\winsxs\Catalogs\1a7fd047cde3c8c9c8d344029e5b39ff1406d093af3d53eda9fb0e391aa439a5.cat	$FILE_NAME	cat
2019-12-05	02:35:28	UTC+0000	2019-12-05	02:35:28	UTC+0000	2019-12-05	02:35:28	UTC+0000	2019-12-05	02:35:28	UTC+0000	Windows\System32\catroot\{F750E~1\Microsoft-Windows-TerminalServices-RemoteApplications-Client-Package~31bf3856ad364e35~amd64~en-US~6.1.7601.17514.cat	$FILE_NAME	cat
2019-12-05	02:35:28	UTC+0000	2019-12-05	02:35:28	UTC+0000	2019-12-05	02:35:28	UTC+0000	2019-12-05	02:35:28	UTC+0000	Windows\System32\catroot\{F750E~1\MI0308~1.CAT	$FILE_NAME	cat
2019-12-05	02:35:28	UTC+0000	2019-12-05	02:35:28	UTC+0000	2019-12-05	02:35:28	UTC+0000	2019-12-05	02:35:28	UTC+0000	Microsoft-Windows-TerminalServices-RemoteApplications-Client-Package~31bf3856ad364e35~amd64~en-US~6.1.7601.17514.cat	$FILE_NAME	cat
2019-12-05	02:35:28	UTC+0000	2019-12-05	02:35:28	UTC+0000	2019-12-05	02:35:28	UTC+0000	2019-12-05	02:35:28	UTC+0000	MI0308~1.CAT	$FILE_NAME	cat
2019-12-05	02:37:08	UTC+0000	2019-12-05	02:37:08	UTC+0000	2019-12-05	02:37:08	UTC+0000	2019-12-05	02:37:08	UTC+0000	prnbr003.cat	$FILE_NAME	cat
2019-12-05	02:37:08	UTC+0000	2019-12-05	02:37:08	UTC+0000	2019-12-05	02:37:08	UTC+0000	2019-12-05	02:37:08	UTC+0000	prnbr003.cat	$FILE_NAME	cat
2019-12-05	02:37:08	UTC+0000	2019-12-05	02:37:08	UTC+0000	2019-12-05	02:37:08	UTC+0000	2019-12-05	02:37:08	UTC+0000	Windows\System32\catroot\{F750E~1\prnbr003.cat	$FILE_NAME	cat
2019-12-05	02:37:08	UTC+0000	2019-12-05	02:37:08	UTC+0000	2019-12-05	02:37:08	UTC+0000	2019-12-05	02:37:08	UTC+0000	prnbr004.cat	$FILE_NAME	cat
2019-12-05	02:37:08	UTC+0000	2019-12-05	02:37:08	UTC+0000	2019-12-05	02:37:08	UTC+0000	2019-12-05	02:37:08	UTC+0000	prnbr004.cat	$FILE_NAME	cat
2019-12-05	02:37:08	UTC+0000	2019-12-05	02:37:08	UTC+0000	2019-12-05	02:37:08	UTC+0000	2019-12-05	02:37:08	UTC+0000	Windows\System32\catroot\{F750E~1\prnbr004.cat	$FILE_NAME	cat
2019-12-05	02:35:28	UTC+0000	2019-12-05	02:35:28	UTC+0000	2019-12-05	02:35:28	UTC+0000	2019-12-05	02:35:28	UTC+0000	Windows\winsxs\Catalogs\93A1C7~1.CAT	$FILE_NAME	cat
2019-12-05	02:35:28	UTC+0000	2019-12-05	02:35:28	UTC+0000	2019-12-05	02:35:28	UTC+0000	2019-12-05	02:35:28	UTC+0000	Windows\winsxs\Catalogs\93a1c76c665a02c97a802a6828dc116721141555afe73d206b42ef0010600e1a.cat	$FILE_NAME	cat
2019-12-05	02:35:28	UTC+0000	2019-12-05	02:35:28	UTC+0000	2019-12-05	02:35:28	UTC+0000	2019-12-05	02:35:28	UTC+0000	Windows\System32\catroot\{F750E~1\Microsoft-Windows-ShareMedia-ControlPanel-Package~31bf3856ad364e35~amd64~~6.1.7601.17514.cat	$FILE_NAME	cat
2019-12-05	02:35:28	UTC+0000	2019-12-05	02:35:28	UTC+0000	2019-12-05	02:35:28	UTC+0000	2019-12-05	02:35:28	UTC+0000	Windows\System32\catroot\{F750E~1\MIB4A9~1.CAT	$FILE_NAME	cat
2019-12-05	02:35:28	UTC+0000	2019-12-05	02:35:28	UTC+0000	2019-12-05	02:35:28	UTC+0000	2019-12-05	02:35:28	UTC+0000	Microsoft-Windows-ShareMedia-ControlPanel-Package~31bf3856ad364e35~amd64~~6.1.7601.17514.cat	$FILE_NAME	cat
2019-12-05	02:35:28	UTC+0000	2019-12-05	02:35:28	UTC+0000	2019-12-05	02:35:28	UTC+0000	2019-12-05	02:35:28	UTC+0000	MIB4A9~1.CAT	$FILE_NAME	cat
2019-12-05	02:35:28	UTC+0000	2019-12-05	02:35:28	UTC+0000	2019-12-05	02:35:28	UTC+0000	2019-12-05	02:35:28	UTC+0000	Windows\winsxs\Catalogs\DA44AF~1.CAT	$FILE_NAME	cat
2019-12-05	02:35:28	UTC+0000	2019-12-05	02:35:28	UTC+0000	2019-12-05	02:35:28	UTC+0000	2019-12-05	02:35:28	UTC+0000	Windows\winsxs\Catalogs\da44af8f7147fd7870a5b9dba9b445ef77af887aa20d09a3d3fac2e67a7c256c.cat	$FILE_NAME	cat
2019-12-05	02:35:28	UTC+0000	2019-12-05	02:35:28	UTC+0000	2019-12-05	02:35:28	UTC+0000	2019-12-05	02:35:28	UTC+0000	Windows\System32\catroot\{F750E~1\Microsoft-Windows-PhotoPremiumPackage~31bf3856ad364e35~amd64~en-US~6.1.7601.17514.cat	$FILE_NAME	cat
2019-12-05	02:35:28	UTC+0000	2019-12-05	02:35:28	UTC+0000	2019-12-05	02:35:28	UTC+0000	2019-12-05	02:35:28	UTC+0000	Windows\System32\catroot\{F750E~1\MI4BDA~1.CAT	$FILE_NAME	cat
2019-12-05	02:35:27	UTC+0000	2019-12-05	02:35:27	UTC+0000	2019-12-05	02:35:27	UTC+0000	2019-12-05	02:35:27	UTC+0000	Windows\winsxs\Catalogs\6065B1~1.CAT	$FILE_NAME	cat
2019-12-05	02:35:27	UTC+0000	2019-12-05	02:35:27	UTC+0000	2019-12-05	02:35:27	UTC+0000	2019-12-05	02:35:27	UTC+0000	Windows\winsxs\Catalogs\6065b19b15e840f413eb8dcb4fa7a005912774ba50652a3306a991a7bba80bce.cat	$FILE_NAME	cat
2019-12-05	02:35:27	UTC+0000	2019-12-05	02:35:27	UTC+0000	2019-12-05	02:35:27	UTC+0000	2019-12-05	02:35:27	UTC+0000	Windows\System32\catroot\{F750E~1\Microsoft-Windows-GroupPolicy-ClientTools-Package~31bf3856ad364e35~amd64~en-US~6.1.7601.17514.cat	$FILE_NAME	cat
2019-12-05	02:35:27	UTC+0000	2019-12-05	02:35:27	UTC+0000	2019-12-05	02:35:27	UTC+0000	2019-12-05	02:35:27	UTC+0000	Windows\System32\catroot\{F750E~1\MI7854~1.CAT	$FILE_NAME	cat
2019-12-05	02:35:27	UTC+0000	2019-12-05	02:35:27	UTC+0000	2019-12-05	02:35:27	UTC+0000	2019-12-05	02:35:27	UTC+0000	Microsoft-Windows-GroupPolicy-ClientTools-Package~31bf3856ad364e35~amd64~en-US~6.1.7601.17514.cat	$FILE_NAME	cat
2019-12-05	02:35:27	UTC+0000	2019-12-05	02:35:27	UTC+0000	2019-12-05	02:35:27	UTC+0000	2019-12-05	02:35:27	UTC+0000	MI7854~1.CAT	$FILE_NAME	cat
2019-12-05	02:35:28	UTC+0000	2019-12-05	02:35:28	UTC+0000	2019-12-05	02:35:28	UTC+0000	2019-12-05	02:35:28	UTC+0000	Windows\System32\catroot\{F750E~1\Microsoft-Windows-Shell-HomeGroup-Package~31bf3856ad364e35~amd64~en-US~6.1.7601.17514.cat	$FILE_NAME	cat
2019-12-05	02:35:28	UTC+0000	2019-12-05	02:35:28	UTC+0000	2019-12-05	02:35:28	UTC+0000	2019-12-05	02:35:28	UTC+0000	Windows\System32\catroot\{F750E~1\MI7FDE~1.CAT	$FILE_NAME	cat
2019-12-05	02:35:28	UTC+0000	2019-12-05	02:35:28	UTC+0000	2019-12-05	02:35:28	UTC+0000	2019-12-05	02:35:28	UTC+0000	Microsoft-Windows-Shell-HomeGroup-Package~31bf3856ad364e35~amd64~en-US~6.1.7601.17514.cat	$FILE_NAME	cat
2019-12-05	02:35:28	UTC+0000	2019-12-05	02:35:28	UTC+0000	2019-12-05	02:35:28	UTC+0000	2019-12-05	02:35:28	UTC+0000	MI7FDE~1.CAT	$FILE_NAME	cat
2019-12-05	02:35:28	UTC+0000	2019-12-05	02:35:28	UTC+0000	2019-12-05	02:35:28	UTC+0000	2019-12-05	02:35:28	UTC+0000	Windows\winsxs\Catalogs\D19DE6~1.CAT	$FILE_NAME	cat
2019-12-05	02:35:28	UTC+0000	2019-12-05	02:35:28	UTC+0000	2019-12-05	02:35:28	UTC+0000	2019-12-05	02:35:28	UTC+0000	Windows\winsxs\Catalogs\d19de690ec82b7c80b0f3eca4fafb029246cda260874caa85f72e7417d1874a1.cat	$FILE_NAME	cat
2019-12-05	02:35:28	UTC+0000	2019-12-05	02:35:28	UTC+0000	2019-12-05	02:35:28	UTC+0000	2019-12-05	02:35:28	UTC+0000	Windows\System32\catroot\{F750E~1\Microsoft-Windows-TFTP-Client-Package~31bf3856ad364e35~amd64~en-US~6.1.7601.17514.cat	$FILE_NAME	cat
2019-12-05	02:35:28	UTC+0000	2019-12-05	02:35:28	UTC+0000	2019-12-05	02:35:28	UTC+0000	2019-12-05	02:35:28	UTC+0000	Windows\System32\catroot\{F750E~1\MI8845~1.CAT	$FILE_NAME	cat
2019-12-05	02:35:28	UTC+0000	2019-12-05	02:35:28	UTC+0000	2019-12-05	02:35:28	UTC+0000	2019-12-05	02:35:28	UTC+0000	Windows\System32\catroot\{F750E~1\Microsoft-Windows-Printing-LocalPrinting-Home-Package~31bf3856ad364e35~amd64~~6.1.7601.17514.cat	$FILE_NAME	cat
2019-12-05	02:35:28	UTC+0000	2019-12-05	02:35:28	UTC+0000	2019-12-05	02:35:28	UTC+0000	2019-12-05	02:35:28	UTC+0000	Windows\System32\catroot\{F750E~1\MI4B0E~1.CAT	$FILE_NAME	cat
2019-12-05	02:35:28	UTC+0000	2019-12-05	02:35:28	UTC+0000	2019-12-05	02:35:28	UTC+0000	2019-12-05	02:35:28	UTC+0000	Microsoft-Windows-Printing-LocalPrinting-Home-Package~31bf3856ad364e35~amd64~~6.1.7601.17514.cat	$FILE_NAME	cat
2019-12-05	02:35:28	UTC+0000	2019-12-05	02:35:28	UTC+0000	2019-12-05	02:35:28	UTC+0000	2019-12-05	02:35:28	UTC+0000	MI4B0E~1.CAT	$FILE_NAME	cat
2019-12-05	02:35:27	UTC+0000	2019-12-05	02:35:27	UTC+0000	2019-12-05	02:35:27	UTC+0000	2019-12-05	02:35:27	UTC+0000	Windows\System32\catroot\{F750E~1\Microsoft-Windows-BLB-Client-Package~31bf3856ad364e35~amd64~~6.1.7601.17514.cat	$FILE_NAME	cat
2019-12-05	02:35:27	UTC+0000	2019-12-05	02:35:27	UTC+0000	2019-12-05	02:35:27	UTC+0000	2019-12-05	02:35:27	UTC+0000	Windows\System32\catroot\{F750E~1\MI1FC1~1.CAT	$FILE_NAME	cat
2019-12-05	02:35:27	UTC+0000	2019-12-05	02:35:27	UTC+0000	2019-12-05	02:35:27	UTC+0000	2019-12-05	02:35:27	UTC+0000	Microsoft-Windows-BLB-Client-Package~31bf3856ad364e35~amd64~~6.1.7601.17514.cat	$FILE_NAME	cat
2019-12-05	02:35:27	UTC+0000	2019-12-05	02:35:27	UTC+0000	2019-12-05	02:35:27	UTC+0000	2019-12-05	02:35:27	UTC+0000	MI1FC1~1.CAT	$FILE_NAME	cat
2019-12-05	02:35:28	UTC+0000	2019-12-05	02:35:28	UTC+0000	2019-12-05	02:35:28	UTC+0000	2019-12-05	02:35:28	UTC+0000	Windows\System32\catroot\{F750E~1\Microsoft-Windows-SnippingTool-Package~31bf3856ad364e35~amd64~~6.1.7601.17514.cat	$FILE_NAME	cat
2019-12-05	02:35:28	UTC+0000	2019-12-05	02:35:28	UTC+0000	2019-12-05	02:35:28	UTC+0000	2019-12-05	02:35:28	UTC+0000	Windows\System32\catroot\{F750E~1\MI6A14~1.CAT	$FILE_NAME	cat
2019-12-05	02:35:28	UTC+0000	2019-12-05	02:35:28	UTC+0000	2019-12-05	02:35:28	UTC+0000	2019-12-05	02:35:28	UTC+0000	Microsoft-Windows-SnippingTool-Package~31bf3856ad364e35~amd64~~6.1.7601.17514.cat	$FILE_NAME	cat
2019-12-05	02:35:28	UTC+0000	2019-12-05	02:35:28	UTC+0000	2019-12-05	02:35:28	UTC+0000	2019-12-05	02:35:28	UTC+0000	MI6A14~1.CAT	$FILE_NAME	cat
2019-12-05	02:35:28	UTC+0000	2019-12-05	02:35:28	UTC+0000	2019-12-05	02:35:28	UTC+0000	2019-12-05	02:35:28	UTC+0000	Windows\winsxs\Catalogs\888D30~1.CAT	$FILE_NAME	cat
2019-12-05	02:35:28	UTC+0000	2019-12-05	02:35:28	UTC+0000	2019-12-05	02:35:28	UTC+0000	2019-12-05	02:35:28	UTC+0000	Windows\winsxs\Catalogs\888d305ff056497b0a2030fe93c5d54456a030a9efc0b814dca547e8d3129009.cat	$FILE_NAME	cat
2019-12-05	02:35:28	UTC+0000	2019-12-05	02:35:28	UTC+0000	2019-12-05	02:35:28	UTC+0000	2019-12-05	02:35:28	UTC+0000	Windows\System32\catroot\{F750E~1\Server-Help-Package.ClientUltimate~31bf3856ad364e35~amd64~en-US~6.1.7601.17514.cat	$FILE_NAME	cat
2019-12-05	02:35:28	UTC+0000	2019-12-05	02:35:28	UTC+0000	2019-12-05	02:35:28	UTC+0000	2019-12-05	02:35:28	UTC+0000	Windows\System32\catroot\{F750E~1\SE8056~1.CAT	$FILE_NAME	cat
2019-12-05	02:35:28	UTC+0000	2019-12-05	02:35:28	UTC+0000	2019-12-05	02:35:28	UTC+0000	2019-12-05	02:35:28	UTC+0000	Server-Help-Package.ClientUltimate~31bf3856ad364e35~amd64~en-US~6.1.7601.17514.cat	$FILE_NAME	cat
2019-12-05	02:35:28	UTC+0000	2019-12-05	02:35:28	UTC+0000	2019-12-05	02:35:28	UTC+0000	2019-12-05	02:35:28	UTC+0000	SE8056~1.CAT	$FILE_NAME	cat
2019-12-10	10:30:56	UTC+0000	2019-12-10	10:30:56	UTC+0000	2019-12-10	10:30:56	UTC+0000	2019-12-10	10:30:56	UTC+0000	WUCLIE~4.CAT	$FILE_NAME	cat
2019-12-10	10:30:56	UTC+0000	2019-12-10	10:30:56	UTC+0000	2019-12-10	10:30:56	UTC+0000	2019-12-10	10:30:56	UTC+0000	WUClient-SelfUpdate-Aux-AuxComp~31bf3856ad364e35~amd64~~7.6.7600.320.cat	$FILE_NAME	cat
2019-12-10	10:30:56	UTC+0000	2019-12-10	10:30:56	UTC+0000	2019-12-10	10:30:56	UTC+0000	2019-12-10	10:30:56	UTC+0000	Windows\System32\catroot\{F750E~1\WUCLIE~4.CAT	$FILE_NAME	cat
2019-12-10	10:30:56	UTC+0000	2019-12-10	10:30:56	UTC+0000	2019-12-10	10:30:56	UTC+0000	2019-12-10	10:30:56	UTC+0000	Windows\System32\catroot\{F750E~1\WUClient-SelfUpdate-Aux-AuxComp~31bf3856ad364e35~amd64~~7.6.7600.320.cat	$FILE_NAME	cat
2019-12-05	02:35:28	UTC+0000	2019-12-05	02:35:28	UTC+0000	2019-12-05	02:35:28	UTC+0000	2019-12-05	02:35:28	UTC+0000	Windows\winsxs\Catalogs\9E3658~1.CAT	$FILE_NAME	cat
2019-12-05	02:35:28	UTC+0000	2019-12-05	02:35:28	UTC+0000	2019-12-05	02:35:28	UTC+0000	2019-12-05	02:35:28	UTC+0000	Windows\winsxs\Catalogs\9e3658fbd0613d88914304018f38a53f5436ea8e922f47ccfc16125ca7253a66.cat	$FILE_NAME	cat
2019-12-05	02:35:28	UTC+0000	2019-12-05	02:35:28	UTC+0000	2019-12-05	02:35:28	UTC+0000	2019-12-05	02:35:28	UTC+0000	Windows\System32\catroot\{F750E~1\Microsoft-Windows-RDC-Package~31bf3856ad364e35~amd64~en-US~6.1.7601.17514.cat	$FILE_NAME	cat
2019-12-05	02:35:28	UTC+0000	2019-12-05	02:35:28	UTC+0000	2019-12-05	02:35:28	UTC+0000	2019-12-05	02:35:28	UTC+0000	Windows\System32\catroot\{F750E~1\MIC030~1.CAT	$FILE_NAME	cat
2019-12-05	02:35:27	UTC+0000	2019-12-05	02:35:27	UTC+0000	2019-12-05	02:35:27	UTC+0000	2019-12-05	02:35:27	UTC+0000	Windows\winsxs\Catalogs\7C925E~1.CAT	$FILE_NAME	cat
2019-12-05	02:35:27	UTC+0000	2019-12-05	02:35:27	UTC+0000	2019-12-05	02:35:27	UTC+0000	2019-12-05	02:35:27	UTC+0000	Windows\winsxs\Catalogs\7c925e369bbe0696b0fc5e53a87bf4f710d9258c4f6a38a92b4258eca52c90a5.cat	$FILE_NAME	cat
2019-12-05	02:35:27	UTC+0000	2019-12-05	02:35:27	UTC+0000	2019-12-05	02:35:27	UTC+0000	2019-12-05	02:35:27	UTC+0000	Windows\System32\catroot\{F750E~1\Microsoft-Windows-IIS-WebServer-Package~31bf3856ad364e35~amd64~en-US~6.1.7601.17514.cat	$FILE_NAME	cat
2019-12-05	02:35:27	UTC+0000	2019-12-05	02:35:27	UTC+0000	2019-12-05	02:35:27	UTC+0000	2019-12-05	02:35:27	UTC+0000	Windows\System32\catroot\{F750E~1\MI9BAA~1.CAT	$FILE_NAME	cat
2019-12-05	02:35:27	UTC+0000	2019-12-05	02:35:27	UTC+0000	2019-12-05	02:35:27	UTC+0000	2019-12-05	02:35:27	UTC+0000	Microsoft-Windows-IIS-WebServer-Package~31bf3856ad364e35~amd64~en-US~6.1.7601.17514.cat	$FILE_NAME	cat
2019-12-05	02:35:27	UTC+0000	2019-12-05	02:35:27	UTC+0000	2019-12-05	02:35:27	UTC+0000	2019-12-05	02:35:27	UTC+0000	MI9BAA~1.CAT	$FILE_NAME	cat
2019-12-05	02:37:08	UTC+0000	2019-12-05	02:37:08	UTC+0000	2019-12-05	02:37:08	UTC+0000	2019-12-05	02:37:08	UTC+0000	prnep00F.cat	$FILE_NAME	cat
2019-12-05	02:37:08	UTC+0000	2019-12-05	02:37:08	UTC+0000	2019-12-05	02:37:08	UTC+0000	2019-12-05	02:37:08	UTC+0000	prnep00F.cat	$FILE_NAME	cat
2019-12-05	02:37:08	UTC+0000	2019-12-05	02:37:08	UTC+0000	2019-12-05	02:37:08	UTC+0000	2019-12-05	02:37:08	UTC+0000	Windows\System32\catroot\{F750E~1\prnep00f.cat	$FILE_NAME	cat
2019-12-05	02:37:08	UTC+0000	2019-12-05	02:37:08	UTC+0000	2019-12-05	02:37:08	UTC+0000	2019-12-05	02:37:08	UTC+0000	prnep00G.cat	$FILE_NAME	cat
2019-12-05	02:37:08	UTC+0000	2019-12-05	02:37:08	UTC+0000	2019-12-05	02:37:08	UTC+0000	2019-12-05	02:37:08	UTC+0000	prnep00G.cat	$FILE_NAME	cat
2019-12-05	02:37:08	UTC+0000	2019-12-05	02:37:08	UTC+0000	2019-12-05	02:37:08	UTC+0000	2019-12-05	02:37:08	UTC+0000	Windows\System32\catroot\{F750E~1\prnep00g.cat	$FILE_NAME	cat
2019-12-05	02:35:27	UTC+0000	2019-12-05	02:35:27	UTC+0000	2019-12-05	02:35:27	UTC+0000	2019-12-05	02:35:27	UTC+0000	Windows\System32\catroot\{F750E~1\Microsoft-Windows-InternetExplorer-Package~31bf3856ad364e35~amd64~~8.0.7601.17514.cat	$FILE_NAME	cat
2019-12-05	02:35:27	UTC+0000	2019-12-05	02:35:27	UTC+0000	2019-12-05	02:35:27	UTC+0000	2019-12-05	02:35:27	UTC+0000	Windows\System32\catroot\{F750E~1\MI7A51~1.CAT	$FILE_NAME	cat
2019-12-05	02:35:27	UTC+0000	2019-12-05	02:35:27	UTC+0000	2019-12-05	02:35:27	UTC+0000	2019-12-05	02:35:27	UTC+0000	Microsoft-Windows-InternetExplorer-Package~31bf3856ad364e35~amd64~~8.0.7601.17514.cat	$FILE_NAME	cat
2019-12-05	02:35:27	UTC+0000	2019-12-05	02:35:27	UTC+0000	2019-12-05	02:35:27	UTC+0000	2019-12-05	02:35:27	UTC+0000	MI7A51~1.CAT	$FILE_NAME	cat
2019-12-05	02:35:27	UTC+0000	2019-12-05	02:35:27	UTC+0000	2019-12-05	02:35:27	UTC+0000	2019-12-05	02:35:27	UTC+0000	Windows\System32\catroot\{F750E~1\Microsoft-Windows-Disk-Diagnosis-Package~31bf3856ad364e35~amd64~en-US~6.1.7601.17514.cat	$FILE_NAME	cat
2019-12-05	02:35:27	UTC+0000	2019-12-05	02:35:27	UTC+0000	2019-12-05	02:35:27	UTC+0000	2019-12-05	02:35:27	UTC+0000	Windows\System32\catroot\{F750E~1\MI884F~1.CAT	$FILE_NAME	cat
2019-12-05	02:35:27	UTC+0000	2019-12-05	02:35:27	UTC+0000	2019-12-05	02:35:27	UTC+0000	2019-12-05	02:35:27	UTC+0000	Microsoft-Windows-Disk-Diagnosis-Package~31bf3856ad364e35~amd64~en-US~6.1.7601.17514.cat	$FILE_NAME	cat
2019-12-05	02:35:27	UTC+0000	2019-12-05	02:35:27	UTC+0000	2019-12-05	02:35:27	UTC+0000	2019-12-05	02:35:27	UTC+0000	MI884F~1.CAT	$FILE_NAME	cat
2019-12-05	02:35:27	UTC+0000	2019-12-05	02:35:27	UTC+0000	2019-12-05	02:35:27	UTC+0000	2019-12-05	02:35:27	UTC+0000	Windows\winsxs\Catalogs\8AB9D9~1.CAT	$FILE_NAME	cat
2019-12-05	02:35:27	UTC+0000	2019-12-05	02:35:27	UTC+0000	2019-12-05	02:35:27	UTC+0000	2019-12-05	02:35:27	UTC+0000	Windows\winsxs\Catalogs\8ab9d980241bb8a2c2b942c86c1c66afa6f92fdbd439b660ab74c580cc800336.cat	$FILE_NAME	cat
2019-12-05	02:35:28	UTC+0000	2019-12-05	02:35:28	UTC+0000	2019-12-05	02:35:28	UTC+0000	2019-12-05	02:35:28	UTC+0000	Windows\System32\catroot\{F750E~1\Microsoft-Windows-PeerToPeer-Full-Package~31bf3856ad364e35~amd64~~6.1.7601.17514.cat	$FILE_NAME	cat
2019-12-05	02:35:28	UTC+0000	2019-12-05	02:35:28	UTC+0000	2019-12-05	02:35:28	UTC+0000	2019-12-05	02:35:28	UTC+0000	Windows\System32\catroot\{F750E~1\MI7DD8~1.CAT	$FILE_NAME	cat
2019-12-05	02:35:28	UTC+0000	2019-12-05	02:35:28	UTC+0000	2019-12-05	02:35:28	UTC+0000	2019-12-05	02:35:28	UTC+0000	Windows\winsxs\Catalogs\016F03~1.CAT	$FILE_NAME	cat
2019-12-05	02:35:28	UTC+0000	2019-12-05	02:35:28	UTC+0000	2019-12-05	02:35:28	UTC+0000	2019-12-05	02:35:28	UTC+0000	Windows\winsxs\Catalogs\016f0329dfb2f83eb3b8e1cf58390e0e4f6ad6bb6f7bff5563be2d0b18f8745b.cat	$FILE_NAME	cat
2019-12-05	02:35:28	UTC+0000	2019-12-05	02:35:28	UTC+0000	2019-12-05	02:35:28	UTC+0000	2019-12-05	02:35:28	UTC+0000	Windows\System32\catroot\{F750E~1\Microsoft-Windows-PhotoPremiumPackage~31bf3856ad364e35~amd64~~6.1.7601.17514.cat	$FILE_NAME	cat
2019-12-05	02:35:28	UTC+0000	2019-12-05	02:35:28	UTC+0000	2019-12-05	02:35:28	UTC+0000	2019-12-05	02:35:28	UTC+0000	Windows\System32\catroot\{F750E~1\MI47E1~1.CAT	$FILE_NAME	cat
2019-12-05	02:35:28	UTC+0000	2019-12-05	02:35:28	UTC+0000	2019-12-05	02:35:28	UTC+0000	2019-12-05	02:35:28	UTC+0000	Microsoft-Windows-PhotoPremiumPackage~31bf3856ad364e35~amd64~~6.1.7601.17514.cat	$FILE_NAME	cat
2019-12-05	02:35:28	UTC+0000	2019-12-05	02:35:28	UTC+0000	2019-12-05	02:35:28	UTC+0000	2019-12-05	02:35:28	UTC+0000	MI47E1~1.CAT	$FILE_NAME	cat
2019-12-05	02:35:27	UTC+0000	2019-12-05	02:35:27	UTC+0000	2019-12-05	02:35:27	UTC+0000	2019-12-05	02:35:27	UTC+0000	Windows\winsxs\Catalogs\954B9B~1.CAT	$FILE_NAME	cat
2019-12-05	02:35:27	UTC+0000	2019-12-05	02:35:27	UTC+0000	2019-12-05	02:35:27	UTC+0000	2019-12-05	02:35:27	UTC+0000	Windows\winsxs\Catalogs\954b9b23d3395c0a473b07f8c766a36de911de7a7f074401453665d4cd51284c.cat	$FILE_NAME	cat
2019-12-05	02:35:27	UTC+0000	2019-12-05	02:35:27	UTC+0000	2019-12-05	02:35:27	UTC+0000	2019-12-05	02:35:27	UTC+0000	Windows\System32\catroot\{F750E~1\Microsoft-Windows-GroupPolicy-ClientTools-Package~31bf3856ad364e35~amd64~~6.1.7601.17514.cat	$FILE_NAME	cat
2019-12-05	02:35:27	UTC+0000	2019-12-05	02:35:27	UTC+0000	2019-12-05	02:35:27	UTC+0000	2019-12-05	02:35:27	UTC+0000	Windows\System32\catroot\{F750E~1\MI7A9D~1.CAT	$FILE_NAME	cat
2019-12-05	02:35:27	UTC+0000	2019-12-05	02:35:27	UTC+0000	2019-12-05	02:35:27	UTC+0000	2019-12-05	02:35:27	UTC+0000	Microsoft-Windows-GroupPolicy-ClientTools-Package~31bf3856ad364e35~amd64~~6.1.7601.17514.cat	$FILE_NAME	cat
2019-12-05	02:35:27	UTC+0000	2019-12-05	02:35:27	UTC+0000	2019-12-05	02:35:27	UTC+0000	2019-12-05	02:35:27	UTC+0000	MI7A9D~1.CAT	$FILE_NAME	cat
2019-12-05	02:35:28	UTC+0000	2019-12-05	02:35:28	UTC+0000	2019-12-05	02:35:28	UTC+0000	2019-12-05	02:35:28	UTC+0000	Windows\System32\catroot\{F750E~1\Microsoft-Windows-MediaCenter-Package~31bf3856ad364e35~amd64~~6.1.7601.17514.cat	$FILE_NAME	cat
2019-12-05	02:35:28	UTC+0000	2019-12-05	02:35:28	UTC+0000	2019-12-05	02:35:28	UTC+0000	2019-12-05	02:35:28	UTC+0000	Windows\System32\catroot\{F750E~1\MI14AF~1.CAT	$FILE_NAME	cat
2019-12-05	02:35:28	UTC+0000	2019-12-05	02:35:28	UTC+0000	2019-12-05	02:35:28	UTC+0000	2019-12-05	02:35:28	UTC+0000	Microsoft-Windows-MediaCenter-Package~31bf3856ad364e35~amd64~~6.1.7601.17514.cat	$FILE_NAME	cat
2019-12-05	02:35:28	UTC+0000	2019-12-05	02:35:28	UTC+0000	2019-12-05	02:35:28	UTC+0000	2019-12-05	02:35:28	UTC+0000	MI14AF~1.CAT	$FILE_NAME	cat
2019-12-05	02:35:28	UTC+0000	2019-12-05	02:35:28	UTC+0000	2019-12-05	02:35:28	UTC+0000	2019-12-05	02:35:28	UTC+0000	Windows\winsxs\Catalogs\D3F3CD~1.CAT	$FILE_NAME	cat
2019-12-05	02:35:28	UTC+0000	2019-12-05	02:35:28	UTC+0000	2019-12-05	02:35:28	UTC+0000	2019-12-05	02:35:28	UTC+0000	Windows\winsxs\Catalogs\d3f3cda49e73801e56112079337222fd17c5c463345c30e97aa89665c78a9ae9.cat	$FILE_NAME	cat
2019-12-05	02:35:28	UTC+0000	2019-12-05	02:35:28	UTC+0000	2019-12-05	02:35:28	UTC+0000	2019-12-05	02:35:28	UTC+0000	Windows\System32\catroot\{F750E~1\Microsoft-Windows-Printer-Drivers-Package~31bf3856ad364e35~amd64~en-US~6.1.7601.17514.cat	$FILE_NAME	cat
2019-12-05	02:35:28	UTC+0000	2019-12-05	02:35:28	UTC+0000	2019-12-05	02:35:28	UTC+0000	2019-12-05	02:35:28	UTC+0000	Windows\System32\catroot\{F750E~1\MI0809~1.CAT	$FILE_NAME	cat
2019-12-05	02:35:28	UTC+0000	2019-12-05	02:35:28	UTC+0000	2019-12-05	02:35:28	UTC+0000	2019-12-05	02:35:28	UTC+0000	Microsoft-Windows-Printer-Drivers-Package~31bf3856ad364e35~amd64~en-US~6.1.7601.17514.cat	$FILE_NAME	cat
2019-12-05	02:35:28	UTC+0000	2019-12-05	02:35:28	UTC+0000	2019-12-05	02:35:28	UTC+0000	2019-12-05	02:35:28	UTC+0000	MI0809~1.CAT	$FILE_NAME	cat
2019-12-05	02:35:28	UTC+0000	2019-12-05	02:35:28	UTC+0000	2019-12-05	02:35:28	UTC+0000	2019-12-05	02:35:28	UTC+0000	Windows\System32\catroot\{F750E~1\Microsoft-Windows-MediaPlayer-DVDRegistration-Package~31bf3856ad364e35~amd64~~6.1.7601.17514.cat	$FILE_NAME	cat
2019-12-05	02:35:28	UTC+0000	2019-12-05	02:35:28	UTC+0000	2019-12-05	02:35:28	UTC+0000	2019-12-05	02:35:28	UTC+0000	Windows\System32\catroot\{F750E~1\MI3F24~1.CAT	$FILE_NAME	cat
2019-12-05	02:37:09	UTC+0000	2019-12-05	02:37:09	UTC+0000	2019-12-05	02:37:09	UTC+0000	2019-12-05	02:37:09	UTC+0000	Windows\System32\catroot\{F750E~1\prnsv004.cat	$FILE_NAME	cat
2019-12-05	02:37:09	UTC+0000	2019-12-05	02:37:09	UTC+0000	2019-12-05	02:37:09	UTC+0000	2019-12-05	02:37:09	UTC+0000	prnts002.cat	$FILE_NAME	cat
2019-12-05	02:37:09	UTC+0000	2019-12-05	02:37:09	UTC+0000	2019-12-05	02:37:09	UTC+0000	2019-12-05	02:37:09	UTC+0000	prnts002.cat	$FILE_NAME	cat
2019-12-05	02:37:09	UTC+0000	2019-12-05	02:37:09	UTC+0000	2019-12-05	02:37:09	UTC+0000	2019-12-05	02:37:09	UTC+0000	Windows\System32\catroot\{F750E~1\prnts002.cat	$FILE_NAME	cat
2019-12-05	02:37:09	UTC+0000	2019-12-05	02:37:09	UTC+0000	2019-12-05	02:37:09	UTC+0000	2019-12-05	02:37:09	UTC+0000	prnts003.cat	$FILE_NAME	cat
2019-12-05	02:37:09	UTC+0000	2019-12-05	02:37:09	UTC+0000	2019-12-05	02:37:09	UTC+0000	2019-12-05	02:37:09	UTC+0000	prnts003.cat	$FILE_NAME	cat
2019-12-05	02:35:27	UTC+0000	2019-12-05	02:35:27	UTC+0000	2019-12-05	02:35:27	UTC+0000	2019-12-05	02:35:27	UTC+0000	Windows\winsxs\Catalogs\3E3745~1.CAT	$FILE_NAME	cat
2019-12-05	02:35:27	UTC+0000	2019-12-05	02:35:27	UTC+0000	2019-12-05	02:35:27	UTC+0000	2019-12-05	02:35:27	UTC+0000	Windows\winsxs\Catalogs\3e37456044f5c60d45e215a8d0ee29851183dfdb51ecc8282755a37831912462.cat	$FILE_NAME	cat
2019-12-05	02:35:27	UTC+0000	2019-12-05	02:35:27	UTC+0000	2019-12-05	02:35:27	UTC+0000	2019-12-05	02:35:27	UTC+0000	Windows\System32\catroot\{F750E~1\Microsoft-Windows-IIS-WebServer-AddOn-Package~31bf3856ad364e35~amd64~en-US~6.1.7601.17514.cat	$FILE_NAME	cat
2019-12-05	02:35:27	UTC+0000	2019-12-05	02:35:27	UTC+0000	2019-12-05	02:35:27	UTC+0000	2019-12-05	02:35:27	UTC+0000	Windows\System32\catroot\{F750E~1\MIF0ED~1.CAT	$FILE_NAME	cat
2019-12-05	02:35:28	UTC+0000	2019-12-05	02:35:28	UTC+0000	2019-12-05	02:35:28	UTC+0000	2019-12-05	02:35:28	UTC+0000	Windows\System32\catroot\{F750E~1\Microsoft-Windows-SUA-Package~31bf3856ad364e35~amd64~~6.1.7601.17514.cat	$FILE_NAME	cat
2019-12-05	02:35:28	UTC+0000	2019-12-05	02:35:28	UTC+0000	2019-12-05	02:35:28	UTC+0000	2019-12-05	02:35:28	UTC+0000	Windows\System32\catroot\{F750E~1\MICD6B~1.CAT	$FILE_NAME	cat
2019-12-05	02:35:28	UTC+0000	2019-12-05	02:35:28	UTC+0000	2019-12-05	02:35:28	UTC+0000	2019-12-05	02:35:28	UTC+0000	Microsoft-Windows-SUA-Package~31bf3856ad364e35~amd64~~6.1.7601.17514.cat	$FILE_NAME	cat
2019-12-05	02:35:28	UTC+0000	2019-12-05	02:35:28	UTC+0000	2019-12-05	02:35:28	UTC+0000	2019-12-05	02:35:28	UTC+0000	MICD6B~1.CAT	$FILE_NAME	cat
2019-12-05	02:35:28	UTC+0000	2019-12-05	02:35:28	UTC+0000	2019-12-05	02:35:28	UTC+0000	2019-12-05	02:35:28	UTC+0000	Windows\winsxs\Catalogs\6D8854~1.CAT	$FILE_NAME	cat
2019-12-05	02:35:28	UTC+0000	2019-12-05	02:35:28	UTC+0000	2019-12-05	02:35:28	UTC+0000	2019-12-05	02:35:28	UTC+0000	Windows\winsxs\Catalogs\6d8854694ed49245418f5e7fa7edf72fa806daba99d62974db8f10044791cbf7.cat	$FILE_NAME	cat
2019-12-05	02:35:28	UTC+0000	2019-12-05	02:35:28	UTC+0000	2019-12-05	02:35:28	UTC+0000	2019-12-05	02:35:28	UTC+0000	Windows\System32\catroot\{F750E~1\Microsoft-Windows-SystemRestore-Package~31bf3856ad364e35~amd64~~6.1.7601.17514.cat	$FILE_NAME	cat
2019-12-05	02:35:28	UTC+0000	2019-12-05	02:35:28	UTC+0000	2019-12-05	02:35:28	UTC+0000	2019-12-05	02:35:28	UTC+0000	Windows\System32\catroot\{F750E~1\MI5046~1.CAT	$FILE_NAME	cat
2019-12-05	02:35:28	UTC+0000	2019-12-05	02:35:28	UTC+0000	2019-12-05	02:35:28	UTC+0000	2019-12-05	02:35:28	UTC+0000	Microsoft-Windows-SystemRestore-Package~31bf3856ad364e35~amd64~~6.1.7601.17514.cat	$FILE_NAME	cat
2019-12-05	02:35:28	UTC+0000	2019-12-05	02:35:28	UTC+0000	2019-12-05	02:35:28	UTC+0000	2019-12-05	02:35:28	UTC+0000	MI5046~1.CAT	$FILE_NAME	cat
2019-12-05	02:35:27	UTC+0000	2019-12-05	02:35:27	UTC+0000	2019-12-05	02:35:27	UTC+0000	2019-12-05	02:35:27	UTC+0000	Windows\System32\catroot\{F750E~1\Microsoft-Windows-Common-Modem-Drivers-Package~31bf3856ad364e35~amd64~en-US~6.1.7601.17514.cat	$FILE_NAME	cat
2019-12-05	02:35:27	UTC+0000	2019-12-05	02:35:27	UTC+0000	2019-12-05	02:35:27	UTC+0000	2019-12-05	02:35:27	UTC+0000	Windows\System32\catroot\{F750E~1\MI4862~1.CAT	$FILE_NAME	cat
2019-12-05	02:35:27	UTC+0000	2019-12-05	02:35:27	UTC+0000	2019-12-05	02:35:27	UTC+0000	2019-12-05	02:35:27	UTC+0000	Microsoft-Windows-Common-Modem-Drivers-Package~31bf3856ad364e35~amd64~en-US~6.1.7601.17514.cat	$FILE_NAME	cat
2019-12-05	02:35:27	UTC+0000	2019-12-05	02:35:27	UTC+0000	2019-12-05	02:35:27	UTC+0000	2019-12-05	02:35:27	UTC+0000	MI4862~1.CAT	$FILE_NAME	cat
2019-12-05	02:35:28	UTC+0000	2019-12-05	02:35:28	UTC+0000	2019-12-05	02:35:28	UTC+0000	2019-12-05	02:35:28	UTC+0000	Windows\System32\catroot\{F750E~1\Microsoft-Windows-Shell-MultiplayerInboxGames-Package~31bf3856ad364e35~amd64~~6.1.7601.17514.cat	$FILE_NAME	cat
2019-12-05	02:35:28	UTC+0000	2019-12-05	02:35:28	UTC+0000	2019-12-05	02:35:28	UTC+0000	2019-12-05	02:35:28	UTC+0000	Windows\System32\catroot\{F750E~1\MIF5FF~1.CAT	$FILE_NAME	cat
2019-12-05	02:35:28	UTC+0000	2019-12-05	02:35:28	UTC+0000	2019-12-05	02:35:28	UTC+0000	2019-12-05	02:35:28	UTC+0000	Microsoft-Windows-Shell-MultiplayerInboxGames-Package~31bf3856ad364e35~amd64~~6.1.7601.17514.cat	$FILE_NAME	cat
2019-12-05	02:35:28	UTC+0000	2019-12-05	02:35:28	UTC+0000	2019-12-05	02:35:28	UTC+0000	2019-12-05	02:35:28	UTC+0000	MIF5FF~1.CAT	$FILE_NAME	cat
2019-12-05	02:35:27	UTC+0000	2019-12-05	02:35:27	UTC+0000	2019-12-05	02:35:27	UTC+0000	2019-12-05	02:35:27	UTC+0000	Windows\System32\catroot\{F750E~1\Microsoft-Windows-LocalPack-CA-Package~31bf3856ad364e35~amd64~~6.1.7601.17514.cat	$FILE_NAME	cat
2019-12-05	02:35:27	UTC+0000	2019-12-05	02:35:27	UTC+0000	2019-12-05	02:35:27	UTC+0000	2019-12-05	02:35:27	UTC+0000	Windows\System32\catroot\{F750E~1\MIC035~1.CAT	$FILE_NAME	cat
2019-12-05	02:35:27	UTC+0000	2019-12-05	02:35:27	UTC+0000	2019-12-05	02:35:27	UTC+0000	2019-12-05	02:35:27	UTC+0000	Microsoft-Windows-LocalPack-CA-Package~31bf3856ad364e35~amd64~~6.1.7601.17514.cat	$FILE_NAME	cat
2019-12-05	02:35:27	UTC+0000	2019-12-05	02:35:27	UTC+0000	2019-12-05	02:35:27	UTC+0000	2019-12-05	02:35:27	UTC+0000	MIC035~1.CAT	$FILE_NAME	cat
2019-12-05	02:35:27	UTC+0000	2019-12-05	02:35:27	UTC+0000	2019-12-05	02:35:27	UTC+0000	2019-12-05	02:35:27	UTC+0000	Windows\winsxs\Catalogs\B6EB4D~1.CAT	$FILE_NAME	cat
2019-12-05	02:35:27	UTC+0000	2019-12-05	02:35:27	UTC+0000	2019-12-05	02:35:27	UTC+0000	2019-12-05	02:35:27	UTC+0000	Windows\winsxs\Catalogs\b6eb4d1d35d247b90c548da2d5954f15019aaa50f831e896188e1e239406ace5.cat	$FILE_NAME	cat
2019-12-05	02:35:27	UTC+0000	2019-12-05	02:35:27	UTC+0000	2019-12-05	02:35:27	UTC+0000	2019-12-05	02:35:27	UTC+0000	Windows\System32\catroot\{F750E~1\Microsoft-Windows-LocalPack-ZA-Package~31bf3856ad364e35~amd64~~6.1.7601.17514.cat	$FILE_NAME	cat
2019-12-05	02:35:27	UTC+0000	2019-12-05	02:35:27	UTC+0000	2019-12-05	02:35:27	UTC+0000	2019-12-05	02:35:27	UTC+0000	Windows\System32\catroot\{F750E~1\MI0F29~1.CAT	$FILE_NAME	cat
2019-12-05	02:35:27	UTC+0000	2019-12-05	02:35:27	UTC+0000	2019-12-05	02:35:27	UTC+0000	2019-12-05	02:35:27	UTC+0000	Microsoft-Windows-LocalPack-ZA-Package~31bf3856ad364e35~amd64~~6.1.7601.17514.cat	$FILE_NAME	cat
2019-12-05	02:35:27	UTC+0000	2019-12-05	02:35:27	UTC+0000	2019-12-05	02:35:27	UTC+0000	2019-12-05	02:35:27	UTC+0000	MI0F29~1.CAT	$FILE_NAME	cat
2019-12-05	02:35:28	UTC+0000	2019-12-05	02:35:28	UTC+0000	2019-12-05	02:35:28	UTC+0000	2019-12-05	02:35:28	UTC+0000	Windows\winsxs\Catalogs\ECF089~1.CAT	$FILE_NAME	cat
2019-12-05	02:35:28	UTC+0000	2019-12-05	02:35:28	UTC+0000	2019-12-05	02:35:28	UTC+0000	2019-12-05	02:35:28	UTC+0000	Windows\winsxs\Catalogs\ecf089463cef47e8bca32210429be6478bc264a547c326de73158f8b30d70aea.cat	$FILE_NAME	cat
2019-12-05	02:35:28	UTC+0000	2019-12-05	02:35:28	UTC+0000	2019-12-05	02:35:28	UTC+0000	2019-12-05	02:35:28	UTC+0000	Windows\System32\catroot\{F750E~1\Microsoft-Windows-MobilePC-Client-Premium-Package~31bf3856ad364e35~amd64~~6.1.7601.17514.cat	$FILE_NAME	cat
2019-12-05	02:35:28	UTC+0000	2019-12-05	02:35:28	UTC+0000	2019-12-05	02:35:28	UTC+0000	2019-12-05	02:35:28	UTC+0000	Windows\System32\catroot\{F750E~1\MIF22F~1.CAT	$FILE_NAME	cat
2019-12-05	02:35:28	UTC+0000	2019-12-05	02:35:28	UTC+0000	2019-12-05	02:35:28	UTC+0000	2019-12-05	02:35:28	UTC+0000	Windows\System32\catroot\{F750E~1\MI6247~1.CAT	$FILE_NAME	cat
2019-12-05	02:35:28	UTC+0000	2019-12-05	02:35:28	UTC+0000	2019-12-05	02:35:28	UTC+0000	2019-12-05	02:35:28	UTC+0000	Windows\System32\catroot\{F750E~1\Microsoft-Windows-WinOcr-Package~31bf3856ad364e35~amd64~~6.1.7601.17514.cat	$FILE_NAME	cat
2019-12-05	02:35:28	UTC+0000	2019-12-05	02:35:28	UTC+0000	2019-12-05	02:35:28	UTC+0000	2019-12-05	02:35:28	UTC+0000	MI6247~1.CAT	$FILE_NAME	cat
2019-12-05	02:35:28	UTC+0000	2019-12-05	02:35:28	UTC+0000	2019-12-05	02:35:28	UTC+0000	2019-12-05	02:35:28	UTC+0000	Microsoft-Windows-WinOcr-Package~31bf3856ad364e35~amd64~~6.1.7601.17514.cat	$FILE_NAME	cat
2019-12-05	02:35:27	UTC+0000	2019-12-05	02:35:27	UTC+0000	2019-12-05	02:35:27	UTC+0000	2019-12-05	02:35:27	UTC+0000	Windows\winsxs\Catalogs\ECCADC~1.CAT	$FILE_NAME	cat
2019-12-05	02:35:27	UTC+0000	2019-12-05	02:35:27	UTC+0000	2019-12-05	02:35:27	UTC+0000	2019-12-05	02:35:27	UTC+0000	Windows\winsxs\Catalogs\eccadc567358f61fffaea8c09b1fe7d80340e7c556fb1e1859e161cb5084b490.cat	$FILE_NAME	cat
2019-12-05	02:35:27	UTC+0000	2019-12-05	02:35:27	UTC+0000	2019-12-05	02:35:27	UTC+0000	2019-12-05	02:35:27	UTC+0000	Windows\System32\catroot\{F750E~1\Microsoft-Windows-GPUPipeline-Package~31bf3856ad364e35~amd64~en-US~6.1.7601.17514.cat	$FILE_NAME	cat
2019-12-05	02:35:27	UTC+0000	2019-12-05	02:35:27	UTC+0000	2019-12-05	02:35:27	UTC+0000	2019-12-05	02:35:27	UTC+0000	Windows\System32\catroot\{F750E~1\MI641B~1.CAT	$FILE_NAME	cat
2019-12-05	02:35:27	UTC+0000	2019-12-05	02:35:27	UTC+0000	2019-12-05	02:35:27	UTC+0000	2019-12-05	02:35:27	UTC+0000	Microsoft-Windows-GPUPipeline-Package~31bf3856ad364e35~amd64~en-US~6.1.7601.17514.cat	$FILE_NAME	cat
2019-12-05	02:35:27	UTC+0000	2019-12-05	02:35:27	UTC+0000	2019-12-05	02:35:27	UTC+0000	2019-12-05	02:35:27	UTC+0000	MI641B~1.CAT	$FILE_NAME	cat
2019-12-05	02:37:09	UTC+0000	2019-12-05	02:37:09	UTC+0000	2019-12-05	02:37:09	UTC+0000	2019-12-05	02:37:09	UTC+0000	prnlx00e.cat	$FILE_NAME	cat
2019-12-05	02:37:09	UTC+0000	2019-12-05	02:37:09	UTC+0000	2019-12-05	02:37:09	UTC+0000	2019-12-05	02:37:09	UTC+0000	prnlx00e.cat	$FILE_NAME	cat
2019-12-05	02:37:09	UTC+0000	2019-12-05	02:37:09	UTC+0000	2019-12-05	02:37:09	UTC+0000	2019-12-05	02:37:09	UTC+0000	Windows\System32\catroot\{F750E~1\prnlx00e.cat	$FILE_NAME	cat
2019-12-05	02:37:09	UTC+0000	2019-12-05	02:37:09	UTC+0000	2019-12-05	02:37:09	UTC+0000	2019-12-05	02:37:09	UTC+0000	prnlx00v.cat	$FILE_NAME	cat
2019-12-05	02:37:09	UTC+0000	2019-12-05	02:37:09	UTC+0000	2019-12-05	02:37:09	UTC+0000	2019-12-05	02:37:09	UTC+0000	prnlx00v.cat	$FILE_NAME	cat
2019-12-05	02:37:09	UTC+0000	2019-12-05	02:37:09	UTC+0000	2019-12-05	02:37:09	UTC+0000	2019-12-05	02:37:09	UTC+0000	Windows\System32\catroot\{F750E~1\prnlx00v.cat	$FILE_NAME	cat
2019-12-05	02:35:28	UTC+0000	2019-12-05	02:35:28	UTC+0000	2019-12-05	02:35:28	UTC+0000	2019-12-05	02:35:28	UTC+0000	Windows\System32\catroot\{F750E~1\Microsoft-Windows-MediaPlayback-OC-Package~31bf3856ad364e35~amd64~en-US~6.1.7601.17514.cat	$FILE_NAME	cat
2019-12-05	02:35:28	UTC+0000	2019-12-05	02:35:28	UTC+0000	2019-12-05	02:35:28	UTC+0000	2019-12-05	02:35:28	UTC+0000	Windows\System32\catroot\{F750E~1\MIB41E~1.CAT	$FILE_NAME	cat
