2019-12-05	02:35:28	UTC+0000	2019-12-05	02:35:28	UTC+0000	2019-12-05	02:35:28	UTC+0000	2019-12-05	02:35:28	UTC+0000	Microsoft-Windows-TerminalServices-CommandLineTools-Package~31bf3856ad364e35~amd64~~6.1.7601.17514.mum	$FILE_NAME	mum
2019-12-05	02:35:28	UTC+0000	2019-12-05	02:35:28	UTC+0000	2019-12-05	02:35:28	UTC+0000	2019-12-05	02:35:28	UTC+0000	MI54FB~1.MUM	$FILE_NAME	mum
2019-12-05	02:35:27	UTC+0000	2019-12-05	02:35:27	UTC+0000	2019-12-05	02:35:27	UTC+0000	2019-12-05	02:35:27	UTC+0000	Microsoft-Windows-InternetExplorer-Optional-Package~31bf3856ad364e35~amd64~~8.0.7601.17514.mum	$FILE_NAME	mum
2019-12-05	02:35:27	UTC+0000	2019-12-05	02:35:27	UTC+0000	2019-12-05	02:35:27	UTC+0000	2019-12-05	02:35:27	UTC+0000	MI1E8F~1.MUM	$FILE_NAME	mum
2019-12-05	02:35:28	UTC+0000	2019-12-05	02:35:28	UTC+0000	2019-12-05	02:35:28	UTC+0000	2019-12-05	02:35:28	UTC+0000	Microsoft-Windows-NetworkDiagnostics-DirectAccessEntry-Package~31bf3856ad364e35~amd64~~6.1.7601.17514.mum	$FILE_NAME	mum
2019-12-05	02:35:28	UTC+0000	2019-12-05	02:35:28	UTC+0000	2019-12-05	02:35:28	UTC+0000	2019-12-05	02:35:28	UTC+0000	MID814~1.MUM	$FILE_NAME	mum
2019-12-05	02:35:27	UTC+0000	2019-12-05	02:35:27	UTC+0000	2019-12-05	02:35:27	UTC+0000	2019-12-05	02:35:27	UTC+0000	Microsoft-Windows-Indexing-Service-Package~31bf3856ad364e35~amd64~en-US~6.1.7601.17514.mum	$FILE_NAME	mum
2019-12-05	02:35:27	UTC+0000	2019-12-05	02:35:27	UTC+0000	2019-12-05	02:35:27	UTC+0000	2019-12-05	02:35:27	UTC+0000	MI38B5~1.MUM	$FILE_NAME	mum
2019-12-10	10:31:02	UTC+0000	2019-12-10	10:31:02	UTC+0000	2019-12-10	10:31:02	UTC+0000	2019-12-10	10:31:02	UTC+0000	WU905A~1.MUM	$FILE_NAME	mum
2019-12-10	10:31:02	UTC+0000	2019-12-10	10:31:02	UTC+0000	2019-12-10	10:31:02	UTC+0000	2019-12-10	10:31:02	UTC+0000	WUClient-SelfUpdate-Core-AdmComp~31bf3856ad364e35~amd64~en-US~7.6.7600.320.mum	$FILE_NAME	mum
2019-12-05	02:35:28	UTC+0000	2019-12-05	02:35:28	UTC+0000	2019-12-05	02:35:28	UTC+0000	2019-12-05	02:35:28	UTC+0000	MIF2F0~1.MUM	$FILE_NAME	mum
2019-12-05	02:35:28	UTC+0000	2019-12-05	02:35:28	UTC+0000	2019-12-05	02:35:28	UTC+0000	2019-12-05	02:35:28	UTC+0000	Microsoft-Windows-VirtualPC-Licensing-Package~31bf3856ad364e35~amd64~~6.1.7601.17514.mum	$FILE_NAME	mum
2019-12-05	02:35:28	UTC+0000	2019-12-05	02:35:28	UTC+0000	2019-12-05	02:35:28	UTC+0000	2019-12-05	02:35:28	UTC+0000	Microsoft-Windows-NetFx3-OC-Package~31bf3856ad364e35~amd64~~6.1.7601.17514.mum	$FILE_NAME	mum
2019-12-05	02:35:28	UTC+0000	2019-12-05	02:35:28	UTC+0000	2019-12-05	02:35:28	UTC+0000	2019-12-05	02:35:28	UTC+0000	MIAEC5~1.MUM	$FILE_NAME	mum
2019-12-05	02:35:28	UTC+0000	2019-12-05	02:35:28	UTC+0000	2019-12-05	02:35:28	UTC+0000	2019-12-05	02:35:28	UTC+0000	Microsoft-Windows-SUA-Package~31bf3856ad364e35~amd64~en-US~6.1.7601.17514.mum	$FILE_NAME	mum
2019-12-05	02:35:28	UTC+0000	2019-12-05	02:35:28	UTC+0000	2019-12-05	02:35:28	UTC+0000	2019-12-05	02:35:28	UTC+0000	MICF80~1.MUM	$FILE_NAME	mum
2019-12-05	02:35:28	UTC+0000	2019-12-05	02:35:28	UTC+0000	2019-12-05	02:35:28	UTC+0000	2019-12-05	02:35:28	UTC+0000	Microsoft-Windows-Shell-SoundThemes-Package~31bf3856ad364e35~amd64~~6.1.7601.17514.mum	$FILE_NAME	mum
2019-12-05	02:35:28	UTC+0000	2019-12-05	02:35:28	UTC+0000	2019-12-05	02:35:28	UTC+0000	2019-12-05	02:35:28	UTC+0000	MIF5EC~1.MUM	$FILE_NAME	mum
2019-12-10	10:30:57	UTC+0000	2019-12-10	10:30:57	UTC+0000	2019-12-10	10:30:57	UTC+0000	2019-12-10	10:30:57	UTC+0000	WU95D3~1.MUM	$FILE_NAME	mum
2019-12-10	10:30:57	UTC+0000	2019-12-10	10:30:57	UTC+0000	2019-12-10	10:30:57	UTC+0000	2019-12-10	10:30:57	UTC+0000	WUClient-SelfUpdate-Aux~31bf3856ad364e35~amd64~en-US~7.6.7600.320.mum	$FILE_NAME	mum
2019-12-05	02:35:27	UTC+0000	2019-12-05	02:35:27	UTC+0000	2019-12-05	02:35:27	UTC+0000	2019-12-05	02:35:27	UTC+0000	Microsoft-Windows-Client-Wired-Network-Drivers-Package~31bf3856ad364e35~amd64~en-US~6.1.7601.17514.mum	$FILE_NAME	mum
2019-12-05	02:35:27	UTC+0000	2019-12-05	02:35:27	UTC+0000	2019-12-05	02:35:27	UTC+0000	2019-12-05	02:35:27	UTC+0000	MI5B59~1.MUM	$FILE_NAME	mum
2019-12-05	02:35:27	UTC+0000	2019-12-05	02:35:27	UTC+0000	2019-12-05	02:35:27	UTC+0000	2019-12-05	02:35:27	UTC+0000	Microsoft-Windows-InternetExplorer-Optional-Package-wrapper~31bf3856ad364e35~amd64~~6.1.7601.17514.mum	$FILE_NAME	mum
2019-12-05	02:35:27	UTC+0000	2019-12-05	02:35:27	UTC+0000	2019-12-05	02:35:27	UTC+0000	2019-12-05	02:35:27	UTC+0000	MIEB60~1.MUM	$FILE_NAME	mum
2019-12-10	10:31:01	UTC+0000	2019-12-10	10:31:01	UTC+0000	2019-12-10	10:31:01	UTC+0000	2019-12-10	10:31:01	UTC+0000	WUEDB9~1.MUM	$FILE_NAME	mum
2019-12-10	10:31:01	UTC+0000	2019-12-10	10:31:01	UTC+0000	2019-12-10	10:31:01	UTC+0000	2019-12-10	10:31:01	UTC+0000	WUClient-SelfUpdate-Core~31bf3856ad364e35~amd64~~7.6.7600.320.mum	$FILE_NAME	mum
2019-12-05	02:35:27	UTC+0000	2019-12-05	02:35:27	UTC+0000	2019-12-05	02:35:27	UTC+0000	2019-12-05	02:35:27	UTC+0000	Microsoft-Windows-Common-Drivers-Package~31bf3856ad364e35~amd64~en-US~6.1.7601.17514.mum	$FILE_NAME	mum
2019-12-05	02:35:27	UTC+0000	2019-12-05	02:35:27	UTC+0000	2019-12-05	02:35:27	UTC+0000	2019-12-05	02:35:27	UTC+0000	MI19E0~1.MUM	$FILE_NAME	mum
2019-12-05	02:35:28	UTC+0000	2019-12-05	02:35:28	UTC+0000	2019-12-05	02:35:28	UTC+0000	2019-12-05	02:35:28	UTC+0000	Microsoft-Windows-Printing-PremiumTools-Package~31bf3856ad364e35~amd64~~6.1.7601.17514.mum	$FILE_NAME	mum
2019-12-05	02:35:28	UTC+0000	2019-12-05	02:35:28	UTC+0000	2019-12-05	02:35:28	UTC+0000	2019-12-05	02:35:28	UTC+0000	MI672E~1.MUM	$FILE_NAME	mum
2019-12-05	02:35:27	UTC+0000	2019-12-05	02:35:27	UTC+0000	2019-12-05	02:35:27	UTC+0000	2019-12-05	02:35:27	UTC+0000	Microsoft-Windows-Anytime-Upgrade-Results-Package~31bf3856ad364e35~amd64~en-US~6.1.7601.17514.mum	$FILE_NAME	mum
2019-12-05	02:35:27	UTC+0000	2019-12-05	02:35:27	UTC+0000	2019-12-05	02:35:27	UTC+0000	2019-12-05	02:35:27	UTC+0000	MI63E8~1.MUM	$FILE_NAME	mum
2019-12-10	10:30:56	UTC+0000	2019-12-10	10:30:56	UTC+0000	2019-12-10	10:30:56	UTC+0000	2019-12-10	10:30:56	UTC+0000	WUCLIE~2.MUM	$FILE_NAME	mum
2019-12-10	10:30:56	UTC+0000	2019-12-10	10:30:56	UTC+0000	2019-12-10	10:30:56	UTC+0000	2019-12-10	10:30:56	UTC+0000	WUClient-SelfUpdate-Aux-TopLevel~31bf3856ad364e35~amd64~~7.6.7600.320.mum	$FILE_NAME	mum
2019-12-05	02:35:28	UTC+0000	2019-12-05	02:35:28	UTC+0000	2019-12-05	02:35:28	UTC+0000	2019-12-05	02:35:28	UTC+0000	MI973D~1.MUM	$FILE_NAME	mum
2019-12-05	02:35:28	UTC+0000	2019-12-05	02:35:28	UTC+0000	2019-12-05	02:35:28	UTC+0000	2019-12-05	02:35:28	UTC+0000	Microsoft-Windows-WinOcr-Package~31bf3856ad364e35~amd64~en-US~6.1.7601.17514.mum	$FILE_NAME	mum
2019-12-05	02:35:28	UTC+0000	2019-12-05	02:35:28	UTC+0000	2019-12-05	02:35:28	UTC+0000	2019-12-05	02:35:28	UTC+0000	Microsoft-Windows-MediaPlayer-Package~31bf3856ad364e35~amd64~~6.1.7601.17514.mum	$FILE_NAME	mum
2019-12-05	02:35:28	UTC+0000	2019-12-05	02:35:28	UTC+0000	2019-12-05	02:35:28	UTC+0000	2019-12-05	02:35:28	UTC+0000	MI0893~1.MUM	$FILE_NAME	mum
2019-12-10	10:31:01	UTC+0000	2019-12-10	10:31:01	UTC+0000	2019-12-10	10:31:01	UTC+0000	2019-12-10	10:31:01	UTC+0000	WU2685~1.MUM	$FILE_NAME	mum
2019-12-10	10:31:01	UTC+0000	2019-12-10	10:31:01	UTC+0000	2019-12-10	10:31:01	UTC+0000	2019-12-10	10:31:01	UTC+0000	WUClient-SelfUpdate-Core-TopLevel~31bf3856ad364e35~amd64~~7.6.7600.320.mum	$FILE_NAME	mum
2019-12-05	02:35:28	UTC+0000	2019-12-05	02:35:28	UTC+0000	2019-12-05	02:35:28	UTC+0000	2019-12-05	02:35:28	UTC+0000	Microsoft-Windows-TabletPC-OC-Package~31bf3856ad364e35~amd64~en-US~6.1.7601.17514.mum	$FILE_NAME	mum
2019-12-05	02:35:28	UTC+0000	2019-12-05	02:35:28	UTC+0000	2019-12-05	02:35:28	UTC+0000	2019-12-05	02:35:28	UTC+0000	MID677~1.MUM	$FILE_NAME	mum
2019-12-05	02:35:27	UTC+0000	2019-12-05	02:35:27	UTC+0000	2019-12-05	02:35:27	UTC+0000	2019-12-05	02:35:27	UTC+0000	Microsoft-Windows-CodecPack-Basic-Package-wrapper~31bf3856ad364e35~amd64~~6.1.7601.17514.mum	$FILE_NAME	mum
2019-12-05	02:35:27	UTC+0000	2019-12-05	02:35:27	UTC+0000	2019-12-05	02:35:27	UTC+0000	2019-12-05	02:35:27	UTC+0000	MIE9B6~1.MUM	$FILE_NAME	mum
2019-12-05	02:35:28	UTC+0000	2019-12-05	02:35:28	UTC+0000	2019-12-05	02:35:28	UTC+0000	2019-12-05	02:35:28	UTC+0000	PACKAG~1.MUM	$FILE_NAME	mum
2019-12-05	02:35:28	UTC+0000	2019-12-05	02:35:28	UTC+0000	2019-12-05	02:35:28	UTC+0000	2019-12-05	02:35:28	UTC+0000	Package_for_KB976902~31bf3856ad364e35~amd64~~6.1.1.17514.mum	$FILE_NAME	mum
2019-12-05	02:35:28	UTC+0000	2019-12-05	02:35:28	UTC+0000	2019-12-05	02:35:28	UTC+0000	2019-12-05	02:35:28	UTC+0000	PACKAG~4.MUM	$FILE_NAME	mum
2019-12-05	02:35:28	UTC+0000	2019-12-05	02:35:28	UTC+0000	2019-12-05	02:35:28	UTC+0000	2019-12-05	02:35:28	UTC+0000	Package_for_KB976932~31bf3856ad364e35~amd64~~6.1.0.17514.mum	$FILE_NAME	mum
2019-12-05	02:35:28	UTC+0000	2019-12-05	02:35:28	UTC+0000	2019-12-05	02:35:28	UTC+0000	2019-12-05	02:35:28	UTC+0000	MI392D~1.MUM	$FILE_NAME	mum
2019-12-05	02:35:28	UTC+0000	2019-12-05	02:35:28	UTC+0000	2019-12-05	02:35:28	UTC+0000	2019-12-05	02:35:28	UTC+0000	Microsoft-Windows-UltimateEdition~31bf3856ad364e35~amd64~~6.1.7601.17514.mum	$FILE_NAME	mum
2019-12-05	02:35:27	UTC+0000	2019-12-05	02:35:27	UTC+0000	2019-12-05	02:35:27	UTC+0000	2019-12-05	02:35:27	UTC+0000	Microsoft-Windows-IIS-WebServer-AddOn-2-Package~31bf3856ad364e35~amd64~en-US~6.1.7601.17514.mum	$FILE_NAME	mum
2019-12-05	02:35:27	UTC+0000	2019-12-05	02:35:27	UTC+0000	2019-12-05	02:35:27	UTC+0000	2019-12-05	02:35:27	UTC+0000	MI0E86~1.MUM	$FILE_NAME	mum
2019-12-10	10:31:01	UTC+0000	2019-12-10	10:31:01	UTC+0000	2019-12-10	10:31:01	UTC+0000	2019-12-10	10:31:01	UTC+0000	WUFCAF~1.MUM	$FILE_NAME	mum
2019-12-10	10:31:01	UTC+0000	2019-12-10	10:31:01	UTC+0000	2019-12-10	10:31:01	UTC+0000	2019-12-10	10:31:01	UTC+0000	WUClient-SelfUpdate-Core-CoreComp~31bf3856ad364e35~amd64~~7.6.7600.320.mum	$FILE_NAME	mum
2019-12-05	02:35:28	UTC+0000	2019-12-05	02:35:28	UTC+0000	2019-12-05	02:35:28	UTC+0000	2019-12-05	02:35:28	UTC+0000	Microsoft-Windows-RemoteFX-RemoteClient-Setup-LanguagePack~31bf3856ad364e35~amd64~en-US~6.1.7601.17514.mum	$FILE_NAME	mum
2019-12-05	02:35:28	UTC+0000	2019-12-05	02:35:28	UTC+0000	2019-12-05	02:35:28	UTC+0000	2019-12-05	02:35:28	UTC+0000	MI7199~1.MUM	$FILE_NAME	mum
2019-12-05	02:35:28	UTC+0000	2019-12-05	02:35:28	UTC+0000	2019-12-05	02:35:28	UTC+0000	2019-12-05	02:35:28	UTC+0000	Microsoft-Windows-TerminalServices-MiscRedirection-Package~31bf3856ad364e35~amd64~~6.1.7601.17514.mum	$FILE_NAME	mum
2019-12-05	02:35:28	UTC+0000	2019-12-05	02:35:28	UTC+0000	2019-12-05	02:35:28	UTC+0000	2019-12-05	02:35:28	UTC+0000	MI1ACE~1.MUM	$FILE_NAME	mum
2019-12-05	02:35:28	UTC+0000	2019-12-05	02:35:28	UTC+0000	2019-12-05	02:35:28	UTC+0000	2019-12-05	02:35:28	UTC+0000	Microsoft-Windows-Security-SPP-Component-SKU-Ultimate-Package~31bf3856ad364e35~amd64~~6.1.7601.17514.mum	$FILE_NAME	mum
2019-12-05	02:35:28	UTC+0000	2019-12-05	02:35:28	UTC+0000	2019-12-05	02:35:28	UTC+0000	2019-12-05	02:35:28	UTC+0000	MI7B66~1.MUM	$FILE_NAME	mum
2019-12-05	02:35:28	UTC+0000	2019-12-05	02:35:28	UTC+0000	2019-12-05	02:35:28	UTC+0000	2019-12-05	02:35:28	UTC+0000	Microsoft-Windows-StickyNotes-Package~31bf3856ad364e35~amd64~en-US~6.1.7601.17514.mum	$FILE_NAME	mum
2019-12-05	02:35:28	UTC+0000	2019-12-05	02:35:28	UTC+0000	2019-12-05	02:35:28	UTC+0000	2019-12-05	02:35:28	UTC+0000	MI638F~1.MUM	$FILE_NAME	mum
2019-12-05	02:35:28	UTC+0000	2019-12-05	02:35:28	UTC+0000	2019-12-05	02:35:28	UTC+0000	2019-12-05	02:35:28	UTC+0000	Microsoft-Windows-NFS-ClientSKU-Package~31bf3856ad364e35~amd64~~6.1.7601.17514.mum	$FILE_NAME	mum
2019-12-05	02:35:28	UTC+0000	2019-12-05	02:35:28	UTC+0000	2019-12-05	02:35:28	UTC+0000	2019-12-05	02:35:28	UTC+0000	MIDAEE~1.MUM	$FILE_NAME	mum
2019-12-05	02:35:28	UTC+0000	2019-12-05	02:35:28	UTC+0000	2019-12-05	02:35:28	UTC+0000	2019-12-05	02:35:28	UTC+0000	Package_1_for_KB976902~31bf3856ad364e35~amd64~~6.1.1.17514.mum	$FILE_NAME	mum
2019-12-05	02:35:28	UTC+0000	2019-12-05	02:35:28	UTC+0000	2019-12-05	02:35:28	UTC+0000	2019-12-05	02:35:28	UTC+0000	PACKAG~3.MUM	$FILE_NAME	mum
2019-12-05	02:35:28	UTC+0000	2019-12-05	02:35:28	UTC+0000	2019-12-05	02:35:28	UTC+0000	2019-12-05	02:35:28	UTC+0000	Microsoft-Windows-MediaCenter-Package~31bf3856ad364e35~amd64~en-US~6.1.7601.17514.mum	$FILE_NAME	mum
2019-12-05	02:35:28	UTC+0000	2019-12-05	02:35:28	UTC+0000	2019-12-05	02:35:28	UTC+0000	2019-12-05	02:35:28	UTC+0000	MI9EB5~1.MUM	$FILE_NAME	mum
2019-12-05	02:35:28	UTC+0000	2019-12-05	02:35:28	UTC+0000	2019-12-05	02:35:28	UTC+0000	2019-12-05	02:35:28	UTC+0000	Microsoft-Windows-Sidebar-Killbits-SDP-Package~31bf3856ad364e35~amd64~~6.1.7601.17514.mum	$FILE_NAME	mum
2019-12-05	02:35:28	UTC+0000	2019-12-05	02:35:28	UTC+0000	2019-12-05	02:35:28	UTC+0000	2019-12-05	02:35:28	UTC+0000	MID14B~1.MUM	$FILE_NAME	mum
2019-12-05	02:35:28	UTC+0000	2019-12-05	02:35:28	UTC+0000	2019-12-05	02:35:28	UTC+0000	2019-12-05	02:35:28	UTC+0000	Microsoft-Windows-RasRip-Package~31bf3856ad364e35~amd64~en-US~6.1.7601.17514.mum	$FILE_NAME	mum
2019-12-05	02:35:28	UTC+0000	2019-12-05	02:35:28	UTC+0000	2019-12-05	02:35:28	UTC+0000	2019-12-05	02:35:28	UTC+0000	MI5D8F~1.MUM	$FILE_NAME	mum
2019-12-05	02:35:27	UTC+0000	2019-12-05	02:35:27	UTC+0000	2019-12-05	02:35:27	UTC+0000	2019-12-05	02:35:27	UTC+0000	Microsoft-Windows-Client-LanguagePack-Package-wrapper~31bf3856ad364e35~amd64~en-US~6.1.7601.17514.mum	$FILE_NAME	mum
2019-12-05	02:35:27	UTC+0000	2019-12-05	02:35:27	UTC+0000	2019-12-05	02:35:27	UTC+0000	2019-12-05	02:35:27	UTC+0000	MIC38D~1.MUM	$FILE_NAME	mum
2019-12-05	02:35:27	UTC+0000	2019-12-05	02:35:27	UTC+0000	2019-12-05	02:35:27	UTC+0000	2019-12-05	02:35:27	UTC+0000	Microsoft-Windows-GPUPipeline-Package~31bf3856ad364e35~amd64~~6.1.7601.17514.mum	$FILE_NAME	mum
2019-12-05	02:35:27	UTC+0000	2019-12-05	02:35:27	UTC+0000	2019-12-05	02:35:27	UTC+0000	2019-12-05	02:35:27	UTC+0000	MID340~1.MUM	$FILE_NAME	mum
2019-12-05	02:35:28	UTC+0000	2019-12-05	02:35:28	UTC+0000	2019-12-05	02:35:28	UTC+0000	2019-12-05	02:35:28	UTC+0000	PA27F2~1.MUM	$FILE_NAME	mum
2019-12-05	02:35:28	UTC+0000	2019-12-05	02:35:28	UTC+0000	2019-12-05	02:35:28	UTC+0000	2019-12-05	02:35:28	UTC+0000	Package_for_KB976933~31bf3856ad364e35~amd64~~6.1.7601.17514.mum	$FILE_NAME	mum
2019-12-05	02:35:27	UTC+0000	2019-12-05	02:35:27	UTC+0000	2019-12-05	02:35:27	UTC+0000	2019-12-05	02:35:27	UTC+0000	Microsoft-Windows-Help-Customization-Package~31bf3856ad364e35~amd64~~6.1.7601.17514.mum	$FILE_NAME	mum
2019-12-05	02:35:27	UTC+0000	2019-12-05	02:35:27	UTC+0000	2019-12-05	02:35:27	UTC+0000	2019-12-05	02:35:27	UTC+0000	MIADF3~1.MUM	$FILE_NAME	mum
2019-12-05	02:35:27	UTC+0000	2019-12-05	02:35:27	UTC+0000	2019-12-05	02:35:27	UTC+0000	2019-12-05	02:35:27	UTC+0000	Microsoft-Windows-HomePremiumEdition-wrapper~31bf3856ad364e35~amd64~~6.1.7601.17514.mum	$FILE_NAME	mum
2019-12-05	02:35:27	UTC+0000	2019-12-05	02:35:27	UTC+0000	2019-12-05	02:35:27	UTC+0000	2019-12-05	02:35:27	UTC+0000	MI4472~1.MUM	$FILE_NAME	mum
2019-12-05	02:35:27	UTC+0000	2019-12-05	02:35:27	UTC+0000	2019-12-05	02:35:27	UTC+0000	2019-12-05	02:35:27	UTC+0000	Microsoft-Windows-Anytime-Upgrade-Results-Package~31bf3856ad364e35~amd64~~6.1.7601.17514.mum	$FILE_NAME	mum
2019-12-05	02:35:27	UTC+0000	2019-12-05	02:35:27	UTC+0000	2019-12-05	02:35:27	UTC+0000	2019-12-05	02:35:27	UTC+0000	MIE77A~1.MUM	$FILE_NAME	mum
2019-12-05	02:35:27	UTC+0000	2019-12-05	02:35:27	UTC+0000	2019-12-05	02:35:27	UTC+0000	2019-12-05	02:35:27	UTC+0000	Microsoft-Windows-CodecPack-Basic-Encoder-Package~31bf3856ad364e35~amd64~~6.1.7601.17514.mum	$FILE_NAME	mum
2019-12-05	02:35:27	UTC+0000	2019-12-05	02:35:27	UTC+0000	2019-12-05	02:35:27	UTC+0000	2019-12-05	02:35:27	UTC+0000	MI152C~1.MUM	$FILE_NAME	mum
2019-12-05	02:35:28	UTC+0000	2019-12-05	02:35:28	UTC+0000	2019-12-05	02:35:28	UTC+0000	2019-12-05	02:35:28	UTC+0000	Package_for_KB976902_RTM~31bf3856ad364e35~amd64~~6.1.1.17514.mum	$FILE_NAME	mum
2019-12-05	02:35:28	UTC+0000	2019-12-05	02:35:28	UTC+0000	2019-12-05	02:35:28	UTC+0000	2019-12-05	02:35:28	UTC+0000	PACKAG~2.MUM	$FILE_NAME	mum
2019-12-05	02:35:27	UTC+0000	2019-12-05	02:35:27	UTC+0000	2019-12-05	02:35:27	UTC+0000	2019-12-05	02:35:27	UTC+0000	Microsoft-Windows-IIS-WebServer-AddOn-2-Package~31bf3856ad364e35~amd64~~6.1.7601.17514.mum	$FILE_NAME	mum
2019-12-05	02:35:27	UTC+0000	2019-12-05	02:35:27	UTC+0000	2019-12-05	02:35:27	UTC+0000	2019-12-05	02:35:27	UTC+0000	MIC310~1.MUM	$FILE_NAME	mum
2019-12-05	02:35:28	UTC+0000	2019-12-05	02:35:28	UTC+0000	2019-12-05	02:35:28	UTC+0000	2019-12-05	02:35:28	UTC+0000	Microsoft-Windows-NetFx3-OC-Package~31bf3856ad364e35~amd64~en-US~6.1.7601.17514.mum	$FILE_NAME	mum
2019-12-05	02:35:28	UTC+0000	2019-12-05	02:35:28	UTC+0000	2019-12-05	02:35:28	UTC+0000	2019-12-05	02:35:28	UTC+0000	MIA53A~1.MUM	$FILE_NAME	mum
2019-12-05	02:35:28	UTC+0000	2019-12-05	02:35:28	UTC+0000	2019-12-05	02:35:28	UTC+0000	2019-12-05	02:35:28	UTC+0000	MI2EFE~1.MUM	$FILE_NAME	mum
2019-12-05	02:35:28	UTC+0000	2019-12-05	02:35:28	UTC+0000	2019-12-05	02:35:28	UTC+0000	2019-12-05	02:35:28	UTC+0000	Microsoft-Windows-WMPNetworkSharingService-Package~31bf3856ad364e35~amd64~en-US~6.1.7601.17514.mum	$FILE_NAME	mum
2019-12-05	02:35:28	UTC+0000	2019-12-05	02:35:28	UTC+0000	2019-12-05	02:35:28	UTC+0000	2019-12-05	02:35:28	UTC+0000	Microsoft-Windows-TerminalServices-RemoteApplications-Client-Package~31bf3856ad364e35~amd64~~6.1.7601.17514.mum	$FILE_NAME	mum
2019-12-05	02:35:28	UTC+0000	2019-12-05	02:35:28	UTC+0000	2019-12-05	02:35:28	UTC+0000	2019-12-05	02:35:28	UTC+0000	MI5005~1.MUM	$FILE_NAME	mum
2019-12-05	02:35:28	UTC+0000	2019-12-05	02:35:28	UTC+0000	2019-12-05	02:35:28	UTC+0000	2019-12-05	02:35:28	UTC+0000	Microsoft-Windows-Printing-PremiumTools-Package~31bf3856ad364e35~amd64~en-US~6.1.7601.17514.mum	$FILE_NAME	mum
2019-12-05	02:35:28	UTC+0000	2019-12-05	02:35:28	UTC+0000	2019-12-05	02:35:28	UTC+0000	2019-12-05	02:35:28	UTC+0000	MIEE5B~1.MUM	$FILE_NAME	mum
2019-12-10	10:31:02	UTC+0000	2019-12-10	10:31:02	UTC+0000	2019-12-10	10:31:02	UTC+0000	2019-12-10	10:31:02	UTC+0000	WU72BE~1.MUM	$FILE_NAME	mum
2019-12-10	10:31:02	UTC+0000	2019-12-10	10:31:02	UTC+0000	2019-12-10	10:31:02	UTC+0000	2019-12-10	10:31:02	UTC+0000	WUClient-SelfUpdate-Core-CoreComp~31bf3856ad364e35~amd64~en-US~7.6.7600.320.mum	$FILE_NAME	mum
2019-12-10	10:31:02	UTC+0000	2019-12-10	10:31:02	UTC+0000	2019-12-10	10:31:02	UTC+0000	2019-12-10	10:31:02	UTC+0000	WU1E26~1.MUM	$FILE_NAME	mum
2019-12-10	10:31:02	UTC+0000	2019-12-10	10:31:02	UTC+0000	2019-12-10	10:31:02	UTC+0000	2019-12-10	10:31:02	UTC+0000	WUClient-SelfUpdate-Core-UIComp~31bf3856ad364e35~amd64~en-US~7.6.7600.320.mum	$FILE_NAME	mum
2019-12-05	02:35:28	UTC+0000	2019-12-05	02:35:28	UTC+0000	2019-12-05	02:35:28	UTC+0000	2019-12-05	02:35:28	UTC+0000	Microsoft-Windows-TabletPC-OC-Package~31bf3856ad364e35~amd64~~6.1.7601.17514.mum	$FILE_NAME	mum
2019-12-05	02:35:28	UTC+0000	2019-12-05	02:35:28	UTC+0000	2019-12-05	02:35:28	UTC+0000	2019-12-05	02:35:28	UTC+0000	MID5AF~1.MUM	$FILE_NAME	mum
2019-12-05	02:35:27	UTC+0000	2019-12-05	02:35:27	UTC+0000	2019-12-05	02:35:27	UTC+0000	2019-12-05	02:35:27	UTC+0000	Microsoft-Media-Foundation-Package~31bf3856ad364e35~amd64~~6.1.7601.17514.mum	$FILE_NAME	mum
2019-12-05	02:35:27	UTC+0000	2019-12-05	02:35:27	UTC+0000	2019-12-05	02:35:27	UTC+0000	2019-12-05	02:35:27	UTC+0000	MI0B18~1.MUM	$FILE_NAME	mum
2019-12-05	02:35:28	UTC+0000	2019-12-05	02:35:28	UTC+0000	2019-12-05	02:35:28	UTC+0000	2019-12-05	02:35:28	UTC+0000	Microsoft-Windows-ParentalControls-Package~31bf3856ad364e35~amd64~en-US~6.1.7601.17514.mum	$FILE_NAME	mum
2019-12-05	02:35:28	UTC+0000	2019-12-05	02:35:28	UTC+0000	2019-12-05	02:35:28	UTC+0000	2019-12-05	02:35:28	UTC+0000	MIF84B~1.MUM	$FILE_NAME	mum
2019-12-05	02:35:28	UTC+0000	2019-12-05	02:35:28	UTC+0000	2019-12-05	02:35:28	UTC+0000	2019-12-05	02:35:28	UTC+0000	Microsoft-Windows-TerminalServices-WMIProvider-Package~31bf3856ad364e35~amd64~~6.1.7601.17514.mum	$FILE_NAME	mum
2019-12-05	02:35:28	UTC+0000	2019-12-05	02:35:28	UTC+0000	2019-12-05	02:35:28	UTC+0000	2019-12-05	02:35:28	UTC+0000	MIC76E~1.MUM	$FILE_NAME	mum
2019-12-05	02:35:27	UTC+0000	2019-12-05	02:35:27	UTC+0000	2019-12-05	02:35:27	UTC+0000	2019-12-05	02:35:27	UTC+0000	Microsoft-Windows-Client-Drivers-Package~31bf3856ad364e35~amd64~en-US~6.1.7601.17514.mum	$FILE_NAME	mum
2019-12-05	02:35:27	UTC+0000	2019-12-05	02:35:27	UTC+0000	2019-12-05	02:35:27	UTC+0000	2019-12-05	02:35:27	UTC+0000	MI7060~1.MUM	$FILE_NAME	mum
2019-12-10	10:30:56	UTC+0000	2019-12-10	10:30:56	UTC+0000	2019-12-10	10:30:56	UTC+0000	2019-12-10	10:30:56	UTC+0000	WU1B25~1.MUM	$FILE_NAME	mum
2019-12-10	10:30:56	UTC+0000	2019-12-10	10:30:56	UTC+0000	2019-12-10	10:30:56	UTC+0000	2019-12-10	10:30:56	UTC+0000	WUClient-SelfUpdate-Aux-MiniLP~31bf3856ad364e35~amd64~en-US~7.6.7600.320.mum	$FILE_NAME	mum
2019-12-10	10:31:01	UTC+0000	2019-12-10	10:31:01	UTC+0000	2019-12-10	10:31:01	UTC+0000	2019-12-10	10:31:01	UTC+0000	WUD7C8~1.MUM	$FILE_NAME	mum
2019-12-10	10:31:01	UTC+0000	2019-12-10	10:31:01	UTC+0000	2019-12-10	10:31:01	UTC+0000	2019-12-10	10:31:01	UTC+0000	WUClient-SelfUpdate-Core-UIComp~31bf3856ad364e35~amd64~~7.6.7600.320.mum	$FILE_NAME	mum
2019-12-10	10:31:01	UTC+0000	2019-12-10	10:31:01	UTC+0000	2019-12-10	10:31:01	UTC+0000	2019-12-10	10:31:01	UTC+0000	WUEFF3~1.MUM	$FILE_NAME	mum
2019-12-10	10:31:01	UTC+0000	2019-12-10	10:31:01	UTC+0000	2019-12-10	10:31:01	UTC+0000	2019-12-10	10:31:01	UTC+0000	WUClient-SelfUpdate-Core-AdmComp~31bf3856ad364e35~amd64~~7.6.7600.320.mum	$FILE_NAME	mum
2019-12-05	02:35:28	UTC+0000	2019-12-05	02:35:28	UTC+0000	2019-12-05	02:35:28	UTC+0000	2019-12-05	02:35:28	UTC+0000	Microsoft-Windows-RemoteAssistance-Package-Client~31bf3856ad364e35~amd64~~6.1.7601.17514.mum	$FILE_NAME	mum
2019-12-05	02:35:28	UTC+0000	2019-12-05	02:35:28	UTC+0000	2019-12-05	02:35:28	UTC+0000	2019-12-05	02:35:28	UTC+0000	MI4776~1.MUM	$FILE_NAME	mum
2019-12-05	02:35:27	UTC+0000	2019-12-05	02:35:27	UTC+0000	2019-12-05	02:35:27	UTC+0000	2019-12-05	02:35:27	UTC+0000	Microsoft-Windows-Common-Drivers-Package~31bf3856ad364e35~amd64~~6.1.7601.17514.mum	$FILE_NAME	mum
2019-12-05	02:35:27	UTC+0000	2019-12-05	02:35:27	UTC+0000	2019-12-05	02:35:27	UTC+0000	2019-12-05	02:35:27	UTC+0000	MI55CB~1.MUM	$FILE_NAME	mum
2019-12-05	02:35:28	UTC+0000	2019-12-05	02:35:28	UTC+0000	2019-12-05	02:35:28	UTC+0000	2019-12-05	02:35:28	UTC+0000	NEF98B~1.MUM	$FILE_NAME	mum
2019-12-05	02:35:28	UTC+0000	2019-12-05	02:35:28	UTC+0000	2019-12-05	02:35:28	UTC+0000	2019-12-05	02:35:28	UTC+0000	Networking-MPSSVC-Rules-UltimateEdition-Package~31bf3856ad364e35~amd64~~6.1.7601.17514.mum	$FILE_NAME	mum
2019-12-05	02:35:28	UTC+0000	2019-12-05	02:35:28	UTC+0000	2019-12-05	02:35:28	UTC+0000	2019-12-05	02:35:28	UTC+0000	Microsoft-Windows-RemoteFX-RemoteClient-Setup-Package~31bf3856ad364e35~amd64~~6.1.7601.17514.mum	$FILE_NAME	mum
2019-12-05	02:35:28	UTC+0000	2019-12-05	02:35:28	UTC+0000	2019-12-05	02:35:28	UTC+0000	2019-12-05	02:35:28	UTC+0000	MIF1ED~1.MUM	$FILE_NAME	mum
2019-12-05	02:35:28	UTC+0000	2019-12-05	02:35:28	UTC+0000	2019-12-05	02:35:28	UTC+0000	2019-12-05	02:35:28	UTC+0000	Microsoft-Windows-RemoteFX-VM-Setup-LanguagePack~31bf3856ad364e35~amd64~en-US~6.1.7601.17514.mum	$FILE_NAME	mum
2019-12-05	02:35:28	UTC+0000	2019-12-05	02:35:28	UTC+0000	2019-12-05	02:35:28	UTC+0000	2019-12-05	02:35:28	UTC+0000	MI2A08~1.MUM	$FILE_NAME	mum
2019-12-05	02:35:27	UTC+0000	2019-12-05	02:35:27	UTC+0000	2019-12-05	02:35:27	UTC+0000	2019-12-05	02:35:27	UTC+0000	Microsoft-Windows-Gadget-Platform-Package~31bf3856ad364e35~amd64~en-US~6.1.7601.17514.mum	$FILE_NAME	mum
2019-12-05	02:35:27	UTC+0000	2019-12-05	02:35:27	UTC+0000	2019-12-05	02:35:27	UTC+0000	2019-12-05	02:35:27	UTC+0000	MI3C70~1.MUM	$FILE_NAME	mum
2019-12-05	02:35:27	UTC+0000	2019-12-05	02:35:27	UTC+0000	2019-12-05	02:35:27	UTC+0000	2019-12-05	02:35:27	UTC+0000	Microsoft-Windows-LocalPack-GB-Package~31bf3856ad364e35~amd64~~6.1.7601.17514.mum	$FILE_NAME	mum
2019-12-05	02:35:27	UTC+0000	2019-12-05	02:35:27	UTC+0000	2019-12-05	02:35:27	UTC+0000	2019-12-05	02:35:27	UTC+0000	MI5515~1.MUM	$FILE_NAME	mum
2019-12-05	02:35:28	UTC+0000	2019-12-05	02:35:28	UTC+0000	2019-12-05	02:35:28	UTC+0000	2019-12-05	02:35:28	UTC+0000	Microsoft-Windows-SampleContent-Music-Package~31bf3856ad364e35~amd64~~6.1.7601.17514.mum	$FILE_NAME	mum
2019-12-05	02:35:28	UTC+0000	2019-12-05	02:35:28	UTC+0000	2019-12-05	02:35:28	UTC+0000	2019-12-05	02:35:28	UTC+0000	MIB89E~1.MUM	$FILE_NAME	mum
2019-12-05	02:35:28	UTC+0000	2019-12-05	02:35:28	UTC+0000	2019-12-05	02:35:28	UTC+0000	2019-12-05	02:35:28	UTC+0000	Microsoft-Windows-PeerDist-Client-Package~31bf3856ad364e35~amd64~~6.1.7601.17514.mum	$FILE_NAME	mum
2019-12-05	02:35:28	UTC+0000	2019-12-05	02:35:28	UTC+0000	2019-12-05	02:35:28	UTC+0000	2019-12-05	02:35:28	UTC+0000	MI9DAC~1.MUM	$FILE_NAME	mum
2019-12-05	02:35:28	UTC+0000	2019-12-05	02:35:28	UTC+0000	2019-12-05	02:35:28	UTC+0000	2019-12-05	02:35:28	UTC+0000	Microsoft-Windows-Tuner-Drivers-Package~31bf3856ad364e35~amd64~~6.1.7601.17514.mum	$FILE_NAME	mum
2019-12-05	02:35:28	UTC+0000	2019-12-05	02:35:28	UTC+0000	2019-12-05	02:35:28	UTC+0000	2019-12-05	02:35:28	UTC+0000	MI2059~1.MUM	$FILE_NAME	mum
2019-12-05	02:35:28	UTC+0000	2019-12-05	02:35:28	UTC+0000	2019-12-05	02:35:28	UTC+0000	2019-12-05	02:35:28	UTC+0000	Microsoft-Windows-MobilePC-Client-Basic-Package~31bf3856ad364e35~amd64~en-US~6.1.7601.17514.mum	$FILE_NAME	mum
2019-12-05	02:35:28	UTC+0000	2019-12-05	02:35:28	UTC+0000	2019-12-05	02:35:28	UTC+0000	2019-12-05	02:35:28	UTC+0000	MIB4BB~1.MUM	$FILE_NAME	mum
2019-12-05	02:35:28	UTC+0000	2019-12-05	02:35:28	UTC+0000	2019-12-05	02:35:28	UTC+0000	2019-12-05	02:35:28	UTC+0000	Microsoft-Windows-StickyNotes-Package~31bf3856ad364e35~amd64~~6.1.7601.17514.mum	$FILE_NAME	mum
2019-12-05	02:35:28	UTC+0000	2019-12-05	02:35:28	UTC+0000	2019-12-05	02:35:28	UTC+0000	2019-12-05	02:35:28	UTC+0000	MIB560~1.MUM	$FILE_NAME	mum
2019-12-05	02:35:28	UTC+0000	2019-12-05	02:35:28	UTC+0000	2019-12-05	02:35:28	UTC+0000	2019-12-05	02:35:28	UTC+0000	Microsoft-Windows-Telnet-Server-Package~31bf3856ad364e35~amd64~~6.1.7601.17514.mum	$FILE_NAME	mum
2019-12-05	02:35:28	UTC+0000	2019-12-05	02:35:28	UTC+0000	2019-12-05	02:35:28	UTC+0000	2019-12-05	02:35:28	UTC+0000	MI9C9F~1.MUM	$FILE_NAME	mum
2019-12-05	02:35:28	UTC+0000	2019-12-05	02:35:28	UTC+0000	2019-12-05	02:35:28	UTC+0000	2019-12-05	02:35:28	UTC+0000	PA3045~1.MUM	$FILE_NAME	mum
2019-12-05	02:35:28	UTC+0000	2019-12-05	02:35:28	UTC+0000	2019-12-05	02:35:28	UTC+0000	2019-12-05	02:35:28	UTC+0000	Package_for_KB976933~31bf3856ad364e35~amd64~de-DE~6.1.7601.17514.mum	$FILE_NAME	mum
2019-12-05	02:35:28	UTC+0000	2019-12-05	02:35:28	UTC+0000	2019-12-05	02:35:28	UTC+0000	2019-12-05	02:35:28	UTC+0000	Microsoft-Windows-Shell-InboxGames-Package~31bf3856ad364e35~amd64~~6.1.7601.17514.mum	$FILE_NAME	mum
2019-12-05	02:35:28	UTC+0000	2019-12-05	02:35:28	UTC+0000	2019-12-05	02:35:28	UTC+0000	2019-12-05	02:35:28	UTC+0000	MI778C~1.MUM	$FILE_NAME	mum
2019-12-05	02:35:28	UTC+0000	2019-12-05	02:35:28	UTC+0000	2019-12-05	02:35:28	UTC+0000	2019-12-05	02:35:28	UTC+0000	MICE93~1.MUM	$FILE_NAME	mum
2019-12-05	02:35:28	UTC+0000	2019-12-05	02:35:28	UTC+0000	2019-12-05	02:35:28	UTC+0000	2019-12-05	02:35:28	UTC+0000	Microsoft-Windows-VirtualXP-Licensing-Package~31bf3856ad364e35~amd64~~6.1.7601.17514.mum	$FILE_NAME	mum
2019-12-05	02:35:28	UTC+0000	2019-12-05	02:35:28	UTC+0000	2019-12-05	02:35:28	UTC+0000	2019-12-05	02:35:28	UTC+0000	Microsoft-Windows-RecDisc-SDP-Package~31bf3856ad364e35~amd64~en-US~6.1.7601.17514.mum	$FILE_NAME	mum
2019-12-05	02:35:28	UTC+0000	2019-12-05	02:35:28	UTC+0000	2019-12-05	02:35:28	UTC+0000	2019-12-05	02:35:28	UTC+0000	MI4FDD~1.MUM	$FILE_NAME	mum
2019-12-10	10:31:01	UTC+0000	2019-12-10	10:31:01	UTC+0000	2019-12-10	10:31:01	UTC+0000	2019-12-10	10:31:01	UTC+0000	WUD710~1.MUM	$FILE_NAME	mum
2019-12-10	10:31:01	UTC+0000	2019-12-10	10:31:01	UTC+0000	2019-12-10	10:31:01	UTC+0000	2019-12-10	10:31:01	UTC+0000	WUClient-SelfUpdate-Core-MiniLP~31bf3856ad364e35~amd64~en-US~7.6.7600.320.mum	$FILE_NAME	mum
2019-12-05	02:35:27	UTC+0000	2019-12-05	02:35:27	UTC+0000	2019-12-05	02:35:27	UTC+0000	2019-12-05	02:35:27	UTC+0000	Microsoft-Windows-CodecPack-Basic-Package~31bf3856ad364e35~amd64~en-US~6.1.7601.17514.mum	$FILE_NAME	mum
2019-12-05	02:35:27	UTC+0000	2019-12-05	02:35:27	UTC+0000	2019-12-05	02:35:27	UTC+0000	2019-12-05	02:35:27	UTC+0000	MIF486~1.MUM	$FILE_NAME	mum
2019-12-05	02:35:27	UTC+0000	2019-12-05	02:35:27	UTC+0000	2019-12-05	02:35:27	UTC+0000	2019-12-05	02:35:27	UTC+0000	Microsoft-Windows-Indexing-Service-Package~31bf3856ad364e35~amd64~~6.1.7601.17514.mum	$FILE_NAME	mum
2019-12-05	02:35:27	UTC+0000	2019-12-05	02:35:27	UTC+0000	2019-12-05	02:35:27	UTC+0000	2019-12-05	02:35:27	UTC+0000	MIED82~1.MUM	$FILE_NAME	mum
2019-12-05	02:35:27	UTC+0000	2019-12-05	02:35:27	UTC+0000	2019-12-05	02:35:27	UTC+0000	2019-12-05	02:35:27	UTC+0000	Microsoft-Windows-InternetExplorer-Optional-Package-wrapper~31bf3856ad364e35~amd64~en-US~6.1.7601.17514.mum	$FILE_NAME	mum
2019-12-05	02:35:27	UTC+0000	2019-12-05	02:35:27	UTC+0000	2019-12-05	02:35:27	UTC+0000	2019-12-05	02:35:27	UTC+0000	MIB14D~1.MUM	$FILE_NAME	mum
2019-12-05	02:35:28	UTC+0000	2019-12-05	02:35:28	UTC+0000	2019-12-05	02:35:28	UTC+0000	2019-12-05	02:35:28	UTC+0000	Microsoft-Windows-Shell-MultiplayerInboxGames-Package~31bf3856ad364e35~amd64~en-US~6.1.7601.17514.mum	$FILE_NAME	mum
2019-12-05	02:35:28	UTC+0000	2019-12-05	02:35:28	UTC+0000	2019-12-05	02:35:28	UTC+0000	2019-12-05	02:35:28	UTC+0000	MI044F~1.MUM	$FILE_NAME	mum
2019-12-05	02:35:28	UTC+0000	2019-12-05	02:35:28	UTC+0000	2019-12-05	02:35:28	UTC+0000	2019-12-05	02:35:28	UTC+0000	Microsoft-Windows-MobilePC-Client-SideShow-Package~31bf3856ad364e35~amd64~en-US~6.1.7601.17514.mum	$FILE_NAME	mum
2019-12-05	02:35:28	UTC+0000	2019-12-05	02:35:28	UTC+0000	2019-12-05	02:35:28	UTC+0000	2019-12-05	02:35:28	UTC+0000	MI193B~1.MUM	$FILE_NAME	mum
2019-12-05	02:35:28	UTC+0000	2019-12-05	02:35:28	UTC+0000	2019-12-05	02:35:28	UTC+0000	2019-12-05	02:35:28	UTC+0000	Microsoft-Windows-Telnet-Server-Package~31bf3856ad364e35~amd64~en-US~6.1.7601.17514.mum	$FILE_NAME	mum
2019-12-05	02:35:28	UTC+0000	2019-12-05	02:35:28	UTC+0000	2019-12-05	02:35:28	UTC+0000	2019-12-05	02:35:28	UTC+0000	MIFC77~1.MUM	$FILE_NAME	mum
2019-12-05	02:35:28	UTC+0000	2019-12-05	02:35:28	UTC+0000	2019-12-05	02:35:28	UTC+0000	2019-12-05	02:35:28	UTC+0000	Microsoft-Windows-OfflineFiles-Package~31bf3856ad364e35~amd64~en-US~6.1.7601.17514.mum	$FILE_NAME	mum
2019-12-05	02:35:28	UTC+0000	2019-12-05	02:35:28	UTC+0000	2019-12-05	02:35:28	UTC+0000	2019-12-05	02:35:28	UTC+0000	MI25C2~1.MUM	$FILE_NAME	mum
2019-12-05	02:35:28	UTC+0000	2019-12-05	02:35:28	UTC+0000	2019-12-05	02:35:28	UTC+0000	2019-12-05	02:35:28	UTC+0000	Microsoft-Windows-OpticalMediaDisc-Package~31bf3856ad364e35~amd64~~6.1.7601.17514.mum	$FILE_NAME	mum
2019-12-05	02:35:28	UTC+0000	2019-12-05	02:35:28	UTC+0000	2019-12-05	02:35:28	UTC+0000	2019-12-05	02:35:28	UTC+0000	MI623B~1.MUM	$FILE_NAME	mum
2019-12-05	02:35:28	UTC+0000	2019-12-05	02:35:28	UTC+0000	2019-12-05	02:35:28	UTC+0000	2019-12-05	02:35:28	UTC+0000	Microsoft-Windows-TerminalServices-RemoteApplications-Client-Package~31bf3856ad364e35~amd64~en-US~6.1.7601.17514.mum	$FILE_NAME	mum
2019-12-05	02:35:28	UTC+0000	2019-12-05	02:35:28	UTC+0000	2019-12-05	02:35:28	UTC+0000	2019-12-05	02:35:28	UTC+0000	MID106~1.MUM	$FILE_NAME	mum
2019-12-05	02:35:28	UTC+0000	2019-12-05	02:35:28	UTC+0000	2019-12-05	02:35:28	UTC+0000	2019-12-05	02:35:28	UTC+0000	Microsoft-Windows-ShareMedia-ControlPanel-Package~31bf3856ad364e35~amd64~~6.1.7601.17514.mum	$FILE_NAME	mum
2019-12-05	02:35:28	UTC+0000	2019-12-05	02:35:28	UTC+0000	2019-12-05	02:35:28	UTC+0000	2019-12-05	02:35:28	UTC+0000	MI83A7~1.MUM	$FILE_NAME	mum
2019-12-05	02:35:28	UTC+0000	2019-12-05	02:35:28	UTC+0000	2019-12-05	02:35:28	UTC+0000	2019-12-05	02:35:28	UTC+0000	Microsoft-Windows-Shell-HomeGroup-Package~31bf3856ad364e35~amd64~en-US~6.1.7601.17514.mum	$FILE_NAME	mum
2019-12-05	02:35:28	UTC+0000	2019-12-05	02:35:28	UTC+0000	2019-12-05	02:35:28	UTC+0000	2019-12-05	02:35:28	UTC+0000	MIA0E0~1.MUM	$FILE_NAME	mum
2019-12-05	02:35:27	UTC+0000	2019-12-05	02:35:27	UTC+0000	2019-12-05	02:35:27	UTC+0000	2019-12-05	02:35:27	UTC+0000	Microsoft-Windows-BLB-Client-Package~31bf3856ad364e35~amd64~~6.1.7601.17514.mum	$FILE_NAME	mum
2019-12-05	02:35:27	UTC+0000	2019-12-05	02:35:27	UTC+0000	2019-12-05	02:35:27	UTC+0000	2019-12-05	02:35:27	UTC+0000	MIEEE2~1.MUM	$FILE_NAME	mum
2019-12-05	02:35:28	UTC+0000	2019-12-05	02:35:28	UTC+0000	2019-12-05	02:35:28	UTC+0000	2019-12-05	02:35:28	UTC+0000	Microsoft-Windows-SnippingTool-Package~31bf3856ad364e35~amd64~~6.1.7601.17514.mum	$FILE_NAME	mum
2019-12-05	02:35:28	UTC+0000	2019-12-05	02:35:28	UTC+0000	2019-12-05	02:35:28	UTC+0000	2019-12-05	02:35:28	UTC+0000	MI9B16~1.MUM	$FILE_NAME	mum
2019-12-05	02:35:28	UTC+0000	2019-12-05	02:35:28	UTC+0000	2019-12-05	02:35:28	UTC+0000	2019-12-05	02:35:28	UTC+0000	Server-Help-Package.ClientUltimate~31bf3856ad364e35~amd64~en-US~6.1.7601.17514.mum	$FILE_NAME	mum
2019-12-05	02:35:28	UTC+0000	2019-12-05	02:35:28	UTC+0000	2019-12-05	02:35:28	UTC+0000	2019-12-05	02:35:28	UTC+0000	SEB158~1.MUM	$FILE_NAME	mum
2019-12-10	10:30:56	UTC+0000	2019-12-10	10:30:56	UTC+0000	2019-12-10	10:30:56	UTC+0000	2019-12-10	10:30:56	UTC+0000	WUCLIE~3.MUM	$FILE_NAME	mum
2019-12-10	10:30:56	UTC+0000	2019-12-10	10:30:56	UTC+0000	2019-12-10	10:30:56	UTC+0000	2019-12-10	10:30:56	UTC+0000	WUClient-SelfUpdate-Aux~31bf3856ad364e35~amd64~~7.6.7600.320.mum	$FILE_NAME	mum
2019-12-10	10:30:56	UTC+0000	2019-12-10	10:30:56	UTC+0000	2019-12-10	10:30:56	UTC+0000	2019-12-10	10:30:56	UTC+0000	WUCLIE~4.MUM	$FILE_NAME	mum
2019-12-10	10:30:56	UTC+0000	2019-12-10	10:30:56	UTC+0000	2019-12-10	10:30:56	UTC+0000	2019-12-10	10:30:56	UTC+0000	WUClient-SelfUpdate-Aux-AuxComp~31bf3856ad364e35~amd64~~7.6.7600.320.mum	$FILE_NAME	mum
2019-12-05	02:35:27	UTC+0000	2019-12-05	02:35:27	UTC+0000	2019-12-05	02:35:27	UTC+0000	2019-12-05	02:35:27	UTC+0000	Microsoft-Windows-IIS-WebServer-Package~31bf3856ad364e35~amd64~en-US~6.1.7601.17514.mum	$FILE_NAME	mum
2019-12-05	02:35:27	UTC+0000	2019-12-05	02:35:27	UTC+0000	2019-12-05	02:35:27	UTC+0000	2019-12-05	02:35:27	UTC+0000	MI6AA8~1.MUM	$FILE_NAME	mum
2019-12-05	02:35:27	UTC+0000	2019-12-05	02:35:27	UTC+0000	2019-12-05	02:35:27	UTC+0000	2019-12-05	02:35:27	UTC+0000	Microsoft-Windows-InternetExplorer-Package~31bf3856ad364e35~amd64~~8.0.7601.17514.mum	$FILE_NAME	mum
2019-12-05	02:35:27	UTC+0000	2019-12-05	02:35:27	UTC+0000	2019-12-05	02:35:27	UTC+0000	2019-12-05	02:35:27	UTC+0000	MI2A98~1.MUM	$FILE_NAME	mum
2019-12-05	02:35:27	UTC+0000	2019-12-05	02:35:27	UTC+0000	2019-12-05	02:35:27	UTC+0000	2019-12-05	02:35:27	UTC+0000	Microsoft-Windows-Disk-Diagnosis-Package~31bf3856ad364e35~amd64~en-US~6.1.7601.17514.mum	$FILE_NAME	mum
2019-12-05	02:35:27	UTC+0000	2019-12-05	02:35:27	UTC+0000	2019-12-05	02:35:27	UTC+0000	2019-12-05	02:35:27	UTC+0000	MI574D~1.MUM	$FILE_NAME	mum
2019-12-05	02:35:27	UTC+0000	2019-12-05	02:35:27	UTC+0000	2019-12-05	02:35:27	UTC+0000	2019-12-05	02:35:27	UTC+0000	Microsoft-Windows-GroupPolicy-ClientTools-Package~31bf3856ad364e35~amd64~~6.1.7601.17514.mum	$FILE_NAME	mum
2019-12-05	02:35:27	UTC+0000	2019-12-05	02:35:27	UTC+0000	2019-12-05	02:35:27	UTC+0000	2019-12-05	02:35:27	UTC+0000	MIAB9F~1.MUM	$FILE_NAME	mum
2019-12-05	02:35:28	UTC+0000	2019-12-05	02:35:28	UTC+0000	2019-12-05	02:35:28	UTC+0000	2019-12-05	02:35:28	UTC+0000	Microsoft-Windows-MediaCenter-Package~31bf3856ad364e35~amd64~~6.1.7601.17514.mum	$FILE_NAME	mum
2019-12-05	02:35:28	UTC+0000	2019-12-05	02:35:28	UTC+0000	2019-12-05	02:35:28	UTC+0000	2019-12-05	02:35:28	UTC+0000	MI45A1~1.MUM	$FILE_NAME	mum
2019-12-05	02:35:28	UTC+0000	2019-12-05	02:35:28	UTC+0000	2019-12-05	02:35:28	UTC+0000	2019-12-05	02:35:28	UTC+0000	Microsoft-Windows-Printer-Drivers-Package~31bf3856ad364e35~amd64~en-US~6.1.7601.17514.mum	$FILE_NAME	mum
2019-12-05	02:35:28	UTC+0000	2019-12-05	02:35:28	UTC+0000	2019-12-05	02:35:28	UTC+0000	2019-12-05	02:35:28	UTC+0000	MI58C1~1.MUM	$FILE_NAME	mum
2019-12-05	02:35:28	UTC+0000	2019-12-05	02:35:28	UTC+0000	2019-12-05	02:35:28	UTC+0000	2019-12-05	02:35:28	UTC+0000	Microsoft-Windows-SUA-Package~31bf3856ad364e35~amd64~~6.1.7601.17514.mum	$FILE_NAME	mum
2019-12-05	02:35:28	UTC+0000	2019-12-05	02:35:28	UTC+0000	2019-12-05	02:35:28	UTC+0000	2019-12-05	02:35:28	UTC+0000	MI9C69~1.MUM	$FILE_NAME	mum
2019-12-05	02:35:27	UTC+0000	2019-12-05	02:35:27	UTC+0000	2019-12-05	02:35:27	UTC+0000	2019-12-05	02:35:27	UTC+0000	Microsoft-Windows-Common-Modem-Drivers-Package~31bf3856ad364e35~amd64~en-US~6.1.7601.17514.mum	$FILE_NAME	mum
2019-12-05	02:35:27	UTC+0000	2019-12-05	02:35:27	UTC+0000	2019-12-05	02:35:27	UTC+0000	2019-12-05	02:35:27	UTC+0000	MI88F2~1.MUM	$FILE_NAME	mum
2019-12-05	02:35:28	UTC+0000	2019-12-05	02:35:28	UTC+0000	2019-12-05	02:35:28	UTC+0000	2019-12-05	02:35:28	UTC+0000	Microsoft-Windows-Shell-MultiplayerInboxGames-Package~31bf3856ad364e35~amd64~~6.1.7601.17514.mum	$FILE_NAME	mum
2019-12-05	02:35:28	UTC+0000	2019-12-05	02:35:28	UTC+0000	2019-12-05	02:35:28	UTC+0000	2019-12-05	02:35:28	UTC+0000	MI27F1~1.MUM	$FILE_NAME	mum
2019-12-05	02:35:27	UTC+0000	2019-12-05	02:35:27	UTC+0000	2019-12-05	02:35:27	UTC+0000	2019-12-05	02:35:27	UTC+0000	Microsoft-Windows-LocalPack-CA-Package~31bf3856ad364e35~amd64~~6.1.7601.17514.mum	$FILE_NAME	mum
2019-12-05	02:35:27	UTC+0000	2019-12-05	02:35:27	UTC+0000	2019-12-05	02:35:27	UTC+0000	2019-12-05	02:35:27	UTC+0000	MI6115~1.MUM	$FILE_NAME	mum
2019-12-05	02:35:27	UTC+0000	2019-12-05	02:35:27	UTC+0000	2019-12-05	02:35:27	UTC+0000	2019-12-05	02:35:27	UTC+0000	Microsoft-Windows-LocalPack-ZA-Package~31bf3856ad364e35~amd64~~6.1.7601.17514.mum	$FILE_NAME	mum
2019-12-05	02:35:27	UTC+0000	2019-12-05	02:35:27	UTC+0000	2019-12-05	02:35:27	UTC+0000	2019-12-05	02:35:27	UTC+0000	MIAF09~1.MUM	$FILE_NAME	mum
2019-12-05	02:35:28	UTC+0000	2019-12-05	02:35:28	UTC+0000	2019-12-05	02:35:28	UTC+0000	2019-12-05	02:35:28	UTC+0000	MI9349~1.MUM	$FILE_NAME	mum
2019-12-05	02:35:28	UTC+0000	2019-12-05	02:35:28	UTC+0000	2019-12-05	02:35:28	UTC+0000	2019-12-05	02:35:28	UTC+0000	Microsoft-Windows-WinOcr-Package~31bf3856ad364e35~amd64~~6.1.7601.17514.mum	$FILE_NAME	mum
2019-12-05	02:35:27	UTC+0000	2019-12-05	02:35:27	UTC+0000	2019-12-05	02:35:27	UTC+0000	2019-12-05	02:35:27	UTC+0000	Microsoft-Media-Foundation-Package~31bf3856ad364e35~amd64~en-US~6.1.7601.17514.mum	$FILE_NAME	mum
2019-12-05	02:35:27	UTC+0000	2019-12-05	02:35:27	UTC+0000	2019-12-05	02:35:27	UTC+0000	2019-12-05	02:35:27	UTC+0000	MI1B4B~1.MUM	$FILE_NAME	mum
2019-12-05	02:35:28	UTC+0000	2019-12-05	02:35:28	UTC+0000	2019-12-05	02:35:28	UTC+0000	2019-12-05	02:35:28	UTC+0000	Microsoft-Windows-StarterEdition-wrapper~31bf3856ad364e35~amd64~~6.1.7601.17514.mum	$FILE_NAME	mum
2019-12-05	02:35:28	UTC+0000	2019-12-05	02:35:28	UTC+0000	2019-12-05	02:35:28	UTC+0000	2019-12-05	02:35:28	UTC+0000	MI0B7D~1.MUM	$FILE_NAME	mum
2019-12-05	02:35:27	UTC+0000	2019-12-05	02:35:27	UTC+0000	2019-12-05	02:35:27	UTC+0000	2019-12-05	02:35:27	UTC+0000	Microsoft-Windows-InternetExplorer-Package~31bf3856ad364e35~amd64~en-US~8.0.7601.17514.mum	$FILE_NAME	mum
2019-12-05	02:35:27	UTC+0000	2019-12-05	02:35:27	UTC+0000	2019-12-05	02:35:27	UTC+0000	2019-12-05	02:35:27	UTC+0000	MIB41B~1.MUM	$FILE_NAME	mum
2019-12-05	02:35:27	UTC+0000	2019-12-05	02:35:27	UTC+0000	2019-12-05	02:35:27	UTC+0000	2019-12-05	02:35:27	UTC+0000	Microsoft-Hyper-V-Common-Drivers-Package~31bf3856ad364e35~amd64~~6.1.7601.17514.mum	$FILE_NAME	mum
2019-12-05	02:35:27	UTC+0000	2019-12-05	02:35:27	UTC+0000	2019-12-05	02:35:27	UTC+0000	2019-12-05	02:35:27	UTC+0000	MI9A58~1.MUM	$FILE_NAME	mum
2019-12-05	02:35:27	UTC+0000	2019-12-05	02:35:27	UTC+0000	2019-12-05	02:35:27	UTC+0000	2019-12-05	02:35:27	UTC+0000	Microsoft-Windows-HomeBasicEdition-wrapper~31bf3856ad364e35~amd64~~6.1.7601.17514.mum	$FILE_NAME	mum
2019-12-05	02:35:27	UTC+0000	2019-12-05	02:35:27	UTC+0000	2019-12-05	02:35:27	UTC+0000	2019-12-05	02:35:27	UTC+0000	MICAFA~1.MUM	$FILE_NAME	mum
2019-12-05	02:35:27	UTC+0000	2019-12-05	02:35:27	UTC+0000	2019-12-05	02:35:27	UTC+0000	2019-12-05	02:35:27	UTC+0000	Microsoft-Windows-Branding-Ultimate-Client-Package~31bf3856ad364e35~amd64~en-US~6.1.7601.17514.mum	$FILE_NAME	mum
2019-12-05	02:35:27	UTC+0000	2019-12-05	02:35:27	UTC+0000	2019-12-05	02:35:27	UTC+0000	2019-12-05	02:35:27	UTC+0000	MI4B82~1.MUM	$FILE_NAME	mum
2019-12-05	02:35:27	UTC+0000	2019-12-05	02:35:27	UTC+0000	2019-12-05	02:35:27	UTC+0000	2019-12-05	02:35:27	UTC+0000	Microsoft-Windows-ClipsInTheLibrary-Package~31bf3856ad364e35~amd64~en-US~6.1.7601.17514.mum	$FILE_NAME	mum
2019-12-05	02:35:27	UTC+0000	2019-12-05	02:35:27	UTC+0000	2019-12-05	02:35:27	UTC+0000	2019-12-05	02:35:27	UTC+0000	MIFB09~1.MUM	$FILE_NAME	mum
2019-12-05	02:35:28	UTC+0000	2019-12-05	02:35:28	UTC+0000	2019-12-05	02:35:28	UTC+0000	2019-12-05	02:35:28	UTC+0000	PAA2C9~1.MUM	$FILE_NAME	mum
2019-12-05	02:35:28	UTC+0000	2019-12-05	02:35:28	UTC+0000	2019-12-05	02:35:28	UTC+0000	2019-12-05	02:35:28	UTC+0000	Package_for_KB976933~31bf3856ad364e35~amd64~fr-FR~6.1.7601.17514.mum	$FILE_NAME	mum
2019-12-05	02:35:28	UTC+0000	2019-12-05	02:35:28	UTC+0000	2019-12-05	02:35:28	UTC+0000	2019-12-05	02:35:28	UTC+0000	PA8D85~1.MUM	$FILE_NAME	mum
2019-12-05	02:35:28	UTC+0000	2019-12-05	02:35:28	UTC+0000	2019-12-05	02:35:28	UTC+0000	2019-12-05	02:35:28	UTC+0000	Package_for_KB976933~31bf3856ad364e35~amd64~ja-JP~6.1.7601.17514.mum	$FILE_NAME	mum
2019-12-05	02:35:28	UTC+0000	2019-12-05	02:35:28	UTC+0000	2019-12-05	02:35:28	UTC+0000	2019-12-05	02:35:28	UTC+0000	Microsoft-Windows-TerminalServices-MiscRedirection-Package~31bf3856ad364e35~amd64~en-US~6.1.7601.17514.mum	$FILE_NAME	mum
2019-12-05	02:35:28	UTC+0000	2019-12-05	02:35:28	UTC+0000	2019-12-05	02:35:28	UTC+0000	2019-12-05	02:35:28	UTC+0000	MIEAFB~1.MUM	$FILE_NAME	mum
2019-12-05	02:35:28	UTC+0000	2019-12-05	02:35:28	UTC+0000	2019-12-05	02:35:28	UTC+0000	2019-12-05	02:35:28	UTC+0000	Microsoft-Windows-RasRip-Package~31bf3856ad364e35~amd64~~6.1.7601.17514.mum	$FILE_NAME	mum
2019-12-05	02:35:28	UTC+0000	2019-12-05	02:35:28	UTC+0000	2019-12-05	02:35:28	UTC+0000	2019-12-05	02:35:28	UTC+0000	MI091A~1.MUM	$FILE_NAME	mum
2019-12-05	02:35:27	UTC+0000	2019-12-05	02:35:27	UTC+0000	2019-12-05	02:35:27	UTC+0000	2019-12-05	02:35:27	UTC+0000	Microsoft-Windows-ICM-Package~31bf3856ad364e35~amd64~~6.1.7601.17514.mum	$FILE_NAME	mum
2019-12-05	02:35:27	UTC+0000	2019-12-05	02:35:27	UTC+0000	2019-12-05	02:35:27	UTC+0000	2019-12-05	02:35:27	UTC+0000	MI85E9~1.MUM	$FILE_NAME	mum
2019-12-05	02:35:27	UTC+0000	2019-12-05	02:35:27	UTC+0000	2019-12-05	02:35:27	UTC+0000	2019-12-05	02:35:27	UTC+0000	Microsoft-Windows-IE-Troubleshooters-Package-wrapper~31bf3856ad364e35~amd64~en-US~6.1.7601.17514.mum	$FILE_NAME	mum
2019-12-05	02:35:27	UTC+0000	2019-12-05	02:35:27	UTC+0000	2019-12-05	02:35:27	UTC+0000	2019-12-05	02:35:27	UTC+0000	MIE7A3~1.MUM	$FILE_NAME	mum
2019-12-05	02:35:28	UTC+0000	2019-12-05	02:35:28	UTC+0000	2019-12-05	02:35:28	UTC+0000	2019-12-05	02:35:28	UTC+0000	Microsoft-Windows-MobilePC-Client-Sensors-Package~31bf3856ad364e35~amd64~~6.1.7601.17514.mum	$FILE_NAME	mum
2019-12-05	02:35:28	UTC+0000	2019-12-05	02:35:28	UTC+0000	2019-12-05	02:35:28	UTC+0000	2019-12-05	02:35:28	UTC+0000	MI9328~1.MUM	$FILE_NAME	mum
2019-12-05	02:35:27	UTC+0000	2019-12-05	02:35:27	UTC+0000	2019-12-05	02:35:27	UTC+0000	2019-12-05	02:35:27	UTC+0000	Microsoft-Windows-Links-Package~31bf3856ad364e35~amd64~~6.1.7601.17514.mum	$FILE_NAME	mum
2019-12-05	02:35:27	UTC+0000	2019-12-05	02:35:27	UTC+0000	2019-12-05	02:35:27	UTC+0000	2019-12-05	02:35:27	UTC+0000	MICEB7~1.MUM	$FILE_NAME	mum
2019-12-05	02:35:28	UTC+0000	2019-12-05	02:35:28	UTC+0000	2019-12-05	02:35:28	UTC+0000	2019-12-05	02:35:28	UTC+0000	MID78F~1.MUM	$FILE_NAME	mum
2019-12-05	02:35:28	UTC+0000	2019-12-05	02:35:28	UTC+0000	2019-12-05	02:35:28	UTC+0000	2019-12-05	02:35:28	UTC+0000	Microsoft-Windows-WindowsFoundation-LanguagePack-Package~31bf3856ad364e35~amd64~en-US~6.1.7601.17514.mum	$FILE_NAME	mum
2019-12-05	02:35:27	UTC+0000	2019-12-05	02:35:27	UTC+0000	2019-12-05	02:35:27	UTC+0000	2019-12-05	02:35:27	UTC+0000	Microsoft-Windows-Foundation-Package~31bf3856ad364e35~amd64~~6.1.7601.17514.mum	$FILE_NAME	mum
2019-12-05	02:35:27	UTC+0000	2019-12-05	02:35:27	UTC+0000	2019-12-05	02:35:27	UTC+0000	2019-12-05	02:35:27	UTC+0000	MI25F8~1.MUM	$FILE_NAME	mum
2019-12-10	10:31:02	UTC+0000	2019-12-10	10:31:02	UTC+0000	2019-12-10	10:31:02	UTC+0000	2019-12-10	10:31:02	UTC+0000	WUAC40~1.MUM	$FILE_NAME	mum
2019-12-10	10:31:02	UTC+0000	2019-12-10	10:31:02	UTC+0000	2019-12-10	10:31:02	UTC+0000	2019-12-10	10:31:02	UTC+0000	WUClient-SelfUpdate-Core~31bf3856ad364e35~amd64~en-US~7.6.7600.320.mum	$FILE_NAME	mum
2019-12-05	02:35:28	UTC+0000	2019-12-05	02:35:28	UTC+0000	2019-12-05	02:35:28	UTC+0000	2019-12-05	02:35:28	UTC+0000	Microsoft-Windows-SnippingTool-Package~31bf3856ad364e35~amd64~en-US~6.1.7601.17514.mum	$FILE_NAME	mum
2019-12-05	02:35:28	UTC+0000	2019-12-05	02:35:28	UTC+0000	2019-12-05	02:35:28	UTC+0000	2019-12-05	02:35:28	UTC+0000	MI9FEC~1.MUM	$FILE_NAME	mum
2019-12-05	02:35:28	UTC+0000	2019-12-05	02:35:28	UTC+0000	2019-12-05	02:35:28	UTC+0000	2019-12-05	02:35:28	UTC+0000	PA01A4~1.MUM	$FILE_NAME	mum
2019-12-05	02:35:28	UTC+0000	2019-12-05	02:35:28	UTC+0000	2019-12-05	02:35:28	UTC+0000	2019-12-05	02:35:28	UTC+0000	Package_for_KB976933~31bf3856ad364e35~amd64~es-ES~6.1.7601.17514.mum	$FILE_NAME	mum
2019-12-05	02:35:28	UTC+0000	2019-12-05	02:35:28	UTC+0000	2019-12-05	02:35:28	UTC+0000	2019-12-05	02:35:28	UTC+0000	Microsoft-Windows-ProfessionalEdition-wrapper~31bf3856ad364e35~amd64~~6.1.7601.17514.mum	$FILE_NAME	mum
2019-12-05	02:35:28	UTC+0000	2019-12-05	02:35:28	UTC+0000	2019-12-05	02:35:28	UTC+0000	2019-12-05	02:35:28	UTC+0000	MI47B0~1.MUM	$FILE_NAME	mum
2019-12-05	02:35:28	UTC+0000	2019-12-05	02:35:28	UTC+0000	2019-12-05	02:35:28	UTC+0000	2019-12-05	02:35:28	UTC+0000	PAFD9F~1.MUM	$FILE_NAME	mum
2019-12-05	02:35:28	UTC+0000	2019-12-05	02:35:28	UTC+0000	2019-12-05	02:35:28	UTC+0000	2019-12-05	02:35:28	UTC+0000	Package_for_KB976933~31bf3856ad364e35~amd64~en-US~6.1.7601.17514.mum	$FILE_NAME	mum
2019-12-05	02:35:27	UTC+0000	2019-12-05	02:35:27	UTC+0000	2019-12-05	02:35:27	UTC+0000	2019-12-05	02:35:27	UTC+0000	Microsoft-Windows-GroupPolicy-ClientExtensions-Package~31bf3856ad364e35~amd64~en-US~6.1.7601.17514.mum	$FILE_NAME	mum
2019-12-05	02:35:27	UTC+0000	2019-12-05	02:35:27	UTC+0000	2019-12-05	02:35:27	UTC+0000	2019-12-05	02:35:27	UTC+0000	MI9CBD~1.MUM	$FILE_NAME	mum
2019-12-05	02:35:28	UTC+0000	2019-12-05	02:35:28	UTC+0000	2019-12-05	02:35:28	UTC+0000	2019-12-05	02:35:28	UTC+0000	Microsoft-Windows-RecDisc-SDP-Package~31bf3856ad364e35~amd64~~6.1.7601.17514.mum	$FILE_NAME	mum
2019-12-05	02:35:28	UTC+0000	2019-12-05	02:35:28	UTC+0000	2019-12-05	02:35:28	UTC+0000	2019-12-05	02:35:28	UTC+0000	MI1B90~1.MUM	$FILE_NAME	mum
2019-12-05	02:35:28	UTC+0000	2019-12-05	02:35:28	UTC+0000	2019-12-05	02:35:28	UTC+0000	2019-12-05	02:35:28	UTC+0000	Microsoft-Windows-Printing-XPSServices-Package~31bf3856ad364e35~amd64~~6.1.7601.17514.mum	$FILE_NAME	mum
2019-12-05	02:35:28	UTC+0000	2019-12-05	02:35:28	UTC+0000	2019-12-05	02:35:28	UTC+0000	2019-12-05	02:35:28	UTC+0000	MIFDE7~1.MUM	$FILE_NAME	mum
2019-12-05	02:35:28	UTC+0000	2019-12-05	02:35:28	UTC+0000	2019-12-05	02:35:28	UTC+0000	2019-12-05	02:35:28	UTC+0000	SEC42E~1.MUM	$FILE_NAME	mum
2019-12-05	02:35:28	UTC+0000	2019-12-05	02:35:28	UTC+0000	2019-12-05	02:35:28	UTC+0000	2019-12-05	02:35:28	UTC+0000	Server-Help-Package.ClientUltimate~31bf3856ad364e35~amd64~~6.1.7601.17514.mum	$FILE_NAME	mum
2019-12-05	02:35:27	UTC+0000	2019-12-05	02:35:27	UTC+0000	2019-12-05	02:35:27	UTC+0000	2019-12-05	02:35:27	UTC+0000	Microsoft-Windows-IIS-WebServer-Package~31bf3856ad364e35~amd64~~6.1.7601.17514.mum	$FILE_NAME	mum
2019-12-05	02:35:27	UTC+0000	2019-12-05	02:35:27	UTC+0000	2019-12-05	02:35:27	UTC+0000	2019-12-05	02:35:27	UTC+0000	MI3E80~1.MUM	$FILE_NAME	mum
2019-12-05	02:35:27	UTC+0000	2019-12-05	02:35:27	UTC+0000	2019-12-05	02:35:27	UTC+0000	2019-12-05	02:35:27	UTC+0000	Microsoft-Windows-LocalPack-US-Package~31bf3856ad364e35~amd64~~6.1.7601.17514.mum	$FILE_NAME	mum
2019-12-05	02:35:27	UTC+0000	2019-12-05	02:35:27	UTC+0000	2019-12-05	02:35:27	UTC+0000	2019-12-05	02:35:27	UTC+0000	MIA7D0~1.MUM	$FILE_NAME	mum
2019-12-05	02:35:27	UTC+0000	2019-12-05	02:35:27	UTC+0000	2019-12-05	02:35:27	UTC+0000	2019-12-05	02:35:27	UTC+0000	Microsoft-Windows-Client-LanguagePack-Package~31bf3856ad364e35~amd64~en-US~6.1.7601.17514.mum	$FILE_NAME	mum
2019-12-05	02:35:27	UTC+0000	2019-12-05	02:35:27	UTC+0000	2019-12-05	02:35:27	UTC+0000	2019-12-05	02:35:27	UTC+0000	MIF00D~1.MUM	$FILE_NAME	mum
2019-12-05	02:35:27	UTC+0000	2019-12-05	02:35:27	UTC+0000	2019-12-05	02:35:27	UTC+0000	2019-12-05	02:35:27	UTC+0000	Microsoft-Windows-Client-Refresh-LanguagePack-Package~31bf3856ad364e35~amd64~en-US~6.1.7601.17514.mum	$FILE_NAME	mum
2019-12-05	02:35:27	UTC+0000	2019-12-05	02:35:27	UTC+0000	2019-12-05	02:35:27	UTC+0000	2019-12-05	02:35:27	UTC+0000	MI7793~1.MUM	$FILE_NAME	mum
2019-12-05	02:35:28	UTC+0000	2019-12-05	02:35:28	UTC+0000	2019-12-05	02:35:28	UTC+0000	2019-12-05	02:35:28	UTC+0000	MI4BB8~1.MUM	$FILE_NAME	mum
2019-12-05	02:35:28	UTC+0000	2019-12-05	02:35:28	UTC+0000	2019-12-05	02:35:28	UTC+0000	2019-12-05	02:35:28	UTC+0000	Microsoft-Windows-WindowsMediaPlayer-Troubleshooters-Package~31bf3856ad364e35~amd64~~6.1.7601.17514.mum	$FILE_NAME	mum
2019-12-05	02:35:27	UTC+0000	2019-12-05	02:35:27	UTC+0000	2019-12-05	02:35:27	UTC+0000	2019-12-05	02:35:27	UTC+0000	Microsoft-Windows-IE-Troubleshooters-Package-wrapper~31bf3856ad364e35~amd64~~6.1.7601.17514.mum	$FILE_NAME	mum
2019-12-05	02:35:27	UTC+0000	2019-12-05	02:35:27	UTC+0000	2019-12-05	02:35:27	UTC+0000	2019-12-05	02:35:27	UTC+0000	MI086F~1.MUM	$FILE_NAME	mum
2019-12-05	02:35:28	UTC+0000	2019-12-05	02:35:28	UTC+0000	2019-12-05	02:35:28	UTC+0000	2019-12-05	02:35:28	UTC+0000	Microsoft-Windows-MediaPlayback-OC-Package~31bf3856ad364e35~amd64~en-US~6.1.7601.17514.mum	$FILE_NAME	mum
2019-12-05	02:35:28	UTC+0000	2019-12-05	02:35:28	UTC+0000	2019-12-05	02:35:28	UTC+0000	2019-12-05	02:35:28	UTC+0000	MIE510~1.MUM	$FILE_NAME	mum
